BLOCK00/SES002/SA002S12	SES002	1.23369	-38.8052	-40.0389
BLOCK00/SES002/SA002S13	SES002	1.99018	-38.5296	-40.5197
BLOCK00/SES002/SA002S23	SES002	1.2729	-38.4859	-39.7588
BLOCK00/SES002/SA002S26	SES002	1.85305	-38.3073	-40.1604
BLOCK00/SES002/SA002S28	SES002	1.30505	-38.6088	-39.9138
BLOCK00/SES007/SA007S14	SES007	0.991192	-38.1363	-39.1275
BLOCK00/SES007/SA007S15	SES007	0.625076	-39.3035	-39.9286
BLOCK00/SES007/SA007S24	SES007	0.752811	-38.9916	-39.7444
BLOCK00/SES007/SA007S27	SES007	0.339016	-40.012	-40.351
BLOCK00/SES007/SA007S29	SES007	0.346752	-38.6991	-39.0459
BLOCK00/SES008/SA008S11	SES008	1.21099	-38.9637	-40.1747
BLOCK00/SES008/SA008S12	SES008	0.638176	-39.7926	-40.4308
BLOCK00/SES008/SA008S19	SES008	1.27324	-38.3702	-39.6434
BLOCK00/SES008/SA008S22	SES008	1.10986	-39.5428	-40.6526
BLOCK00/SES008/SA008S29	SES008	1.05798	-38.6472	-39.7052
BLOCK01/SES014/SA014S10	SES014	1.76955	-38.4587	-40.2282
BLOCK01/SES014/SA014S12	SES014	2.50224	-36.7163	-39.2186
BLOCK01/SES014/SA014S24	SES014	1.23789	-38.5435	-39.7814
BLOCK01/SES014/SA014S26	SES014	2.30748	-36.3759	-38.6834
BLOCK01/SES014/SA014S28	SES014	2.44294	-36.7275	-39.1705
BLOCK01/SES016/SA016S12	SES016	1.19914	-40.5974	-41.7965
BLOCK01/SES016/SA016S13	SES016	1.26561	-39.2145	-40.4801
BLOCK01/SES016/SA016S22	SES016	0.681553	-40.091	-40.7726
BLOCK01/SES016/SA016S25	SES016	1.36434	-37.4907	-38.855
BLOCK01/SES016/SA016S27	SES016	1.43918	-37.8485	-39.2876
BLOCK01/SES019/SA019S13	SES019	2.88612	-39.0444	-41.9306
BLOCK01/SES019/SA019S14	SES019	2.0315	-39.0894	-41.1209
BLOCK01/SES019/SA019S22	SES019	2.58727	-38.804	-41.3912
BLOCK01/SES019/SA019S25	SES019	2.62611	-39.0106	-41.6367
BLOCK01/SES019/SA019S29	SES019	3.35689	-38.7248	-42.0816
BLOCK02/SES029/SA029S11	SES029	1.27759	-38.8739	-40.1514
BLOCK02/SES029/SA029S12	SES029	0.50555	-39.0551	-39.5606
BLOCK02/SES029/SA029S20	SES029	0.473228	-40.203	-40.6762
BLOCK02/SES029/SA029S25	SES029	0.716625	-38.9161	-39.6327
BLOCK02/SES029/SA029S28	SES029	0.405579	-39.8425	-40.2481
BLOCK04/SES042/SA042S12	SES042	2.27145	-37.5775	-39.849
BLOCK04/SES042/SA042S15	SES042	2.255	-37.9497	-40.2047
BLOCK04/SES042/SA042S22	SES042	3.1235	-36.3798	-39.5033
BLOCK04/SES042/SA042S25	SES042	2.53292	-38.7396	-41.2725
BLOCK04/SES042/SA042S27	SES042	1.961	-37.7718	-39.7328
BLOCK04/SES048/SA048S11	SES048	1.36007	-38.6323	-39.9924
BLOCK04/SES048/SA048S12	SES048	0.775829	-38.9529	-39.7288
BLOCK04/SES048/SA048S20	SES048	0.926319	-38.6351	-39.5614
BLOCK04/SES048/SA048S23	SES048	1.46749	-38.8312	-40.2987
BLOCK04/SES048/SA048S27	SES048	1.03501	-38.1184	-39.1534
BLOCK06/SES060/SA060S11	SES060	1.53697	-38.5527	-40.0896
BLOCK06/SES060/SA060S12	SES060	-0.515739	-40.466	-39.9502
BLOCK06/SES060/SA060S22	SES060	-0.100933	-40.7705	-40.6696
BLOCK06/SES060/SA060S24	SES060	1.08704	-38.6869	-39.774
BLOCK06/SES060/SA060S28	SES060	1.06465	-37.3446	-38.4093
BLOCK06/SES062/SA062S10	SES062	0.775562	-38.9775	-39.7531
BLOCK06/SES062/SA062S11	SES062	1.33883	-38.3622	-39.701
BLOCK06/SES062/SA062S21	SES062	1.70312	-36.684	-38.3871
BLOCK06/SES062/SA062S26	SES062	0.643501	-38.0971	-38.7406
BLOCK06/SES062/SA062S29	SES062	1.20517	-37.643	-38.8481
BLOCK06/SES068/SA068S14	SES068	0.729355	-39.2098	-39.9392
BLOCK06/SES068/SA068S15	SES068	1.37985	-37.9804	-39.3603
BLOCK06/SES068/SA068S23	SES068	0.711475	-39.5404	-40.2519
BLOCK06/SES068/SA068S27	SES068	1.40189	-38.0657	-39.4676
BLOCK06/SES068/SA068S29	SES068	0.880657	-38.849	-39.7297
BLOCK08/SES082/SA082S12	SES082	1.11492	-40.0653	-41.1802
BLOCK08/SES082/SA082S14	SES082	0.734741	-40.2841	-41.0188
BLOCK08/SES082/SA082S21	SES082	0.905788	-39.5134	-40.4192
BLOCK08/SES082/SA082S24	SES082	1.42674	-38.8161	-40.2428
BLOCK08/SES082/SA082S28	SES082	0.737495	-39.6699	-40.4074
BLOCK08/SES083/SA083S14	SES083	-0.376835	-40.0749	-39.6981
BLOCK08/SES083/SA083S15	SES083	0.262665	-39.3876	-39.6503
BLOCK08/SES083/SA083S24	SES083	0.144684	-39.7684	-39.9131
BLOCK08/SES083/SA083S26	SES083	0.838928	-38.9928	-39.8317
BLOCK08/SES083/SA083S29	SES083	0.098568	-39.36	-39.4585
BLOCK08/SES085/SA085S10	SES085	0.381691	-39.297	-39.6787
BLOCK08/SES085/SA085S13	SES085	0.641933	-39.6583	-40.3002
BLOCK08/SES085/SA085S22	SES085	-1.45543	-41.5102	-40.0548
BLOCK08/SES085/SA085S26	SES085	-0.427395	-40.0176	-39.5902
BLOCK08/SES085/SA085S28	SES085	0.758652	-39.0672	-39.8258
BLOCK08/SES087/SA087S15	SES087	1.41735	-39.1495	-40.5668
BLOCK08/SES087/SA087S16	SES087	1.61664	-38.8306	-40.4473
BLOCK08/SES087/SA087S24	SES087	1.526	-38.9848	-40.5108
BLOCK08/SES087/SA087S26	SES087	1.71739	-37.6591	-39.3765
BLOCK08/SES087/SA087S29	SES087	1.62048	-38.9155	-40.536
BLOCK09/SES099/SA099S15	SES099	1.16684	-39.4641	-40.6309
BLOCK09/SES099/SA099S16	SES099	1.26834	-39.2504	-40.5188
BLOCK09/SES099/SA099S24	SES099	1.42193	-38.445	-39.8669
BLOCK09/SES099/SA099S26	SES099	1.24374	-38.8533	-40.097
BLOCK09/SES099/SA099S29	SES099	1.31068	-38.75	-40.0606
BLOCK10/SES101/SA101S11	SES101	0.614632	-39.0329	-39.6476
BLOCK10/SES101/SA101S13	SES101	1.158	-38.3653	-39.5234
BLOCK10/SES101/SA101S22	SES101	1.17001	-39.4649	-40.6349
BLOCK10/SES101/SA101S24	SES101	1.39536	-38.7324	-40.1277
BLOCK10/SES101/SA101S28	SES101	0.177055	-40.2974	-40.4745
BLOCK10/SES104/SA104S11	SES104	1.41602	-37.7846	-39.2006
BLOCK10/SES104/SA104S12	SES104	1.75491	-37.5604	-39.3153
BLOCK10/SES104/SA104S21	SES104	1.34007	-38.6054	-39.9455
BLOCK10/SES104/SA104S24	SES104	1.23704	-38.9239	-40.1609
BLOCK10/SES104/SA104S28	SES104	1.52599	-38.46	-39.9859
BLOCK10/SES105/SA105S12	SES105	0.724079	-40.1244	-40.8485
BLOCK10/SES105/SA105S13	SES105	1.14233	-39.5775	-40.7198
BLOCK10/SES105/SA105S22	SES105	0.522076	-40.5997	-41.1217
BLOCK10/SES105/SA105S26	SES105	1.42997	-39.5696	-40.9996
BLOCK10/SES105/SA105S29	SES105	0.791416	-39.669	-40.4604
BLOCK10/SES106/SA106S09	SES106	1.73291	-39.8041	-41.5371
BLOCK10/SES106/SA106S11	SES106	1.61028	-38.4142	-40.0245
BLOCK10/SES106/SA106S22	SES106	2.7339	-38.6524	-41.3863
BLOCK10/SES106/SA106S27	SES106	1.37974	-38.8342	-40.2139
BLOCK10/SES106/SA106S29	SES106	1.1113	-38.6827	-39.794
BLOCK11/SES117/SA117S12	SES117	0.644638	-39.5488	-40.1935
BLOCK11/SES117/SA117S13	SES117	0.345741	-39.7094	-40.0552
BLOCK11/SES117/SA117S23	SES117	1.60537	-39.8804	-41.4858
BLOCK11/SES117/SA117S25	SES117	0.903244	-40.1279	-41.0311
BLOCK11/SES117/SA117S28	SES117	1.1544	-40.0236	-41.178
BLOCK12/SES120/SA120S08	SES120	1.29276	-40.5608	-41.8535
BLOCK12/SES120/SA120S11	SES120	0.700836	-41.6514	-42.3522
BLOCK12/SES120/SA120S22	SES120	0.590736	-39.5545	-40.1453
BLOCK12/SES120/SA120S24	SES120	0.964886	-39.6101	-40.5749
BLOCK12/SES120/SA120S28	SES120	0.937222	-40.7789	-41.7161
BLOCK12/SES125/SA125S13	SES125	1.92827	-37.9794	-39.9077
BLOCK12/SES125/SA125S14	SES125	1.29781	-38.9921	-40.2899
BLOCK12/SES125/SA125S25	SES125	2.03143	-38.224	-40.2555
BLOCK12/SES125/SA125S27	SES125	2.09127	-37.38	-39.4713
BLOCK12/SES125/SA125S29	SES125	1.43969	-38.4117	-39.8514
BLOCK12/SES127/SA127S11	SES127	0.86866	-39.2248	-40.0935
BLOCK12/SES127/SA127S12	SES127	-0.0717354	-39.5205	-39.4488
BLOCK12/SES127/SA127S23	SES127	0.503712	-39.4771	-39.9808
BLOCK12/SES127/SA127S25	SES127	-0.282959	-40.2255	-39.9425
BLOCK12/SES127/SA127S27	SES127	0.900341	-38.5889	-39.4893
BLOCK12/SES129/SA129S11	SES129	1.31116	-38.1841	-39.4952
BLOCK12/SES129/SA129S12	SES129	1.11206	-38.0744	-39.1864
BLOCK12/SES129/SA129S22	SES129	0.978771	-38.5165	-39.4952
BLOCK12/SES129/SA129S27	SES129	1.43628	-37.963	-39.3993
BLOCK12/SES129/SA129S29	SES129	1.50199	-38.0196	-39.5216
BLOCK14/SES142/SA142S11	SES142	1.76208	-38.9434	-40.7055
BLOCK14/SES142/SA142S12	SES142	1.15108	-39.5788	-40.7299
BLOCK14/SES142/SA142S24	SES142	1.79841	-39.1068	-40.9052
BLOCK14/SES142/SA142S27	SES142	2.07566	-38.6778	-40.7535
BLOCK14/SES142/SA142S29	SES142	2.12343	-38.1498	-40.2733
BLOCK14/SES143/SA143S12	SES143	1.2276	-39.444	-40.6716
BLOCK14/SES143/SA143S13	SES143	0.866802	-39.8447	-40.7115
BLOCK14/SES143/SA143S23	SES143	1.11678	-39.6189	-40.7357
BLOCK14/SES143/SA143S25	SES143	0.716908	-39.884	-40.6009
BLOCK14/SES143/SA143S28	SES143	0.979164	-39.151	-40.1301
BLOCK14/SES144/SA144S09	SES144	0.867249	-39.113	-39.9803
BLOCK14/SES144/SA144S11	SES144	0.794334	-40.226	-41.0203
BLOCK14/SES144/SA144S21	SES144	0.215321	-40.1589	-40.3742
BLOCK14/SES144/SA144S25	SES144	0.551388	-39.8515	-40.4029
BLOCK14/SES144/SA144S29	SES144	0.301682	-39.8556	-40.1573
BLOCK14/SES146/SA146S14	SES146	0.64666	-40.2233	-40.8699
BLOCK14/SES146/SA146S15	SES146	0.23418	-39.9007	-40.1349
BLOCK14/SES146/SA146S24	SES146	0.665997	-39.7262	-40.3922
BLOCK14/SES146/SA146S26	SES146	0.936512	-40.0209	-40.9574
BLOCK14/SES146/SA146S29	SES146	0.647621	-40.4921	-41.1397
BLOCK14/SES147/SA147S11	SES147	1.58909	-39.2977	-40.8868
BLOCK14/SES147/SA147S13	SES147	1.61461	-38.4999	-40.1145
BLOCK14/SES147/SA147S23	SES147	1.1942	-39.702	-40.8962
BLOCK14/SES147/SA147S26	SES147	0.969238	-39.5285	-40.4977
BLOCK14/SES147/SA147S28	SES147	1.17764	-39.2184	-40.3961
BLOCK14/SES148/SA148S10	SES148	0.990986	-38.8562	-39.8471
BLOCK14/SES148/SA148S12	SES148	0.495926	-39.9641	-40.46
BLOCK14/SES148/SA148S22	SES148	0.975628	-38.2707	-39.2464
BLOCK14/SES148/SA148S26	SES148	0.700806	-39.072	-39.7729
BLOCK14/SES148/SA148S29	SES148	0.691948	-39.6698	-40.3617
BLOCK14/SES149/SA149S13	SES149	0.295208	-39.5315	-39.8267
BLOCK14/SES149/SA149S14	SES149	0.580196	-38.9076	-39.4878
BLOCK14/SES149/SA149S24	SES149	1.63585	-38.2954	-39.9312
BLOCK14/SES149/SA149S26	SES149	1.8383	-37.9794	-39.8177
BLOCK14/SES149/SA149S28	SES149	2.23844	-36.9744	-39.2128
BLOCK15/SES158/SA158S13	SES158	1.37534	-39.4905	-40.8658
BLOCK15/SES158/SA158S14	SES158	2.16128	-39.1122	-41.2734
BLOCK15/SES158/SA158S23	SES158	1.13655	-39.1496	-40.2861
BLOCK15/SES158/SA158S26	SES158	1.94179	-38.8187	-40.7605
BLOCK15/SES158/SA158S28	SES158	1.31923	-39.4029	-40.7221
BLOCK16/SES162/SA162S10	SES162	0.637497	-40.5763	-41.2138
BLOCK16/SES162/SA162S11	SES162	0.854492	-39.2329	-40.0874
BLOCK16/SES162/SA162S21	SES162	1.55254	-39.0279	-40.5804
BLOCK16/SES162/SA162S24	SES162	1.13266	-39.6616	-40.7942
BLOCK16/SES162/SA162S27	SES162	1.41044	-39.632	-41.0424
BLOCK16/SES167/SA167S14	SES167	0.996132	-38.3772	-39.3733
BLOCK16/SES167/SA167S15	SES167	1.61932	-38.852	-40.4713
BLOCK16/SES167/SA167S21	SES167	1.36451	-38.1442	-39.5087
BLOCK16/SES167/SA167S25	SES167	1.65001	-38.6383	-40.2883
BLOCK16/SES167/SA167S29	SES167	2.25293	-37.3773	-39.6303
BLOCK17/SES172/SA172S12	SES172	1.07524	-39.4362	-40.5115
BLOCK17/SES172/SA172S13	SES172	1.58112	-39.1141	-40.6952
BLOCK17/SES172/SA172S23	SES172	0.551071	-38.5232	-39.0743
BLOCK17/SES172/SA172S27	SES172	0.726952	-39.5674	-40.2944
BLOCK17/SES172/SA172S29	SES172	1.03993	-39.2458	-40.2857
BLOCK17/SES175/SA175S11	SES175	1.40593	-38.8209	-40.2268
BLOCK17/SES175/SA175S13	SES175	1.21668	-38.9947	-40.2114
BLOCK17/SES175/SA175S23	SES175	1.7012	-39.1387	-40.8399
BLOCK17/SES175/SA175S25	SES175	0.821075	-40.6629	-41.484
BLOCK17/SES175/SA175S28	SES175	1.47551	-38.6998	-40.1753
BLOCK17/SES177/SA177S15	SES177	0.0345192	-39.9136	-39.9481
BLOCK17/SES177/SA177S17	SES177	0.448311	-39.5732	-40.0215
BLOCK17/SES177/SA177S23	SES177	0.165188	-40.0895	-40.2547
BLOCK17/SES177/SA177S26	SES177	0.848385	-37.8714	-38.7198
BLOCK17/SES177/SA177S28	SES177	0.783997	-38.6209	-39.4049
BLOCK18/SES180/SA180S13	SES180	0.727757	-39.4786	-40.2063
BLOCK18/SES180/SA180S15	SES180	0.754005	-39.6467	-40.4007
BLOCK18/SES180/SA180S24	SES180	1.02109	-38.1523	-39.1734
BLOCK18/SES180/SA180S26	SES180	0.900528	-39.0087	-39.9093
BLOCK18/SES180/SA180S29	SES180	1.13309	-39.5836	-40.7167
BLOCK18/SES183/SA183S13	SES183	1.31835	-39.6674	-40.9857
BLOCK18/SES183/SA183S14	SES183	0.439953	-40.2663	-40.7063
BLOCK18/SES183/SA183S24	SES183	1.07396	-39.9885	-41.0625
BLOCK18/SES183/SA183S27	SES183	1.15602	-39.5014	-40.6575
BLOCK18/SES183/SA183S29	SES183	1.15413	-39.2163	-40.3704
BLOCK18/SES187/SA187S13	SES187	1.00291	-40.321	-41.3239
BLOCK18/SES187/SA187S14	SES187	0.830338	-39.9937	-40.8241
BLOCK18/SES187/SA187S24	SES187	1.29283	-39.4421	-40.735
BLOCK18/SES187/SA187S27	SES187	0.802216	-39.4893	-40.2915
BLOCK18/SES187/SA187S29	SES187	0.943249	-40.2036	-41.1469
BLOCK18/SES189/SA189S10	SES189	1.28883	-41.2638	-42.5526
BLOCK18/SES189/SA189S13	SES189	1.78047	-41.2792	-43.0597
BLOCK18/SES189/SA189S24	SES189	1.66228	-40.5801	-42.2423
BLOCK18/SES189/SA189S26	SES189	1.1249	-40.437	-41.5619
BLOCK18/SES189/SA189S29	SES189	1.79219	-40.1023	-41.8945
BLOCK20/SES202/SA202S12	SES202	1.17686	-40.1702	-41.3471
BLOCK20/SES202/SA202S14	SES202	2.47321	-38.5808	-41.054
BLOCK20/SES202/SA202S24	SES202	1.61732	-39.4795	-41.0968
BLOCK20/SES202/SA202S27	SES202	1.71462	-38.0333	-39.7479
BLOCK20/SES202/SA202S29	SES202	2.15718	-38.0303	-40.1875
BLOCK20/SES206/SA206S15	SES206	0.294159	-39.0236	-39.3178
BLOCK20/SES206/SA206S17	SES206	1.75415	-37.9955	-39.7496
BLOCK20/SES206/SA206S24	SES206	1.85967	-37.8469	-39.7066
BLOCK20/SES206/SA206S27	SES206	1.93664	-38.4982	-40.4348
BLOCK20/SES206/SA206S29	SES206	1.53201	-37.7524	-39.2845
BLOCK22/SES226/SA226S12	SES226	1.42093	-39.2956	-40.7166
BLOCK22/SES226/SA226S13	SES226	0.321678	-40.2193	-40.541
BLOCK22/SES226/SA226S20	SES226	1.5428	-39.348	-40.8908
BLOCK22/SES226/SA226S23	SES226	1.54326	-38.8128	-40.356
BLOCK22/SES226/SA226S28	SES226	1.92272	-38.3458	-40.2686
BLOCK25/SES259/SA259S13	SES259	3.01754	-37.4156	-40.4332
BLOCK25/SES259/SA259S14	SES259	2.0179	-38.1506	-40.1685
BLOCK25/SES259/SA259S22	SES259	1.29923	-38.5476	-39.8468
BLOCK25/SES259/SA259S24	SES259	1.78326	-37.8997	-39.683
BLOCK25/SES259/SA259S28	SES259	1.75455	-37.8095	-39.5641
BLOCK27/SES270/SA270S14	SES270	2.03115	-39.6304	-41.6615
BLOCK27/SES270/SA270S16	SES270	0.831005	-39.5865	-40.4175
BLOCK27/SES270/SA270S22	SES270	2.47543	-38.5384	-41.0139
BLOCK27/SES270/SA270S26	SES270	1.45452	-39.9629	-41.4175
BLOCK27/SES270/SA270S28	SES270	0.945572	-39.3071	-40.2527
BLOCK27/SES275/SA275S17	SES275	1.13748	-39.763	-40.9005
BLOCK27/SES275/SA275S18	SES275	0.189953	-39.8897	-40.0797
BLOCK27/SES275/SA275S24	SES275	0.457287	-40.9521	-41.4094
BLOCK27/SES275/SA275S26	SES275	0.88628	-39.2237	-40.1099
BLOCK27/SES275/SA275S28	SES275	0.357338	-39.6	-39.9573
BLOCK29/SES292/SA292S10	SES292	0.22868	-39.9317	-40.1604
BLOCK29/SES292/SA292S12	SES292	-0.0411911	-40.8131	-40.7719
BLOCK29/SES292/SA292S22	SES292	0.772198	-38.9715	-39.7437
BLOCK29/SES292/SA292S24	SES292	0.410526	-39.4511	-39.8617
BLOCK29/SES292/SA292S27	SES292	0.131775	-39.2182	-39.3499
BLOCK00/SES001/SA001S14	SES062	-1.72793	-41.819	-40.091
BLOCK00/SES001/SA001S14	SES082	-1.35402	-41.445	-40.091
BLOCK00/SES001/SA001S14	SES106	-1.44817	-41.5392	-40.091
BLOCK00/SES001/SA001S14	SES206	-1.29662	-41.3876	-40.091
BLOCK00/SES001/SA001S15	SES062	-1.26466	-40.6328	-39.3682
BLOCK00/SES001/SA001S15	SES104	-1.55868	-40.9269	-39.3682
BLOCK00/SES001/SA001S15	SES106	-1.4169	-40.7851	-39.3682
BLOCK00/SES001/SA001S15	SES206	-0.650333	-40.0185	-39.3682
BLOCK00/SES001/SA001S24	SES062	-2.1149	-42.8096	-40.6947
BLOCK00/SES001/SA001S24	SES082	-1.42853	-42.1233	-40.6947
BLOCK00/SES001/SA001S24	SES087	-1.42522	-42.12	-40.6947
BLOCK00/SES001/SA001S24	SES206	-0.885921	-41.5807	-40.6947
BLOCK00/SES001/SA001S27	SES062	-1.45004	-40.8846	-39.4346
BLOCK00/SES001/SA001S27	SES082	-2.14407	-41.5787	-39.4346
BLOCK00/SES001/SA001S27	SES087	-1.83308	-41.2677	-39.4346
BLOCK00/SES001/SA001S27	SES206	-2.12199	-41.5566	-39.4346
BLOCK00/SES001/SA001S29	SES062	-2.34885	-42.6078	-40.259
BLOCK00/SES001/SA001S29	SES082	-0.799824	-41.0588	-40.259
BLOCK00/SES001/SA001S29	SES158	-0.630081	-40.8891	-40.259
BLOCK00/SES001/SA001S29	SES206	-1.63339	-41.8924	-40.259
BLOCK00/SES003/SA003S11	SES002	-0.570133	-41.0432	-40.473
BLOCK00/SES003/SA003S11	SES019	-0.739143	-41.2122	-40.473
BLOCK00/SES003/SA003S11	SES082	0.221165	-40.2519	-40.473
BLOCK00/SES003/SA003S11	SES125	-0.213417	-40.6865	-40.473
BLOCK00/SES003/SA003S15	SES016	-2.30807	-42.3775	-40.0695
BLOCK00/SES003/SA003S15	SES019	-0.99448	-41.0639	-40.0695
BLOCK00/SES003/SA003S15	SES062	-1.1338	-41.2033	-40.0695
BLOCK00/SES003/SA003S15	SES206	-0.834869	-40.9043	-40.0695
BLOCK00/SES003/SA003S22	SES002	-0.610561	-40.6167	-40.0062
BLOCK00/SES003/SA003S22	SES062	-0.601681	-40.6078	-40.0062
BLOCK00/SES003/SA003S22	SES082	-0.228451	-40.2346	-40.0062
BLOCK00/SES003/SA003S22	SES087	-0.609848	-40.616	-40.0062
BLOCK00/SES003/SA003S25	SES062	-1.93965	-42.5346	-40.595
BLOCK00/SES003/SA003S25	SES082	0.0748672	-40.5201	-40.595
BLOCK00/SES003/SA003S25	SES087	-0.292702	-40.8877	-40.595
BLOCK00/SES003/SA003S25	SES206	-0.544651	-41.1396	-40.595
BLOCK00/SES003/SA003S29	SES002	-0.793465	-41.3322	-40.5387
BLOCK00/SES003/SA003S29	SES062	-1.43166	-41.9704	-40.5387
BLOCK00/SES003/SA003S29	SES082	-0.157452	-40.6962	-40.5387
BLOCK00/SES003/SA003S29	SES087	-1.05436	-41.5931	-40.5387
BLOCK00/SES004/SA004S12	SES083	-2.16992	-42.6816	-40.5117
BLOCK00/SES004/SA004S12	SES148	-1.99432	-42.506	-40.5117
BLOCK00/SES004/SA004S12	SES172	-0.983395	-41.4951	-40.5117
BLOCK00/SES004/SA004S12	SES292	-1.69975	-42.2114	-40.5117
BLOCK00/SES004/SA004S17	SES083	-1.63186	-42.2397	-40.6079
BLOCK00/SES004/SA004S17	SES162	-0.921562	-41.5294	-40.6079
BLOCK00/SES004/SA004S17	SES172	-1.74976	-42.3576	-40.6079
BLOCK00/SES004/SA004S17	SES292	-1.53456	-42.1424	-40.6079
BLOCK00/SES004/SA004S24	SES083	-1.79134	-41.9143	-40.1229
BLOCK00/SES004/SA004S24	SES148	-1.9699	-42.0928	-40.1229
BLOCK00/SES004/SA004S24	SES172	-0.857742	-40.9807	-40.1229
BLOCK00/SES004/SA004S24	SES292	-0.894634	-41.0176	-40.1229
BLOCK00/SES004/SA004S26	SES083	-1.43703	-41.4411	-40.0041
BLOCK00/SES004/SA004S26	SES127	-0.62339	-40.6275	-40.0041
BLOCK00/SES004/SA004S26	SES148	-2.06587	-42.07	-40.0041
BLOCK00/SES004/SA004S26	SES292	-0.970974	-40.9751	-40.0041
BLOCK00/SES004/SA004S28	SES083	-1.64215	-41.1901	-39.5479
BLOCK00/SES004/SA004S28	SES127	-1.26069	-40.8086	-39.5479
BLOCK00/SES004/SA004S28	SES187	-1.04401	-40.5919	-39.5479
BLOCK00/SES004/SA004S28	SES292	-1.94754	-41.4954	-39.5479
BLOCK00/SES006/SA006S10	SES014	-2.27743	-44.8546	-42.5771
BLOCK00/SES006/SA006S10	SES158	-0.379814	-42.9569	-42.5771
BLOCK00/SES006/SA006S10	SES226	-2.55862	-45.1357	-42.5771
BLOCK00/SES006/SA006S10	SES270	0.119389	-42.4577	-42.5771
BLOCK00/SES006/SA006S11	SES158	-0.489944	-42.7308	-42.2408
BLOCK00/SES006/SA006S11	SES226	-1.59487	-43.8357	-42.2408
BLOCK00/SES006/SA006S11	SES270	0.248936	-41.9919	-42.2408
BLOCK00/SES006/SA006S11	SES275	-2.20129	-44.4421	-42.2408
BLOCK00/SES006/SA006S23	SES062	-1.33044	-42.6987	-41.3683
BLOCK00/SES006/SA006S23	SES105	-1.5691	-42.9374	-41.3683
BLOCK00/SES006/SA006S23	SES158	-0.616165	-41.9844	-41.3683
BLOCK00/SES006/SA006S23	SES275	-1.25993	-42.6282	-41.3683
BLOCK00/SES006/SA006S26	SES104	-1.76067	-42.6119	-40.8512
BLOCK00/SES006/SA006S26	SES158	0.0210991	-40.8301	-40.8512
BLOCK00/SES006/SA006S26	SES270	0.622108	-40.2291	-40.8512
BLOCK00/SES006/SA006S26	SES275	-2.0802	-42.9314	-40.8512
BLOCK00/SES006/SA006S28	SES007	-1.60836	-43.3882	-41.7799
BLOCK00/SES006/SA006S28	SES105	-2.14286	-43.9228	-41.7799
BLOCK00/SES006/SA006S28	SES158	-1.10201	-42.8819	-41.7799
BLOCK00/SES006/SA006S28	SES275	-2.17271	-43.9526	-41.7799
BLOCK00/SES009/SA009S12	SES083	-1.7059	-41.5958	-39.8899
BLOCK00/SES009/SA009S12	SES148	-1.43321	-41.3232	-39.8899
BLOCK00/SES009/SA009S12	SES177	-1.47737	-41.3673	-39.8899
BLOCK00/SES009/SA009S12	SES292	-0.910858	-40.8008	-39.8899
BLOCK00/SES009/SA009S15	SES007	-0.114178	-39.1436	-39.0294
BLOCK00/SES009/SA009S15	SES099	-2.49855	-41.528	-39.0294
BLOCK00/SES009/SA009S15	SES148	-1.97376	-41.0032	-39.0294
BLOCK00/SES009/SA009S15	SES172	-1.60852	-40.6379	-39.0294
BLOCK00/SES009/SA009S24	SES146	-0.889217	-40.2636	-39.3744
BLOCK00/SES009/SA009S24	SES148	-1.64323	-41.0176	-39.3744
BLOCK00/SES009/SA009S24	SES177	-1.36107	-40.7355	-39.3744
BLOCK00/SES009/SA009S24	SES292	-1.07183	-40.4462	-39.3744
BLOCK00/SES009/SA009S26	SES083	-1.71735	-41.661	-39.9436
BLOCK00/SES009/SA009S26	SES101	-1.56206	-41.5057	-39.9436
BLOCK00/SES009/SA009S26	SES120	-0.959232	-40.9028	-39.9436
BLOCK00/SES009/SA009S26	SES177	-1.55722	-41.5008	-39.9436
BLOCK00/SES009/SA009S29	SES083	-1.27301	-40.6997	-39.4267
BLOCK00/SES009/SA009S29	SES101	-1.27687	-40.7035	-39.4267
BLOCK00/SES009/SA009S29	SES177	-1.37871	-40.8054	-39.4267
BLOCK00/SES009/SA009S29	SES292	-1.11293	-40.5396	-39.4267
BLOCK01/SES011/SA011S10	SES019	-0.670162	-41.5055	-40.8354
BLOCK01/SES011/SA011S10	SES042	-0.21199	-41.0474	-40.8354
BLOCK01/SES011/SA011S10	SES082	-1.8426	-42.678	-40.8354
BLOCK01/SES011/SA011S10	SES206	-0.593857	-41.4292	-40.8354
BLOCK01/SES011/SA011S11	SES019	-0.544331	-41.7461	-41.2018
BLOCK01/SES011/SA011S11	SES042	-0.828629	-42.0304	-41.2018
BLOCK01/SES011/SA011S11	SES082	-1.71626	-42.918	-41.2018
BLOCK01/SES011/SA011S11	SES206	-0.385479	-41.5873	-41.2018
BLOCK01/SES011/SA011S22	SES019	-0.0703354	-40.9188	-40.8484
BLOCK01/SES011/SA011S22	SES042	-0.172562	-41.021	-40.8484
BLOCK01/SES011/SA011S22	SES082	-1.05284	-41.9013	-40.8484
BLOCK01/SES011/SA011S22	SES206	0.109188	-40.7393	-40.8484
BLOCK01/SES011/SA011S24	SES019	-0.517433	-40.8129	-40.2955
BLOCK01/SES011/SA011S24	SES042	-0.175537	-40.471	-40.2955
BLOCK01/SES011/SA011S24	SES104	-1.26536	-41.5608	-40.2955
BLOCK01/SES011/SA011S24	SES206	0.412411	-39.8831	-40.2955
BLOCK01/SES011/SA011S27	SES082	0.420055	-39.8909	-40.311
BLOCK01/SES011/SA011S27	SES087	-0.736092	-41.0471	-40.311
BLOCK01/SES011/SA011S27	SES125	-0.166847	-40.4778	-40.311
BLOCK01/SES011/SA011S27	SES206	0.101498	-40.2095	-40.311
BLOCK01/SES012/SA012S11	SES007	-1.30362	-40.5222	-39.2186
BLOCK01/SES012/SA012S11	SES082	-1.01368	-40.2322	-39.2186
BLOCK01/SES012/SA012S11	SES083	-1.60297	-40.8215	-39.2186
BLOCK01/SES012/SA012S11	SES206	-0.848083	-40.0666	-39.2186
BLOCK01/SES012/SA012S14	SES082	-0.875481	-40.7952	-39.9197
BLOCK01/SES012/SA012S14	SES087	-1.33881	-41.2585	-39.9197
BLOCK01/SES012/SA012S14	SES206	-0.751987	-40.6717	-39.9197
BLOCK01/SES012/SA012S14	SES292	-1.73661	-41.6563	-39.9197
BLOCK01/SES012/SA012S24	SES082	0.0324059	-40.8444	-40.8768
BLOCK01/SES012/SA012S24	SES087	-0.787857	-41.6647	-40.8768
BLOCK01/SES012/SA012S24	SES120	-3.14867	-44.0255	-40.8768
BLOCK01/SES012/SA012S24	SES206	-0.222816	-41.0997	-40.8768
BLOCK01/SES012/SA012S26	SES019	-2.00202	-42.0443	-40.0423
BLOCK01/SES012/SA012S26	SES082	-1.36546	-41.4078	-40.0423
BLOCK01/SES012/SA012S26	SES206	-0.343086	-40.3854	-40.0423
BLOCK01/SES012/SA012S26	SES292	-1.6298	-41.6721	-40.0423
BLOCK01/SES012/SA012S29	SES062	-0.995594	-40.6293	-39.6337
BLOCK01/SES012/SA012S29	SES082	-0.857422	-40.4911	-39.6337
BLOCK01/SES012/SA012S29	SES083	-1.82264	-41.4564	-39.6337
BLOCK01/SES012/SA012S29	SES206	-1.03857	-40.6723	-39.6337
BLOCK01/SES013/SA013S16	SES062	-2.37528	-42.7349	-40.3596
BLOCK01/SES013/SA013S16	SES106	-0.148121	-40.5078	-40.3596
BLOCK01/SES013/SA013S16	SES206	-0.718994	-41.0786	-40.3596
BLOCK01/SES013/SA013S16	SES226	0.0596886	-40.2999	-40.3596
BLOCK01/SES013/SA013S17	SES062	-2.35127	-41.9476	-39.5963
BLOCK01/SES013/SA013S17	SES106	-1.03898	-40.6353	-39.5963
BLOCK01/SES013/SA013S17	SES206	-0.285511	-39.8818	-39.5963
BLOCK01/SES013/SA013S17	SES226	0.282581	-39.3137	-39.5963
BLOCK01/SES013/SA013S23	SES104	-0.817879	-41.41	-40.5921
BLOCK01/SES013/SA013S23	SES106	-0.373547	-40.9656	-40.5921
BLOCK01/SES013/SA013S23	SES206	-0.500782	-41.0929	-40.5921
BLOCK01/SES013/SA013S23	SES270	0.142296	-40.4498	-40.5921
BLOCK01/SES013/SA013S25	SES042	-1.10202	-41.2956	-40.1936
BLOCK01/SES013/SA013S25	SES104	-0.590981	-40.7845	-40.1936
BLOCK01/SES013/SA013S25	SES106	-0.100758	-40.2943	-40.1936
BLOCK01/SES013/SA013S25	SES206	-0.68264	-40.8762	-40.1936
BLOCK01/SES013/SA013S29	SES062	-2.38556	-42.849	-40.4634
BLOCK01/SES013/SA013S29	SES104	-0.964806	-41.4282	-40.4634
BLOCK01/SES013/SA013S29	SES106	0.0529137	-40.4105	-40.4634
BLOCK01/SES013/SA013S29	SES206	-0.868286	-41.3317	-40.4634
BLOCK02/SES021/SA021S13	SES016	-2.55865	-42.0538	-39.4952
BLOCK02/SES021/SA021S13	SES029	-2.14939	-41.6445	-39.4952
BLOCK02/SES021/SA021S13	SES087	-1.2008	-40.696	-39.4952
BLOCK02/SES021/SA021S13	SES206	-0.347134	-39.8423	-39.4952
BLOCK02/SES021/SA021S15	SES087	-0.582676	-39.0977	-38.515
BLOCK02/SES021/SA021S15	SES125	-0.380619	-38.8956	-38.515
BLOCK02/SES021/SA021S15	SES206	0.239967	-38.275	-38.515
BLOCK02/SES021/SA021S15	SES226	-1.07439	-39.5894	-38.515
BLOCK02/SES021/SA021S23	SES062	-2.22631	-42.5408	-40.3145
BLOCK02/SES021/SA021S23	SES087	-1.13081	-41.4453	-40.3145
BLOCK02/SES021/SA021S23	SES206	-1.00441	-41.3189	-40.3145
BLOCK02/SES021/SA021S23	SES226	-0.500935	-40.8154	-40.3145
BLOCK02/SES021/SA021S27	SES002	-0.434025	-39.6846	-39.2506
BLOCK02/SES021/SA021S27	SES016	-3.30513	-42.5557	-39.2506
BLOCK02/SES021/SA021S27	SES019	-1.67778	-40.9284	-39.2506
BLOCK02/SES021/SA021S27	SES062	-0.988773	-40.2394	-39.2506
BLOCK02/SES021/SA021S29	SES087	-1.25586	-40.1772	-38.9214
BLOCK02/SES021/SA021S29	SES125	-0.675644	-39.597	-38.9214
BLOCK02/SES021/SA021S29	SES206	-0.401134	-39.3225	-38.9214
BLOCK02/SES021/SA021S29	SES226	-0.548809	-39.4702	-38.9214
BLOCK04/SES043/SA043S09	SES083	-1.84358	-42.9539	-41.1103
BLOCK04/SES043/SA043S09	SES101	-2.35187	-43.4622	-41.1103
BLOCK04/SES043/SA043S09	SES144	-0.204739	-41.315	-41.1103
BLOCK04/SES043/SA043S09	SES172	-2.72947	-43.8398	-41.1103
BLOCK04/SES043/SA043S11	SES083	-0.675739	-40.5505	-39.8748
BLOCK04/SES043/SA043S11	SES101	-1.31113	-41.1859	-39.8748
BLOCK04/SES043/SA043S11	SES144	-0.439548	-40.3143	-39.8748
BLOCK04/SES043/SA043S11	SES172	-1.1692	-41.044	-39.8748
BLOCK04/SES043/SA043S23	SES083	-0.305958	-40.631	-40.3251
BLOCK04/SES043/SA043S23	SES144	0.355186	-39.9699	-40.3251
BLOCK04/SES043/SA043S23	SES177	-2.20071	-42.5258	-40.3251
BLOCK04/SES043/SA043S23	SES275	-0.36438	-40.6895	-40.3251
BLOCK04/SES043/SA043S26	SES083	-0.680614	-41.1157	-40.4351
BLOCK04/SES043/SA043S26	SES101	-1.41874	-41.8538	-40.4351
BLOCK04/SES043/SA043S26	SES144	-0.360706	-40.7958	-40.4351
BLOCK04/SES043/SA043S26	SES177	-1.27654	-41.7116	-40.4351
BLOCK04/SES043/SA043S28	SES016	-1.27128	-40.971	-39.6998
BLOCK04/SES043/SA043S28	SES083	-0.63171	-40.3315	-39.6998
BLOCK04/SES043/SA043S28	SES101	-1.05092	-40.7507	-39.6998
BLOCK04/SES043/SA043S28	SES144	-0.626892	-40.3266	-39.6998
BLOCK04/SES044/SA044S10	SES127	-1.96449	-44.7154	-42.7509
BLOCK04/SES044/SA044S10	SES144	-0.130264	-42.8811	-42.7509
BLOCK04/SES044/SA044S10	SES147	-2.16431	-44.9152	-42.7509
BLOCK04/SES044/SA044S10	SES148	-2.15455	-44.9054	-42.7509
BLOCK04/SES044/SA044S11	SES101	-1.74384	-43.5279	-41.784
BLOCK04/SES044/SA044S11	SES144	0.356281	-41.4278	-41.784
BLOCK04/SES044/SA044S11	SES147	-1.10019	-42.8842	-41.784
BLOCK04/SES044/SA044S11	SES177	-1.59212	-43.3762	-41.784
BLOCK04/SES044/SA044S24	SES007	-2.15172	-43.3794	-41.2277
BLOCK04/SES044/SA044S24	SES101	-1.34387	-42.5716	-41.2277
BLOCK04/SES044/SA044S24	SES147	-1.62816	-42.8559	-41.2277
BLOCK04/SES044/SA044S24	SES177	-2.00305	-43.2308	-41.2277
BLOCK04/SES044/SA044S26	SES007	-1.55044	-42.529	-40.9786
BLOCK04/SES044/SA044S26	SES016	-0.89135	-41.8699	-40.9786
BLOCK04/SES044/SA044S26	SES101	-0.912865	-41.8915	-40.9786
BLOCK04/SES044/SA044S26	SES147	-0.919426	-41.898	-40.9786
BLOCK04/SES044/SA044S29	SES007	-1.69079	-41.8368	-40.146
BLOCK04/SES044/SA044S29	SES101	-0.844322	-40.9903	-40.146
BLOCK04/SES044/SA044S29	SES147	-1.74995	-41.8959	-40.146
BLOCK04/SES044/SA044S29	SES177	-1.58844	-41.7344	-40.146
BLOCK04/SES046/SA046S13	SES101	-3.32586	-44.4784	-41.1525
BLOCK04/SES046/SA046S13	SES144	-0.737579	-41.8901	-41.1525
BLOCK04/SES046/SA046S13	SES147	-1.90397	-43.0565	-41.1525
BLOCK04/SES046/SA046S13	SES177	-1.38234	-42.5349	-41.1525
BLOCK04/SES046/SA046S15	SES048	-1.92297	-41.5336	-39.6106
BLOCK04/SES046/SA046S15	SES083	-0.944843	-40.5555	-39.6106
BLOCK04/SES046/SA046S15	SES120	-2.02575	-41.6364	-39.6106
BLOCK04/SES046/SA046S15	SES148	-0.985596	-40.5962	-39.6106
BLOCK04/SES046/SA046S22	SES101	-1.2327	-42.115	-40.8823
BLOCK04/SES046/SA046S22	SES144	-0.564709	-41.447	-40.8823
BLOCK04/SES046/SA046S22	SES147	-2.03573	-42.918	-40.8823
BLOCK04/SES046/SA046S22	SES172	-0.814041	-41.6963	-40.8823
BLOCK04/SES046/SA046S25	SES083	-1.32391	-41.704	-40.3801
BLOCK04/SES046/SA046S25	SES127	-0.973846	-41.354	-40.3801
BLOCK04/SES046/SA046S25	SES144	-1.08899	-41.4691	-40.3801
BLOCK04/SES046/SA046S25	SES148	-0.8251	-41.2052	-40.3801
BLOCK04/SES046/SA046S28	SES007	-2.97717	-44.0489	-41.0717
BLOCK04/SES046/SA046S28	SES105	-1.87964	-42.9513	-41.0717
BLOCK04/SES046/SA046S28	SES147	-1.77686	-42.8486	-41.0717
BLOCK04/SES046/SA046S28	SES148	-1.46859	-42.5403	-41.0717
BLOCK04/SES049/SA049S16	SES104	-0.98011	-42.5446	-41.5645
BLOCK04/SES049/SA049S16	SES106	-0.690598	-42.2551	-41.5645
BLOCK04/SES049/SA049S16	SES120	-1.77545	-43.3399	-41.5645
BLOCK04/SES049/SA049S16	SES206	-0.906631	-42.4711	-41.5645
BLOCK04/SES049/SA049S18	SES099	0.410374	-42.1117	-42.5221
BLOCK04/SES049/SA049S18	SES104	-1.65191	-44.174	-42.5221
BLOCK04/SES049/SA049S18	SES125	-1.6099	-44.132	-42.5221
BLOCK04/SES049/SA049S18	SES206	-1.30738	-43.8295	-42.5221
BLOCK04/SES049/SA049S25	SES087	-0.567684	-41.8217	-41.2541
BLOCK04/SES049/SA049S25	SES104	-0.583073	-41.8371	-41.2541
BLOCK04/SES049/SA049S25	SES125	-1.07156	-42.3256	-41.2541
BLOCK04/SES049/SA049S25	SES206	-0.369709	-41.6238	-41.2541
BLOCK04/SES049/SA049S27	SES099	0.172169	-40.4818	-40.654
BLOCK04/SES049/SA049S27	SES104	-0.234303	-40.8883	-40.654
BLOCK04/SES049/SA049S27	SES125	-0.815754	-41.4698	-40.654
BLOCK04/SES049/SA049S27	SES206	-0.559597	-41.2136	-40.654
BLOCK04/SES049/SA049S29	SES099	0.389721	-39.3236	-39.7133
BLOCK04/SES049/SA049S29	SES104	0.0940018	-39.6193	-39.7133
BLOCK04/SES049/SA049S29	SES125	-0.43586	-40.1492	-39.7133
BLOCK04/SES049/SA049S29	SES206	-0.0444069	-39.7577	-39.7133
BLOCK06/SES063/SA063S09	SES068	-1.53952	-41.9335	-40.3939
BLOCK06/SES063/SA063S09	SES083	-0.432053	-40.826	-40.3939
BLOCK06/SES063/SA063S09	SES177	-0.820194	-41.2141	-40.3939
BLOCK06/SES063/SA063S09	SES187	-1.12336	-41.5173	-40.3939
BLOCK06/SES063/SA063S10	SES068	-1.71154	-42.6816	-40.9701
BLOCK06/SES063/SA063S10	SES083	-0.282188	-41.2523	-40.9701
BLOCK06/SES063/SA063S10	SES172	-0.565407	-41.5355	-40.9701
BLOCK06/SES063/SA063S10	SES187	-0.691589	-41.6617	-40.9701
BLOCK06/SES063/SA063S20	SES068	-1.95308	-42.7223	-40.7692
BLOCK06/SES063/SA063S20	SES083	-1.0024	-41.7716	-40.7692
BLOCK06/SES063/SA063S20	SES172	-0.489159	-41.2583	-40.7692
BLOCK06/SES063/SA063S20	SES187	-0.386532	-41.1557	-40.7692
BLOCK06/SES063/SA063S24	SES029	-2.74161	-42.9066	-40.165
BLOCK06/SES063/SA063S24	SES083	0.00396729	-40.161	-40.165
BLOCK06/SES063/SA063S24	SES177	-0.540298	-40.7053	-40.165
BLOCK06/SES063/SA063S24	SES189	-1.00725	-41.1723	-40.165
BLOCK06/SES063/SA063S27	SES083	-0.110947	-41.639	-41.5281
BLOCK06/SES063/SA063S27	SES172	0.179573	-41.3485	-41.5281
BLOCK06/SES063/SA063S27	SES187	-0.72187	-42.25	-41.5281
BLOCK06/SES063/SA063S27	SES292	-1.20778	-42.7359	-41.5281
BLOCK06/SES067/SA067S12	SES083	-1.75117	-42.047	-40.2958
BLOCK06/SES067/SA067S12	SES172	-2.43338	-42.7292	-40.2958
BLOCK06/SES067/SA067S12	SES202	0.133907	-40.1619	-40.2958
BLOCK06/SES067/SA067S12	SES292	-1.28715	-41.583	-40.2958
BLOCK06/SES067/SA067S14	SES085	-1.50277	-41.199	-39.6962
BLOCK06/SES067/SA067S14	SES177	-1.52355	-41.2197	-39.6962
BLOCK06/SES067/SA067S14	SES183	-1.32975	-41.026	-39.6962
BLOCK06/SES067/SA067S14	SES202	-0.358044	-40.0542	-39.6962
BLOCK06/SES067/SA067S21	SES144	-0.570183	-41.6566	-41.0864
BLOCK06/SES067/SA067S21	SES177	-0.966454	-42.0529	-41.0864
BLOCK06/SES067/SA067S21	SES183	-2.47766	-43.5641	-41.0864
BLOCK06/SES067/SA067S21	SES189	-0.132637	-41.2191	-41.0864
BLOCK06/SES067/SA067S25	SES085	-0.70628	-41.1497	-40.4434
BLOCK06/SES067/SA067S25	SES177	-0.666679	-41.1101	-40.4434
BLOCK06/SES067/SA067S25	SES183	-1.4405	-41.8839	-40.4434
BLOCK06/SES067/SA067S25	SES202	-0.337761	-40.7812	-40.4434
BLOCK06/SES067/SA067S29	SES085	-1.05327	-41.6894	-40.6362
BLOCK06/SES067/SA067S29	SES177	-1.18367	-41.8199	-40.6362
BLOCK06/SES067/SA067S29	SES183	-1.22809	-41.8643	-40.6362
BLOCK06/SES067/SA067S29	SES202	0.571716	-40.0645	-40.6362
BLOCK06/SES069/SA069S12	SES029	-2.27353	-42.1877	-39.9142
BLOCK06/SES069/SA069S12	SES082	-0.473034	-40.3872	-39.9142
BLOCK06/SES069/SA069S12	SES087	-1.08422	-40.9984	-39.9142
BLOCK06/SES069/SA069S12	SES206	-0.502007	-40.4162	-39.9142
BLOCK06/SES069/SA069S13	SES029	-2.41527	-42.4398	-40.0245
BLOCK06/SES069/SA069S13	SES087	-1.42858	-41.4531	-40.0245
BLOCK06/SES069/SA069S13	SES206	-1.20152	-41.2261	-40.0245
BLOCK06/SES069/SA069S13	SES226	-0.739094	-40.7636	-40.0245
BLOCK06/SES069/SA069S23	SES029	-1.44897	-40.1317	-38.6827
BLOCK06/SES069/SA069S23	SES087	-1.03485	-39.7175	-38.6827
BLOCK06/SES069/SA069S23	SES206	-0.925346	-39.608	-38.6827
BLOCK06/SES069/SA069S23	SES226	-0.327122	-39.0098	-38.6827
BLOCK06/SES069/SA069S25	SES087	-1.04326	-40.1975	-39.1542
BLOCK06/SES069/SA069S25	SES206	-1.45016	-40.6044	-39.1542
BLOCK06/SES069/SA069S25	SES226	-0.300171	-39.4544	-39.1542
BLOCK06/SES069/SA069S25	SES270	-0.580097	-39.7343	-39.1542
BLOCK06/SES069/SA069S27	SES087	-1.39304	-40.7448	-39.3518
BLOCK06/SES069/SA069S27	SES206	0.00504303	-39.3467	-39.3518
BLOCK06/SES069/SA069S27	SES226	0.307117	-39.0447	-39.3518
BLOCK06/SES069/SA069S27	SES270	-0.382759	-39.7345	-39.3518
BLOCK08/SES081/SA081S11	SES060	-1.46272	-41.6871	-40.2244
BLOCK08/SES081/SA081S11	SES062	-2.44493	-42.6693	-40.2244
BLOCK08/SES081/SA081S11	SES117	-1.88835	-42.1127	-40.2244
BLOCK08/SES081/SA081S11	SES162	-1.90142	-42.1258	-40.2244
BLOCK08/SES081/SA081S13	SES016	-0.954502	-40.41	-39.4555
BLOCK08/SES081/SA081S13	SES060	-0.141674	-39.5972	-39.4555
BLOCK08/SES081/SA081S13	SES068	-0.494709	-39.9502	-39.4555
BLOCK08/SES081/SA081S13	SES129	-1.59311	-41.0486	-39.4555
BLOCK08/SES081/SA081S24	SES060	-0.648556	-40.4227	-39.7741
BLOCK08/SES081/SA081S24	SES068	-0.63488	-40.409	-39.7741
BLOCK08/SES081/SA081S24	SES117	-1.27326	-41.0474	-39.7741
BLOCK08/SES081/SA081S24	SES275	-1.63381	-41.4079	-39.7741
BLOCK08/SES081/SA081S27	SES007	-0.941032	-40.9185	-39.9775
BLOCK08/SES081/SA081S27	SES060	-1.56889	-41.5464	-39.9775
BLOCK08/SES081/SA081S27	SES117	-0.663925	-40.6414	-39.9775
BLOCK08/SES081/SA081S27	SES275	-1.7275	-41.705	-39.9775
BLOCK08/SES081/SA081S29	SES007	-1.2272	-40.8771	-39.6499
BLOCK08/SES081/SA081S29	SES060	-0.858395	-40.5083	-39.6499
BLOCK08/SES081/SA081S29	SES117	-1.09639	-40.7463	-39.6499
BLOCK08/SES081/SA081S29	SES275	-2.10362	-41.7535	-39.6499
BLOCK08/SES086/SA086S11	SES029	-4.02319	-45.8445	-41.8213
BLOCK08/SES086/SA086S11	SES082	-1.25148	-43.0728	-41.8213
BLOCK08/SES086/SA086S11	SES087	-0.555416	-42.3767	-41.8213
BLOCK08/SES086/SA086S11	SES206	-1.92565	-43.747	-41.8213
BLOCK08/SES086/SA086S12	SES029	-3.79198	-45.0363	-41.2444
BLOCK08/SES086/SA086S12	SES082	-1.46638	-42.7107	-41.2444
BLOCK08/SES086/SA086S12	SES087	0.167595	-41.0768	-41.2444
BLOCK08/SES086/SA086S12	SES206	-1.33257	-42.5769	-41.2444
BLOCK08/SES086/SA086S20	SES029	-2.96682	-43.0662	-40.0993
BLOCK08/SES086/SA086S20	SES082	-1.52056	-41.6199	-40.0993
BLOCK08/SES086/SA086S20	SES087	0.654221	-39.4451	-40.0993
BLOCK08/SES086/SA086S20	SES206	-0.245865	-40.3452	-40.0993
BLOCK08/SES086/SA086S24	SES087	0.203678	-40.7449	-40.9485
BLOCK08/SES086/SA086S24	SES104	-1.13963	-42.0882	-40.9485
BLOCK08/SES086/SA086S24	SES120	-2.56165	-43.5102	-40.9485
BLOCK08/SES086/SA086S24	SES206	-0.23283	-41.1814	-40.9485
BLOCK08/SES086/SA086S28	SES029	-2.64046	-42.6063	-39.9658
BLOCK08/SES086/SA086S28	SES082	-1.4134	-41.3792	-39.9658
BLOCK08/SES086/SA086S28	SES087	0.210968	-39.7548	-39.9658
BLOCK08/SES086/SA086S28	SES206	-0.425682	-40.3915	-39.9658
BLOCK08/SES089/SA089S13	SES087	-0.875072	-41.3444	-40.4693
BLOCK08/SES089/SA089S13	SES206	-1.10699	-41.5763	-40.4693
BLOCK08/SES089/SA089S13	SES226	-0.96357	-41.4329	-40.4693
BLOCK08/SES089/SA089S13	SES270	-1.9538	-42.4231	-40.4693
BLOCK08/SES089/SA089S14	SES062	-1.29744	-41.4477	-40.1502
BLOCK08/SES089/SA089S14	SES087	-0.0949707	-40.2452	-40.1502
BLOCK08/SES089/SA089S14	SES206	-0.379265	-40.5295	-40.1502
BLOCK08/SES089/SA089S14	SES226	-0.430157	-40.5804	-40.1502
BLOCK08/SES089/SA089S23	SES087	-0.0890388	-40.9603	-40.8713
BLOCK08/SES089/SA089S23	SES206	-0.509312	-41.3806	-40.8713
BLOCK08/SES089/SA089S23	SES226	-0.72818	-41.5995	-40.8713
BLOCK08/SES089/SA089S23	SES270	-2.20208	-43.0734	-40.8713
BLOCK08/SES089/SA089S25	SES062	-1.42344	-41.5385	-40.1151
BLOCK08/SES089/SA089S25	SES087	0.148457	-39.9666	-40.1151
BLOCK08/SES089/SA089S25	SES206	-0.77393	-40.889	-40.1151
BLOCK08/SES089/SA089S25	SES226	-0.217907	-40.333	-40.1151
BLOCK08/SES089/SA089S28	SES062	-0.93586	-40.956	-40.0202
BLOCK08/SES089/SA089S28	SES087	-0.134346	-40.1545	-40.0202
BLOCK08/SES089/SA089S28	SES206	-0.00220871	-40.0224	-40.0202
BLOCK08/SES089/SA089S28	SES226	-0.313011	-40.3332	-40.0202
BLOCK09/SES097/SA097S11	SES099	0.64106	-40.2492	-40.8903
BLOCK09/SES097/SA097S11	SES125	-1.42713	-42.3174	-40.8903
BLOCK09/SES097/SA097S11	SES206	-1.16627	-42.0565	-40.8903
BLOCK09/SES097/SA097S11	SES226	-0.0376167	-40.9279	-40.8903
BLOCK09/SES097/SA097S14	SES062	-1.48198	-42.0879	-40.6059
BLOCK09/SES097/SA097S14	SES099	0.0777321	-40.5282	-40.6059
BLOCK09/SES097/SA097S14	SES104	-0.613758	-41.2197	-40.6059
BLOCK09/SES097/SA097S14	SES206	-0.817661	-41.4236	-40.6059
BLOCK09/SES097/SA097S22	SES099	0.58736	-40.0628	-40.6502
BLOCK09/SES097/SA097S22	SES206	-0.983822	-41.634	-40.6502
BLOCK09/SES097/SA097S22	SES226	-0.745487	-41.3957	-40.6502
BLOCK09/SES097/SA097S22	SES270	0.354668	-40.2955	-40.6502
BLOCK09/SES097/SA097S26	SES099	0.583294	-39.7496	-40.3329
BLOCK09/SES097/SA097S26	SES120	-1.29937	-41.6322	-40.3329
BLOCK09/SES097/SA097S26	SES206	-0.524578	-40.8574	-40.3329
BLOCK09/SES097/SA097S26	SES226	-0.946571	-41.2794	-40.3329
BLOCK09/SES097/SA097S28	SES099	-0.170033	-40.6104	-40.4403
BLOCK09/SES097/SA097S28	SES120	-1.83939	-42.2797	-40.4403
BLOCK09/SES097/SA097S28	SES206	-1.40485	-41.8452	-40.4403
BLOCK09/SES097/SA097S28	SES226	-1.3155	-41.7558	-40.4403
BLOCK09/SES098/SA098S11	SES127	-1.61861	-43.0976	-41.479
BLOCK09/SES098/SA098S11	SES144	-0.919067	-42.398	-41.479
BLOCK09/SES098/SA098S11	SES147	-0.539387	-42.0183	-41.479
BLOCK09/SES098/SA098S11	SES148	-2.29789	-43.7768	-41.479
BLOCK09/SES098/SA098S12	SES127	-2.48882	-45.0548	-42.566
BLOCK09/SES098/SA098S12	SES144	-1.51793	-44.084	-42.566
BLOCK09/SES098/SA098S12	SES147	-1.94724	-44.5133	-42.566
BLOCK09/SES098/SA098S12	SES189	-1.34203	-43.9081	-42.566
BLOCK09/SES098/SA098S20	SES127	-2.14155	-44.2625	-42.1209
BLOCK09/SES098/SA098S20	SES147	-1.52756	-43.6485	-42.1209
BLOCK09/SES098/SA098S20	SES148	-2.79578	-44.9167	-42.1209
BLOCK09/SES098/SA098S20	SES292	-2.7765	-44.8974	-42.1209
BLOCK09/SES098/SA098S23	SES127	-1.37542	-42.9408	-41.5654
BLOCK09/SES098/SA098S23	SES147	-0.494946	-42.0604	-41.5654
BLOCK09/SES098/SA098S23	SES187	-0.668835	-42.2343	-41.5654
BLOCK09/SES098/SA098S23	SES292	-1.77423	-43.3397	-41.5654
BLOCK09/SES098/SA098S27	SES127	-1.68988	-43.2768	-41.5869
BLOCK09/SES098/SA098S27	SES147	-1.77338	-43.3603	-41.5869
BLOCK09/SES098/SA098S27	SES148	-3.27634	-44.8632	-41.5869
BLOCK09/SES098/SA098S27	SES292	-2.17443	-43.7613	-41.5869
BLOCK10/SES102/SA102S13	SES101	-0.508842	-42.0309	-41.5221
BLOCK10/SES102/SA102S13	SES105	-1.74223	-43.2643	-41.5221
BLOCK10/SES102/SA102S13	SES120	-0.803215	-42.3253	-41.5221
BLOCK10/SES102/SA102S13	SES158	-4.30856	-45.8306	-41.5221
BLOCK10/SES102/SA102S14	SES007	-0.31897	-40.1597	-39.8407
BLOCK10/SES102/SA102S14	SES101	-0.149323	-39.99	-39.8407
BLOCK10/SES102/SA102S14	SES105	-0.378201	-40.2189	-39.8407
BLOCK10/SES102/SA102S14	SES147	-1.14098	-40.9817	-39.8407
BLOCK10/SES102/SA102S22	SES007	-1.30226	-41.4086	-40.1064
BLOCK10/SES102/SA102S22	SES101	-0.0952988	-40.2017	-40.1064
BLOCK10/SES102/SA102S22	SES105	-0.55476	-40.6611	-40.1064
BLOCK10/SES102/SA102S22	SES158	-2.63582	-42.7422	-40.1064
BLOCK10/SES102/SA102S25	SES007	-0.90984	-40.9066	-39.9967
BLOCK10/SES102/SA102S25	SES101	-0.250637	-40.2474	-39.9967
BLOCK10/SES102/SA102S25	SES105	-0.827141	-40.8239	-39.9967
BLOCK10/SES102/SA102S25	SES147	-2.37382	-42.3705	-39.9967
BLOCK10/SES102/SA102S27	SES007	-1.05315	-41.6693	-40.6162
BLOCK10/SES102/SA102S27	SES101	-0.402645	-41.0188	-40.6162
BLOCK10/SES102/SA102S27	SES105	-0.841995	-41.4582	-40.6162
BLOCK10/SES102/SA102S27	SES147	-1.06697	-41.6832	-40.6162
BLOCK10/SES103/SA103S14	SES105	-1.26065	-43.0256	-41.7649
BLOCK10/SES103/SA103S14	SES106	-0.367386	-42.1323	-41.7649
BLOCK10/SES103/SA103S14	SES120	-2.59007	-44.355	-41.7649
BLOCK10/SES103/SA103S14	SES206	-1.42292	-43.1878	-41.7649
BLOCK10/SES103/SA103S15	SES099	-0.327045	-42.5081	-42.181
BLOCK10/SES103/SA103S15	SES101	-3.3078	-45.4888	-42.181
BLOCK10/SES103/SA103S15	SES104	-1.15401	-43.335	-42.181
BLOCK10/SES103/SA103S15	SES125	-0.808769	-42.9898	-42.181
BLOCK10/SES103/SA103S24	SES104	-0.820515	-41.8274	-41.0069
BLOCK10/SES103/SA103S24	SES125	-0.692097	-41.699	-41.0069
BLOCK10/SES103/SA103S24	SES148	-1.94807	-42.955	-41.0069
BLOCK10/SES103/SA103S24	SES158	-0.181068	-41.188	-41.0069
BLOCK10/SES103/SA103S26	SES104	-1.46027	-42.9284	-41.4681
BLOCK10/SES103/SA103S26	SES106	-0.591373	-42.0595	-41.4681
BLOCK10/SES103/SA103S26	SES125	-0.753944	-42.2221	-41.4681
BLOCK10/SES103/SA103S26	SES148	-2.11681	-43.5849	-41.4681
BLOCK10/SES103/SA103S28	SES104	-1.45826	-42.9687	-41.5104
BLOCK10/SES103/SA103S28	SES106	-0.835102	-42.3455	-41.5104
BLOCK10/SES103/SA103S28	SES125	-0.97839	-42.4888	-41.5104
BLOCK10/SES103/SA103S28	SES206	-1.87524	-43.3856	-41.5104
BLOCK12/SES121/SA121S12	SES042	-1.4768	-43.7851	-42.3083
BLOCK12/SES121/SA121S12	SES087	-0.837452	-43.1458	-42.3083
BLOCK12/SES121/SA121S12	SES105	-0.790997	-43.0993	-42.3083
BLOCK12/SES121/SA121S12	SES206	-0.900948	-43.2092	-42.3083
BLOCK12/SES121/SA121S14	SES007	-2.30746	-45.2079	-42.9005
BLOCK12/SES121/SA121S14	SES105	-1.5169	-44.4174	-42.9005
BLOCK12/SES121/SA121S14	SES106	-0.768608	-43.6691	-42.9005
BLOCK12/SES121/SA121S14	SES206	-1.63656	-44.537	-42.9005
BLOCK12/SES121/SA121S23	SES105	-1.97471	-45.1782	-43.2035
BLOCK12/SES121/SA121S23	SES106	-0.45916	-43.6626	-43.2035
BLOCK12/SES121/SA121S23	SES120	-2.55225	-45.7557	-43.2035
BLOCK12/SES121/SA121S23	SES206	-1.05047	-44.254	-43.2035
BLOCK12/SES121/SA121S25	SES007	-1.98362	-45.5754	-43.5918
BLOCK12/SES121/SA121S25	SES105	-2.03291	-45.6247	-43.5918
BLOCK12/SES121/SA121S25	SES106	-0.682201	-44.274	-43.5918
BLOCK12/SES121/SA121S25	SES206	-2.01472	-45.6065	-43.5918
BLOCK12/SES121/SA121S27	SES087	-0.292736	-42.4312	-42.1385
BLOCK12/SES121/SA121S27	SES105	-3.04089	-45.1793	-42.1385
BLOCK12/SES121/SA121S27	SES120	-1.98105	-44.1195	-42.1385
BLOCK12/SES121/SA121S27	SES206	-1.23823	-43.3767	-42.1385
BLOCK12/SES124/SA124S16	SES042	-0.542164	-40.6583	-40.1161
BLOCK12/SES124/SA124S16	SES082	-0.65807	-40.7742	-40.1161
BLOCK12/SES124/SA124S16	SES183	-2.91548	-43.0316	-40.1161
BLOCK12/SES124/SA124S16	SES206	-0.683434	-40.7996	-40.1161
BLOCK12/SES124/SA124S17	SES105	-1.32656	-42.701	-41.3745
BLOCK12/SES124/SA124S17	SES149	-2.03664	-43.4111	-41.3745
BLOCK12/SES124/SA124S17	SES158	-1.86979	-43.2443	-41.3745
BLOCK12/SES124/SA124S17	SES275	-2.23478	-43.6093	-41.3745
BLOCK12/SES124/SA124S23	SES105	-1.59798	-40.8227	-39.2247
BLOCK12/SES124/SA124S23	SES125	0.312775	-38.9119	-39.2247
BLOCK12/SES124/SA124S23	SES129	-2.4813	-41.706	-39.2247
BLOCK12/SES124/SA124S23	SES158	-0.435894	-39.6606	-39.2247
BLOCK12/SES124/SA124S26	SES105	-1.92095	-41.7406	-39.8196
BLOCK12/SES124/SA124S26	SES125	0.147255	-39.6724	-39.8196
BLOCK12/SES124/SA124S26	SES129	-2.72544	-42.5451	-39.8196
BLOCK12/SES124/SA124S26	SES158	-0.7682	-40.5878	-39.8196
BLOCK12/SES124/SA124S28	SES104	-0.456909	-40.2463	-39.7894
BLOCK12/SES124/SA124S28	SES106	-0.562366	-40.3518	-39.7894
BLOCK12/SES124/SA124S28	SES125	-0.14481	-39.9342	-39.7894
BLOCK12/SES124/SA124S28	SES275	-2.15787	-41.9473	-39.7894
BLOCK12/SES126/SA126S13	SES007	-2.05521	-43.679	-41.6238
BLOCK12/SES126/SA126S13	SES162	-1.6557	-43.2795	-41.6238
BLOCK12/SES126/SA126S13	SES177	-1.0718	-42.6956	-41.6238
BLOCK12/SES126/SA126S13	SES180	-2.02906	-43.6528	-41.6238
BLOCK12/SES126/SA126S14	SES144	-1.00145	-41.3045	-40.303
BLOCK12/SES126/SA126S14	SES148	-1.77666	-42.0797	-40.303
BLOCK12/SES126/SA126S14	SES177	-0.549976	-40.853	-40.303
BLOCK12/SES126/SA126S14	SES180	-1.3197	-41.6227	-40.303
BLOCK12/SES126/SA126S20	SES007	-1.89247	-42.7131	-40.8207
BLOCK12/SES126/SA126S20	SES162	-1.41198	-42.2326	-40.8207
BLOCK12/SES126/SA126S20	SES172	-3.11663	-43.9373	-40.8207
BLOCK12/SES126/SA126S20	SES180	-2.25824	-43.0789	-40.8207
BLOCK12/SES126/SA126S24	SES120	-1.0304	-41.3054	-40.275
BLOCK12/SES126/SA126S24	SES162	-1.16063	-41.4356	-40.275
BLOCK12/SES126/SA126S24	SES177	-0.649181	-40.9242	-40.275
BLOCK12/SES126/SA126S24	SES180	-0.828651	-41.1037	-40.275
BLOCK12/SES126/SA126S26	SES120	-1.14935	-42.2104	-41.061
BLOCK12/SES126/SA126S26	SES177	-0.860023	-41.921	-41.061
BLOCK12/SES126/SA126S26	SES180	-1.05016	-42.1112	-41.061
BLOCK12/SES126/SA126S26	SES202	-1.64501	-42.706	-41.061
BLOCK12/SES128/SA128S10	SES087	-1.68509	-42.1148	-40.4297
BLOCK12/SES128/SA128S10	SES206	-1.08544	-41.5152	-40.4297
BLOCK12/SES128/SA128S10	SES226	-0.356613	-40.7864	-40.4297
BLOCK12/SES128/SA128S10	SES270	-0.393192	-40.8229	-40.4297
BLOCK12/SES128/SA128S12	SES120	-1.891	-42.3207	-40.4297
BLOCK12/SES128/SA128S12	SES158	-1.10923	-41.5389	-40.4297
BLOCK12/SES128/SA128S12	SES206	-0.581581	-41.0113	-40.4297
BLOCK12/SES128/SA128S12	SES226	-0.737907	-41.1676	-40.4297
BLOCK12/SES128/SA128S21	SES106	-1.73869	-42.8587	-41.12
BLOCK12/SES128/SA128S21	SES120	-2.03515	-43.1552	-41.12
BLOCK12/SES128/SA128S21	SES206	-1.60984	-42.7298	-41.12
BLOCK12/SES128/SA128S21	SES226	-0.731773	-41.8518	-41.12
BLOCK12/SES128/SA128S24	SES087	-1.31451	-42.0784	-40.7638
BLOCK12/SES128/SA128S24	SES120	-0.84383	-41.6077	-40.7638
BLOCK12/SES128/SA128S24	SES206	-0.991291	-41.7551	-40.7638
BLOCK12/SES128/SA128S24	SES226	-0.895027	-41.6589	-40.7638
BLOCK12/SES128/SA128S27	SES099	-0.00231552	-39.9548	-39.9525
BLOCK12/SES128/SA128S27	SES120	-1.38909	-41.3416	-39.9525
BLOCK12/SES128/SA128S27	SES206	-0.828186	-40.7807	-39.9525
BLOCK12/SES128/SA128S27	SES226	-0.245552	-40.1981	-39.9525
BLOCK13/SES130/SA130S13	SES143	-1.47934	-43.4836	-42.0043
BLOCK13/SES130/SA130S13	SES144	0.231861	-41.7724	-42.0043
BLOCK13/SES130/SA130S13	SES146	-0.117622	-42.1219	-42.0043
BLOCK13/SES130/SA130S13	SES275	-2.40315	-44.4074	-42.0043
BLOCK13/SES130/SA130S15	SES143	-1.6893	-42.3403	-40.651
BLOCK13/SES130/SA130S15	SES144	-0.438202	-41.0892	-40.651
BLOCK13/SES130/SA130S15	SES146	-0.32745	-40.9785	-40.651
BLOCK13/SES130/SA130S15	SES275	-1.27813	-41.9292	-40.651
BLOCK13/SES130/SA130S23	SES127	-3.12042	-45.1691	-42.0486
BLOCK13/SES130/SA130S23	SES144	-1.25848	-43.3071	-42.0486
BLOCK13/SES130/SA130S23	SES146	-0.481159	-42.5298	-42.0486
BLOCK13/SES130/SA130S23	SES162	-0.762123	-42.8108	-42.0486
BLOCK13/SES130/SA130S25	SES127	-1.79389	-42.2237	-40.4298
BLOCK13/SES130/SA130S25	SES144	-0.447102	-40.8769	-40.4298
BLOCK13/SES130/SA130S25	SES146	-0.54187	-40.9717	-40.4298
BLOCK13/SES130/SA130S25	SES275	-0.807499	-41.2373	-40.4298
BLOCK13/SES130/SA130S28	SES127	-1.24631	-41.9233	-40.677
BLOCK13/SES130/SA130S28	SES144	-0.616428	-41.2934	-40.677
BLOCK13/SES130/SA130S28	SES146	-0.763317	-41.4403	-40.677
BLOCK13/SES130/SA130S28	SES275	-0.411503	-41.0885	-40.677
BLOCK13/SES131/SA131S13	SES002	-1.62887	-44.2089	-42.5801
BLOCK13/SES131/SA131S13	SES007	-2.53765	-45.1177	-42.5801
BLOCK13/SES131/SA131S13	SES099	-1.21431	-43.7944	-42.5801
BLOCK13/SES131/SA131S13	SES105	-1.15482	-43.7349	-42.5801
BLOCK13/SES131/SA131S14	SES104	-0.624763	-41.5957	-40.9709
BLOCK13/SES131/SA131S14	SES106	-0.316635	-41.2875	-40.9709
BLOCK13/SES131/SA131S14	SES125	-1.05295	-42.0238	-40.9709
BLOCK13/SES131/SA131S14	SES148	-1.72883	-42.6997	-40.9709
BLOCK13/SES131/SA131S20	SES104	-1.33765	-43.3253	-41.9877
BLOCK13/SES131/SA131S20	SES106	-0.475327	-42.463	-41.9877
BLOCK13/SES131/SA131S20	SES125	-1.16497	-43.1527	-41.9877
BLOCK13/SES131/SA131S20	SES148	-2.43965	-44.4273	-41.9877
BLOCK13/SES131/SA131S22	SES099	-0.553608	-41.7793	-41.2257
BLOCK13/SES131/SA131S22	SES104	-1.32963	-42.5553	-41.2257
BLOCK13/SES131/SA131S22	SES125	-0.876652	-42.1023	-41.2257
BLOCK13/SES131/SA131S22	SES206	-1.6751	-42.9008	-41.2257
BLOCK13/SES131/SA131S29	SES087	-1.05308	-42.8809	-41.8278
BLOCK13/SES131/SA131S29	SES104	-1.71487	-43.5427	-41.8278
BLOCK13/SES131/SA131S29	SES125	-1.29407	-43.1219	-41.8278
BLOCK13/SES131/SA131S29	SES206	-1.36114	-43.189	-41.8278
BLOCK13/SES132/SA132S11	SES083	-1.8451	-42.2562	-40.4111
BLOCK13/SES132/SA132S11	SES120	0.0579071	-40.3532	-40.4111
BLOCK13/SES132/SA132S11	SES127	-0.872299	-41.2834	-40.4111
BLOCK13/SES132/SA132S11	SES275	-1.12724	-41.5383	-40.4111
BLOCK13/SES132/SA132S12	SES083	-1.57009	-41.6089	-40.0388
BLOCK13/SES132/SA132S12	SES143	-1.47579	-41.5146	-40.0388
BLOCK13/SES132/SA132S12	SES144	-1.00287	-41.0417	-40.0388
BLOCK13/SES132/SA132S12	SES148	-1.34534	-41.3842	-40.0388
BLOCK13/SES132/SA132S22	SES062	-0.701397	-40.8473	-40.1459
BLOCK13/SES132/SA132S22	SES083	-1.51566	-41.6615	-40.1459
BLOCK13/SES132/SA132S22	SES127	-0.710007	-40.8559	-40.1459
BLOCK13/SES132/SA132S22	SES275	-0.812668	-40.9586	-40.1459
BLOCK13/SES132/SA132S24	SES007	-0.516346	-40.3364	-39.82
BLOCK13/SES132/SA132S24	SES083	-2.0374	-41.8575	-39.82
BLOCK13/SES132/SA132S24	SES127	-1.73286	-41.5529	-39.82
BLOCK13/SES132/SA132S24	SES275	-1.47789	-41.2979	-39.82
BLOCK13/SES132/SA132S27	SES083	-1.95622	-42.4509	-40.4946
BLOCK13/SES132/SA132S27	SES120	-0.0719261	-40.5666	-40.4946
BLOCK13/SES132/SA132S27	SES127	-1.24596	-41.7406	-40.4946
BLOCK13/SES132/SA132S27	SES275	-1.68993	-42.1846	-40.4946
BLOCK14/SES141/SA141S09	SES143	-0.878952	-41.5694	-40.6904
BLOCK14/SES141/SA141S09	SES144	-0.836689	-41.5271	-40.6904
BLOCK14/SES141/SA141S09	SES162	-0.977959	-41.6684	-40.6904
BLOCK14/SES141/SA141S09	SES180	-1.0024	-41.6928	-40.6904
BLOCK14/SES141/SA141S15	SES127	-1.39826	-41.8722	-40.474
BLOCK14/SES141/SA141S15	SES144	-0.953403	-41.4274	-40.474
BLOCK14/SES141/SA141S15	SES162	-1.10905	-41.583	-40.474
BLOCK14/SES141/SA141S15	SES180	-0.468872	-40.9429	-40.474
BLOCK14/SES141/SA141S24	SES127	-1.08393	-41.1766	-40.0927
BLOCK14/SES141/SA141S24	SES144	-1.29459	-41.3872	-40.0927
BLOCK14/SES141/SA141S24	SES162	-0.845688	-40.9383	-40.0927
BLOCK14/SES141/SA141S24	SES183	-1.77676	-41.8694	-40.0927
BLOCK14/SES141/SA141S26	SES142	-1.31294	-42.3181	-41.0051
BLOCK14/SES141/SA141S26	SES144	-1.46907	-42.4742	-41.0051
BLOCK14/SES141/SA141S26	SES172	-1.58269	-42.5878	-41.0051
BLOCK14/SES141/SA141S26	SES180	-0.622452	-41.6276	-41.0051
BLOCK14/SES141/SA141S29	SES127	-0.444054	-40.7081	-40.264
BLOCK14/SES141/SA141S29	SES142	0.056118	-40.2079	-40.264
BLOCK14/SES141/SA141S29	SES144	-1.17766	-41.4417	-40.264
BLOCK14/SES141/SA141S29	SES180	-0.433819	-40.6979	-40.264
BLOCK15/SES157/SA157S08	SES083	-2.4647	-43.2228	-40.7581
BLOCK15/SES157/SA157S08	SES127	-1.73449	-42.4926	-40.7581
BLOCK15/SES157/SA157S08	SES148	-1.07704	-41.8352	-40.7581
BLOCK15/SES157/SA157S08	SES292	-1.66319	-42.4213	-40.7581
BLOCK15/SES157/SA157S11	SES083	-2.0006	-42.6861	-40.6855
BLOCK15/SES157/SA157S11	SES127	-1.58387	-42.2693	-40.6855
BLOCK15/SES157/SA157S11	SES148	-1.0826	-41.7681	-40.6855
BLOCK15/SES157/SA157S11	SES292	-1.81883	-42.5043	-40.6855
BLOCK15/SES157/SA157S21	SES127	-1.94165	-42.1743	-40.2326
BLOCK15/SES157/SA157S21	SES148	-0.660748	-40.8934	-40.2326
BLOCK15/SES157/SA157S21	SES158	-3.478	-43.7107	-40.2326
BLOCK15/SES157/SA157S21	SES292	-1.31237	-41.545	-40.2326
BLOCK15/SES157/SA157S24	SES127	-1.58782	-42.0484	-40.4606
BLOCK15/SES157/SA157S24	SES148	-1.28717	-41.7478	-40.4606
BLOCK15/SES157/SA157S24	SES183	-1.64476	-42.1054	-40.4606
BLOCK15/SES157/SA157S24	SES292	-1.65049	-42.1111	-40.4606
BLOCK15/SES157/SA157S26	SES007	-0.804607	-40.7931	-39.9885
BLOCK15/SES157/SA157S26	SES127	-0.831387	-40.8199	-39.9885
BLOCK15/SES157/SA157S26	SES147	-1.52559	-41.5141	-39.9885
BLOCK15/SES157/SA157S26	SES148	-1.0462	-41.0347	-39.9885
BLOCK16/SES161/SA161S10	SES007	-1.945	-43.5869	-41.6419
BLOCK16/SES161/SA161S10	SES105	-1.43141	-43.0733	-41.6419
BLOCK16/SES161/SA161S10	SES158	-1.53345	-43.1753	-41.6419
BLOCK16/SES161/SA161S10	SES275	-1.70927	-43.3512	-41.6419
BLOCK16/SES161/SA161S12	SES007	-1.59656	-42.7518	-41.1553
BLOCK16/SES161/SA161S12	SES105	-1.68149	-42.8367	-41.1553
BLOCK16/SES161/SA161S12	SES158	-1.03862	-42.1939	-41.1553
BLOCK16/SES161/SA161S12	SES275	-1.46613	-42.6214	-41.1553
BLOCK16/SES161/SA161S20	SES007	-2.13067	-44.512	-42.3813
BLOCK16/SES161/SA161S20	SES105	-1.70213	-44.0834	-42.3813
BLOCK16/SES161/SA161S20	SES158	-1.24615	-43.6275	-42.3813
BLOCK16/SES161/SA161S20	SES275	-2.27285	-44.6542	-42.3813
BLOCK16/SES161/SA161S23	SES007	-1.73928	-42.8543	-41.115
BLOCK16/SES161/SA161S23	SES105	-0.960232	-42.0752	-41.115
BLOCK16/SES161/SA161S23	SES148	-1.55785	-42.6729	-41.115
BLOCK16/SES161/SA161S23	SES158	-0.693192	-41.8082	-41.115
BLOCK16/SES161/SA161S28	SES007	-2.4733	-43.9803	-41.507
BLOCK16/SES161/SA161S28	SES105	-1.86296	-43.37	-41.507
BLOCK16/SES161/SA161S28	SES158	-0.964199	-42.4712	-41.507
BLOCK16/SES161/SA161S28	SES206	-1.11818	-42.6252	-41.507
BLOCK16/SES164/SA164S11	SES104	-1.4534	-41.7904	-40.337
BLOCK16/SES164/SA164S11	SES125	-0.741753	-41.0788	-40.337
BLOCK16/SES164/SA164S11	SES158	0.124985	-40.212	-40.337
BLOCK16/SES164/SA164S11	SES206	-1.75655	-42.0936	-40.337
BLOCK16/SES164/SA164S13	SES099	-0.587711	-42.4255	-41.8378
BLOCK16/SES164/SA164S13	SES104	-1.44484	-43.2827	-41.8378
BLOCK16/SES164/SA164S13	SES125	-1.4198	-43.2576	-41.8378
BLOCK16/SES164/SA164S13	SES206	-1.64138	-43.4792	-41.8378
BLOCK16/SES164/SA164S24	SES002	-0.257908	-41.18	-40.9221
BLOCK16/SES164/SA164S24	SES099	-0.0226059	-40.9447	-40.9221
BLOCK16/SES164/SA164S24	SES125	-1.34269	-42.2648	-40.9221
BLOCK16/SES164/SA164S24	SES226	-0.481213	-41.4033	-40.9221
BLOCK16/SES164/SA164S27	SES087	-1.7359	-42.9396	-41.2037
BLOCK16/SES164/SA164S27	SES125	-1.19918	-42.4029	-41.2037
BLOCK16/SES164/SA164S27	SES206	-1.71135	-42.9151	-41.2037
BLOCK16/SES164/SA164S27	SES226	-1.05165	-42.2554	-41.2037
BLOCK16/SES164/SA164S29	SES002	0.571693	-40.6104	-41.1821
BLOCK16/SES164/SA164S29	SES019	-0.915962	-42.0981	-41.1821
BLOCK16/SES164/SA164S29	SES125	-0.612438	-41.7945	-41.1821
BLOCK16/SES164/SA164S29	SES226	-0.6161	-41.7982	-41.1821
BLOCK16/SES169/SA169S13	SES117	-1.34523	-42.0968	-40.7515
BLOCK16/SES169/SA169S13	SES144	-0.859894	-41.6114	-40.7515
BLOCK16/SES169/SA169S13	SES146	-0.918118	-41.6696	-40.7515
BLOCK16/SES169/SA169S13	SES162	-1.21413	-41.9657	-40.7515
BLOCK16/SES169/SA169S14	SES144	-0.406803	-40.1881	-39.7813
BLOCK16/SES169/SA169S14	SES148	-1.17083	-40.9521	-39.7813
BLOCK16/SES169/SA169S14	SES177	-1.40389	-41.1852	-39.7813
BLOCK16/SES169/SA169S14	SES180	-2.03317	-41.8145	-39.7813
BLOCK16/SES169/SA169S24	SES117	-0.878487	-42.19	-41.3115
BLOCK16/SES169/SA169S24	SES144	-0.577522	-41.8891	-41.3115
BLOCK16/SES169/SA169S24	SES146	-0.66597	-41.9775	-41.3115
BLOCK16/SES169/SA169S24	SES162	-1.32152	-42.6331	-41.3115
BLOCK16/SES169/SA169S27	SES127	-0.969631	-41.5814	-40.6118
BLOCK16/SES169/SA169S27	SES129	-1.09623	-41.708	-40.6118
BLOCK16/SES169/SA169S27	SES144	-0.796856	-41.4087	-40.6118
BLOCK16/SES169/SA169S27	SES146	-0.182568	-40.7944	-40.6118
BLOCK16/SES169/SA169S29	SES144	-0.557793	-40.458	-39.9002
BLOCK16/SES169/SA169S29	SES162	-0.729465	-40.6297	-39.9002
BLOCK16/SES169/SA169S29	SES177	-1.99162	-41.8919	-39.9002
BLOCK16/SES169/SA169S29	SES180	-1.24365	-41.1439	-39.9002
BLOCK17/SES171/SA171S12	SES083	-1.02802	-42.3723	-41.3443
BLOCK17/SES171/SA171S12	SES148	-1.30981	-42.6541	-41.3443
BLOCK17/SES171/SA171S12	SES172	-1.12575	-42.47	-41.3443
BLOCK17/SES171/SA171S12	SES292	-1.95201	-43.2963	-41.3443
BLOCK17/SES171/SA171S15	SES148	-1.48006	-43.2418	-41.7617
BLOCK17/SES171/SA171S15	SES177	-1.50386	-43.2656	-41.7617
BLOCK17/SES171/SA171S15	SES180	-3.44265	-45.2043	-41.7617
BLOCK17/SES171/SA171S15	SES292	-2.8247	-44.5864	-41.7617
BLOCK17/SES171/SA171S22	SES007	-1.54243	-41.8903	-40.3478
BLOCK17/SES171/SA171S22	SES148	-1.30127	-41.6491	-40.3478
BLOCK17/SES171/SA171S22	SES177	-0.632488	-40.9803	-40.3478
BLOCK17/SES171/SA171S22	SES180	-1.69118	-42.039	-40.3478
BLOCK17/SES171/SA171S25	SES101	-2.53061	-44.1164	-41.5858
BLOCK17/SES171/SA171S25	SES120	-2.37065	-43.9565	-41.5858
BLOCK17/SES171/SA171S25	SES177	-0.642525	-42.2283	-41.5858
BLOCK17/SES171/SA171S25	SES180	-2.23442	-43.8202	-41.5858
BLOCK17/SES171/SA171S27	SES177	-0.686966	-41.8443	-41.1573
BLOCK17/SES171/SA171S27	SES180	-2.16192	-43.3192	-41.1573
BLOCK17/SES171/SA171S27	SES189	-0.753334	-41.9107	-41.1573
BLOCK17/SES171/SA171S27	SES292	-2.1817	-43.339	-41.1573
BLOCK17/SES173/SA173S13	SES162	-2.36744	-44.4906	-42.1231
BLOCK17/SES173/SA173S13	SES177	-2.75681	-44.8799	-42.1231
BLOCK17/SES173/SA173S13	SES180	-2.39771	-44.5209	-42.1231
BLOCK17/SES173/SA173S13	SES292	-1.2571	-43.3802	-42.1231
BLOCK17/SES173/SA173S14	SES007	-1.8707	-43.8594	-41.9887
BLOCK17/SES173/SA173S14	SES162	-1.97416	-43.9628	-41.9887
BLOCK17/SES173/SA173S14	SES177	-1.94814	-43.9368	-41.9887
BLOCK17/SES173/SA173S14	SES180	-2.73095	-44.7196	-41.9887
BLOCK17/SES173/SA173S24	SES144	-1.4394	-43.9644	-42.525
BLOCK17/SES173/SA173S24	SES162	-2.36547	-44.8905	-42.525
BLOCK17/SES173/SA173S24	SES177	-2.54756	-45.0726	-42.525
BLOCK17/SES173/SA173S24	SES180	-2.75422	-45.2793	-42.525
BLOCK17/SES173/SA173S27	SES162	-2.49884	-44.323	-41.8241
BLOCK17/SES173/SA173S27	SES177	-1.89254	-43.7167	-41.8241
BLOCK17/SES173/SA173S27	SES180	-2.20805	-44.0322	-41.8241
BLOCK17/SES173/SA173S27	SES292	-1.67577	-43.4999	-41.8241
BLOCK17/SES173/SA173S29	SES162	-2.36554	-44.3052	-41.9397
BLOCK17/SES173/SA173S29	SES175	-1.16222	-43.1019	-41.9397
BLOCK17/SES173/SA173S29	SES177	-2.04751	-43.9872	-41.9397
BLOCK17/SES173/SA173S29	SES292	-2.2481	-44.1878	-41.9397
BLOCK18/SES182/SA182S10	SES144	-0.681858	-41.26	-40.5781
BLOCK18/SES182/SA182S10	SES177	-1.13156	-41.7097	-40.5781
BLOCK18/SES182/SA182S10	SES180	-2.05515	-42.6333	-40.5781
BLOCK18/SES182/SA182S10	SES275	-0.777264	-41.3554	-40.5781
BLOCK18/SES182/SA182S12	SES144	-0.440964	-40.7454	-40.3044
BLOCK18/SES182/SA182S12	SES177	-0.63924	-40.9437	-40.3044
BLOCK18/SES182/SA182S12	SES180	-1.35355	-41.658	-40.3044
BLOCK18/SES182/SA182S12	SES275	-1.03607	-41.3405	-40.3044
BLOCK18/SES182/SA182S21	SES117	-1.31054	-42.6607	-41.3501
BLOCK18/SES182/SA182S21	SES144	-1.11209	-42.4622	-41.3501
BLOCK18/SES182/SA182S21	SES162	-0.867722	-42.2179	-41.3501
BLOCK18/SES182/SA182S21	SES180	-1.51719	-42.8673	-41.3501
BLOCK18/SES182/SA182S23	SES117	-0.988533	-41.8903	-40.9017
BLOCK18/SES182/SA182S23	SES144	-1.23438	-42.1361	-40.9017
BLOCK18/SES182/SA182S23	SES180	-1.63298	-42.5347	-40.9017
BLOCK18/SES182/SA182S23	SES275	-1.17018	-42.0719	-40.9017
BLOCK18/SES182/SA182S25	SES007	-0.668457	-41.5147	-40.8463
BLOCK18/SES182/SA182S25	SES162	-0.544968	-41.3912	-40.8463
BLOCK18/SES182/SA182S25	SES177	-0.809422	-41.6557	-40.8463
BLOCK18/SES182/SA182S25	SES180	-1.30132	-42.1476	-40.8463
BLOCK18/SES184/SA184S12	SES177	-1.61067	-42.5562	-40.9455
BLOCK18/SES184/SA184S12	SES180	-1.24129	-42.1868	-40.9455
BLOCK18/SES184/SA184S12	SES189	-1.61143	-42.557	-40.9455
BLOCK18/SES184/SA184S12	SES292	-1.90166	-42.8472	-40.9455
BLOCK18/SES184/SA184S13	SES101	-1.54823	-42.1628	-40.6146
BLOCK18/SES184/SA184S13	SES177	-1.00995	-41.6245	-40.6146
BLOCK18/SES184/SA184S13	SES180	-0.907024	-41.5216	-40.6146
BLOCK18/SES184/SA184S13	SES292	-1.45084	-42.0654	-40.6146
BLOCK18/SES184/SA184S22	SES177	-1.28833	-40.8951	-39.6067
BLOCK18/SES184/SA184S22	SES180	-1.14201	-40.7487	-39.6067
BLOCK18/SES184/SA184S22	SES189	-2.41954	-42.0263	-39.6067
BLOCK18/SES184/SA184S22	SES292	-1.43548	-41.0422	-39.6067
BLOCK18/SES184/SA184S25	SES101	-0.996666	-40.3652	-39.3686
BLOCK18/SES184/SA184S25	SES177	-1.2881	-40.6567	-39.3686
BLOCK18/SES184/SA184S25	SES180	-0.693237	-40.0618	-39.3686
BLOCK18/SES184/SA184S25	SES292	-0.997185	-40.3658	-39.3686
BLOCK18/SES184/SA184S27	SES083	-1.66248	-41.7416	-40.0792
BLOCK18/SES184/SA184S27	SES177	-1.06052	-41.1397	-40.0792
BLOCK18/SES184/SA184S27	SES202	-2.25592	-42.3351	-40.0792
BLOCK18/SES184/SA184S27	SES292	-1.2305	-41.3097	-40.0792
BLOCK20/SES204/SA204S12	SES062	-1.46027	-41.1374	-39.6772
BLOCK20/SES204/SA204S12	SES083	-1.83748	-41.5147	-39.6772
BLOCK20/SES204/SA204S12	SES206	-0.686699	-40.3639	-39.6772
BLOCK20/SES204/SA204S12	SES226	-1.70392	-41.3811	-39.6772
BLOCK20/SES204/SA204S14	SES068	-2.15136	-41.2355	-39.0842
BLOCK20/SES204/SA204S14	SES087	-0.209278	-39.2934	-39.0842
BLOCK20/SES204/SA204S14	SES206	-0.948952	-40.0331	-39.0842
BLOCK20/SES204/SA204S14	SES226	-1.29796	-40.3821	-39.0842
BLOCK20/SES204/SA204S22	SES068	-2.75349	-42.629	-39.8755
BLOCK20/SES204/SA204S22	SES082	-2.86241	-42.7379	-39.8755
BLOCK20/SES204/SA204S22	SES083	-2.26223	-42.1378	-39.8755
BLOCK20/SES204/SA204S22	SES206	-0.878696	-40.7542	-39.8755
BLOCK20/SES204/SA204S25	SES062	-1.90786	-42.1307	-40.2228
BLOCK20/SES204/SA204S25	SES083	-1.85572	-42.0786	-40.2228
BLOCK20/SES204/SA204S25	SES206	-0.584	-40.8068	-40.2228
BLOCK20/SES204/SA204S25	SES226	-1.5803	-41.8031	-40.2228
BLOCK20/SES204/SA204S27	SES068	-2.91309	-43.2119	-40.2988
BLOCK20/SES204/SA204S27	SES082	-1.9993	-42.2981	-40.2988
BLOCK20/SES204/SA204S27	SES087	-0.567368	-40.8662	-40.2988
BLOCK20/SES204/SA204S27	SES206	-0.842598	-41.1414	-40.2988
BLOCK20/SES207/SA207S10	SES127	-1.46009	-42.3944	-40.9343
BLOCK20/SES207/SA207S10	SES183	-1.83448	-42.7688	-40.9343
BLOCK20/SES207/SA207S10	SES189	-1.25774	-42.192	-40.9343
BLOCK20/SES207/SA207S10	SES292	-1.6036	-42.5379	-40.9343
BLOCK20/SES207/SA207S11	SES127	-1.89679	-42.5475	-40.6507
BLOCK20/SES207/SA207S11	SES183	-2.21984	-42.8706	-40.6507
BLOCK20/SES207/SA207S11	SES187	-1.23229	-41.883	-40.6507
BLOCK20/SES207/SA207S11	SES292	-1.58575	-42.2365	-40.6507
BLOCK20/SES207/SA207S25	SES068	-1.52369	-42.3084	-40.7847
BLOCK20/SES207/SA207S25	SES083	-2.5051	-43.2898	-40.7847
BLOCK20/SES207/SA207S25	SES127	-1.00864	-41.7933	-40.7847
BLOCK20/SES207/SA207S25	SES187	-0.473778	-41.2585	-40.7847
BLOCK20/SES207/SA207S27	SES127	-1.33884	-42.6179	-41.279
BLOCK20/SES207/SA207S27	SES183	-1.26447	-42.5435	-41.279
BLOCK20/SES207/SA207S27	SES187	-1.09228	-42.3713	-41.279
BLOCK20/SES207/SA207S27	SES292	-1.35081	-42.6298	-41.279
BLOCK20/SES207/SA207S29	SES083	-2.16462	-42.9001	-40.7355
BLOCK20/SES207/SA207S29	SES085	-1.27563	-42.0111	-40.7355
BLOCK20/SES207/SA207S29	SES172	-1.6132	-42.3487	-40.7355
BLOCK20/SES207/SA207S29	SES189	-1.75762	-42.4931	-40.7355
BLOCK22/SES221/SA221S12	SES068	-1.86941	-42.6094	-40.74
BLOCK22/SES221/SA221S12	SES143	-1.70068	-42.4407	-40.74
BLOCK22/SES221/SA221S12	SES175	-0.472511	-41.2125	-40.74
BLOCK22/SES221/SA221S12	SES202	-0.4389	-41.1789	-40.74
BLOCK22/SES221/SA221S15	SES085	-2.219	-43.9623	-41.7433
BLOCK22/SES221/SA221S15	SES143	-2.36542	-44.1087	-41.7433
BLOCK22/SES221/SA221S15	SES175	-0.873192	-42.6165	-41.7433
BLOCK22/SES221/SA221S15	SES187	-0.831207	-42.5745	-41.7433
BLOCK22/SES221/SA221S23	SES068	-2.00976	-42.8526	-40.8428
BLOCK22/SES221/SA221S23	SES143	-2.35534	-43.1981	-40.8428
BLOCK22/SES221/SA221S23	SES175	-0.609722	-41.4525	-40.8428
BLOCK22/SES221/SA221S23	SES189	-0.203587	-41.0464	-40.8428
BLOCK22/SES221/SA221S27	SES085	-2.55539	-43.5204	-40.965
BLOCK22/SES221/SA221S27	SES143	-1.53142	-42.4964	-40.965
BLOCK22/SES221/SA221S27	SES175	-0.732128	-41.6971	-40.965
BLOCK22/SES221/SA221S27	SES189	0.472721	-40.4923	-40.965
BLOCK22/SES221/SA221S29	SES085	-3.24929	-45.126	-41.8768
BLOCK22/SES221/SA221S29	SES143	-2.07825	-43.955	-41.8768
BLOCK22/SES221/SA221S29	SES175	-0.00244141	-41.8792	-41.8768
BLOCK22/SES221/SA221S29	SES187	-0.21862	-42.0954	-41.8768
BLOCK22/SES223/SA223S11	SES143	-1.01926	-42.6131	-41.5938
BLOCK22/SES223/SA223S11	SES144	-1.69545	-43.2892	-41.5938
BLOCK22/SES223/SA223S11	SES175	-0.767719	-42.3615	-41.5938
BLOCK22/SES223/SA223S11	SES187	-1.22049	-42.8143	-41.5938
BLOCK22/SES223/SA223S13	SES068	-2.13996	-44.5769	-42.4369
BLOCK22/SES223/SA223S13	SES143	-2.35659	-44.7935	-42.4369
BLOCK22/SES223/SA223S13	SES146	-2.75631	-45.1933	-42.4369
BLOCK22/SES223/SA223S13	SES202	-1.85372	-44.2907	-42.4369
BLOCK22/SES223/SA223S22	SES143	-1.1129	-42.7909	-41.678
BLOCK22/SES223/SA223S22	SES144	-1.55386	-43.2319	-41.678
BLOCK22/SES223/SA223S22	SES175	-0.593521	-42.2715	-41.678
BLOCK22/SES223/SA223S22	SES187	-1.0095	-42.6875	-41.678
BLOCK22/SES223/SA223S25	SES068	-1.17045	-42.7497	-41.5793
BLOCK22/SES223/SA223S25	SES143	-1.49678	-43.076	-41.5793
BLOCK22/SES223/SA223S25	SES175	-0.4272	-42.0065	-41.5793
BLOCK22/SES223/SA223S25	SES187	-0.879066	-42.4583	-41.5793
BLOCK22/SES223/SA223S27	SES143	-1.17287	-42.7424	-41.5695
BLOCK22/SES223/SA223S27	SES146	-1.56008	-43.1296	-41.5695
BLOCK22/SES223/SA223S27	SES187	-0.951664	-42.5212	-41.5695
BLOCK22/SES223/SA223S27	SES292	-1.81328	-43.3828	-41.5695
BLOCK27/SES273/SA273S12	SES099	0.188438	-39.1073	-39.2958
BLOCK27/SES273/SA273S12	SES104	-0.280144	-39.5759	-39.2958
BLOCK27/SES273/SA273S12	SES125	-0.688046	-39.9838	-39.2958
BLOCK27/SES273/SA273S12	SES206	-0.335201	-39.631	-39.2958
BLOCK27/SES273/SA273S13	SES099	-0.275215	-39.3451	-39.0699
BLOCK27/SES273/SA273S13	SES104	-0.515522	-39.5854	-39.0699
BLOCK27/SES273/SA273S13	SES206	-0.570927	-39.6408	-39.0699
BLOCK27/SES273/SA273S13	SES292	-1.90115	-40.971	-39.0699
BLOCK27/SES273/SA273S21	SES099	0.0260468	-39.4436	-39.4696
BLOCK27/SES273/SA273S21	SES148	-2.45115	-41.9208	-39.4696
BLOCK27/SES273/SA273S21	SES149	-0.883171	-40.3528	-39.4696
BLOCK27/SES273/SA273S21	SES177	-3.68262	-43.1522	-39.4696
BLOCK27/SES273/SA273S25	SES104	-0.721458	-40.3169	-39.5954
BLOCK27/SES273/SA273S25	SES125	-1.00162	-40.597	-39.5954
BLOCK27/SES273/SA273S25	SES158	-0.131287	-39.7267	-39.5954
BLOCK27/SES273/SA273S25	SES206	-0.0823097	-39.6777	-39.5954
BLOCK27/SES273/SA273S27	SES099	-0.176964	-39.3546	-39.1776
BLOCK27/SES273/SA273S27	SES104	-0.669441	-39.8471	-39.1776
BLOCK27/SES273/SA273S27	SES149	-0.568924	-39.7465	-39.1776
BLOCK27/SES273/SA273S27	SES275	-1.16553	-40.3432	-39.1776
BLOCK27/SES274/SA274S10	SES105	-0.766598	-40.1097	-39.3431
BLOCK27/SES274/SA274S10	SES125	-0.946022	-40.2892	-39.3431
BLOCK27/SES274/SA274S10	SES129	-0.23238	-39.5755	-39.3431
BLOCK27/SES274/SA274S10	SES158	-1.2896	-40.6327	-39.3431
BLOCK27/SES274/SA274S11	SES105	-0.915138	-40.2569	-39.3417
BLOCK27/SES274/SA274S11	SES149	-0.941219	-40.283	-39.3417
BLOCK27/SES274/SA274S11	SES158	-0.679806	-40.0215	-39.3417
BLOCK27/SES274/SA274S11	SES275	-0.358841	-39.7006	-39.3417
BLOCK27/SES274/SA274S21	SES105	-0.644409	-40.4324	-39.788
BLOCK27/SES274/SA274S21	SES129	-0.618748	-40.4067	-39.788
BLOCK27/SES274/SA274S21	SES149	-0.710804	-40.4988	-39.788
BLOCK27/SES274/SA274S21	SES158	-1.81288	-41.6008	-39.788
BLOCK27/SES274/SA274S24	SES105	-0.504223	-40.3347	-39.8305
BLOCK27/SES274/SA274S24	SES129	-1.27535	-41.1059	-39.8305
BLOCK27/SES274/SA274S24	SES149	-0.84359	-40.6741	-39.8305
BLOCK27/SES274/SA274S24	SES158	-1.96768	-41.7982	-39.8305
BLOCK27/SES274/SA274S29	SES105	-1.01116	-40.551	-39.5398
BLOCK27/SES274/SA274S29	SES106	-1.76508	-41.3049	-39.5398
BLOCK27/SES274/SA274S29	SES120	-1.63124	-41.171	-39.5398
BLOCK27/SES274/SA274S29	SES275	-0.60223	-40.142	-39.5398
BLOCK27/SES276/SA276S16	SES148	-1.5697	-42.1652	-40.5955
BLOCK27/SES276/SA276S16	SES172	-1.68245	-42.278	-40.5955
BLOCK27/SES276/SA276S16	SES180	-2.45675	-43.0523	-40.5955
BLOCK27/SES276/SA276S16	SES292	-0.952053	-41.5476	-40.5955
BLOCK27/SES276/SA276S17	SES101	-1.54258	-42.1422	-40.5996
BLOCK27/SES276/SA276S17	SES177	-1.6158	-42.2154	-40.5996
BLOCK27/SES276/SA276S17	SES180	-1.48941	-42.0891	-40.5996
BLOCK27/SES276/SA276S17	SES292	-1.46023	-42.0599	-40.5996
BLOCK27/SES276/SA276S24	SES101	-0.657864	-40.4378	-39.7799
BLOCK27/SES276/SA276S24	SES177	-1.34469	-41.1246	-39.7799
BLOCK27/SES276/SA276S24	SES180	-1.214	-40.9939	-39.7799
BLOCK27/SES276/SA276S24	SES292	-1.3751	-41.1551	-39.7799
BLOCK27/SES276/SA276S26	SES101	-1.65974	-41.658	-39.9982
BLOCK27/SES276/SA276S26	SES177	-1.43753	-41.4358	-39.9982
BLOCK27/SES276/SA276S26	SES180	-1.02575	-41.024	-39.9982
BLOCK27/SES276/SA276S26	SES292	-0.762512	-40.7608	-39.9982
BLOCK27/SES276/SA276S28	SES101	-1.80319	-41.8628	-40.0596
BLOCK27/SES276/SA276S28	SES177	-2.01319	-42.0728	-40.0596
BLOCK27/SES276/SA276S28	SES180	-1.42364	-41.4832	-40.0596
BLOCK27/SES276/SA276S28	SES292	-1.80233	-41.8619	-40.0596
BLOCK27/SES277/SA277S12	SES101	-0.940582	-41.9091	-40.9685
BLOCK27/SES277/SA277S12	SES177	-1.2323	-42.2008	-40.9685
BLOCK27/SES277/SA277S12	SES180	-1.86967	-42.8381	-40.9685
BLOCK27/SES277/SA277S12	SES292	-2.21965	-43.1881	-40.9685
BLOCK27/SES277/SA277S14	SES177	-0.993267	-42.5675	-41.5743
BLOCK27/SES277/SA277S14	SES180	-1.81589	-43.3902	-41.5743
BLOCK27/SES277/SA277S14	SES189	-0.557934	-42.1322	-41.5743
BLOCK27/SES277/SA277S14	SES292	-2.69937	-44.2737	-41.5743
BLOCK27/SES277/SA277S21	SES177	-0.622967	-40.9926	-40.3696
BLOCK27/SES277/SA277S21	SES180	-2.32218	-42.6918	-40.3696
BLOCK27/SES277/SA277S21	SES189	-0.816837	-41.1864	-40.3696
BLOCK27/SES277/SA277S21	SES292	-2.29562	-42.6652	-40.3696
BLOCK27/SES277/SA277S24	SES144	-1.15074	-42.5686	-41.4179
BLOCK27/SES277/SA277S24	SES177	-0.743793	-42.1617	-41.4179
BLOCK27/SES277/SA277S24	SES180	-2.25749	-43.6754	-41.4179
BLOCK27/SES277/SA277S24	SES189	-1.10637	-42.5243	-41.4179
BLOCK27/SES277/SA277S29	SES177	-0.697662	-40.2634	-39.5658
BLOCK27/SES277/SA277S29	SES180	-1.03291	-40.5987	-39.5658
BLOCK27/SES277/SA277S29	SES202	-0.991119	-40.5569	-39.5658
BLOCK27/SES277/SA277S29	SES292	-1.6439	-41.2097	-39.5658
BLOCK27/SES279/SA279S09	SES120	-1.03092	-40.9396	-39.9087
BLOCK27/SES279/SA279S09	SES146	-1.12601	-41.0347	-39.9087
BLOCK27/SES279/SA279S09	SES206	-1.21282	-41.1215	-39.9087
BLOCK27/SES279/SA279S09	SES226	-1.54822	-41.4569	-39.9087
BLOCK27/SES279/SA279S10	SES099	-0.407131	-40.2508	-39.8437
BLOCK27/SES279/SA279S10	SES206	-0.555637	-40.3993	-39.8437
BLOCK27/SES279/SA279S10	SES226	-1.2009	-41.0446	-39.8437
BLOCK27/SES279/SA279S10	SES292	-0.958645	-40.8023	-39.8437
BLOCK27/SES279/SA279S20	SES099	-0.889824	-41.2055	-40.3157
BLOCK27/SES279/SA279S20	SES206	-0.318783	-40.6345	-40.3157
BLOCK27/SES279/SA279S20	SES226	-1.39679	-41.7125	-40.3157
BLOCK27/SES279/SA279S20	SES292	-0.546303	-40.862	-40.3157
BLOCK27/SES279/SA279S26	SES099	-0.89473	-40.9466	-40.0519
BLOCK27/SES279/SA279S26	SES206	0.0174713	-40.0344	-40.0519
BLOCK27/SES279/SA279S26	SES226	-0.842293	-40.8942	-40.0519
BLOCK27/SES279/SA279S26	SES292	-1.03001	-41.0819	-40.0519
BLOCK27/SES279/SA279S28	SES099	-0.676792	-39.5248	-38.848
BLOCK27/SES279/SA279S28	SES120	-1.04455	-39.8926	-38.848
BLOCK27/SES279/SA279S28	SES177	-2.09192	-40.94	-38.848
BLOCK27/SES279/SA279S28	SES206	-0.742493	-39.5905	-38.848
BLOCK29/SES290/SA290S12	SES162	-0.970512	-41.1566	-40.1861
BLOCK29/SES290/SA290S12	SES177	-1.62098	-41.8071	-40.1861
BLOCK29/SES290/SA290S12	SES180	-1.94933	-42.1354	-40.1861
BLOCK29/SES290/SA290S12	SES292	-1.88402	-42.0701	-40.1861
BLOCK29/SES290/SA290S13	SES007	-2.94293	-43.7008	-40.7579
BLOCK29/SES290/SA290S13	SES162	-2.31099	-43.0688	-40.7579
BLOCK29/SES290/SA290S13	SES177	-0.89193	-41.6498	-40.7579
BLOCK29/SES290/SA290S13	SES180	-1.58768	-42.3455	-40.7579
BLOCK29/SES290/SA290S22	SES177	-1.00079	-41.1274	-40.1266
BLOCK29/SES290/SA290S22	SES180	-1.1382	-41.2648	-40.1266
BLOCK29/SES290/SA290S22	SES202	-1.15785	-41.2845	-40.1266
BLOCK29/SES290/SA290S22	SES292	-1.95091	-42.0775	-40.1266
BLOCK29/SES290/SA290S25	SES162	-1.00758	-40.9328	-39.9253
BLOCK29/SES290/SA290S25	SES177	-0.562439	-40.4877	-39.9253
BLOCK29/SES290/SA290S25	SES180	-1.03469	-40.9599	-39.9253
BLOCK29/SES290/SA290S25	SES292	-1.40095	-41.3262	-39.9253
BLOCK29/SES290/SA290S29	SES177	-0.122952	-39.8403	-39.7174
BLOCK29/SES290/SA290S29	SES180	-0.582031	-40.2994	-39.7174
BLOCK29/SES290/SA290S29	SES275	-1.89021	-41.6076	-39.7174
BLOCK29/SES290/SA290S29	SES292	-1.07135	-40.7887	-39.7174
BLOCK29/SES291/SA291S11	SES105	-2.07364	-42.8057	-40.732
BLOCK29/SES291/SA291S11	SES125	-0.791271	-41.5233	-40.732
BLOCK29/SES291/SA291S11	SES158	-0.893944	-41.626	-40.732
BLOCK29/SES291/SA291S11	SES275	-2.64122	-43.3733	-40.732
BLOCK29/SES291/SA291S12	SES158	0.297218	-39.9665	-40.2637
BLOCK29/SES291/SA291S12	SES226	-0.746899	-41.0106	-40.2637
BLOCK29/SES291/SA291S12	SES270	0.44722	-39.8165	-40.2637
BLOCK29/SES291/SA291S12	SES275	-3.4189	-43.6826	-40.2637
BLOCK29/SES291/SA291S22	SES082	-0.649204	-40.8351	-40.1859
BLOCK29/SES291/SA291S22	SES158	-0.607525	-40.7934	-40.1859
BLOCK29/SES291/SA291S22	SES259	-1.10555	-41.2915	-40.1859
BLOCK29/SES291/SA291S22	SES275	-2.60404	-42.7899	-40.1859
BLOCK29/SES291/SA291S24	SES104	-0.0800934	-39.2355	-39.1554
BLOCK29/SES291/SA291S24	SES125	-0.0996742	-39.2551	-39.1554
BLOCK29/SES291/SA291S24	SES158	-0.411877	-39.5673	-39.1554
BLOCK29/SES291/SA291S24	SES275	-2.46276	-41.6182	-39.1554
BLOCK29/SES291/SA291S27	SES158	0.0845604	-39.4025	-39.487
BLOCK29/SES291/SA291S27	SES172	-3.53987	-43.0269	-39.487
BLOCK29/SES291/SA291S27	SES275	-2.40752	-41.8945	-39.487
BLOCK29/SES291/SA291S27	SES292	-1.81497	-41.302	-39.487
