BLOCK00/SES002/SA002S12	SES002	0.563623	-7.63323	-8.19685
BLOCK00/SES002/SA002S13	SES002	1.19013	-7.74459	-8.93472
BLOCK00/SES002/SA002S23	SES002	0.764546	-7.43712	-8.20167
BLOCK00/SES002/SA002S26	SES002	0.280994	-8.78505	-9.06604
BLOCK00/SES002/SA002S28	SES002	0.211602	-7.87712	-8.08872
BLOCK00/SES007/SA007S14	SES007	0.710337	-6.01478	-6.72512
BLOCK00/SES007/SA007S15	SES007	0.336898	-7.05268	-7.38958
BLOCK00/SES007/SA007S24	SES007	0.523675	-6.52653	-7.05021
BLOCK00/SES007/SA007S27	SES007	-0.0563173	-8.16736	-8.11104
BLOCK00/SES007/SA007S29	SES007	0.160937	-6.90847	-7.06941
BLOCK00/SES008/SA008S11	SES008	1.50388	-6.40166	-7.90554
BLOCK00/SES008/SA008S12	SES008	0.152324	-7.3761	-7.52842
BLOCK00/SES008/SA008S19	SES008	1.39471	-6.5724	-7.96711
BLOCK00/SES008/SA008S22	SES008	0.582025	-7.44847	-8.03049
BLOCK00/SES008/SA008S29	SES008	1.17459	-6.41404	-7.58863
BLOCK01/SES014/SA014S10	SES014	1.04319	-6.89303	-7.93622
BLOCK01/SES014/SA014S12	SES014	1.53731	-6.34192	-7.87923
BLOCK01/SES014/SA014S24	SES014	1.70024	-6.92791	-8.62815
BLOCK01/SES014/SA014S26	SES014	1.58407	-5.96729	-7.55136
BLOCK01/SES014/SA014S28	SES014	1.95842	-5.64562	-7.60404
BLOCK01/SES016/SA016S12	SES016	0.891838	-8.63669	-9.52853
BLOCK01/SES016/SA016S13	SES016	0.666451	-6.86522	-7.53167
BLOCK01/SES016/SA016S22	SES016	1.16826	-6.45636	-7.62461
BLOCK01/SES016/SA016S25	SES016	1.29108	-5.13199	-6.42307
BLOCK01/SES016/SA016S27	SES016	0.885244	-6.26639	-7.15164
BLOCK01/SES019/SA019S13	SES019	3.25028	-6.13639	-9.38667
BLOCK01/SES019/SA019S14	SES019	1.49264	-7.88102	-9.37366
BLOCK01/SES019/SA019S22	SES019	2.29556	-6.41258	-8.70814
BLOCK01/SES019/SA019S25	SES019	2.19003	-6.68908	-8.87911
BLOCK01/SES019/SA019S29	SES019	3.89397	-6.57065	-10.4646
BLOCK02/SES029/SA029S11	SES029	0.498695	-6.1055	-6.60419
BLOCK02/SES029/SA029S12	SES029	0.0236878	-6.82631	-6.85
BLOCK02/SES029/SA029S20	SES029	0.366239	-6.29122	-6.65746
BLOCK02/SES029/SA029S25	SES029	0.419877	-6.85753	-7.27741
BLOCK02/SES029/SA029S28	SES029	0.335424	-6.60944	-6.94486
BLOCK04/SES042/SA042S12	SES042	1.08993	-6.48951	-7.57944
BLOCK04/SES042/SA042S15	SES042	1.29602	-5.87555	-7.17157
BLOCK04/SES042/SA042S22	SES042	1.56396	-7.06638	-8.63034
BLOCK04/SES042/SA042S25	SES042	0.639668	-8.41884	-9.05851
BLOCK04/SES042/SA042S27	SES042	1.4224	-7.25068	-8.67308
BLOCK04/SES048/SA048S11	SES048	0.507574	-6.17618	-6.68376
BLOCK04/SES048/SA048S12	SES048	0.0905051	-7.6589	-7.74941
BLOCK04/SES048/SA048S20	SES048	0.11163	-6.36913	-6.48076
BLOCK04/SES048/SA048S23	SES048	0.879985	-6.64849	-7.52847
BLOCK04/SES048/SA048S27	SES048	0.0056653	-7.46561	-7.47128
BLOCK06/SES060/SA060S11	SES060	0.880352	-6.65619	-7.53655
BLOCK06/SES060/SA060S12	SES060	0.230451	-7.96378	-8.19423
BLOCK06/SES060/SA060S22	SES060	-0.947598	-9.09725	-8.14965
BLOCK06/SES060/SA060S24	SES060	1.06833	-5.5579	-6.62623
BLOCK06/SES060/SA060S28	SES060	0.487918	-5.83177	-6.31969
BLOCK06/SES062/SA062S10	SES062	-0.0640507	-7.0905	-7.02645
BLOCK06/SES062/SA062S11	SES062	-0.101776	-8.2882	-8.18642
BLOCK06/SES062/SA062S21	SES062	0.560506	-5.3918	-5.9523
BLOCK06/SES062/SA062S26	SES062	0.500053	-6.98128	-7.48133
BLOCK06/SES062/SA062S29	SES062	0.586779	-6.2262	-6.81298
BLOCK06/SES068/SA068S14	SES068	0.159633	-7.33249	-7.49212
BLOCK06/SES068/SA068S15	SES068	0.690605	-6.97535	-7.66596
BLOCK06/SES068/SA068S23	SES068	0.0709333	-7.3521	-7.42303
BLOCK06/SES068/SA068S27	SES068	1.29571	-6.1639	-7.45961
BLOCK06/SES068/SA068S29	SES068	0.561415	-7.01103	-7.57244
BLOCK08/SES082/SA082S12	SES082	-0.252798	-8.42803	-8.17523
BLOCK08/SES082/SA082S14	SES082	0.218631	-8.10933	-8.32796
BLOCK08/SES082/SA082S21	SES082	0.359023	-7.23858	-7.5976
BLOCK08/SES082/SA082S24	SES082	-0.0961046	-7.91401	-7.8179
BLOCK08/SES082/SA082S28	SES082	0.535196	-7.48034	-8.01554
BLOCK08/SES083/SA083S14	SES083	0.201874	-6.96233	-7.1642
BLOCK08/SES083/SA083S15	SES083	0.420199	-6.77086	-7.19105
BLOCK08/SES083/SA083S24	SES083	0.203184	-7.31339	-7.51657
BLOCK08/SES083/SA083S26	SES083	0.369717	-8.04386	-8.41357
BLOCK08/SES083/SA083S29	SES083	0.125638	-7.52333	-7.64897
BLOCK08/SES085/SA085S10	SES085	1.13896	-5.88863	-7.02759
BLOCK08/SES085/SA085S13	SES085	-0.106527	-7.94384	-7.83731
BLOCK08/SES085/SA085S22	SES085	0.672326	-6.67714	-7.34947
BLOCK08/SES085/SA085S26	SES085	-0.215636	-7.65262	-7.43698
BLOCK08/SES085/SA085S28	SES085	0.439296	-7.175	-7.6143
BLOCK08/SES087/SA087S15	SES087	0.87366	-7.64843	-8.52209
BLOCK08/SES087/SA087S16	SES087	1.44653	-7.2505	-8.69703
BLOCK08/SES087/SA087S24	SES087	1.4753	-7.21091	-8.6862
BLOCK08/SES087/SA087S26	SES087	0.90027	-6.64593	-7.5462
BLOCK08/SES087/SA087S29	SES087	1.34163	-6.3626	-7.70423
BLOCK09/SES099/SA099S15	SES099	0.800664	-7.7619	-8.56256
BLOCK09/SES099/SA099S16	SES099	0.972507	-7.16585	-8.13836
BLOCK09/SES099/SA099S24	SES099	1.10328	-7.36429	-8.46756
BLOCK09/SES099/SA099S26	SES099	0.997858	-6.8289	-7.82676
BLOCK09/SES099/SA099S29	SES099	0.362562	-8.0094	-8.37196
BLOCK10/SES101/SA101S11	SES101	0.457584	-6.18655	-6.64413
BLOCK10/SES101/SA101S13	SES101	0.648884	-5.41257	-6.06146
BLOCK10/SES101/SA101S22	SES101	0.660379	-7.50553	-8.16591
BLOCK10/SES101/SA101S24	SES101	1.10433	-6.32297	-7.4273
BLOCK10/SES101/SA101S28	SES101	0.692771	-6.89342	-7.58619
BLOCK10/SES104/SA104S11	SES104	0.431149	-6.70504	-7.13619
BLOCK10/SES104/SA104S12	SES104	0.566899	-7.34897	-7.91587
BLOCK10/SES104/SA104S21	SES104	0.594625	-7.45326	-8.04789
BLOCK10/SES104/SA104S24	SES104	0.0752096	-8.06697	-8.14218
BLOCK10/SES104/SA104S28	SES104	0.752696	-7.18199	-7.93468
BLOCK10/SES105/SA105S12	SES105	0.64617	-7.53989	-8.18606
BLOCK10/SES105/SA105S13	SES105	-0.069891	-7.3232	-7.25331
BLOCK10/SES105/SA105S22	SES105	0.489406	-8.00568	-8.49508
BLOCK10/SES105/SA105S26	SES105	0.697927	-7.73343	-8.43136
BLOCK10/SES105/SA105S29	SES105	0.904411	-6.11446	-7.01887
BLOCK10/SES106/SA106S09	SES106	1.15248	-7.41834	-8.57082
BLOCK10/SES106/SA106S11	SES106	0.879635	-6.7615	-7.64114
BLOCK10/SES106/SA106S22	SES106	1.58672	-7.25958	-8.8463
BLOCK10/SES106/SA106S27	SES106	0.43376	-7.07873	-7.51249
BLOCK10/SES106/SA106S29	SES106	0.698694	-6.32727	-7.02597
BLOCK11/SES117/SA117S12	SES117	0.516685	-7.49582	-8.0125
BLOCK11/SES117/SA117S13	SES117	0.107419	-7.88353	-7.99094
BLOCK11/SES117/SA117S23	SES117	0.950739	-8.2085	-9.15924
BLOCK11/SES117/SA117S25	SES117	0.632857	-7.58562	-8.21848
BLOCK11/SES117/SA117S28	SES117	0.737269	-7.56235	-8.29961
BLOCK12/SES120/SA120S08	SES120	0.332155	-7.65045	-7.9826
BLOCK12/SES120/SA120S11	SES120	0.253873	-10.0521	-10.306
BLOCK12/SES120/SA120S22	SES120	0.294571	-6.75985	-7.05442
BLOCK12/SES120/SA120S24	SES120	-0.0803804	-8.12452	-8.04414
BLOCK12/SES120/SA120S28	SES120	-0.196431	-8.28633	-8.0899
BLOCK12/SES125/SA125S13	SES125	0.778271	-7.04947	-7.82774
BLOCK12/SES125/SA125S14	SES125	0.745481	-7.46362	-8.2091
BLOCK12/SES125/SA125S25	SES125	0.965001	-7.65492	-8.61992
BLOCK12/SES125/SA125S27	SES125	1.19687	-6.54564	-7.74252
BLOCK12/SES125/SA125S29	SES125	0.450974	-7.15898	-7.60996
BLOCK12/SES127/SA127S11	SES127	0.56086	-7.23935	-7.80021
BLOCK12/SES127/SA127S12	SES127	0.251432	-5.99267	-6.24411
BLOCK12/SES127/SA127S23	SES127	0.362991	-6.4541	-6.81709
BLOCK12/SES127/SA127S25	SES127	0.367678	-6.41095	-6.77863
BLOCK12/SES127/SA127S27	SES127	0.827542	-6.59432	-7.42186
BLOCK12/SES129/SA129S11	SES129	0.916924	-5.91284	-6.82976
BLOCK12/SES129/SA129S12	SES129	0.681105	-5.85007	-6.53117
BLOCK12/SES129/SA129S22	SES129	1.02881	-6.5301	-7.55891
BLOCK12/SES129/SA129S27	SES129	1.21669	-6.57729	-7.79398
BLOCK12/SES129/SA129S29	SES129	0.185616	-8.00587	-8.19149
BLOCK14/SES142/SA142S11	SES142	0.958734	-6.22091	-7.17964
BLOCK14/SES142/SA142S12	SES142	0.221503	-7.44033	-7.66184
BLOCK14/SES142/SA142S24	SES142	0.896508	-6.3551	-7.25161
BLOCK14/SES142/SA142S27	SES142	0.831832	-6.27184	-7.10367
BLOCK14/SES142/SA142S29	SES142	0.972937	-6.11764	-7.09057
BLOCK14/SES143/SA143S12	SES143	0.78488	-6.92679	-7.71167
BLOCK14/SES143/SA143S13	SES143	0.608678	-7.17365	-7.78232
BLOCK14/SES143/SA143S23	SES143	0.0813794	-7.08879	-7.17017
BLOCK14/SES143/SA143S25	SES143	0.571065	-7.21361	-7.78467
BLOCK14/SES143/SA143S28	SES143	0.352139	-7.12463	-7.47677
BLOCK14/SES144/SA144S09	SES144	0.574907	-7.17208	-7.74698
BLOCK14/SES144/SA144S11	SES144	0.285891	-7.01395	-7.29984
BLOCK14/SES144/SA144S21	SES144	-0.201728	-7.80941	-7.60768
BLOCK14/SES144/SA144S25	SES144	0.862489	-7.31693	-8.17942
BLOCK14/SES144/SA144S29	SES144	-0.444255	-8.22569	-7.78144
BLOCK14/SES146/SA146S14	SES146	0.246434	-7.73836	-7.9848
BLOCK14/SES146/SA146S15	SES146	-0.242882	-7.79086	-7.54797
BLOCK14/SES146/SA146S24	SES146	0.178826	-7.39191	-7.57073
BLOCK14/SES146/SA146S26	SES146	0.227932	-7.51388	-7.74181
BLOCK14/SES146/SA146S29	SES146	0.350789	-7.84095	-8.19174
BLOCK14/SES147/SA147S11	SES147	0.238739	-7.3375	-7.57624
BLOCK14/SES147/SA147S13	SES147	0.609941	-6.38737	-6.99731
BLOCK14/SES147/SA147S23	SES147	0.23026	-7.30346	-7.53372
BLOCK14/SES147/SA147S26	SES147	0.943081	-6.91455	-7.85763
BLOCK14/SES147/SA147S28	SES147	1.23166	-6.20909	-7.44075
BLOCK14/SES148/SA148S10	SES148	0.330026	-6.55446	-6.88449
BLOCK14/SES148/SA148S12	SES148	-0.171571	-8.0942	-7.92263
BLOCK14/SES148/SA148S22	SES148	0.517639	-6.5373	-7.05494
BLOCK14/SES148/SA148S26	SES148	-0.102683	-6.34633	-6.24364
BLOCK14/SES148/SA148S29	SES148	0.387932	-7.1785	-7.56644
BLOCK14/SES149/SA149S13	SES149	-0.0854387	-6.94156	-6.85612
BLOCK14/SES149/SA149S14	SES149	0.0363612	-6.41044	-6.4468
BLOCK14/SES149/SA149S24	SES149	0.716337	-6.72148	-7.43782
BLOCK14/SES149/SA149S26	SES149	0.560731	-5.98489	-6.54562
BLOCK14/SES149/SA149S28	SES149	1.50962	-5.08713	-6.59675
BLOCK15/SES158/SA158S13	SES158	0.782462	-6.8417	-7.62416
BLOCK15/SES158/SA158S14	SES158	0.771048	-7.95297	-8.72402
BLOCK15/SES158/SA158S23	SES158	0.427217	-6.29923	-6.72645
BLOCK15/SES158/SA158S26	SES158	1.27048	-7.1343	-8.40478
BLOCK15/SES158/SA158S28	SES158	0.269973	-7.61894	-7.88891
BLOCK16/SES162/SA162S10	SES162	0.609279	-8.05939	-8.66866
BLOCK16/SES162/SA162S11	SES162	0.279593	-6.44132	-6.72092
BLOCK16/SES162/SA162S21	SES162	0.729814	-6.7799	-7.50972
BLOCK16/SES162/SA162S24	SES162	0.680126	-6.80072	-7.48084
BLOCK16/SES162/SA162S27	SES162	1.03326	-7.73323	-8.76649
BLOCK16/SES167/SA167S14	SES167	0.790859	-6.30145	-7.09231
BLOCK16/SES167/SA167S15	SES167	1.39238	-5.96205	-7.35443
BLOCK16/SES167/SA167S21	SES167	1.1714	-5.89736	-7.06876
BLOCK16/SES167/SA167S25	SES167	1.87908	-6.12615	-8.00523
BLOCK16/SES167/SA167S29	SES167	1.76252	-5.41144	-7.17396
BLOCK17/SES172/SA172S12	SES172	0.874081	-7.66697	-8.54105
BLOCK17/SES172/SA172S13	SES172	0.965627	-7.37385	-8.33948
BLOCK17/SES172/SA172S23	SES172	0.509953	-6.8901	-7.40005
BLOCK17/SES172/SA172S27	SES172	0.460607	-8.35394	-8.81454
BLOCK17/SES172/SA172S29	SES172	1.26149	-6.82571	-8.0872
BLOCK17/SES175/SA175S11	SES175	0.144237	-7.29181	-7.43605
BLOCK17/SES175/SA175S13	SES175	0.253844	-5.38817	-5.64201
BLOCK17/SES175/SA175S23	SES175	0.539352	-6.24695	-6.7863
BLOCK17/SES175/SA175S25	SES175	-0.140724	-8.12458	-7.98385
BLOCK17/SES175/SA175S28	SES175	0.0203424	-6.65201	-6.67236
BLOCK17/SES177/SA177S15	SES177	0.501211	-7.85319	-8.35441
BLOCK17/SES177/SA177S17	SES177	0.328404	-7.6072	-7.93561
BLOCK17/SES177/SA177S23	SES177	0.25384	-7.75558	-8.00942
BLOCK17/SES177/SA177S26	SES177	0.715124	-5.36906	-6.08418
BLOCK17/SES177/SA177S28	SES177	0.597193	-7.48492	-8.08211
BLOCK18/SES180/SA180S13	SES180	-0.0231562	-8.16783	-8.14468
BLOCK18/SES180/SA180S15	SES180	0.35508	-7.01337	-7.36845
BLOCK18/SES180/SA180S24	SES180	0.498466	-6.03701	-6.53547
BLOCK18/SES180/SA180S26	SES180	0.217335	-6.58588	-6.80321
BLOCK18/SES180/SA180S29	SES180	-0.0543609	-7.78028	-7.72592
BLOCK18/SES183/SA183S13	SES183	1.11481	-6.76134	-7.87615
BLOCK18/SES183/SA183S14	SES183	-0.114951	-7.37012	-7.25517
BLOCK18/SES183/SA183S24	SES183	0.983173	-7.35727	-8.34044
BLOCK18/SES183/SA183S27	SES183	1.03949	-7.81013	-8.84962
BLOCK18/SES183/SA183S29	SES183	1.02149	-6.77318	-7.79466
BLOCK18/SES187/SA187S13	SES187	0.297033	-8.28979	-8.58682
BLOCK18/SES187/SA187S14	SES187	0.219975	-7.89365	-8.11362
BLOCK18/SES187/SA187S24	SES187	0.780746	-7.988	-8.76875
BLOCK18/SES187/SA187S27	SES187	0.342549	-8.18027	-8.52282
BLOCK18/SES187/SA187S29	SES187	0.404593	-8.33766	-8.74225
BLOCK18/SES189/SA189S10	SES189	1.04235	-7.63327	-8.67562
BLOCK18/SES189/SA189S13	SES189	0.758611	-8.54222	-9.30083
BLOCK18/SES189/SA189S24	SES189	0.549104	-6.86113	-7.41023
BLOCK18/SES189/SA189S26	SES189	0.791294	-6.94358	-7.73488
BLOCK18/SES189/SA189S29	SES189	0.965343	-6.60207	-7.56741
BLOCK20/SES202/SA202S12	SES202	0.67043	-7.14192	-7.81235
BLOCK20/SES202/SA202S14	SES202	0.797996	-6.95137	-7.74937
BLOCK20/SES202/SA202S24	SES202	0.401568	-7.82386	-8.22543
BLOCK20/SES202/SA202S27	SES202	0.69581	-6.57745	-7.27326
BLOCK20/SES202/SA202S29	SES202	0.70614	-6.69228	-7.39842
BLOCK20/SES206/SA206S15	SES206	-0.473393	-7.26714	-6.79375
BLOCK20/SES206/SA206S17	SES206	0.665561	-7.25329	-7.91885
BLOCK20/SES206/SA206S24	SES206	1.16758	-5.84068	-7.00826
BLOCK20/SES206/SA206S27	SES206	1.00031	-7.40126	-8.40156
BLOCK20/SES206/SA206S29	SES206	0.834789	-5.99886	-6.83365
BLOCK22/SES226/SA226S12	SES226	0.780754	-7.45325	-8.234
BLOCK22/SES226/SA226S13	SES226	-0.479022	-8.67593	-8.19691
BLOCK22/SES226/SA226S20	SES226	0.687079	-7.33797	-8.02505
BLOCK22/SES226/SA226S23	SES226	1.05483	-6.60008	-7.65492
BLOCK22/SES226/SA226S28	SES226	1.38646	-6.37215	-7.75861
BLOCK25/SES259/SA259S13	SES259	1.68749	-6.43848	-8.12597
BLOCK25/SES259/SA259S14	SES259	1.33609	-6.20602	-7.54211
BLOCK25/SES259/SA259S22	SES259	1.26075	-6.25904	-7.51979
BLOCK25/SES259/SA259S24	SES259	0.976967	-6.71173	-7.6887
BLOCK25/SES259/SA259S28	SES259	0.834038	-6.78599	-7.62002
BLOCK27/SES270/SA270S14	SES270	1.85035	-7.01416	-8.86451
BLOCK27/SES270/SA270S16	SES270	0.183042	-7.14881	-7.33185
BLOCK27/SES270/SA270S22	SES270	1.95966	-6.33549	-8.29515
BLOCK27/SES270/SA270S26	SES270	0.851451	-7.31672	-8.16817
BLOCK27/SES270/SA270S28	SES270	1.0924	-6.90824	-8.00064
BLOCK27/SES275/SA275S17	SES275	0.582079	-6.71814	-7.30022
BLOCK27/SES275/SA275S18	SES275	0.202397	-7.06454	-7.26693
BLOCK27/SES275/SA275S24	SES275	0.527315	-7.39374	-7.92105
BLOCK27/SES275/SA275S26	SES275	0.489796	-6.95369	-7.44349
BLOCK27/SES275/SA275S28	SES275	0.425019	-6.99509	-7.42011
BLOCK29/SES292/SA292S10	SES292	-0.250394	-7.04805	-6.79765
BLOCK29/SES292/SA292S12	SES292	0.298313	-8.22071	-8.51903
BLOCK29/SES292/SA292S22	SES292	-0.0997033	-7.65718	-7.55748
BLOCK29/SES292/SA292S24	SES292	0.0179367	-7.40601	-7.42394
BLOCK29/SES292/SA292S27	SES292	-0.262197	-7.31871	-7.05652
BLOCK00/SES001/SA001S14	SES062	-1.74294	-9.9851	-8.24216
BLOCK00/SES001/SA001S14	SES082	-0.555245	-8.7974	-8.24216
BLOCK00/SES001/SA001S14	SES106	-1.11178	-9.35394	-8.24216
BLOCK00/SES001/SA001S14	SES206	-1.5717	-9.81386	-8.24216
BLOCK00/SES001/SA001S15	SES062	-0.766283	-8.24059	-7.47431
BLOCK00/SES001/SA001S15	SES104	-1.22685	-8.70116	-7.47431
BLOCK00/SES001/SA001S15	SES106	-1.4894	-8.96371	-7.47431
BLOCK00/SES001/SA001S15	SES206	-1.52812	-9.00244	-7.47431
BLOCK00/SES001/SA001S24	SES062	-0.518778	-8.45041	-7.93163
BLOCK00/SES001/SA001S24	SES082	-0.334049	-8.26568	-7.93163
BLOCK00/SES001/SA001S24	SES087	-0.262689	-8.19432	-7.93163
BLOCK00/SES001/SA001S24	SES206	0.160071	-7.77156	-7.93163
BLOCK00/SES001/SA001S27	SES062	-0.412101	-6.67642	-6.26432
BLOCK00/SES001/SA001S27	SES082	-0.503829	-6.76815	-6.26432
BLOCK00/SES001/SA001S27	SES087	-0.500848	-6.76517	-6.26432
BLOCK00/SES001/SA001S27	SES206	-1.12132	-7.38564	-6.26432
BLOCK00/SES001/SA001S29	SES062	-1.67752	-9.45646	-7.77895
BLOCK00/SES001/SA001S29	SES082	-0.526023	-8.30497	-7.77895
BLOCK00/SES001/SA001S29	SES158	-0.791353	-8.5703	-7.77895
BLOCK00/SES001/SA001S29	SES206	-1.05907	-8.83802	-7.77895
BLOCK00/SES003/SA003S11	SES002	0.110584	-8.27601	-8.38659
BLOCK00/SES003/SA003S11	SES019	-0.858521	-9.24512	-8.38659
BLOCK00/SES003/SA003S11	SES082	0.0281363	-8.35846	-8.38659
BLOCK00/SES003/SA003S11	SES125	-0.531964	-8.91856	-8.38659
BLOCK00/SES003/SA003S15	SES016	-1.41314	-8.37684	-6.9637
BLOCK00/SES003/SA003S15	SES019	-3.20778	-10.1715	-6.9637
BLOCK00/SES003/SA003S15	SES062	-0.196263	-7.15996	-6.9637
BLOCK00/SES003/SA003S15	SES206	-0.742257	-7.70596	-6.9637
BLOCK00/SES003/SA003S22	SES002	-0.639153	-8.13196	-7.49281
BLOCK00/SES003/SA003S22	SES062	-0.295589	-7.7884	-7.49281
BLOCK00/SES003/SA003S22	SES082	-0.37185	-7.86466	-7.49281
BLOCK00/SES003/SA003S22	SES087	-0.540365	-8.03317	-7.49281
BLOCK00/SES003/SA003S25	SES062	-1.15829	-10.3284	-9.17013
BLOCK00/SES003/SA003S25	SES082	-1.23843	-10.4086	-9.17013
BLOCK00/SES003/SA003S25	SES087	-0.910463	-10.0806	-9.17013
BLOCK00/SES003/SA003S25	SES206	-1.17349	-10.3436	-9.17013
BLOCK00/SES003/SA003S29	SES002	-0.930907	-9.18618	-8.25528
BLOCK00/SES003/SA003S29	SES062	-1.7532	-10.0085	-8.25528
BLOCK00/SES003/SA003S29	SES082	-0.977338	-9.23261	-8.25528
BLOCK00/SES003/SA003S29	SES087	-1.69936	-9.95463	-8.25528
BLOCK00/SES004/SA004S12	SES083	-1.12773	-8.00864	-6.88091
BLOCK00/SES004/SA004S12	SES148	-0.788836	-7.66975	-6.88091
BLOCK00/SES004/SA004S12	SES172	0.152949	-6.72796	-6.88091
BLOCK00/SES004/SA004S12	SES292	-1.25773	-8.13864	-6.88091
BLOCK00/SES004/SA004S17	SES083	-0.827448	-8.00253	-7.17508
BLOCK00/SES004/SA004S17	SES162	-0.911757	-8.08683	-7.17508
BLOCK00/SES004/SA004S17	SES172	-0.394651	-7.56973	-7.17508
BLOCK00/SES004/SA004S17	SES292	-1.03745	-8.21252	-7.17508
BLOCK00/SES004/SA004S24	SES083	-0.933298	-7.70004	-6.76674
BLOCK00/SES004/SA004S24	SES148	-1.46961	-8.23635	-6.76674
BLOCK00/SES004/SA004S24	SES172	-0.147248	-6.91399	-6.76674
BLOCK00/SES004/SA004S24	SES292	-0.801302	-7.56804	-6.76674
BLOCK00/SES004/SA004S26	SES083	-1.60221	-9.04898	-7.44677
BLOCK00/SES004/SA004S26	SES127	-0.652959	-8.09973	-7.44677
BLOCK00/SES004/SA004S26	SES148	-2.33488	-9.78166	-7.44677
BLOCK00/SES004/SA004S26	SES292	-1.92111	-9.36788	-7.44677
BLOCK00/SES004/SA004S28	SES083	-0.659501	-7.65417	-6.99467
BLOCK00/SES004/SA004S28	SES127	-0.134099	-7.12877	-6.99467
BLOCK00/SES004/SA004S28	SES187	-0.0428414	-7.03751	-6.99467
BLOCK00/SES004/SA004S28	SES292	-1.47558	-8.47025	-6.99467
BLOCK00/SES006/SA006S10	SES014	-0.762781	-10.1119	-9.34915
BLOCK00/SES006/SA006S10	SES158	-1.30795	-10.6571	-9.34915
BLOCK00/SES006/SA006S10	SES226	-2.14752	-11.4967	-9.34915
BLOCK00/SES006/SA006S10	SES270	0.0407639	-9.30838	-9.34915
BLOCK00/SES006/SA006S11	SES158	-1.87952	-10.701	-8.82149
BLOCK00/SES006/SA006S11	SES226	-1.38537	-10.2069	-8.82149
BLOCK00/SES006/SA006S11	SES270	-0.0303926	-8.85188	-8.82149
BLOCK00/SES006/SA006S11	SES275	-1.4827	-10.3042	-8.82149
BLOCK00/SES006/SA006S23	SES062	-3.35296	-12.3281	-8.97513
BLOCK00/SES006/SA006S23	SES105	-3.03956	-12.0147	-8.97513
BLOCK00/SES006/SA006S23	SES158	-1.45117	-10.4263	-8.97513
BLOCK00/SES006/SA006S23	SES275	-2.47929	-11.4544	-8.97513
BLOCK00/SES006/SA006S26	SES104	-2.10596	-11.2684	-9.16243
BLOCK00/SES006/SA006S26	SES158	-1.4322	-10.5946	-9.16243
BLOCK00/SES006/SA006S26	SES270	-0.0955763	-9.258	-9.16243
BLOCK00/SES006/SA006S26	SES275	-1.93951	-11.1019	-9.16243
BLOCK00/SES006/SA006S28	SES007	-1.9277	-11.3077	-9.37998
BLOCK00/SES006/SA006S28	SES105	-2.74245	-12.1224	-9.37998
BLOCK00/SES006/SA006S28	SES158	-0.805759	-10.1857	-9.37998
BLOCK00/SES006/SA006S28	SES275	-1.45337	-10.8334	-9.37998
BLOCK00/SES009/SA009S12	SES083	-2.27597	-9.74073	-7.46476
BLOCK00/SES009/SA009S12	SES148	-1.52708	-8.99184	-7.46476
BLOCK00/SES009/SA009S12	SES177	-0.494744	-7.9595	-7.46476
BLOCK00/SES009/SA009S12	SES292	-0.926454	-8.39121	-7.46476
BLOCK00/SES009/SA009S15	SES007	-0.13101	-7.05778	-6.92676
BLOCK00/SES009/SA009S15	SES099	-3.19719	-10.124	-6.92676
BLOCK00/SES009/SA009S15	SES148	-1.42208	-8.34884	-6.92676
BLOCK00/SES009/SA009S15	SES172	-0.759526	-7.68629	-6.92676
BLOCK00/SES009/SA009S24	SES146	-0.635343	-8.1989	-7.56355
BLOCK00/SES009/SA009S24	SES148	-2.11103	-9.67459	-7.56355
BLOCK00/SES009/SA009S24	SES177	-0.336142	-7.8997	-7.56355
BLOCK00/SES009/SA009S24	SES292	-1.00247	-8.56603	-7.56355
BLOCK00/SES009/SA009S26	SES083	-2.18185	-9.62838	-7.44653
BLOCK00/SES009/SA009S26	SES101	-1.94708	-9.39361	-7.44653
BLOCK00/SES009/SA009S26	SES120	-0.746486	-8.19302	-7.44653
BLOCK00/SES009/SA009S26	SES177	-1.01567	-8.4622	-7.44653
BLOCK00/SES009/SA009S29	SES083	-1.45545	-9.00161	-7.54617
BLOCK00/SES009/SA009S29	SES101	-1.26307	-8.80923	-7.54617
BLOCK00/SES009/SA009S29	SES177	-0.516483	-8.06265	-7.54617
BLOCK00/SES009/SA009S29	SES292	-0.832316	-8.37848	-7.54617
BLOCK01/SES011/SA011S10	SES019	-3.44158	-12.4725	-9.03093
BLOCK01/SES011/SA011S10	SES042	1.29077	-7.74016	-9.03093
BLOCK01/SES011/SA011S10	SES082	-0.397065	-9.428	-9.03093
BLOCK01/SES011/SA011S10	SES206	-0.137035	-9.16797	-9.03093
BLOCK01/SES011/SA011S11	SES019	-2.33578	-10.8558	-8.52
BLOCK01/SES011/SA011S11	SES042	0.44251	-8.07749	-8.52
BLOCK01/SES011/SA011S11	SES082	-0.0489769	-8.56898	-8.52
BLOCK01/SES011/SA011S11	SES206	-0.676772	-9.19678	-8.52
BLOCK01/SES011/SA011S22	SES019	-1.47857	-10.2124	-8.73384
BLOCK01/SES011/SA011S22	SES042	0.547606	-8.18624	-8.73384
BLOCK01/SES011/SA011S22	SES082	-0.653996	-9.38784	-8.73384
BLOCK01/SES011/SA011S22	SES206	-0.886489	-9.62033	-8.73384
BLOCK01/SES011/SA011S24	SES019	-2.43944	-10.5979	-8.15843
BLOCK01/SES011/SA011S24	SES042	1.37281	-6.78562	-8.15843
BLOCK01/SES011/SA011S24	SES104	0.205966	-7.95246	-8.15843
BLOCK01/SES011/SA011S24	SES206	-0.0238829	-8.18231	-8.15843
BLOCK01/SES011/SA011S27	SES082	-0.0468321	-8.09363	-8.04679
BLOCK01/SES011/SA011S27	SES087	-1.26108	-9.30787	-8.04679
BLOCK01/SES011/SA011S27	SES125	-0.0965834	-8.14338	-8.04679
BLOCK01/SES011/SA011S27	SES206	-0.242323	-8.28912	-8.04679
BLOCK01/SES012/SA012S11	SES007	0.0347304	-6.67911	-6.71384
BLOCK01/SES012/SA012S11	SES082	-0.219812	-6.93365	-6.71384
BLOCK01/SES012/SA012S11	SES083	-1.19201	-7.90584	-6.71384
BLOCK01/SES012/SA012S11	SES206	-0.697454	-7.41129	-6.71384
BLOCK01/SES012/SA012S14	SES082	-0.307933	-8.20383	-7.8959
BLOCK01/SES012/SA012S14	SES087	-1.6942	-9.59009	-7.8959
BLOCK01/SES012/SA012S14	SES206	-0.183525	-8.07942	-7.8959
BLOCK01/SES012/SA012S14	SES292	-0.844233	-8.74013	-7.8959
BLOCK01/SES012/SA012S24	SES082	-0.334466	-9.10141	-8.76694
BLOCK01/SES012/SA012S24	SES087	-1.27006	-10.037	-8.76694
BLOCK01/SES012/SA012S24	SES120	-1.81869	-10.5856	-8.76694
BLOCK01/SES012/SA012S24	SES206	-0.723275	-9.49022	-8.76694
BLOCK01/SES012/SA012S26	SES019	-6.10316	-14.5837	-8.48053
BLOCK01/SES012/SA012S26	SES082	-1.08058	-9.56111	-8.48053
BLOCK01/SES012/SA012S26	SES206	0.392598	-8.08793	-8.48053
BLOCK01/SES012/SA012S26	SES292	-1.05719	-9.53772	-8.48053
BLOCK01/SES012/SA012S29	SES062	-1.0937	-7.63639	-6.54269
BLOCK01/SES012/SA012S29	SES082	0.19731	-6.34538	-6.54269
BLOCK01/SES012/SA012S29	SES083	-1.67966	-8.22235	-6.54269
BLOCK01/SES012/SA012S29	SES206	-0.0890608	-6.63175	-6.54269
BLOCK01/SES013/SA013S16	SES062	-2.71015	-11.9232	-9.21308
BLOCK01/SES013/SA013S16	SES106	-0.855939	-10.069	-9.21308
BLOCK01/SES013/SA013S16	SES206	-0.782095	-9.99517	-9.21308
BLOCK01/SES013/SA013S16	SES226	-0.558832	-9.77191	-9.21308
BLOCK01/SES013/SA013S17	SES062	-0.906914	-9.18735	-8.28043
BLOCK01/SES013/SA013S17	SES106	-0.823594	-9.10403	-8.28043
BLOCK01/SES013/SA013S17	SES206	0.201342	-8.07909	-8.28043
BLOCK01/SES013/SA013S17	SES226	-0.0582743	-8.33871	-8.28043
BLOCK01/SES013/SA013S23	SES104	-0.453852	-9.75892	-9.30507
BLOCK01/SES013/SA013S23	SES106	0.370875	-8.9342	-9.30507
BLOCK01/SES013/SA013S23	SES206	-1.12859	-10.4337	-9.30507
BLOCK01/SES013/SA013S23	SES270	-0.0503588	-9.35543	-9.30507
BLOCK01/SES013/SA013S25	SES042	-2.06212	-10.865	-8.80291
BLOCK01/SES013/SA013S25	SES104	0.138166	-8.66475	-8.80291
BLOCK01/SES013/SA013S25	SES106	0.408872	-8.39404	-8.80291
BLOCK01/SES013/SA013S25	SES206	-0.975643	-9.77856	-8.80291
BLOCK01/SES013/SA013S29	SES062	-2.34535	-11.3861	-9.04076
BLOCK01/SES013/SA013S29	SES104	-0.600019	-9.64078	-9.04076
BLOCK01/SES013/SA013S29	SES106	0.100325	-8.94044	-9.04076
BLOCK01/SES013/SA013S29	SES206	-1.44597	-10.4867	-9.04076
BLOCK02/SES021/SA021S13	SES016	-2.11924	-9.88066	-7.76143
BLOCK02/SES021/SA021S13	SES029	-1.06939	-8.83082	-7.76143
BLOCK02/SES021/SA021S13	SES087	-2.17516	-9.93659	-7.76143
BLOCK02/SES021/SA021S13	SES206	-1.94673	-9.70815	-7.76143
BLOCK02/SES021/SA021S15	SES087	-0.533042	-8.04619	-7.51315
BLOCK02/SES021/SA021S15	SES125	-0.885135	-8.39828	-7.51315
BLOCK02/SES021/SA021S15	SES206	-1.09836	-8.6115	-7.51315
BLOCK02/SES021/SA021S15	SES226	-0.901469	-8.41462	-7.51315
BLOCK02/SES021/SA021S23	SES062	-2.03753	-10.8628	-8.82527
BLOCK02/SES021/SA021S23	SES087	-0.400042	-9.22531	-8.82527
BLOCK02/SES021/SA021S23	SES206	-0.836812	-9.66208	-8.82527
BLOCK02/SES021/SA021S23	SES226	-0.859515	-9.68479	-8.82527
BLOCK02/SES021/SA021S27	SES002	-0.412245	-7.69245	-7.28021
BLOCK02/SES021/SA021S27	SES016	-2.79371	-10.0739	-7.28021
BLOCK02/SES021/SA021S27	SES019	-1.41311	-8.69331	-7.28021
BLOCK02/SES021/SA021S27	SES062	-0.743376	-8.02358	-7.28021
BLOCK02/SES021/SA021S29	SES087	-0.915202	-9.12338	-8.20818
BLOCK02/SES021/SA021S29	SES125	-1.56446	-9.77263	-8.20818
BLOCK02/SES021/SA021S29	SES206	-0.278441	-8.48662	-8.20818
BLOCK02/SES021/SA021S29	SES226	-0.811044	-9.01922	-8.20818
BLOCK04/SES043/SA043S09	SES083	-0.193681	-8.55044	-8.35676
BLOCK04/SES043/SA043S09	SES101	-0.378779	-8.73554	-8.35676
BLOCK04/SES043/SA043S09	SES144	-0.111609	-8.46837	-8.35676
BLOCK04/SES043/SA043S09	SES172	-1.25803	-9.6148	-8.35676
BLOCK04/SES043/SA043S11	SES083	0.0360098	-7.11506	-7.15107
BLOCK04/SES043/SA043S11	SES101	-0.293791	-7.44486	-7.15107
BLOCK04/SES043/SA043S11	SES144	0.172647	-6.97842	-7.15107
BLOCK04/SES043/SA043S11	SES172	-0.505651	-7.65672	-7.15107
BLOCK04/SES043/SA043S23	SES083	-0.241155	-8.07255	-7.8314
BLOCK04/SES043/SA043S23	SES144	0.0986528	-7.73274	-7.8314
BLOCK04/SES043/SA043S23	SES177	-0.454908	-8.2863	-7.8314
BLOCK04/SES043/SA043S23	SES275	-0.742043	-8.57344	-7.8314
BLOCK04/SES043/SA043S26	SES083	-0.398666	-9.23547	-8.83681
BLOCK04/SES043/SA043S26	SES101	-0.457113	-9.29392	-8.83681
BLOCK04/SES043/SA043S26	SES144	-0.0556955	-8.8925	-8.83681
BLOCK04/SES043/SA043S26	SES177	-0.834021	-9.67083	-8.83681
BLOCK04/SES043/SA043S28	SES016	-1.75926	-9.45464	-7.69537
BLOCK04/SES043/SA043S28	SES083	-0.60056	-8.29593	-7.69537
BLOCK04/SES043/SA043S28	SES101	-0.628582	-8.32395	-7.69537
BLOCK04/SES043/SA043S28	SES144	-0.467109	-8.16248	-7.69537
BLOCK04/SES044/SA044S10	SES127	-2.0562	-10.9212	-8.86495
BLOCK04/SES044/SA044S10	SES144	0.318392	-8.54656	-8.86495
BLOCK04/SES044/SA044S10	SES147	-4.06914	-12.9341	-8.86495
BLOCK04/SES044/SA044S10	SES148	-2.61841	-11.4834	-8.86495
BLOCK04/SES044/SA044S11	SES101	-0.128777	-8.00145	-7.87267
BLOCK04/SES044/SA044S11	SES144	0.237167	-7.63551	-7.87267
BLOCK04/SES044/SA044S11	SES147	-1.46746	-9.34014	-7.87267
BLOCK04/SES044/SA044S11	SES177	-0.825839	-8.69851	-7.87267
BLOCK04/SES044/SA044S24	SES007	-1.89836	-9.71272	-7.81437
BLOCK04/SES044/SA044S24	SES101	0.0229516	-7.79141	-7.81437
BLOCK04/SES044/SA044S24	SES147	-2.0785	-9.89287	-7.81437
BLOCK04/SES044/SA044S24	SES177	-0.381272	-8.19564	-7.81437
BLOCK04/SES044/SA044S26	SES007	-1.49463	-8.80912	-7.3145
BLOCK04/SES044/SA044S26	SES016	-0.854357	-8.16885	-7.3145
BLOCK04/SES044/SA044S26	SES101	-0.424646	-7.73914	-7.3145
BLOCK04/SES044/SA044S26	SES147	-0.695967	-8.01046	-7.3145
BLOCK04/SES044/SA044S29	SES007	-2.44143	-9.41546	-6.97403
BLOCK04/SES044/SA044S29	SES101	-0.25348	-7.22751	-6.97403
BLOCK04/SES044/SA044S29	SES147	-1.02495	-7.99898	-6.97403
BLOCK04/SES044/SA044S29	SES177	-2.48522	-9.45925	-6.97403
BLOCK04/SES046/SA046S13	SES101	-0.19203	-8.99365	-8.80162
BLOCK04/SES046/SA046S13	SES144	-0.0591154	-8.86074	-8.80162
BLOCK04/SES046/SA046S13	SES147	-2.07474	-10.8764	-8.80162
BLOCK04/SES046/SA046S13	SES177	-1.08107	-9.88269	-8.80162
BLOCK04/SES046/SA046S15	SES048	-0.463979	-6.76637	-6.30239
BLOCK04/SES046/SA046S15	SES083	-0.709123	-7.01152	-6.30239
BLOCK04/SES046/SA046S15	SES120	-2.65959	-8.96199	-6.30239
BLOCK04/SES046/SA046S15	SES148	-1.20646	-7.50885	-6.30239
BLOCK04/SES046/SA046S22	SES101	0.0281038	-8.21085	-8.23895
BLOCK04/SES046/SA046S22	SES144	0.314414	-7.92454	-8.23895
BLOCK04/SES046/SA046S22	SES147	-1.85271	-10.0917	-8.23895
BLOCK04/SES046/SA046S22	SES172	-0.0286064	-8.26756	-8.23895
BLOCK04/SES046/SA046S25	SES083	-0.479436	-7.90682	-7.42738
BLOCK04/SES046/SA046S25	SES127	-1.02323	-8.45061	-7.42738
BLOCK04/SES046/SA046S25	SES144	-0.226943	-7.65432	-7.42738
BLOCK04/SES046/SA046S25	SES148	-1.44112	-8.86851	-7.42738
BLOCK04/SES046/SA046S28	SES007	-0.734398	-8.2536	-7.5192
BLOCK04/SES046/SA046S28	SES105	-1.39312	-8.91232	-7.5192
BLOCK04/SES046/SA046S28	SES147	-1.08913	-8.60832	-7.5192
BLOCK04/SES046/SA046S28	SES148	-1.72726	-9.24646	-7.5192
BLOCK04/SES049/SA049S16	SES104	-0.511457	-9.819	-9.30754
BLOCK04/SES049/SA049S16	SES106	-1.73378	-11.0413	-9.30754
BLOCK04/SES049/SA049S16	SES120	-0.999948	-10.3075	-9.30754
BLOCK04/SES049/SA049S16	SES206	-1.65554	-10.9631	-9.30754
BLOCK04/SES049/SA049S18	SES099	0.332245	-8.5635	-8.89575
BLOCK04/SES049/SA049S18	SES104	-1.02669	-9.92244	-8.89575
BLOCK04/SES049/SA049S18	SES125	-1.17085	-10.0666	-8.89575
BLOCK04/SES049/SA049S18	SES206	-1.75647	-10.6522	-8.89575
BLOCK04/SES049/SA049S25	SES087	-1.08488	-11.0796	-9.99469
BLOCK04/SES049/SA049S25	SES104	-0.171284	-10.166	-9.99469
BLOCK04/SES049/SA049S25	SES125	-0.525597	-10.5203	-9.99469
BLOCK04/SES049/SA049S25	SES206	-0.44066	-10.4353	-9.99469
BLOCK04/SES049/SA049S27	SES099	-0.403422	-8.58145	-8.17803
BLOCK04/SES049/SA049S27	SES104	0.331865	-7.84617	-8.17803
BLOCK04/SES049/SA049S27	SES125	-1.11445	-9.29248	-8.17803
BLOCK04/SES049/SA049S27	SES206	-1.23871	-9.41674	-8.17803
BLOCK04/SES049/SA049S29	SES099	-0.472974	-8.24232	-7.76934
BLOCK04/SES049/SA049S29	SES104	0.155375	-7.61397	-7.76934
BLOCK04/SES049/SA049S29	SES125	-0.353644	-8.12299	-7.76934
BLOCK04/SES049/SA049S29	SES206	-1.4571	-9.22644	-7.76934
BLOCK06/SES063/SA063S09	SES068	-1.98612	-11.133	-9.14688
BLOCK06/SES063/SA063S09	SES083	-0.296412	-9.44329	-9.14688
BLOCK06/SES063/SA063S09	SES177	-0.848964	-9.99584	-9.14688
BLOCK06/SES063/SA063S09	SES187	-1.01509	-10.162	-9.14688
BLOCK06/SES063/SA063S10	SES068	-1.52285	-10.3739	-8.85104
BLOCK06/SES063/SA063S10	SES083	-0.84082	-9.69186	-8.85104
BLOCK06/SES063/SA063S10	SES172	-0.690108	-9.54114	-8.85104
BLOCK06/SES063/SA063S10	SES187	-0.881013	-9.73205	-8.85104
BLOCK06/SES063/SA063S20	SES068	-2.19731	-10.9652	-8.76793
BLOCK06/SES063/SA063S20	SES083	-0.754892	-9.52282	-8.76793
BLOCK06/SES063/SA063S20	SES172	-0.927681	-9.69561	-8.76793
BLOCK06/SES063/SA063S20	SES187	-0.794331	-9.56226	-8.76793
BLOCK06/SES063/SA063S24	SES029	-1.93098	-11.5375	-9.60648
BLOCK06/SES063/SA063S24	SES083	-0.274737	-9.88122	-9.60648
BLOCK06/SES063/SA063S24	SES177	-0.51701	-10.1235	-9.60648
BLOCK06/SES063/SA063S24	SES189	0.620017	-8.98646	-9.60648
BLOCK06/SES063/SA063S27	SES083	-0.195264	-8.78841	-8.59315
BLOCK06/SES063/SA063S27	SES172	-1.55619	-10.1493	-8.59315
BLOCK06/SES063/SA063S27	SES187	-0.625735	-9.21888	-8.59315
BLOCK06/SES063/SA063S27	SES292	-1.0375	-9.63064	-8.59315
BLOCK06/SES067/SA067S12	SES083	-0.675043	-7.93415	-7.25911
BLOCK06/SES067/SA067S12	SES172	-1.52611	-8.78521	-7.25911
BLOCK06/SES067/SA067S12	SES202	-0.656359	-7.91547	-7.25911
BLOCK06/SES067/SA067S12	SES292	-1.10097	-8.36008	-7.25911
BLOCK06/SES067/SA067S14	SES085	-1.26436	-7.31884	-6.05448
BLOCK06/SES067/SA067S14	SES177	-1.60216	-7.65665	-6.05448
BLOCK06/SES067/SA067S14	SES183	0.22169	-5.83279	-6.05448
BLOCK06/SES067/SA067S14	SES202	-0.500617	-6.5551	-6.05448
BLOCK06/SES067/SA067S21	SES144	-1.08266	-8.74564	-7.66299
BLOCK06/SES067/SA067S21	SES177	-1.45426	-9.11724	-7.66299
BLOCK06/SES067/SA067S21	SES183	-1.37948	-9.04247	-7.66299
BLOCK06/SES067/SA067S21	SES189	-1.05326	-8.71625	-7.66299
BLOCK06/SES067/SA067S25	SES085	-1.81565	-8.82819	-7.01254
BLOCK06/SES067/SA067S25	SES177	-1.08374	-8.09629	-7.01254
BLOCK06/SES067/SA067S25	SES183	-0.696937	-7.70948	-7.01254
BLOCK06/SES067/SA067S25	SES202	-1.50381	-8.51636	-7.01254
BLOCK06/SES067/SA067S29	SES085	-2.82809	-10.8814	-8.05332
BLOCK06/SES067/SA067S29	SES177	-1.52075	-9.57407	-8.05332
BLOCK06/SES067/SA067S29	SES183	-0.587075	-8.64039	-8.05332
BLOCK06/SES067/SA067S29	SES202	-0.289135	-8.34245	-8.05332
BLOCK06/SES069/SA069S12	SES029	-1.1105	-8.735	-7.62449
BLOCK06/SES069/SA069S12	SES082	-0.490466	-8.11496	-7.62449
BLOCK06/SES069/SA069S12	SES087	-0.854476	-8.47897	-7.62449
BLOCK06/SES069/SA069S12	SES206	-0.18609	-7.81058	-7.62449
BLOCK06/SES069/SA069S13	SES029	-1.66016	-9.2048	-7.54464
BLOCK06/SES069/SA069S13	SES087	-1.23739	-8.78203	-7.54464
BLOCK06/SES069/SA069S13	SES206	-1.10874	-8.65338	-7.54464
BLOCK06/SES069/SA069S13	SES226	0.355049	-7.18959	-7.54464
BLOCK06/SES069/SA069S23	SES029	-0.140712	-6.95421	-6.8135
BLOCK06/SES069/SA069S23	SES087	-0.241865	-7.05537	-6.8135
BLOCK06/SES069/SA069S23	SES206	-0.963635	-7.77714	-6.8135
BLOCK06/SES069/SA069S23	SES226	0.148869	-6.66463	-6.8135
BLOCK06/SES069/SA069S25	SES087	-0.445137	-8.09	-7.64486
BLOCK06/SES069/SA069S25	SES206	-1.26292	-8.90779	-7.64486
BLOCK06/SES069/SA069S25	SES226	0.251008	-7.39386	-7.64486
BLOCK06/SES069/SA069S25	SES270	-0.850594	-8.49546	-7.64486
BLOCK06/SES069/SA069S27	SES087	-1.41437	-9.39064	-7.97627
BLOCK06/SES069/SA069S27	SES206	-0.716589	-8.69286	-7.97627
BLOCK06/SES069/SA069S27	SES226	0.19871	-7.77756	-7.97627
BLOCK06/SES069/SA069S27	SES270	-0.574875	-8.55114	-7.97627
BLOCK08/SES081/SA081S11	SES060	-1.0798	-9.0501	-7.9703
BLOCK08/SES081/SA081S11	SES062	-0.784703	-8.755	-7.9703
BLOCK08/SES081/SA081S11	SES117	-1.9997	-9.97	-7.9703
BLOCK08/SES081/SA081S11	SES162	-1.5707	-9.541	-7.9703
BLOCK08/SES081/SA081S13	SES016	-0.370772	-7.30981	-6.93903
BLOCK08/SES081/SA081S13	SES060	-0.230468	-7.1695	-6.93903
BLOCK08/SES081/SA081S13	SES068	-0.265699	-7.20473	-6.93903
BLOCK08/SES081/SA081S13	SES129	-1.18018	-8.11922	-6.93903
BLOCK08/SES081/SA081S24	SES060	-0.204873	-7.68156	-7.47669
BLOCK08/SES081/SA081S24	SES068	-0.631402	-8.10809	-7.47669
BLOCK08/SES081/SA081S24	SES117	-1.6086	-9.08529	-7.47669
BLOCK08/SES081/SA081S24	SES275	-0.951847	-8.42854	-7.47669
BLOCK08/SES081/SA081S27	SES007	-0.183985	-8.22256	-8.03858
BLOCK08/SES081/SA081S27	SES060	-0.597997	-8.63657	-8.03858
BLOCK08/SES081/SA081S27	SES117	-1.03181	-9.07039	-8.03858
BLOCK08/SES081/SA081S27	SES275	-1.05332	-9.0919	-8.03858
BLOCK08/SES081/SA081S29	SES007	-0.422243	-8.96126	-8.53902
BLOCK08/SES081/SA081S29	SES060	-0.377696	-8.91672	-8.53902
BLOCK08/SES081/SA081S29	SES117	-0.844388	-9.38341	-8.53902
BLOCK08/SES081/SA081S29	SES275	-1.16117	-9.7002	-8.53902
BLOCK08/SES086/SA086S11	SES029	-1.93917	-11.696	-9.75687
BLOCK08/SES086/SA086S11	SES082	-1.15471	-10.9116	-9.75687
BLOCK08/SES086/SA086S11	SES087	0.242982	-9.51389	-9.75687
BLOCK08/SES086/SA086S11	SES206	-1.04659	-10.8035	-9.75687
BLOCK08/SES086/SA086S12	SES029	-1.63542	-10.35	-8.71459
BLOCK08/SES086/SA086S12	SES082	-1.24872	-9.96331	-8.71459
BLOCK08/SES086/SA086S12	SES087	0.590839	-8.12375	-8.71459
BLOCK08/SES086/SA086S12	SES206	-0.504878	-9.21946	-8.71459
BLOCK08/SES086/SA086S20	SES029	-1.37854	-9.58959	-8.21105
BLOCK08/SES086/SA086S20	SES082	-0.961567	-9.17262	-8.21105
BLOCK08/SES086/SA086S20	SES087	0.324437	-7.88661	-8.21105
BLOCK08/SES086/SA086S20	SES206	-0.362786	-8.57384	-8.21105
BLOCK08/SES086/SA086S24	SES087	0.505783	-9.03113	-9.53691
BLOCK08/SES086/SA086S24	SES104	-0.690882	-10.2278	-9.53691
BLOCK08/SES086/SA086S24	SES120	-0.735099	-10.272	-9.53691
BLOCK08/SES086/SA086S24	SES206	0.27114	-9.26577	-9.53691
BLOCK08/SES086/SA086S28	SES029	-1.82129	-9.8287	-8.00741
BLOCK08/SES086/SA086S28	SES082	-0.967919	-8.97532	-8.00741
BLOCK08/SES086/SA086S28	SES087	0.309537	-7.69787	-8.00741
BLOCK08/SES086/SA086S28	SES206	-0.156986	-8.16439	-8.00741
BLOCK08/SES089/SA089S13	SES087	-0.490511	-9.43081	-8.9403
BLOCK08/SES089/SA089S13	SES206	-1.29027	-10.2306	-8.9403
BLOCK08/SES089/SA089S13	SES226	-0.600866	-9.54117	-8.9403
BLOCK08/SES089/SA089S13	SES270	-1.31582	-10.2561	-8.9403
BLOCK08/SES089/SA089S14	SES062	-1.30406	-9.71515	-8.41109
BLOCK08/SES089/SA089S14	SES087	-0.035881	-8.44697	-8.41109
BLOCK08/SES089/SA089S14	SES206	-1.26872	-9.67981	-8.41109
BLOCK08/SES089/SA089S14	SES226	-1.17868	-9.58977	-8.41109
BLOCK08/SES089/SA089S23	SES087	-0.19477	-10.6745	-10.4798
BLOCK08/SES089/SA089S23	SES206	-1.14376	-11.6235	-10.4798
BLOCK08/SES089/SA089S23	SES226	-0.634341	-11.1141	-10.4798
BLOCK08/SES089/SA089S23	SES270	-2.81603	-13.2958	-10.4798
BLOCK08/SES089/SA089S25	SES062	-0.717727	-9.57881	-8.86109
BLOCK08/SES089/SA089S25	SES087	0.0581503	-8.80294	-8.86109
BLOCK08/SES089/SA089S25	SES206	-1.42333	-10.2844	-8.86109
BLOCK08/SES089/SA089S25	SES226	-0.915568	-9.77665	-8.86109
BLOCK08/SES089/SA089S28	SES062	-0.415018	-9.04942	-8.6344
BLOCK08/SES089/SA089S28	SES087	0.307592	-8.32681	-8.6344
BLOCK08/SES089/SA089S28	SES206	-0.929157	-9.56356	-8.6344
BLOCK08/SES089/SA089S28	SES226	-0.475409	-9.10981	-8.6344
BLOCK09/SES097/SA097S11	SES099	0.207047	-9.16982	-9.37687
BLOCK09/SES097/SA097S11	SES125	-1.26046	-10.6373	-9.37687
BLOCK09/SES097/SA097S11	SES206	-0.874575	-10.2514	-9.37687
BLOCK09/SES097/SA097S11	SES226	1.07619	-8.30068	-9.37687
BLOCK09/SES097/SA097S14	SES062	-1.92023	-10.6117	-8.6915
BLOCK09/SES097/SA097S14	SES099	-0.303713	-8.99522	-8.6915
BLOCK09/SES097/SA097S14	SES104	-0.20699	-8.89849	-8.6915
BLOCK09/SES097/SA097S14	SES206	-1.04898	-9.74048	-8.6915
BLOCK09/SES097/SA097S22	SES099	0.320593	-8.765	-9.0856
BLOCK09/SES097/SA097S22	SES206	-1.1707	-10.2563	-9.0856
BLOCK09/SES097/SA097S22	SES226	-0.362333	-9.44793	-9.0856
BLOCK09/SES097/SA097S22	SES270	-0.391071	-9.47667	-9.0856
BLOCK09/SES097/SA097S26	SES099	0.687079	-8.86765	-9.55473
BLOCK09/SES097/SA097S26	SES120	-0.463948	-10.0187	-9.55473
BLOCK09/SES097/SA097S26	SES206	-1.43567	-10.9904	-9.55473
BLOCK09/SES097/SA097S26	SES226	0.282722	-9.27201	-9.55473
BLOCK09/SES097/SA097S28	SES099	0.108107	-7.88965	-7.99776
BLOCK09/SES097/SA097S28	SES120	-0.806412	-8.80417	-7.99776
BLOCK09/SES097/SA097S28	SES206	-1.46629	-9.46405	-7.99776
BLOCK09/SES097/SA097S28	SES226	-0.584186	-8.58194	-7.99776
BLOCK09/SES098/SA098S11	SES127	-1.32089	-8.29913	-6.97824
BLOCK09/SES098/SA098S11	SES144	-0.726494	-7.70473	-6.97824
BLOCK09/SES098/SA098S11	SES147	-0.866404	-7.84464	-6.97824
BLOCK09/SES098/SA098S11	SES148	-2.19412	-9.17236	-6.97824
BLOCK09/SES098/SA098S12	SES127	-2.33062	-10.8347	-8.5041
BLOCK09/SES098/SA098S12	SES144	-1.68819	-10.1923	-8.5041
BLOCK09/SES098/SA098S12	SES147	-1.75869	-10.2628	-8.5041
BLOCK09/SES098/SA098S12	SES189	-1.48977	-9.99387	-8.5041
BLOCK09/SES098/SA098S20	SES127	-2.83538	-10.9938	-8.1584
BLOCK09/SES098/SA098S20	SES147	-1.81668	-9.97508	-8.1584
BLOCK09/SES098/SA098S20	SES148	-4.40916	-12.5676	-8.1584
BLOCK09/SES098/SA098S20	SES292	-0.91882	-9.07722	-8.1584
BLOCK09/SES098/SA098S23	SES127	-1.67015	-9.49839	-7.82825
BLOCK09/SES098/SA098S23	SES147	-1.64019	-9.46843	-7.82825
BLOCK09/SES098/SA098S23	SES187	-0.748127	-8.57637	-7.82825
BLOCK09/SES098/SA098S23	SES292	-0.956865	-8.78511	-7.82825
BLOCK09/SES098/SA098S27	SES127	-2.26905	-10.2697	-8.0007
BLOCK09/SES098/SA098S27	SES147	-1.72505	-9.72574	-8.0007
BLOCK09/SES098/SA098S27	SES148	-3.13988	-11.1406	-8.0007
BLOCK09/SES098/SA098S27	SES292	-0.579085	-8.57978	-8.0007
BLOCK10/SES102/SA102S13	SES101	-0.222825	-9.3019	-9.07907
BLOCK10/SES102/SA102S13	SES105	-1.31861	-10.3977	-9.07907
BLOCK10/SES102/SA102S13	SES120	-3.19829	-12.2774	-9.07907
BLOCK10/SES102/SA102S13	SES158	-1.78817	-10.8672	-9.07907
BLOCK10/SES102/SA102S14	SES007	-0.0509238	-6.1239	-6.07297
BLOCK10/SES102/SA102S14	SES101	-0.645859	-6.71883	-6.07297
BLOCK10/SES102/SA102S14	SES105	-0.954601	-7.02757	-6.07297
BLOCK10/SES102/SA102S14	SES147	-2.35786	-8.43083	-6.07297
BLOCK10/SES102/SA102S22	SES007	-1.08549	-8.27599	-7.1905
BLOCK10/SES102/SA102S22	SES101	-0.490138	-7.68064	-7.1905
BLOCK10/SES102/SA102S22	SES105	-0.924603	-8.1151	-7.1905
BLOCK10/SES102/SA102S22	SES158	-1.928	-9.1185	-7.1905
BLOCK10/SES102/SA102S25	SES007	-0.20166	-7.32158	-7.11992
BLOCK10/SES102/SA102S25	SES101	-0.368214	-7.48813	-7.11992
BLOCK10/SES102/SA102S25	SES105	-1.0909	-8.21082	-7.11992
BLOCK10/SES102/SA102S25	SES147	-2.30834	-9.42826	-7.11992
BLOCK10/SES102/SA102S27	SES007	-0.439873	-7.83046	-7.39058
BLOCK10/SES102/SA102S27	SES101	4.81606e-05	-7.39054	-7.39058
BLOCK10/SES102/SA102S27	SES105	-1.73816	-9.12875	-7.39058
BLOCK10/SES102/SA102S27	SES147	-2.32631	-9.71689	-7.39058
BLOCK10/SES103/SA103S14	SES105	-1.80497	-10.451	-8.64599
BLOCK10/SES103/SA103S14	SES106	-1.50169	-10.1477	-8.64599
BLOCK10/SES103/SA103S14	SES120	-2.29578	-10.9418	-8.64599
BLOCK10/SES103/SA103S14	SES206	-1.74073	-10.3867	-8.64599
BLOCK10/SES103/SA103S15	SES099	-1.9652	-11.9728	-10.0076
BLOCK10/SES103/SA103S15	SES101	-3.28471	-13.2923	-10.0076
BLOCK10/SES103/SA103S15	SES104	-0.837586	-10.8452	-10.0076
BLOCK10/SES103/SA103S15	SES125	-1.28014	-11.2878	-10.0076
BLOCK10/SES103/SA103S24	SES104	-0.866424	-9.53802	-8.6716
BLOCK10/SES103/SA103S24	SES125	-2.51334	-11.1849	-8.6716
BLOCK10/SES103/SA103S24	SES148	-2.30351	-10.9751	-8.6716
BLOCK10/SES103/SA103S24	SES158	-1.58606	-10.2577	-8.6716
BLOCK10/SES103/SA103S26	SES104	-0.770481	-9.3331	-8.56262
BLOCK10/SES103/SA103S26	SES106	-1.44359	-10.0062	-8.56262
BLOCK10/SES103/SA103S26	SES125	-1.00205	-9.56467	-8.56262
BLOCK10/SES103/SA103S26	SES148	-2.22399	-10.7866	-8.56262
BLOCK10/SES103/SA103S28	SES104	-0.309387	-9.28092	-8.97153
BLOCK10/SES103/SA103S28	SES106	-1.25299	-10.2245	-8.97153
BLOCK10/SES103/SA103S28	SES125	-1.89815	-10.8697	-8.97153
BLOCK10/SES103/SA103S28	SES206	-1.7069	-10.6784	-8.97153
BLOCK12/SES121/SA121S12	SES042	-1.40946	-10.0309	-8.62146
BLOCK12/SES121/SA121S12	SES087	-1.25392	-9.87538	-8.62146
BLOCK12/SES121/SA121S12	SES105	-0.671498	-9.29296	-8.62146
BLOCK12/SES121/SA121S12	SES206	-0.524691	-9.14615	-8.62146
BLOCK12/SES121/SA121S14	SES007	-2.50482	-13.2823	-10.7775
BLOCK12/SES121/SA121S14	SES105	-3.46477	-14.2423	-10.7775
BLOCK12/SES121/SA121S14	SES106	-0.824798	-11.6023	-10.7775
BLOCK12/SES121/SA121S14	SES206	-0.854171	-11.6317	-10.7775
BLOCK12/SES121/SA121S23	SES105	-3.1144	-13.3112	-10.1968
BLOCK12/SES121/SA121S23	SES106	-0.779468	-10.9762	-10.1968
BLOCK12/SES121/SA121S23	SES120	-2.01299	-12.2098	-10.1968
BLOCK12/SES121/SA121S23	SES206	0.00370693	-10.1931	-10.1968
BLOCK12/SES121/SA121S25	SES007	-1.86314	-12.6219	-10.7588
BLOCK12/SES121/SA121S25	SES105	-3.85466	-14.6135	-10.7588
BLOCK12/SES121/SA121S25	SES106	-0.100649	-10.8594	-10.7588
BLOCK12/SES121/SA121S25	SES206	-0.835061	-11.5939	-10.7588
BLOCK12/SES121/SA121S27	SES087	1.0056	-9.58613	-10.5917
BLOCK12/SES121/SA121S27	SES105	-3.74059	-14.3323	-10.5917
BLOCK12/SES121/SA121S27	SES120	0.0375252	-10.5542	-10.5917
BLOCK12/SES121/SA121S27	SES206	-0.0287876	-10.6205	-10.5917
BLOCK12/SES124/SA124S16	SES042	0.209808	-6.71246	-6.92227
BLOCK12/SES124/SA124S16	SES082	-0.525863	-7.44813	-6.92227
BLOCK12/SES124/SA124S16	SES183	-1.20615	-8.12843	-6.92227
BLOCK12/SES124/SA124S16	SES206	-0.775738	-7.69801	-6.92227
BLOCK12/SES124/SA124S17	SES105	-1.30293	-9.51057	-8.20764
BLOCK12/SES124/SA124S17	SES149	-1.06779	-9.27543	-8.20764
BLOCK12/SES124/SA124S17	SES158	-1.64138	-9.84902	-8.20764
BLOCK12/SES124/SA124S17	SES275	-1.06668	-9.27433	-8.20764
BLOCK12/SES124/SA124S23	SES105	-1.71773	-8.29411	-6.57638
BLOCK12/SES124/SA124S23	SES125	0.627738	-5.94864	-6.57638
BLOCK12/SES124/SA124S23	SES129	-1.72502	-8.3014	-6.57638
BLOCK12/SES124/SA124S23	SES158	-1.03167	-7.60805	-6.57638
BLOCK12/SES124/SA124S26	SES105	-1.69036	-9.69287	-8.00252
BLOCK12/SES124/SA124S26	SES125	-0.124038	-8.12656	-8.00252
BLOCK12/SES124/SA124S26	SES129	-1.72392	-9.72643	-8.00252
BLOCK12/SES124/SA124S26	SES158	-0.58919	-8.59171	-8.00252
BLOCK12/SES124/SA124S28	SES104	-0.306689	-7.30656	-6.99987
BLOCK12/SES124/SA124S28	SES106	-0.852751	-7.85262	-6.99987
BLOCK12/SES124/SA124S28	SES125	0.0723267	-6.92755	-6.99987
BLOCK12/SES124/SA124S28	SES275	-0.968943	-7.96882	-6.99987
BLOCK12/SES126/SA126S13	SES007	-0.573734	-8.43781	-7.86408
BLOCK12/SES126/SA126S13	SES162	-1.32771	-9.19179	-7.86408
BLOCK12/SES126/SA126S13	SES177	-0.757047	-8.62113	-7.86408
BLOCK12/SES126/SA126S13	SES180	-1.46896	-9.33304	-7.86408
BLOCK12/SES126/SA126S14	SES144	-0.604721	-7.85256	-7.24784
BLOCK12/SES126/SA126S14	SES148	-1.94958	-9.19742	-7.24784
BLOCK12/SES126/SA126S14	SES177	-0.880228	-8.12806	-7.24784
BLOCK12/SES126/SA126S14	SES180	-1.34026	-8.58809	-7.24784
BLOCK12/SES126/SA126S20	SES007	-0.7047	-7.31174	-6.60704
BLOCK12/SES126/SA126S20	SES162	-1.55361	-8.16064	-6.60704
BLOCK12/SES126/SA126S20	SES172	-1.3191	-7.92613	-6.60704
BLOCK12/SES126/SA126S20	SES180	-1.14251	-7.74954	-6.60704
BLOCK12/SES126/SA126S24	SES120	-0.11237	-7.29917	-7.1868
BLOCK12/SES126/SA126S24	SES162	-1.05651	-8.24332	-7.1868
BLOCK12/SES126/SA126S24	SES177	-0.246597	-7.4334	-7.1868
BLOCK12/SES126/SA126S24	SES180	-0.474891	-7.6617	-7.1868
BLOCK12/SES126/SA126S26	SES120	0.433131	-7.34126	-7.77439
BLOCK12/SES126/SA126S26	SES177	-0.583793	-8.35819	-7.77439
BLOCK12/SES126/SA126S26	SES180	-0.412035	-8.18643	-7.77439
BLOCK12/SES126/SA126S26	SES202	-0.645752	-8.42015	-7.77439
BLOCK12/SES128/SA128S10	SES087	-2.36646	-10.3363	-7.96987
BLOCK12/SES128/SA128S10	SES206	-0.889056	-8.85893	-7.96987
BLOCK12/SES128/SA128S10	SES226	-0.228138	-8.19801	-7.96987
BLOCK12/SES128/SA128S10	SES270	-0.333236	-8.30311	-7.96987
BLOCK12/SES128/SA128S12	SES120	-0.185596	-8.10837	-7.92277
BLOCK12/SES128/SA128S12	SES158	-0.38143	-8.3042	-7.92277
BLOCK12/SES128/SA128S12	SES206	-0.29016	-8.21293	-7.92277
BLOCK12/SES128/SA128S12	SES226	-1.25011	-9.17289	-7.92277
BLOCK12/SES128/SA128S21	SES106	-1.20652	-9.02602	-7.8195
BLOCK12/SES128/SA128S21	SES120	-0.908272	-8.72778	-7.8195
BLOCK12/SES128/SA128S21	SES206	-0.696447	-8.51595	-7.8195
BLOCK12/SES128/SA128S21	SES226	0.16917	-7.65033	-7.8195
BLOCK12/SES128/SA128S24	SES087	-0.867223	-9.59456	-8.72734
BLOCK12/SES128/SA128S24	SES120	-0.204591	-8.93193	-8.72734
BLOCK12/SES128/SA128S24	SES206	-0.0262527	-8.75359	-8.72734
BLOCK12/SES128/SA128S24	SES226	-0.891535	-9.61888	-8.72734
BLOCK12/SES128/SA128S27	SES099	0.112103	-7.34174	-7.45384
BLOCK12/SES128/SA128S27	SES120	0.0858431	-7.368	-7.45384
BLOCK12/SES128/SA128S27	SES206	-0.602724	-8.05657	-7.45384
BLOCK12/SES128/SA128S27	SES226	-0.721374	-8.17522	-7.45384
BLOCK13/SES130/SA130S13	SES143	-0.480629	-9.3231	-8.84247
BLOCK13/SES130/SA130S13	SES144	0.3075	-8.53497	-8.84247
BLOCK13/SES130/SA130S13	SES146	-1.44579	-10.2883	-8.84247
BLOCK13/SES130/SA130S13	SES275	-2.31077	-11.1532	-8.84247
BLOCK13/SES130/SA130S15	SES143	-0.762271	-8.05085	-7.28858
BLOCK13/SES130/SA130S15	SES144	0.27343	-7.01515	-7.28858
BLOCK13/SES130/SA130S15	SES146	-0.484884	-7.77346	-7.28858
BLOCK13/SES130/SA130S15	SES275	-1.06892	-8.3575	-7.28858
BLOCK13/SES130/SA130S23	SES127	-0.740369	-8.87561	-8.13524
BLOCK13/SES130/SA130S23	SES144	0.0309534	-8.10429	-8.13524
BLOCK13/SES130/SA130S23	SES146	-0.702101	-8.83735	-8.13524
BLOCK13/SES130/SA130S23	SES162	-0.724399	-8.85964	-8.13524
BLOCK13/SES130/SA130S25	SES127	-0.807193	-7.43445	-6.62726
BLOCK13/SES130/SA130S25	SES144	-0.26252	-6.88978	-6.62726
BLOCK13/SES130/SA130S25	SES146	-0.667877	-7.29513	-6.62726
BLOCK13/SES130/SA130S25	SES275	-0.994909	-7.62217	-6.62726
BLOCK13/SES130/SA130S28	SES127	-0.169534	-8.28987	-8.12034
BLOCK13/SES130/SA130S28	SES144	-0.746605	-8.86694	-8.12034
BLOCK13/SES130/SA130S28	SES146	-0.152324	-8.27266	-8.12034
BLOCK13/SES130/SA130S28	SES275	-0.66895	-8.78929	-8.12034
BLOCK13/SES131/SA131S13	SES002	-1.33209	-10.0189	-8.68678
BLOCK13/SES131/SA131S13	SES007	-1.36273	-10.0495	-8.68678
BLOCK13/SES131/SA131S13	SES099	-0.0834808	-8.77026	-8.68678
BLOCK13/SES131/SA131S13	SES105	-1.09114	-9.77792	-8.68678
BLOCK13/SES131/SA131S14	SES104	-0.375444	-6.88608	-6.51063
BLOCK13/SES131/SA131S14	SES106	-2.13097	-8.64161	-6.51063
BLOCK13/SES131/SA131S14	SES125	-1.1503	-7.66093	-6.51063
BLOCK13/SES131/SA131S14	SES148	0.0601821	-6.45045	-6.51063
BLOCK13/SES131/SA131S20	SES104	-0.425655	-9.56212	-9.13646
BLOCK13/SES131/SA131S20	SES106	-1.46117	-10.5976	-9.13646
BLOCK13/SES131/SA131S20	SES125	-0.942843	-10.0793	-9.13646
BLOCK13/SES131/SA131S20	SES148	-1.3106	-10.4471	-9.13646
BLOCK13/SES131/SA131S22	SES099	-0.110523	-7.36662	-7.2561
BLOCK13/SES131/SA131S22	SES104	-0.417634	-7.67373	-7.2561
BLOCK13/SES131/SA131S22	SES125	-0.27664	-7.53274	-7.2561
BLOCK13/SES131/SA131S22	SES206	-0.546407	-7.80251	-7.2561
BLOCK13/SES131/SA131S29	SES087	-1.4628	-10.3301	-8.86735
BLOCK13/SES131/SA131S29	SES104	-1.70551	-10.5729	-8.86735
BLOCK13/SES131/SA131S29	SES125	-3.18317	-12.0505	-8.86735
BLOCK13/SES131/SA131S29	SES206	-1.88324	-10.7506	-8.86735
BLOCK13/SES132/SA132S11	SES083	-1.64823	-9.15532	-7.50709
BLOCK13/SES132/SA132S11	SES120	-0.20095	-7.70804	-7.50709
BLOCK13/SES132/SA132S11	SES127	-2.04663	-9.55372	-7.50709
BLOCK13/SES132/SA132S11	SES275	-1.43599	-8.94308	-7.50709
BLOCK13/SES132/SA132S12	SES083	-1.44842	-8.90329	-7.45487
BLOCK13/SES132/SA132S12	SES143	-1.96798	-9.42285	-7.45487
BLOCK13/SES132/SA132S12	SES144	-0.584314	-8.03918	-7.45487
BLOCK13/SES132/SA132S12	SES148	-1.09413	-8.549	-7.45487
BLOCK13/SES132/SA132S22	SES062	-0.803169	-8.36836	-7.5652
BLOCK13/SES132/SA132S22	SES083	-2.09659	-9.66179	-7.5652
BLOCK13/SES132/SA132S22	SES127	-1.85376	-9.41896	-7.5652
BLOCK13/SES132/SA132S22	SES275	-1.08218	-8.64737	-7.5652
BLOCK13/SES132/SA132S24	SES007	-0.544433	-7.52889	-6.98445
BLOCK13/SES132/SA132S24	SES083	-1.76087	-8.74532	-6.98445
BLOCK13/SES132/SA132S24	SES127	-2.10863	-9.09309	-6.98445
BLOCK13/SES132/SA132S24	SES275	-1.05161	-8.03606	-6.98445
BLOCK13/SES132/SA132S27	SES083	-2.15277	-10.6299	-8.47709
BLOCK13/SES132/SA132S27	SES120	0.504098	-7.97299	-8.47709
BLOCK13/SES132/SA132S27	SES127	-3.89126	-12.3684	-8.47709
BLOCK13/SES132/SA132S27	SES275	-1.66831	-10.1454	-8.47709
BLOCK14/SES141/SA141S09	SES143	-1.08311	-8.06916	-6.98605
BLOCK14/SES141/SA141S09	SES144	-0.232121	-7.21817	-6.98605
BLOCK14/SES141/SA141S09	SES162	-1.07562	-8.06166	-6.98605
BLOCK14/SES141/SA141S09	SES180	-0.77249	-7.75854	-6.98605
BLOCK14/SES141/SA141S15	SES127	-1.59876	-9.53113	-7.93236
BLOCK14/SES141/SA141S15	SES144	-1.00875	-8.94112	-7.93236
BLOCK14/SES141/SA141S15	SES162	-1.67387	-9.60623	-7.93236
BLOCK14/SES141/SA141S15	SES180	-1.11548	-9.04785	-7.93236
BLOCK14/SES141/SA141S24	SES127	-1.71897	-9.22057	-7.50161
BLOCK14/SES141/SA141S24	SES144	-1.10885	-8.61045	-7.50161
BLOCK14/SES141/SA141S24	SES162	-1.81821	-9.31982	-7.50161
BLOCK14/SES141/SA141S24	SES183	-1.42198	-8.92359	-7.50161
BLOCK14/SES141/SA141S26	SES142	-0.212126	-8.37862	-8.16649
BLOCK14/SES141/SA141S26	SES144	-1.3059	-9.47239	-8.16649
BLOCK14/SES141/SA141S26	SES172	-1.07376	-9.24025	-8.16649
BLOCK14/SES141/SA141S26	SES180	-1.23254	-9.39904	-8.16649
BLOCK14/SES141/SA141S29	SES127	-0.673827	-7.99429	-7.32046
BLOCK14/SES141/SA141S29	SES142	0.3512	-6.96926	-7.32046
BLOCK14/SES141/SA141S29	SES144	-0.22205	-7.54251	-7.32046
BLOCK14/SES141/SA141S29	SES180	-0.18101	-7.50147	-7.32046
BLOCK15/SES157/SA157S08	SES083	-0.926542	-8.13627	-7.20972
BLOCK15/SES157/SA157S08	SES127	-1.07327	-8.283	-7.20972
BLOCK15/SES157/SA157S08	SES148	-0.298023	-7.50775	-7.20972
BLOCK15/SES157/SA157S08	SES292	-1.1199	-8.32962	-7.20972
BLOCK15/SES157/SA157S11	SES083	-1.28129	-9.07638	-7.79509
BLOCK15/SES157/SA157S11	SES127	-1.10141	-8.8965	-7.79509
BLOCK15/SES157/SA157S11	SES148	-1.88858	-9.68367	-7.79509
BLOCK15/SES157/SA157S11	SES292	-1.95056	-9.74565	-7.79509
BLOCK15/SES157/SA157S21	SES127	-0.000164509	-6.92813	-6.92797
BLOCK15/SES157/SA157S21	SES148	0.0385828	-6.88938	-6.92797
BLOCK15/SES157/SA157S21	SES158	-3.80721	-10.7352	-6.92797
BLOCK15/SES157/SA157S21	SES292	-1.33066	-8.25863	-6.92797
BLOCK15/SES157/SA157S24	SES127	-0.492687	-8.73424	-8.24155
BLOCK15/SES157/SA157S24	SES148	-0.652839	-8.89439	-8.24155
BLOCK15/SES157/SA157S24	SES183	-0.836936	-9.07849	-8.24155
BLOCK15/SES157/SA157S24	SES292	-1.4158	-9.65735	-8.24155
BLOCK15/SES157/SA157S26	SES007	-1.15251	-8.3935	-7.24099
BLOCK15/SES157/SA157S26	SES127	-0.653902	-7.8949	-7.24099
BLOCK15/SES157/SA157S26	SES147	-1.06632	-8.30731	-7.24099
BLOCK15/SES157/SA157S26	SES148	-1.42403	-8.66503	-7.24099
BLOCK16/SES161/SA161S10	SES007	-0.751221	-8.47976	-7.72854
BLOCK16/SES161/SA161S10	SES105	-0.853035	-8.58158	-7.72854
BLOCK16/SES161/SA161S10	SES158	-1.54	-9.26854	-7.72854
BLOCK16/SES161/SA161S10	SES275	-0.511945	-8.24049	-7.72854
BLOCK16/SES161/SA161S12	SES007	-2.57703	-11.5983	-9.02127
BLOCK16/SES161/SA161S12	SES105	-2.59433	-11.6156	-9.02127
BLOCK16/SES161/SA161S12	SES158	-1.64535	-10.6666	-9.02127
BLOCK16/SES161/SA161S12	SES275	-3.00689	-12.0282	-9.02127
BLOCK16/SES161/SA161S20	SES007	-0.731605	-9.98774	-9.25614
BLOCK16/SES161/SA161S20	SES105	-2.37826	-11.6344	-9.25614
BLOCK16/SES161/SA161S20	SES158	-0.0831327	-9.33927	-9.25614
BLOCK16/SES161/SA161S20	SES275	-1.97803	-11.2342	-9.25614
BLOCK16/SES161/SA161S23	SES007	-3.39916	-12.4926	-9.09346
BLOCK16/SES161/SA161S23	SES105	-1.3455	-10.439	-9.09346
BLOCK16/SES161/SA161S23	SES148	-2.33414	-11.4276	-9.09346
BLOCK16/SES161/SA161S23	SES158	-3.49141	-12.5849	-9.09346
BLOCK16/SES161/SA161S28	SES007	-1.30305	-9.68449	-8.38143
BLOCK16/SES161/SA161S28	SES105	-2.53697	-10.9184	-8.38143
BLOCK16/SES161/SA161S28	SES158	-0.289243	-8.67067	-8.38143
BLOCK16/SES161/SA161S28	SES206	-0.777076	-9.15851	-8.38143
BLOCK16/SES164/SA164S11	SES104	-0.862042	-9.12802	-8.26598
BLOCK16/SES164/SA164S11	SES125	0.0410318	-8.22495	-8.26598
BLOCK16/SES164/SA164S11	SES158	-0.549441	-8.81542	-8.26598
BLOCK16/SES164/SA164S11	SES206	-2.12917	-10.3952	-8.26598
BLOCK16/SES164/SA164S13	SES099	-0.931336	-9.99408	-9.06274
BLOCK16/SES164/SA164S13	SES104	0.120098	-8.94264	-9.06274
BLOCK16/SES164/SA164S13	SES125	-0.62687	-9.68961	-9.06274
BLOCK16/SES164/SA164S13	SES206	-1.05468	-10.1174	-9.06274
BLOCK16/SES164/SA164S24	SES002	0.572757	-7.70354	-8.2763
BLOCK16/SES164/SA164S24	SES099	-0.209576	-8.48587	-8.2763
BLOCK16/SES164/SA164S24	SES125	-0.512841	-8.78914	-8.2763
BLOCK16/SES164/SA164S24	SES226	1.01695	-7.25935	-8.2763
BLOCK16/SES164/SA164S27	SES087	-2.34728	-11.3141	-8.96677
BLOCK16/SES164/SA164S27	SES125	-0.403547	-9.37032	-8.96677
BLOCK16/SES164/SA164S27	SES206	-1.39213	-10.3589	-8.96677
BLOCK16/SES164/SA164S27	SES226	0.255767	-8.71101	-8.96677
BLOCK16/SES164/SA164S29	SES002	0.270435	-8.26119	-8.53162
BLOCK16/SES164/SA164S29	SES019	-0.841531	-9.37316	-8.53162
BLOCK16/SES164/SA164S29	SES125	-0.338766	-8.87039	-8.53162
BLOCK16/SES164/SA164S29	SES226	0.12952	-8.4021	-8.53162
BLOCK16/SES169/SA169S13	SES117	-1.26735	-9.10039	-7.83304
BLOCK16/SES169/SA169S13	SES144	-0.598708	-8.43175	-7.83304
BLOCK16/SES169/SA169S13	SES146	-0.468147	-8.30119	-7.83304
BLOCK16/SES169/SA169S13	SES162	-1.2236	-9.05665	-7.83304
BLOCK16/SES169/SA169S14	SES144	-0.784788	-7.24329	-6.4585
BLOCK16/SES169/SA169S14	SES148	-0.395153	-6.85365	-6.4585
BLOCK16/SES169/SA169S14	SES177	-0.615012	-7.07351	-6.4585
BLOCK16/SES169/SA169S14	SES180	-0.890876	-7.34937	-6.4585
BLOCK16/SES169/SA169S24	SES117	-1.03382	-9.5544	-8.52058
BLOCK16/SES169/SA169S24	SES144	-0.488577	-9.00916	-8.52058
BLOCK16/SES169/SA169S24	SES146	-0.847221	-9.3678	-8.52058
BLOCK16/SES169/SA169S24	SES162	-1.05927	-9.57985	-8.52058
BLOCK16/SES169/SA169S27	SES127	-0.692177	-8.3647	-7.67252
BLOCK16/SES169/SA169S27	SES129	-0.22893	-7.90145	-7.67252
BLOCK16/SES169/SA169S27	SES144	-0.530775	-8.2033	-7.67252
BLOCK16/SES169/SA169S27	SES146	-0.439569	-8.11209	-7.67252
BLOCK16/SES169/SA169S29	SES144	0.0525222	-6.67403	-6.72656
BLOCK16/SES169/SA169S29	SES162	-0.306162	-7.03272	-6.72656
BLOCK16/SES169/SA169S29	SES177	-0.978192	-7.70475	-6.72656
BLOCK16/SES169/SA169S29	SES180	-0.894518	-7.62107	-6.72656
BLOCK17/SES171/SA171S12	SES083	-0.398629	-9.49909	-9.10046
BLOCK17/SES171/SA171S12	SES148	-2.10457	-11.205	-9.10046
BLOCK17/SES171/SA171S12	SES172	-1.02849	-10.1289	-9.10046
BLOCK17/SES171/SA171S12	SES292	-2.20068	-11.3011	-9.10046
BLOCK17/SES171/SA171S15	SES148	-1.10653	-9.45257	-8.34604
BLOCK17/SES171/SA171S15	SES177	-0.698614	-9.04465	-8.34604
BLOCK17/SES171/SA171S15	SES180	-2.52386	-10.8699	-8.34604
BLOCK17/SES171/SA171S15	SES292	-1.27354	-9.61958	-8.34604
BLOCK17/SES171/SA171S22	SES007	-0.793191	-7.20671	-6.41352
BLOCK17/SES171/SA171S22	SES148	-0.586686	-7.0002	-6.41352
BLOCK17/SES171/SA171S22	SES177	-0.250086	-6.6636	-6.41352
BLOCK17/SES171/SA171S22	SES180	-1.80017	-8.21369	-6.41352
BLOCK17/SES171/SA171S25	SES101	-1.44428	-9.60636	-8.16208
BLOCK17/SES171/SA171S25	SES120	-3.28078	-11.4429	-8.16208
BLOCK17/SES171/SA171S25	SES177	-1.08889	-9.25097	-8.16208
BLOCK17/SES171/SA171S25	SES180	-1.87262	-10.0347	-8.16208
BLOCK17/SES171/SA171S27	SES177	-0.527415	-9.0153	-8.48789
BLOCK17/SES171/SA171S27	SES180	-2.7306	-11.2185	-8.48789
BLOCK17/SES171/SA171S27	SES189	-0.49114	-8.97903	-8.48789
BLOCK17/SES171/SA171S27	SES292	-2.73642	-11.2243	-8.48789
BLOCK17/SES173/SA173S13	SES162	-2.63597	-10.263	-7.62706
BLOCK17/SES173/SA173S13	SES177	-1.01259	-8.63965	-7.62706
BLOCK17/SES173/SA173S13	SES180	-1.57205	-9.19911	-7.62706
BLOCK17/SES173/SA173S13	SES292	0.0640726	-7.56299	-7.62706
BLOCK17/SES173/SA173S14	SES007	-0.983693	-8.29105	-7.30736
BLOCK17/SES173/SA173S14	SES162	-2.71599	-10.0233	-7.30736
BLOCK17/SES173/SA173S14	SES177	-1.66446	-8.97182	-7.30736
BLOCK17/SES173/SA173S14	SES180	-2.31873	-9.62609	-7.30736
BLOCK17/SES173/SA173S24	SES144	-1.72363	-9.68433	-7.96071
BLOCK17/SES173/SA173S24	SES162	-2.50245	-10.4632	-7.96071
BLOCK17/SES173/SA173S24	SES177	-0.651423	-8.61213	-7.96071
BLOCK17/SES173/SA173S24	SES180	-2.46851	-10.4292	-7.96071
BLOCK17/SES173/SA173S27	SES162	-4.26449	-12.02	-7.75547
BLOCK17/SES173/SA173S27	SES177	-1.30609	-9.06156	-7.75547
BLOCK17/SES173/SA173S27	SES180	-1.42714	-9.18261	-7.75547
BLOCK17/SES173/SA173S27	SES292	-0.0525446	-7.80801	-7.75547
BLOCK17/SES173/SA173S29	SES162	-1.75949	-9.95892	-8.19943
BLOCK17/SES173/SA173S29	SES175	-0.533864	-8.7333	-8.19943
BLOCK17/SES173/SA173S29	SES177	-0.687641	-8.88707	-8.19943
BLOCK17/SES173/SA173S29	SES292	-0.961123	-9.16055	-8.19943
BLOCK18/SES182/SA182S10	SES144	-1.49592	-8.49321	-6.9973
BLOCK18/SES182/SA182S10	SES177	-1.44248	-8.43978	-6.9973
BLOCK18/SES182/SA182S10	SES180	-2.28362	-9.28092	-6.9973
BLOCK18/SES182/SA182S10	SES275	-0.773116	-7.77041	-6.9973
BLOCK18/SES182/SA182S12	SES144	-0.953817	-7.72835	-6.77453
BLOCK18/SES182/SA182S12	SES177	-1.01546	-7.78999	-6.77453
BLOCK18/SES182/SA182S12	SES180	-2.43354	-9.20807	-6.77453
BLOCK18/SES182/SA182S12	SES275	-0.811967	-7.5865	-6.77453
BLOCK18/SES182/SA182S21	SES117	-1.68996	-10.2819	-8.59195
BLOCK18/SES182/SA182S21	SES144	-0.912298	-9.50424	-8.59195
BLOCK18/SES182/SA182S21	SES162	-1.10062	-9.69257	-8.59195
BLOCK18/SES182/SA182S21	SES180	-2.71149	-11.3034	-8.59195
BLOCK18/SES182/SA182S23	SES117	-1.66421	-10.3421	-8.67793
BLOCK18/SES182/SA182S23	SES144	-1.90293	-10.5809	-8.67793
BLOCK18/SES182/SA182S23	SES180	-3.59966	-12.2776	-8.67793
BLOCK18/SES182/SA182S23	SES275	-1.7042	-10.3821	-8.67793
BLOCK18/SES182/SA182S25	SES007	0.0447464	-7.83516	-7.8799
BLOCK18/SES182/SA182S25	SES162	-1.19504	-9.07494	-7.8799
BLOCK18/SES182/SA182S25	SES177	-0.950482	-8.83039	-7.8799
BLOCK18/SES182/SA182S25	SES180	-2.4037	-10.2836	-7.8799
BLOCK18/SES184/SA184S12	SES177	-1.49627	-8.73004	-7.23378
BLOCK18/SES184/SA184S12	SES180	-0.384264	-7.61804	-7.23378
BLOCK18/SES184/SA184S12	SES189	-1.81261	-9.04638	-7.23378
BLOCK18/SES184/SA184S12	SES292	-0.302046	-7.53582	-7.23378
BLOCK18/SES184/SA184S13	SES101	-0.953555	-8.6119	-7.65834
BLOCK18/SES184/SA184S13	SES177	-0.780369	-8.43871	-7.65834
BLOCK18/SES184/SA184S13	SES180	-0.912027	-8.57037	-7.65834
BLOCK18/SES184/SA184S13	SES292	-0.950327	-8.60867	-7.65834
BLOCK18/SES184/SA184S22	SES177	-1.16711	-9.01388	-7.84677
BLOCK18/SES184/SA184S22	SES180	-0.2689	-8.11567	-7.84677
BLOCK18/SES184/SA184S22	SES189	-1.13374	-8.98051	-7.84677
BLOCK18/SES184/SA184S22	SES292	-0.859685	-8.70645	-7.84677
BLOCK18/SES184/SA184S25	SES101	-0.739976	-8.32051	-7.58054
BLOCK18/SES184/SA184S25	SES177	-0.996731	-8.57727	-7.58054
BLOCK18/SES184/SA184S25	SES180	-0.0986342	-7.67917	-7.58054
BLOCK18/SES184/SA184S25	SES292	-0.527125	-8.10766	-7.58054
BLOCK18/SES184/SA184S27	SES083	-0.998212	-8.4516	-7.45339
BLOCK18/SES184/SA184S27	SES177	-0.753569	-8.20696	-7.45339
BLOCK18/SES184/SA184S27	SES202	-0.843395	-8.29679	-7.45339
BLOCK18/SES184/SA184S27	SES292	-0.905138	-8.35853	-7.45339
BLOCK20/SES204/SA204S12	SES062	-0.589958	-7.77304	-7.18308
BLOCK20/SES204/SA204S12	SES083	-1.58899	-8.77207	-7.18308
BLOCK20/SES204/SA204S12	SES206	-0.56319	-7.74627	-7.18308
BLOCK20/SES204/SA204S12	SES226	-0.923712	-8.1068	-7.18308
BLOCK20/SES204/SA204S14	SES068	-0.442228	-6.79779	-6.35557
BLOCK20/SES204/SA204S14	SES087	-0.165487	-6.52105	-6.35557
BLOCK20/SES204/SA204S14	SES206	-1.1264	-7.48197	-6.35557
BLOCK20/SES204/SA204S14	SES226	-1.18333	-7.5389	-6.35557
BLOCK20/SES204/SA204S22	SES068	-0.528838	-7.67074	-7.1419
BLOCK20/SES204/SA204S22	SES082	-0.849903	-7.9918	-7.1419
BLOCK20/SES204/SA204S22	SES083	-2.33618	-9.47808	-7.1419
BLOCK20/SES204/SA204S22	SES206	-0.45253	-7.59443	-7.1419
BLOCK20/SES204/SA204S25	SES062	-0.871786	-7.68206	-6.81027
BLOCK20/SES204/SA204S25	SES083	-2.03834	-8.84862	-6.81027
BLOCK20/SES204/SA204S25	SES206	-0.454536	-7.26481	-6.81027
BLOCK20/SES204/SA204S25	SES226	-0.900609	-7.71088	-6.81027
BLOCK20/SES204/SA204S27	SES068	-0.0650024	-8.13405	-8.06905
BLOCK20/SES204/SA204S27	SES082	-1.21962	-9.28867	-8.06905
BLOCK20/SES204/SA204S27	SES087	0.1429	-7.92615	-8.06905
BLOCK20/SES204/SA204S27	SES206	-1.25185	-9.3209	-8.06905
BLOCK20/SES207/SA207S10	SES127	-1.75212	-9.09554	-7.34343
BLOCK20/SES207/SA207S10	SES183	-1.27082	-8.61425	-7.34343
BLOCK20/SES207/SA207S10	SES189	-0.762777	-8.1062	-7.34343
BLOCK20/SES207/SA207S10	SES292	-1.33354	-8.67697	-7.34343
BLOCK20/SES207/SA207S11	SES127	-1.64016	-10.1555	-8.51532
BLOCK20/SES207/SA207S11	SES183	-1.47318	-9.9885	-8.51532
BLOCK20/SES207/SA207S11	SES187	-0.752325	-9.26764	-8.51532
BLOCK20/SES207/SA207S11	SES292	-0.177676	-8.693	-8.51532
BLOCK20/SES207/SA207S25	SES068	-0.836838	-9.17154	-8.33471
BLOCK20/SES207/SA207S25	SES083	-1.85898	-10.1937	-8.33471
BLOCK20/SES207/SA207S25	SES127	-0.575484	-8.91019	-8.33471
BLOCK20/SES207/SA207S25	SES187	-0.748882	-9.08359	-8.33471
BLOCK20/SES207/SA207S27	SES127	-1.56035	-9.7432	-8.18285
BLOCK20/SES207/SA207S27	SES183	-1.57091	-9.75376	-8.18285
BLOCK20/SES207/SA207S27	SES187	-1.00422	-9.18707	-8.18285
BLOCK20/SES207/SA207S27	SES292	-1.37184	-9.5547	-8.18285
BLOCK20/SES207/SA207S29	SES083	-2.0592	-9.90191	-7.84271
BLOCK20/SES207/SA207S29	SES085	-1.03025	-8.87296	-7.84271
BLOCK20/SES207/SA207S29	SES172	-0.435849	-8.27856	-7.84271
BLOCK20/SES207/SA207S29	SES189	-1.91214	-9.75485	-7.84271
BLOCK22/SES221/SA221S12	SES068	-0.0731339	-6.86856	-6.79543
BLOCK22/SES221/SA221S12	SES143	-1.49212	-8.28754	-6.79543
BLOCK22/SES221/SA221S12	SES175	-0.275573	-7.071	-6.79543
BLOCK22/SES221/SA221S12	SES202	-0.600608	-7.39604	-6.79543
BLOCK22/SES221/SA221S15	SES085	-0.0362883	-7.20368	-7.1674
BLOCK22/SES221/SA221S15	SES143	-1.26142	-8.42882	-7.1674
BLOCK22/SES221/SA221S15	SES175	-0.335057	-7.50245	-7.1674
BLOCK22/SES221/SA221S15	SES187	-0.877062	-8.04446	-7.1674
BLOCK22/SES221/SA221S23	SES068	0.23778	-6.82946	-7.06725
BLOCK22/SES221/SA221S23	SES143	-1.1619	-8.22915	-7.06725
BLOCK22/SES221/SA221S23	SES175	-0.768176	-7.83542	-7.06725
BLOCK22/SES221/SA221S23	SES189	-1.50623	-8.57347	-7.06725
BLOCK22/SES221/SA221S27	SES085	0.378943	-7.14545	-7.52439
BLOCK22/SES221/SA221S27	SES143	-1.14479	-8.66918	-7.52439
BLOCK22/SES221/SA221S27	SES175	-0.927176	-8.45157	-7.52439
BLOCK22/SES221/SA221S27	SES189	-1.32427	-8.84866	-7.52439
BLOCK22/SES221/SA221S29	SES085	0.188163	-6.81249	-7.00066
BLOCK22/SES221/SA221S29	SES143	-1.09811	-8.09877	-7.00066
BLOCK22/SES221/SA221S29	SES175	-0.442477	-7.44313	-7.00066
BLOCK22/SES221/SA221S29	SES187	-1.05646	-8.05712	-7.00066
BLOCK22/SES223/SA223S11	SES143	-1.06356	-8.80992	-7.74637
BLOCK22/SES223/SA223S11	SES144	-1.62876	-9.37512	-7.74637
BLOCK22/SES223/SA223S11	SES175	-0.528125	-8.27449	-7.74637
BLOCK22/SES223/SA223S11	SES187	-1.14998	-8.89635	-7.74637
BLOCK22/SES223/SA223S13	SES068	0.272214	-7.47269	-7.7449
BLOCK22/SES223/SA223S13	SES143	-1.29624	-9.04114	-7.7449
BLOCK22/SES223/SA223S13	SES146	-0.902588	-8.64749	-7.7449
BLOCK22/SES223/SA223S13	SES202	-0.935664	-8.68056	-7.7449
BLOCK22/SES223/SA223S22	SES143	-0.501529	-7.92877	-7.42724
BLOCK22/SES223/SA223S22	SES144	-1.43399	-8.86123	-7.42724
BLOCK22/SES223/SA223S22	SES175	-0.262681	-7.68992	-7.42724
BLOCK22/SES223/SA223S22	SES187	-1.19035	-8.61759	-7.42724
BLOCK22/SES223/SA223S25	SES068	-0.682189	-8.08872	-7.40653
BLOCK22/SES223/SA223S25	SES143	-0.967997	-8.37453	-7.40653
BLOCK22/SES223/SA223S25	SES175	-0.453679	-7.86021	-7.40653
BLOCK22/SES223/SA223S25	SES187	-1.34567	-8.75219	-7.40653
BLOCK22/SES223/SA223S27	SES143	-0.687278	-8.75072	-8.06344
BLOCK22/SES223/SA223S27	SES146	-1.44891	-9.51235	-8.06344
BLOCK22/SES223/SA223S27	SES187	-1.18118	-9.24463	-8.06344
BLOCK22/SES223/SA223S27	SES292	-0.53167	-8.59511	-8.06344
BLOCK27/SES273/SA273S12	SES099	-0.0756369	-7.61359	-7.53795
BLOCK27/SES273/SA273S12	SES104	0.27384	-7.26411	-7.53795
BLOCK27/SES273/SA273S12	SES125	-0.270126	-7.80808	-7.53795
BLOCK27/SES273/SA273S12	SES206	0.01296	-7.52499	-7.53795
BLOCK27/SES273/SA273S13	SES099	-1.03399	-8.03792	-7.00393
BLOCK27/SES273/SA273S13	SES104	0.17436	-6.82957	-7.00393
BLOCK27/SES273/SA273S13	SES206	-1.1111	-8.11502	-7.00393
BLOCK27/SES273/SA273S13	SES292	-0.756942	-7.76087	-7.00393
BLOCK27/SES273/SA273S21	SES099	-0.698989	-8.57186	-7.87288
BLOCK27/SES273/SA273S21	SES148	-1.61986	-9.49274	-7.87288
BLOCK27/SES273/SA273S21	SES149	-1.70023	-9.5731	-7.87288
BLOCK27/SES273/SA273S21	SES177	-1.73162	-9.60449	-7.87288
BLOCK27/SES273/SA273S25	SES104	0.0539446	-8.04316	-8.0971
BLOCK27/SES273/SA273S25	SES125	-0.583997	-8.6811	-8.0971
BLOCK27/SES273/SA273S25	SES158	0.158659	-7.93844	-8.0971
BLOCK27/SES273/SA273S25	SES206	-0.508938	-8.60604	-8.0971
BLOCK27/SES273/SA273S27	SES099	-0.560527	-7.06299	-6.50246
BLOCK27/SES273/SA273S27	SES104	-0.518648	-7.02111	-6.50246
BLOCK27/SES273/SA273S27	SES149	-1.10609	-7.60855	-6.50246
BLOCK27/SES273/SA273S27	SES275	-1.04276	-7.54522	-6.50246
BLOCK27/SES274/SA274S10	SES105	-1.55187	-8.23854	-6.68667
BLOCK27/SES274/SA274S10	SES125	-1.58783	-8.2745	-6.68667
BLOCK27/SES274/SA274S10	SES129	-0.137995	-6.82467	-6.68667
BLOCK27/SES274/SA274S10	SES158	-3.93861	-10.6253	-6.68667
BLOCK27/SES274/SA274S11	SES105	-0.952786	-7.62511	-6.67232
BLOCK27/SES274/SA274S11	SES149	-0.609241	-7.28157	-6.67232
BLOCK27/SES274/SA274S11	SES158	-1.42533	-8.09765	-6.67232
BLOCK27/SES274/SA274S11	SES275	-0.0840964	-6.75642	-6.67232
BLOCK27/SES274/SA274S21	SES105	-1.24778	-8.05688	-6.8091
BLOCK27/SES274/SA274S21	SES129	-0.078413	-6.88751	-6.8091
BLOCK27/SES274/SA274S21	SES149	-1.74422	-8.55332	-6.8091
BLOCK27/SES274/SA274S21	SES158	-3.51341	-10.3225	-6.8091
BLOCK27/SES274/SA274S24	SES105	-1.58432	-9.26778	-7.68347
BLOCK27/SES274/SA274S24	SES129	0.395039	-7.28843	-7.68347
BLOCK27/SES274/SA274S24	SES149	-2.32162	-10.0051	-7.68347
BLOCK27/SES274/SA274S24	SES158	-4.52835	-12.2118	-7.68347
BLOCK27/SES274/SA274S29	SES105	-1.37938	-8.59895	-7.21957
BLOCK27/SES274/SA274S29	SES106	-1.73243	-8.952	-7.21957
BLOCK27/SES274/SA274S29	SES120	-1.05177	-8.27135	-7.21957
BLOCK27/SES274/SA274S29	SES275	-0.532711	-7.75228	-7.21957
BLOCK27/SES276/SA276S16	SES148	-0.223771	-7.38986	-7.16609
BLOCK27/SES276/SA276S16	SES172	0.130229	-7.03586	-7.16609
BLOCK27/SES276/SA276S16	SES180	-0.430093	-7.59618	-7.16609
BLOCK27/SES276/SA276S16	SES292	-0.436096	-7.60218	-7.16609
BLOCK27/SES276/SA276S17	SES101	-0.764644	-8.34843	-7.58379
BLOCK27/SES276/SA276S17	SES177	-1.48218	-9.06597	-7.58379
BLOCK27/SES276/SA276S17	SES180	-1.27162	-8.8554	-7.58379
BLOCK27/SES276/SA276S17	SES292	-0.854003	-8.43779	-7.58379
BLOCK27/SES276/SA276S24	SES101	-0.573959	-7.17478	-6.60082
BLOCK27/SES276/SA276S24	SES177	-0.85437	-7.45519	-6.60082
BLOCK27/SES276/SA276S24	SES180	-1.20159	-7.80241	-6.60082
BLOCK27/SES276/SA276S24	SES292	-1.25948	-7.86029	-6.60082
BLOCK27/SES276/SA276S26	SES101	-0.57464	-7.40932	-6.83468
BLOCK27/SES276/SA276S26	SES177	-0.993478	-7.82816	-6.83468
BLOCK27/SES276/SA276S26	SES180	-0.733901	-7.56859	-6.83468
BLOCK27/SES276/SA276S26	SES292	-0.115697	-6.95038	-6.83468
BLOCK27/SES276/SA276S28	SES101	-0.411122	-7.34906	-6.93794
BLOCK27/SES276/SA276S28	SES177	-1.1574	-8.09534	-6.93794
BLOCK27/SES276/SA276S28	SES180	-0.185917	-7.12385	-6.93794
BLOCK27/SES276/SA276S28	SES292	-0.552907	-7.49085	-6.93794
BLOCK27/SES277/SA277S12	SES101	-0.086854	-8.79133	-8.70447
BLOCK27/SES277/SA277S12	SES177	-1.65748	-10.362	-8.70447
BLOCK27/SES277/SA277S12	SES180	-1.75766	-10.4621	-8.70447
BLOCK27/SES277/SA277S12	SES292	-1.32604	-10.0305	-8.70447
BLOCK27/SES277/SA277S14	SES177	-0.622123	-9.51714	-8.89502
BLOCK27/SES277/SA277S14	SES180	-1.58154	-10.4766	-8.89502
BLOCK27/SES277/SA277S14	SES189	0.0768118	-8.81821	-8.89502
BLOCK27/SES277/SA277S14	SES292	-1.8061	-10.7011	-8.89502
BLOCK27/SES277/SA277S21	SES177	-0.215168	-9.08533	-8.87016
BLOCK27/SES277/SA277S21	SES180	-0.841988	-9.71215	-8.87016
BLOCK27/SES277/SA277S21	SES189	0.0563831	-8.81378	-8.87016
BLOCK27/SES277/SA277S21	SES292	-2.22374	-11.0939	-8.87016
BLOCK27/SES277/SA277S24	SES144	0.049633	-9.16086	-9.2105
BLOCK27/SES277/SA277S24	SES177	-0.601705	-9.8122	-9.2105
BLOCK27/SES277/SA277S24	SES180	-2.34737	-11.5579	-9.2105
BLOCK27/SES277/SA277S24	SES189	0.351509	-8.85899	-9.2105
BLOCK27/SES277/SA277S29	SES177	-0.477361	-7.02238	-6.54502
BLOCK27/SES277/SA277S29	SES180	-0.688021	-7.23304	-6.54502
BLOCK27/SES277/SA277S29	SES202	-0.127929	-6.67295	-6.54502
BLOCK27/SES277/SA277S29	SES292	-1.28934	-7.83435	-6.54502
BLOCK27/SES279/SA279S09	SES120	-1.0141	-7.7979	-6.78379
BLOCK27/SES279/SA279S09	SES146	-1.18268	-7.96647	-6.78379
BLOCK27/SES279/SA279S09	SES206	-0.511581	-7.29538	-6.78379
BLOCK27/SES279/SA279S09	SES226	-0.947937	-7.73173	-6.78379
BLOCK27/SES279/SA279S10	SES099	-1.07193	-8.54352	-7.47158
BLOCK27/SES279/SA279S10	SES206	-1.34635	-8.81793	-7.47158
BLOCK27/SES279/SA279S10	SES226	-1.72459	-9.19617	-7.47158
BLOCK27/SES279/SA279S10	SES292	-0.146013	-7.6176	-7.47158
BLOCK27/SES279/SA279S20	SES099	-1.27124	-8.99658	-7.72533
BLOCK27/SES279/SA279S20	SES206	-0.66859	-8.39392	-7.72533
BLOCK27/SES279/SA279S20	SES226	-1.76706	-9.4924	-7.72533
BLOCK27/SES279/SA279S20	SES292	-0.207112	-7.93245	-7.72533
BLOCK27/SES279/SA279S26	SES099	-0.305661	-8.80871	-8.50305
BLOCK27/SES279/SA279S26	SES206	-0.464894	-8.96794	-8.50305
BLOCK27/SES279/SA279S26	SES226	-0.994753	-9.4978	-8.50305
BLOCK27/SES279/SA279S26	SES292	0.565051	-7.93799	-8.50305
BLOCK27/SES279/SA279S28	SES099	-0.577289	-7.26587	-6.68859
BLOCK27/SES279/SA279S28	SES120	-0.818161	-7.50675	-6.68859
BLOCK27/SES279/SA279S28	SES177	-2.02379	-8.71237	-6.68859
BLOCK27/SES279/SA279S28	SES206	-0.790675	-7.47926	-6.68859
BLOCK29/SES290/SA290S12	SES162	-0.254314	-6.07867	-5.82436
BLOCK29/SES290/SA290S12	SES177	-0.453832	-6.27819	-5.82436
BLOCK29/SES290/SA290S12	SES180	-0.661868	-6.48622	-5.82436
BLOCK29/SES290/SA290S12	SES292	-0.856004	-6.68036	-5.82436
BLOCK29/SES290/SA290S13	SES007	0.215458	-6.28817	-6.50363
BLOCK29/SES290/SA290S13	SES162	-1.39178	-7.89541	-6.50363
BLOCK29/SES290/SA290S13	SES177	-0.883421	-7.38705	-6.50363
BLOCK29/SES290/SA290S13	SES180	-0.318227	-6.82185	-6.50363
BLOCK29/SES290/SA290S22	SES177	-0.781248	-7.48018	-6.69894
BLOCK29/SES290/SA290S22	SES180	-0.642877	-7.34181	-6.69894
BLOCK29/SES290/SA290S22	SES202	-0.390263	-7.0892	-6.69894
BLOCK29/SES290/SA290S22	SES292	-0.447859	-7.1468	-6.69894
BLOCK29/SES290/SA290S25	SES162	-0.771652	-7.25419	-6.48254
BLOCK29/SES290/SA290S25	SES177	-0.969035	-7.45158	-6.48254
BLOCK29/SES290/SA290S25	SES180	-0.891452	-7.37399	-6.48254
BLOCK29/SES290/SA290S25	SES292	-0.578773	-7.06132	-6.48254
BLOCK29/SES290/SA290S29	SES177	-0.425451	-6.79355	-6.3681
BLOCK29/SES290/SA290S29	SES180	0.152334	-6.21577	-6.3681
BLOCK29/SES290/SA290S29	SES275	-0.391693	-6.75979	-6.3681
BLOCK29/SES290/SA290S29	SES292	-0.333529	-6.70163	-6.3681
BLOCK29/SES291/SA291S11	SES105	-1.5095	-9.63283	-8.12333
BLOCK29/SES291/SA291S11	SES125	-0.781042	-8.90437	-8.12333
BLOCK29/SES291/SA291S11	SES158	-0.321132	-8.44446	-8.12333
BLOCK29/SES291/SA291S11	SES275	-0.750044	-8.87337	-8.12333
BLOCK29/SES291/SA291S12	SES158	0.385912	-7.25796	-7.64387
BLOCK29/SES291/SA291S12	SES226	-0.805683	-8.44955	-7.64387
BLOCK29/SES291/SA291S12	SES270	-0.269691	-7.91356	-7.64387
BLOCK29/SES291/SA291S12	SES275	-1.8568	-9.50067	-7.64387
BLOCK29/SES291/SA291S22	SES082	-0.58441	-8.32677	-7.74235
BLOCK29/SES291/SA291S22	SES158	-0.121835	-7.86419	-7.74235
BLOCK29/SES291/SA291S22	SES259	-0.765271	-8.50763	-7.74235
BLOCK29/SES291/SA291S22	SES275	-1.17948	-8.92184	-7.74235
BLOCK29/SES291/SA291S24	SES104	0.246575	-6.97443	-7.221
BLOCK29/SES291/SA291S24	SES125	-0.182872	-7.40387	-7.221
BLOCK29/SES291/SA291S24	SES158	-0.263658	-7.48466	-7.221
BLOCK29/SES291/SA291S24	SES275	-1.29031	-8.51131	-7.221
BLOCK29/SES291/SA291S27	SES158	0.127755	-6.99409	-7.12184
BLOCK29/SES291/SA291S27	SES172	-2.02726	-9.1491	-7.12184
BLOCK29/SES291/SA291S27	SES275	-1.38361	-8.50545	-7.12184
BLOCK29/SES291/SA291S27	SES292	-0.296512	-7.41835	-7.12184
