BLOCK00/SES002/SA002S12	SES002	1.59146	21.0936	19.5021
BLOCK00/SES002/SA002S13	SES002	2.15514	18.34	16.1849
BLOCK00/SES002/SA002S23	SES002	1.63857	19.8276	18.189
BLOCK00/SES002/SA002S26	SES002	1.64524	19.4126	17.7674
BLOCK00/SES002/SA002S28	SES002	0.61799	20.9478	20.3298
BLOCK00/SES007/SA007S14	SES007	0.51449	23.0165	22.502
BLOCK00/SES007/SA007S15	SES007	0.248051	22.1224	21.8743
BLOCK00/SES007/SA007S24	SES007	0.486219	22.0297	21.5435
BLOCK00/SES007/SA007S27	SES007	0.540724	21.1342	20.5935
BLOCK00/SES007/SA007S29	SES007	0.0399075	23.8035	23.7636
BLOCK00/SES008/SA008S11	SES008	1.63111	21.773	20.1419
BLOCK00/SES008/SA008S12	SES008	0.0108166	21.2607	21.2498
BLOCK00/SES008/SA008S19	SES008	1.92192	24.1362	22.2142
BLOCK00/SES008/SA008S22	SES008	0.622389	20.3368	19.7144
BLOCK00/SES008/SA008S29	SES008	1.75086	23.3779	21.627
BLOCK01/SES014/SA014S10	SES014	1.9687	21.6078	19.6391
BLOCK01/SES014/SA014S12	SES014	2.27057	25.3556	23.085
BLOCK01/SES014/SA014S24	SES014	0.660614	21.2005	20.5398
BLOCK01/SES014/SA014S26	SES014	2.11137	25.5443	23.4329
BLOCK01/SES014/SA014S28	SES014	3.92255	25.5005	21.578
BLOCK01/SES016/SA016S12	SES016	2.02976	18.8253	16.7955
BLOCK01/SES016/SA016S13	SES016	1.52076	21.4073	19.8866
BLOCK01/SES016/SA016S22	SES016	2.24742	23.3381	21.0906
BLOCK01/SES016/SA016S25	SES016	2.37847	25.8539	23.4754
BLOCK01/SES016/SA016S27	SES016	1.31653	22.6034	21.2869
BLOCK01/SES019/SA019S13	SES019	4.2921	20.6316	16.3395
BLOCK01/SES019/SA019S14	SES019	1.79171	20.5108	18.719
BLOCK01/SES019/SA019S22	SES019	3.99307	21.2438	17.2507
BLOCK01/SES019/SA019S25	SES019	3.21462	20.1721	16.9574
BLOCK01/SES019/SA019S29	SES019	4.4821	20.5338	16.0517
BLOCK02/SES029/SA029S11	SES029	1.26614	24.672	23.4059
BLOCK02/SES029/SA029S12	SES029	1.04674	23.7408	22.6941
BLOCK02/SES029/SA029S20	SES029	1.01154	24.2329	23.2214
BLOCK02/SES029/SA029S25	SES029	1.1714	22.6747	21.5033
BLOCK02/SES029/SA029S28	SES029	0.0328388	23.0187	22.9858
BLOCK04/SES042/SA042S12	SES042	2.36521	22.4111	20.0459
BLOCK04/SES042/SA042S15	SES042	2.22547	24.4249	22.1995
BLOCK04/SES042/SA042S22	SES042	2.48963	23.7169	21.2273
BLOCK04/SES042/SA042S25	SES042	1.02259	21.0861	20.0635
BLOCK04/SES042/SA042S27	SES042	0.976652	22.1677	21.1911
BLOCK04/SES048/SA048S11	SES048	1.21037	24.0599	22.8495
BLOCK04/SES048/SA048S12	SES048	0.303225	21.9153	21.612
BLOCK04/SES048/SA048S20	SES048	0.0725307	24.2516	24.1791
BLOCK04/SES048/SA048S23	SES048	1.18809	22.4994	21.3114
BLOCK04/SES048/SA048S27	SES048	0.828285	25.1839	24.3556
BLOCK06/SES060/SA060S11	SES060	1.82688	22.5323	20.7054
BLOCK06/SES060/SA060S12	SES060	0.460459	21.8034	21.3429
BLOCK06/SES060/SA060S22	SES060	-1.61226	20.2687	21.881
BLOCK06/SES060/SA060S24	SES060	1.84279	25.2883	23.4455
BLOCK06/SES060/SA060S28	SES060	0.620724	24.6901	24.0693
BLOCK06/SES062/SA062S10	SES062	-0.0788593	21.6091	21.688
BLOCK06/SES062/SA062S11	SES062	1.07615	22.923	21.8469
BLOCK06/SES062/SA062S21	SES062	1.50069	26.9202	25.4195
BLOCK06/SES062/SA062S26	SES062	1.16671	24.5288	23.3621
BLOCK06/SES062/SA062S29	SES062	1.7082	25.346	23.6378
BLOCK06/SES068/SA068S14	SES068	0.274151	21.6093	21.3352
BLOCK06/SES068/SA068S15	SES068	1.16992	23.7396	22.5697
BLOCK06/SES068/SA068S23	SES068	1.31132	23.2335	21.9222
BLOCK06/SES068/SA068S27	SES068	2.20548	21.1261	18.9207
BLOCK06/SES068/SA068S29	SES068	1.19337	23.3077	22.1143
BLOCK08/SES082/SA082S12	SES082	0.239141	19.7777	19.5386
BLOCK08/SES082/SA082S14	SES082	0.279528	18.2743	17.9948
BLOCK08/SES082/SA082S21	SES082	0.683926	20.1505	19.4666
BLOCK08/SES082/SA082S24	SES082	0.488497	19.5592	19.0708
BLOCK08/SES082/SA082S28	SES082	1.60351	20.2033	18.5998
BLOCK08/SES083/SA083S14	SES083	0.0344086	23.5522	23.5178
BLOCK08/SES083/SA083S15	SES083	1.14256	23.474	22.3314
BLOCK08/SES083/SA083S24	SES083	0.840807	22.6057	21.7649
BLOCK08/SES083/SA083S26	SES083	0.400898	21.5717	21.1708
BLOCK08/SES083/SA083S29	SES083	0.0516472	22.6597	22.6081
BLOCK08/SES085/SA085S10	SES085	0.379467	24.4953	24.1159
BLOCK08/SES085/SA085S13	SES085	0.121008	21.5802	21.4592
BLOCK08/SES085/SA085S22	SES085	-0.135256	20.5647	20.6999
BLOCK08/SES085/SA085S26	SES085	0.00406075	22.2377	22.2336
BLOCK08/SES085/SA085S28	SES085	1.56651	25.7618	24.1953
BLOCK08/SES087/SA087S15	SES087	1.29867	23.383	22.0844
BLOCK08/SES087/SA087S16	SES087	1.54968	20.4821	18.9324
BLOCK08/SES087/SA087S24	SES087	1.25188	22.069	20.8171
BLOCK08/SES087/SA087S26	SES087	0.288113	23.4751	23.187
BLOCK08/SES087/SA087S29	SES087	1.42939	23.8556	22.4262
BLOCK09/SES099/SA099S15	SES099	1.35238	20.5239	19.1715
BLOCK09/SES099/SA099S16	SES099	1.2158	20.3075	19.0917
BLOCK09/SES099/SA099S24	SES099	1.67602	22.1122	20.4361
BLOCK09/SES099/SA099S26	SES099	0.887676	21.9782	21.0905
BLOCK09/SES099/SA099S29	SES099	1.44104	21.4853	20.0443
BLOCK10/SES101/SA101S11	SES101	0.899324	22.4326	21.5333
BLOCK10/SES101/SA101S13	SES101	1.2527	25.0363	23.7836
BLOCK10/SES101/SA101S22	SES101	1.24682	19.8133	18.5665
BLOCK10/SES101/SA101S24	SES101	2.3777	22.1207	19.743
BLOCK10/SES101/SA101S28	SES101	0.880627	22.2819	21.4013
BLOCK10/SES104/SA104S11	SES104	2.2741	24.2563	21.9822
BLOCK10/SES104/SA104S12	SES104	1.79243	23.7319	21.9395
BLOCK10/SES104/SA104S21	SES104	2.35918	21.8396	19.4805
BLOCK10/SES104/SA104S24	SES104	1.37771	21.3401	19.9624
BLOCK10/SES104/SA104S28	SES104	1.22001	21.3372	20.1172
BLOCK10/SES105/SA105S12	SES105	0.342342	20.2447	19.9023
BLOCK10/SES105/SA105S13	SES105	0.87405	22.3745	21.5005
BLOCK10/SES105/SA105S22	SES105	0.401522	19.8705	19.469
BLOCK10/SES105/SA105S26	SES105	1.58951	22.2065	20.617
BLOCK10/SES105/SA105S29	SES105	0.991528	22.1025	21.1109
BLOCK10/SES106/SA106S09	SES106	0.925673	19.6487	18.7231
BLOCK10/SES106/SA106S11	SES106	0.913754	21.5844	20.6707
BLOCK10/SES106/SA106S22	SES106	3.92946	19.1901	15.2606
BLOCK10/SES106/SA106S27	SES106	0.754591	22.1044	21.3498
BLOCK10/SES106/SA106S29	SES106	0.0556564	22.6946	22.6389
BLOCK11/SES117/SA117S12	SES117	1.30682	22.1082	20.8013
BLOCK11/SES117/SA117S13	SES117	0.552799	23.4868	22.934
BLOCK11/SES117/SA117S23	SES117	1.41917	20.3262	18.907
BLOCK11/SES117/SA117S25	SES117	1.42004	19.8834	18.4634
BLOCK11/SES117/SA117S28	SES117	1.4456	20.6931	19.2475
BLOCK12/SES120/SA120S08	SES120	0.634619	20.1133	19.4787
BLOCK12/SES120/SA120S11	SES120	1.20795	17.6381	16.4302
BLOCK12/SES120/SA120S22	SES120	-0.281773	21.7087	21.9905
BLOCK12/SES120/SA120S24	SES120	-0.17145	19.4266	19.598
BLOCK12/SES120/SA120S28	SES120	-1.72219	18.4782	20.2004
BLOCK12/SES125/SA125S13	SES125	1.85709	23.1315	21.2744
BLOCK12/SES125/SA125S14	SES125	1.09593	20.8742	19.7783
BLOCK12/SES125/SA125S25	SES125	2.286	21.3999	19.1139
BLOCK12/SES125/SA125S27	SES125	2.15703	24.0533	21.8963
BLOCK12/SES125/SA125S29	SES125	1.65661	21.9888	20.3322
BLOCK12/SES127/SA127S11	SES127	0.149868	21.8516	21.7017
BLOCK12/SES127/SA127S12	SES127	-0.641293	25.3218	25.963
BLOCK12/SES127/SA127S23	SES127	0.261234	22.5384	22.2772
BLOCK12/SES127/SA127S25	SES127	-0.262741	21.1686	21.4313
BLOCK12/SES127/SA127S27	SES127	1.42029	21.3792	19.9589
BLOCK12/SES129/SA129S11	SES129	1.96576	25.639	23.6733
BLOCK12/SES129/SA129S12	SES129	1.41361	23.3001	21.8865
BLOCK12/SES129/SA129S22	SES129	1.41679	22.6852	21.2684
BLOCK12/SES129/SA129S27	SES129	2.1225	24.0598	21.9373
BLOCK12/SES129/SA129S29	SES129	1.56931	23.8896	22.3203
BLOCK14/SES142/SA142S11	SES142	0.81369	20.5937	19.7801
BLOCK14/SES142/SA142S12	SES142	0.708704	22.1678	21.4591
BLOCK14/SES142/SA142S24	SES142	1.08419	21.9312	20.847
BLOCK14/SES142/SA142S27	SES142	1.06069	23.2189	22.1582
BLOCK14/SES142/SA142S29	SES142	0.897139	23.8475	22.9504
BLOCK14/SES143/SA143S12	SES143	1.11208	22.4004	21.2884
BLOCK14/SES143/SA143S13	SES143	0.661108	22.0082	21.347
BLOCK14/SES143/SA143S23	SES143	1.02066	22.7464	21.7257
BLOCK14/SES143/SA143S25	SES143	1.15069	23.4782	22.3275
BLOCK14/SES143/SA143S28	SES143	0.826235	22.0521	21.2258
BLOCK14/SES144/SA144S09	SES144	0.574217	23.2526	22.6784
BLOCK14/SES144/SA144S11	SES144	0.693851	22.6118	21.9179
BLOCK14/SES144/SA144S21	SES144	-0.425667	20.3134	20.739
BLOCK14/SES144/SA144S25	SES144	0.0236473	22.9009	22.8772
BLOCK14/SES144/SA144S29	SES144	-0.0136032	20.6868	20.7004
BLOCK14/SES146/SA146S14	SES146	-0.0154114	20.8119	20.8274
BLOCK14/SES146/SA146S15	SES146	0.305552	21.4134	21.1079
BLOCK14/SES146/SA146S24	SES146	0.710369	20.5604	19.85
BLOCK14/SES146/SA146S26	SES146	1.81409	21.4488	19.6347
BLOCK14/SES146/SA146S29	SES146	0.300945	19.9176	19.6167
BLOCK14/SES147/SA147S11	SES147	1.26057	23.0991	21.8385
BLOCK14/SES147/SA147S13	SES147	1.18715	25.3402	24.1531
BLOCK14/SES147/SA147S23	SES147	-0.187138	20.993	21.1801
BLOCK14/SES147/SA147S26	SES147	0.43108	20.6093	20.1783
BLOCK14/SES147/SA147S28	SES147	0.108381	22.5691	22.4607
BLOCK14/SES148/SA148S10	SES148	0.517788	24.9941	24.4763
BLOCK14/SES148/SA148S12	SES148	0.687014	21.7503	21.0633
BLOCK14/SES148/SA148S22	SES148	1.37539	25.289	23.9136
BLOCK14/SES148/SA148S26	SES148	1.03248	24.5082	23.4757
BLOCK14/SES148/SA148S29	SES148	0.261604	23.6483	23.3867
BLOCK14/SES149/SA149S13	SES149	0.0250721	20.5777	20.5526
BLOCK14/SES149/SA149S14	SES149	0.424274	23.1746	22.7504
BLOCK14/SES149/SA149S24	SES149	1.32125	23.156	21.8347
BLOCK14/SES149/SA149S26	SES149	1.7979	24.7182	22.9203
BLOCK14/SES149/SA149S28	SES149	2.16646	24.4897	22.3233
BLOCK15/SES158/SA158S13	SES158	0.787994	20.2334	19.4454
BLOCK15/SES158/SA158S14	SES158	2.95678	20.5648	17.608
BLOCK15/SES158/SA158S23	SES158	1.4618	21.5202	20.0584
BLOCK15/SES158/SA158S26	SES158	2.50342	18.6938	16.1904
BLOCK15/SES158/SA158S28	SES158	0.84449	20.006	19.1615
BLOCK16/SES162/SA162S10	SES162	0.60931	20.7974	20.1881
BLOCK16/SES162/SA162S11	SES162	1.09091	23.1774	22.0865
BLOCK16/SES162/SA162S21	SES162	2.12028	22.2391	20.1188
BLOCK16/SES162/SA162S24	SES162	0.587456	21.8818	21.2943
BLOCK16/SES162/SA162S27	SES162	2.08335	20.6011	18.5177
BLOCK16/SES167/SA167S14	SES167	0.714174	24.8698	24.1556
BLOCK16/SES167/SA167S15	SES167	0.782532	24.4567	23.6742
BLOCK16/SES167/SA167S21	SES167	1.18027	26.4855	25.3053
BLOCK16/SES167/SA167S25	SES167	1.78508	26.5733	24.7882
BLOCK16/SES167/SA167S29	SES167	2.04953	27.3979	25.3484
BLOCK17/SES172/SA172S12	SES172	0.979727	20.0001	19.0204
BLOCK17/SES172/SA172S13	SES172	1.11513	20.9625	19.8474
BLOCK17/SES172/SA172S23	SES172	1.17054	22.513	21.3425
BLOCK17/SES172/SA172S27	SES172	0.714157	20.6677	19.9535
BLOCK17/SES172/SA172S29	SES172	1.46189	21.4631	20.0012
BLOCK17/SES175/SA175S11	SES175	0.503092	22.6325	22.1294
BLOCK17/SES175/SA175S13	SES175	0.65151	25.0706	24.4191
BLOCK17/SES175/SA175S23	SES175	0.156553	23.6738	23.5173
BLOCK17/SES175/SA175S25	SES175	0.533655	20.9895	20.4558
BLOCK17/SES175/SA175S28	SES175	-0.0415478	22.9293	22.9708
BLOCK17/SES177/SA177S15	SES177	0.636221	22.5196	21.8834
BLOCK17/SES177/SA177S17	SES177	0.202328	21.1625	20.9601
BLOCK17/SES177/SA177S23	SES177	-0.115816	21.0864	21.2022
BLOCK17/SES177/SA177S26	SES177	1.17794	26.1127	24.9348
BLOCK17/SES177/SA177S28	SES177	0.948828	21.8671	20.9183
BLOCK18/SES180/SA180S13	SES180	-0.556763	21.1091	21.6659
BLOCK18/SES180/SA180S15	SES180	0.0119362	21.244	21.232
BLOCK18/SES180/SA180S24	SES180	0.691088	23.5512	22.8601
BLOCK18/SES180/SA180S26	SES180	1.72785	22.619	20.8911
BLOCK18/SES180/SA180S29	SES180	1.03624	24.2135	23.1772
BLOCK18/SES183/SA183S13	SES183	1.51488	22.2829	20.7681
BLOCK18/SES183/SA183S14	SES183	0.419247	21.5229	21.1037
BLOCK18/SES183/SA183S24	SES183	1.86975	20.5051	18.6354
BLOCK18/SES183/SA183S27	SES183	1.46288	22.5422	21.0793
BLOCK18/SES183/SA183S29	SES183	1.14206	22.0215	20.8795
BLOCK18/SES187/SA187S13	SES187	0.360689	20.3385	19.9778
BLOCK18/SES187/SA187S14	SES187	-0.0543518	20.5154	20.5697
BLOCK18/SES187/SA187S24	SES187	1.39627	21.0126	19.6163
BLOCK18/SES187/SA187S27	SES187	1.80334	21.2972	19.4939
BLOCK18/SES187/SA187S29	SES187	0.591261	19.5706	18.9794
BLOCK18/SES189/SA189S10	SES189	1.25172	21.5156	20.2639
BLOCK18/SES189/SA189S13	SES189	1.21723	20.1185	18.9012
BLOCK18/SES189/SA189S24	SES189	0.575634	23.8278	23.2521
BLOCK18/SES189/SA189S26	SES189	0.60078	23.9635	23.3627
BLOCK18/SES189/SA189S29	SES189	1.70669	23.4577	21.751
BLOCK20/SES202/SA202S12	SES202	1.05694	23.9643	22.9074
BLOCK20/SES202/SA202S14	SES202	1.72479	23.6874	21.9626
BLOCK20/SES202/SA202S24	SES202	1.09532	22.8149	21.7195
BLOCK20/SES202/SA202S27	SES202	1.24349	24.0201	22.7766
BLOCK20/SES202/SA202S29	SES202	1.48961	23.7057	22.2161
BLOCK20/SES206/SA206S15	SES206	-0.433954	21.7162	22.1502
BLOCK20/SES206/SA206S17	SES206	1.26505	21.3301	20.065
BLOCK20/SES206/SA206S24	SES206	2.73608	24.2336	21.4975
BLOCK20/SES206/SA206S27	SES206	2.23292	21.8238	19.5909
BLOCK20/SES206/SA206S29	SES206	2.27835	24.8489	22.5705
BLOCK22/SES226/SA226S12	SES226	0.781681	20.08	19.2983
BLOCK22/SES226/SA226S13	SES226	0.128075	20.0509	19.9229
BLOCK22/SES226/SA226S20	SES226	1.43023	20.9063	19.476
BLOCK22/SES226/SA226S23	SES226	2.12678	23.4471	21.3203
BLOCK22/SES226/SA226S28	SES226	2.01874	23.385	21.3663
BLOCK25/SES259/SA259S13	SES259	3.4315	24.4143	20.9828
BLOCK25/SES259/SA259S14	SES259	2.06394	23.8469	21.783
BLOCK25/SES259/SA259S22	SES259	1.52448	24.1918	22.6673
BLOCK25/SES259/SA259S24	SES259	1.43231	23.2571	21.8248
BLOCK25/SES259/SA259S28	SES259	2.90729	23.284	20.3767
BLOCK27/SES270/SA270S14	SES270	2.92736	18.1459	15.2185
BLOCK27/SES270/SA270S16	SES270	0.728125	19.2161	18.488
BLOCK27/SES270/SA270S22	SES270	3.65108	20.4435	16.7924
BLOCK27/SES270/SA270S26	SES270	1.62568	18.4767	16.851
BLOCK27/SES270/SA270S28	SES270	1.65371	19.2425	17.5888
BLOCK27/SES275/SA275S17	SES275	0.982977	22.7702	21.7872
BLOCK27/SES275/SA275S18	SES275	-0.127159	20.9398	21.067
BLOCK27/SES275/SA275S24	SES275	0.889439	20.2554	19.3659
BLOCK27/SES275/SA275S26	SES275	1.19156	22.3742	21.1827
BLOCK27/SES275/SA275S28	SES275	1.09051	22.5006	21.4101
BLOCK29/SES292/SA292S10	SES292	0.331793	23.7005	23.3687
BLOCK29/SES292/SA292S12	SES292	-0.353928	20.2176	20.5716
BLOCK29/SES292/SA292S22	SES292	0.563068	23.8083	23.2452
BLOCK29/SES292/SA292S24	SES292	0.433237	23.0638	22.6305
BLOCK29/SES292/SA292S27	SES292	0.0483112	22.2621	22.2138
BLOCK00/SES001/SA001S14	SES062	-3.0121	18.3311	21.3432
BLOCK00/SES001/SA001S14	SES082	-1.27113	20.0721	21.3432
BLOCK00/SES001/SA001S14	SES106	-1.50691	19.8363	21.3432
BLOCK00/SES001/SA001S14	SES206	-1.68836	19.6549	21.3432
BLOCK00/SES001/SA001S15	SES062	-1.80225	20.6692	22.4714
BLOCK00/SES001/SA001S15	SES104	-1.90307	20.5684	22.4714
BLOCK00/SES001/SA001S15	SES106	-1.8231	20.6483	22.4714
BLOCK00/SES001/SA001S15	SES206	-1.66616	20.8053	22.4714
BLOCK00/SES001/SA001S24	SES062	-3.39762	16.7394	20.137
BLOCK00/SES001/SA001S24	SES082	0.124142	20.2611	20.137
BLOCK00/SES001/SA001S24	SES087	-1.20289	18.9341	20.137
BLOCK00/SES001/SA001S24	SES206	-0.189909	19.9471	20.137
BLOCK00/SES001/SA001S27	SES062	-1.76838	22.053	23.8214
BLOCK00/SES001/SA001S27	SES082	-0.788511	23.0329	23.8214
BLOCK00/SES001/SA001S27	SES087	-0.166513	23.6549	23.8214
BLOCK00/SES001/SA001S27	SES206	-0.563553	23.2578	23.8214
BLOCK00/SES001/SA001S29	SES062	-2.95298	17.7683	20.7213
BLOCK00/SES001/SA001S29	SES082	-0.796991	19.9243	20.7213
BLOCK00/SES001/SA001S29	SES158	-1.00105	19.7203	20.7213
BLOCK00/SES001/SA001S29	SES206	-1.54799	19.1733	20.7213
BLOCK00/SES003/SA003S11	SES002	-0.603643	17.992	18.5956
BLOCK00/SES003/SA003S11	SES019	-1.81252	16.7831	18.5956
BLOCK00/SES003/SA003S11	SES082	-1.21425	17.3814	18.5956
BLOCK00/SES003/SA003S11	SES125	-1.34345	17.2522	18.5956
BLOCK00/SES003/SA003S15	SES016	-2.54332	19.9677	22.5111
BLOCK00/SES003/SA003S15	SES019	-2.59024	19.9208	22.5111
BLOCK00/SES003/SA003S15	SES062	-1.54022	20.9708	22.5111
BLOCK00/SES003/SA003S15	SES206	-2.52022	19.9908	22.5111
BLOCK00/SES003/SA003S22	SES002	-1.66034	17.8236	19.484
BLOCK00/SES003/SA003S22	SES062	-0.418272	19.0657	19.484
BLOCK00/SES003/SA003S22	SES082	-2.4196	17.0644	19.484
BLOCK00/SES003/SA003S22	SES087	-2.06986	17.4141	19.484
BLOCK00/SES003/SA003S25	SES062	-4.33499	14.9541	19.2891
BLOCK00/SES003/SA003S25	SES082	-1.06903	18.2201	19.2891
BLOCK00/SES003/SA003S25	SES087	-1.75389	17.5352	19.2891
BLOCK00/SES003/SA003S25	SES206	0.125669	19.4148	19.2891
BLOCK00/SES003/SA003S29	SES002	-2.42667	18.4669	20.8935
BLOCK00/SES003/SA003S29	SES062	-2.52755	18.366	20.8935
BLOCK00/SES003/SA003S29	SES082	-1.82057	19.073	20.8935
BLOCK00/SES003/SA003S29	SES087	-2.80285	18.0907	20.8935
BLOCK00/SES004/SA004S12	SES083	-1.89072	19.7246	21.6153
BLOCK00/SES004/SA004S12	SES148	-2.63262	18.9827	21.6153
BLOCK00/SES004/SA004S12	SES172	0.0407848	21.6561	21.6153
BLOCK00/SES004/SA004S12	SES292	-1.58529	20.03	21.6153
BLOCK00/SES004/SA004S17	SES083	-0.778221	21.1178	21.896
BLOCK00/SES004/SA004S17	SES162	-1.26359	20.6324	21.896
BLOCK00/SES004/SA004S17	SES172	-0.749163	21.1468	21.896
BLOCK00/SES004/SA004S17	SES292	-1.33725	20.5588	21.896
BLOCK00/SES004/SA004S24	SES083	-2.27744	20.0499	22.3274
BLOCK00/SES004/SA004S24	SES148	-3.01021	19.3172	22.3274
BLOCK00/SES004/SA004S24	SES172	-0.763462	21.5639	22.3274
BLOCK00/SES004/SA004S24	SES292	-1.74629	20.5811	22.3274
BLOCK00/SES004/SA004S26	SES083	-2.16702	18.619	20.786
BLOCK00/SES004/SA004S26	SES127	-1.27616	19.5098	20.786
BLOCK00/SES004/SA004S26	SES148	-3.42292	17.3631	20.786
BLOCK00/SES004/SA004S26	SES292	-1.89283	18.8932	20.786
BLOCK00/SES004/SA004S28	SES083	-1.68819	19.3986	21.0868
BLOCK00/SES004/SA004S28	SES127	-1.06379	20.023	21.0868
BLOCK00/SES004/SA004S28	SES187	-0.752392	20.3344	21.0868
BLOCK00/SES004/SA004S28	SES292	-2.75804	18.3287	21.0868
BLOCK00/SES006/SA006S10	SES014	-3.7528	12.4838	16.2366
BLOCK00/SES006/SA006S10	SES158	-0.523226	15.7134	16.2366
BLOCK00/SES006/SA006S10	SES226	-4.42936	11.8073	16.2366
BLOCK00/SES006/SA006S10	SES270	-0.259332	15.9773	16.2366
BLOCK00/SES006/SA006S11	SES158	-0.804633	15.9406	16.7452
BLOCK00/SES006/SA006S11	SES226	-2.65497	14.0903	16.7452
BLOCK00/SES006/SA006S11	SES270	-0.346962	16.3983	16.7452
BLOCK00/SES006/SA006S11	SES275	-3.51768	13.2275	16.7452
BLOCK00/SES006/SA006S23	SES062	-4.88018	14.5858	19.466
BLOCK00/SES006/SA006S23	SES105	-4.0929	15.3731	19.466
BLOCK00/SES006/SA006S23	SES158	-1.32862	18.1374	19.466
BLOCK00/SES006/SA006S23	SES275	-3.07354	16.3925	19.466
BLOCK00/SES006/SA006S26	SES104	-4.06086	15.2535	19.3143
BLOCK00/SES006/SA006S26	SES158	-0.924833	18.3895	19.3143
BLOCK00/SES006/SA006S26	SES270	0.0494499	19.3638	19.3143
BLOCK00/SES006/SA006S26	SES275	-3.60194	15.7124	19.3143
BLOCK00/SES006/SA006S28	SES007	-2.441	13.9621	16.4032
BLOCK00/SES006/SA006S28	SES105	-2.98553	13.4176	16.4032
BLOCK00/SES006/SA006S28	SES158	-1.47233	14.9308	16.4032
BLOCK00/SES006/SA006S28	SES275	-3.36997	13.0332	16.4032
BLOCK00/SES009/SA009S12	SES083	-2.93452	18.7061	21.6407
BLOCK00/SES009/SA009S12	SES148	-1.47839	20.1623	21.6407
BLOCK00/SES009/SA009S12	SES177	-0.557575	21.0831	21.6407
BLOCK00/SES009/SA009S12	SES292	-1.36101	20.2797	21.6407
BLOCK00/SES009/SA009S15	SES007	-0.383339	22.9246	23.3079
BLOCK00/SES009/SA009S15	SES099	-3.26398	20.0439	23.3079
BLOCK00/SES009/SA009S15	SES148	-2.21527	21.0926	23.3079
BLOCK00/SES009/SA009S15	SES172	-1.11674	22.1912	23.3079
BLOCK00/SES009/SA009S24	SES146	-1.39947	20.9083	22.3078
BLOCK00/SES009/SA009S24	SES148	-2.51191	19.7958	22.3078
BLOCK00/SES009/SA009S24	SES177	-0.311069	21.9967	22.3078
BLOCK00/SES009/SA009S24	SES292	-1.44141	20.8664	22.3078
BLOCK00/SES009/SA009S26	SES083	-2.43825	18.3144	20.7526
BLOCK00/SES009/SA009S26	SES101	-3.0862	17.6664	20.7526
BLOCK00/SES009/SA009S26	SES120	-1.46127	19.2914	20.7526
BLOCK00/SES009/SA009S26	SES177	-0.95875	19.7939	20.7526
BLOCK00/SES009/SA009S29	SES083	-2.19921	20.6954	22.8946
BLOCK00/SES009/SA009S29	SES101	-2.1043	20.7903	22.8946
BLOCK00/SES009/SA009S29	SES177	-0.625214	22.2694	22.8946
BLOCK00/SES009/SA009S29	SES292	-1.41424	21.4804	22.8946
BLOCK01/SES011/SA011S10	SES019	-0.966114	15.6935	16.6596
BLOCK01/SES011/SA011S10	SES042	1.02871	17.6883	16.6596
BLOCK01/SES011/SA011S10	SES082	-1.73609	14.9235	16.6596
BLOCK01/SES011/SA011S10	SES206	-0.56798	16.0916	16.6596
BLOCK01/SES011/SA011S11	SES019	-3.60535	13.5524	17.1578
BLOCK01/SES011/SA011S11	SES042	-1.70386	15.4539	17.1578
BLOCK01/SES011/SA011S11	SES082	-1.66232	15.4955	17.1578
BLOCK01/SES011/SA011S11	SES206	-2.48945	14.6683	17.1578
BLOCK01/SES011/SA011S22	SES019	-2.1121	16.3461	18.4582
BLOCK01/SES011/SA011S22	SES042	-0.420141	18.0381	18.4582
BLOCK01/SES011/SA011S22	SES082	-1.67321	16.785	18.4582
BLOCK01/SES011/SA011S22	SES206	-1.78549	16.6727	18.4582
BLOCK01/SES011/SA011S24	SES019	-2.41559	17.8121	20.2277
BLOCK01/SES011/SA011S24	SES042	0.532274	20.76	20.2277
BLOCK01/SES011/SA011S24	SES104	-2.09443	18.1333	20.2277
BLOCK01/SES011/SA011S24	SES206	-0.615532	19.6122	20.2277
BLOCK01/SES011/SA011S27	SES082	-0.213863	19.9736	20.1875
BLOCK01/SES011/SA011S27	SES087	-1.49716	18.6903	20.1875
BLOCK01/SES011/SA011S27	SES125	-0.233004	19.9545	20.1875
BLOCK01/SES011/SA011S27	SES206	-0.929695	19.2578	20.1875
BLOCK01/SES012/SA012S11	SES007	-1.11873	22.3096	23.4283
BLOCK01/SES012/SA012S11	SES082	-1.2918	22.1365	23.4283
BLOCK01/SES012/SA012S11	SES083	-2.29989	21.1284	23.4283
BLOCK01/SES012/SA012S11	SES206	-2.49981	20.9285	23.4283
BLOCK01/SES012/SA012S14	SES082	-0.408609	22.1431	22.5517
BLOCK01/SES012/SA012S14	SES087	-1.90301	20.6487	22.5517
BLOCK01/SES012/SA012S14	SES206	-1.58355	20.9682	22.5517
BLOCK01/SES012/SA012S14	SES292	-2.22768	20.324	22.5517
BLOCK01/SES012/SA012S24	SES082	-0.723166	18.6244	19.3476
BLOCK01/SES012/SA012S24	SES087	-1.53949	17.8081	19.3476
BLOCK01/SES012/SA012S24	SES120	-1.4683	17.8793	19.3476
BLOCK01/SES012/SA012S24	SES206	-1.32078	18.0268	19.3476
BLOCK01/SES012/SA012S26	SES019	-4.55404	17.1668	21.7209
BLOCK01/SES012/SA012S26	SES082	-2.03108	19.6898	21.7209
BLOCK01/SES012/SA012S26	SES206	-1.06343	20.6574	21.7209
BLOCK01/SES012/SA012S26	SES292	-1.45961	20.2613	21.7209
BLOCK01/SES012/SA012S29	SES062	-1.96167	19.4583	21.4199
BLOCK01/SES012/SA012S29	SES082	-1.26064	20.1593	21.4199
BLOCK01/SES012/SA012S29	SES083	-3.95512	17.4648	21.4199
BLOCK01/SES012/SA012S29	SES206	-2.61396	18.806	21.4199
BLOCK01/SES013/SA013S16	SES062	-4.06328	14.8624	18.9257
BLOCK01/SES013/SA013S16	SES106	-1.00206	17.9236	18.9257
BLOCK01/SES013/SA013S16	SES206	-0.801355	18.1243	18.9257
BLOCK01/SES013/SA013S16	SES226	-0.464378	18.4613	18.9257
BLOCK01/SES013/SA013S17	SES062	-3.16224	18.8927	22.0549
BLOCK01/SES013/SA013S17	SES106	-1.71434	20.3406	22.0549
BLOCK01/SES013/SA013S17	SES206	-0.291441	21.7635	22.0549
BLOCK01/SES013/SA013S17	SES226	-0.795959	21.2589	22.0549
BLOCK01/SES013/SA013S23	SES104	-1.61652	15.4084	17.025
BLOCK01/SES013/SA013S23	SES106	-0.656033	16.3689	17.025
BLOCK01/SES013/SA013S23	SES206	-0.857281	16.1677	17.025
BLOCK01/SES013/SA013S23	SES270	0.440245	17.4652	17.025
BLOCK01/SES013/SA013S25	SES042	-1.64346	17.6745	19.318
BLOCK01/SES013/SA013S25	SES104	-2.20367	17.1143	19.318
BLOCK01/SES013/SA013S25	SES106	-0.853922	18.4641	19.318
BLOCK01/SES013/SA013S25	SES206	-1.97078	17.3472	19.318
BLOCK01/SES013/SA013S29	SES062	-5.48254	13.3327	18.8152
BLOCK01/SES013/SA013S29	SES104	-3.25009	15.5651	18.8152
BLOCK01/SES013/SA013S29	SES106	-1.05013	17.7651	18.8152
BLOCK01/SES013/SA013S29	SES206	-2.2402	16.575	18.8152
BLOCK02/SES021/SA021S13	SES016	-3.26113	18.4568	21.7179
BLOCK02/SES021/SA021S13	SES029	-1.48236	20.2356	21.7179
BLOCK02/SES021/SA021S13	SES087	-2.65381	19.0641	21.7179
BLOCK02/SES021/SA021S13	SES206	-2.52218	19.1957	21.7179
BLOCK02/SES021/SA021S15	SES087	-1.60976	21.2501	22.8599
BLOCK02/SES021/SA021S15	SES125	-0.85866	22.0012	22.8599
BLOCK02/SES021/SA021S15	SES206	-1.74681	21.1131	22.8599
BLOCK02/SES021/SA021S15	SES226	-2.61447	20.2454	22.8599
BLOCK02/SES021/SA021S23	SES062	-3.13946	16.1805	19.32
BLOCK02/SES021/SA021S23	SES087	-2.03663	17.2834	19.32
BLOCK02/SES021/SA021S23	SES206	-1.45828	17.8617	19.32
BLOCK02/SES021/SA021S23	SES226	-1.77142	17.5486	19.32
BLOCK02/SES021/SA021S27	SES002	-1.5167	20.8091	22.3258
BLOCK02/SES021/SA021S27	SES016	-4.47059	17.8552	22.3258
BLOCK02/SES021/SA021S27	SES019	-1.01182	21.314	22.3258
BLOCK02/SES021/SA021S27	SES062	-1.07061	21.2552	22.3258
BLOCK02/SES021/SA021S29	SES087	-2.26162	17.9546	20.2162
BLOCK02/SES021/SA021S29	SES125	-0.57279	19.6434	20.2162
BLOCK02/SES021/SA021S29	SES206	-0.961231	19.2549	20.2162
BLOCK02/SES021/SA021S29	SES226	-2.46121	17.755	20.2162
BLOCK04/SES043/SA043S09	SES083	-0.924744	19.2615	20.1863
BLOCK04/SES043/SA043S09	SES101	-1.26937	18.9169	20.1863
BLOCK04/SES043/SA043S09	SES144	0.0544071	20.2407	20.1863
BLOCK04/SES043/SA043S09	SES172	-1.7826	18.4037	20.1863
BLOCK04/SES043/SA043S11	SES083	-1.34865	21.4592	22.8079
BLOCK04/SES043/SA043S11	SES101	-1.17373	21.6342	22.8079
BLOCK04/SES043/SA043S11	SES144	-0.134777	22.6731	22.8079
BLOCK04/SES043/SA043S11	SES172	-1.14476	21.6631	22.8079
BLOCK04/SES043/SA043S23	SES083	-0.926161	20.2366	21.1628
BLOCK04/SES043/SA043S23	SES144	-0.495304	20.6674	21.1628
BLOCK04/SES043/SA043S23	SES177	-1.21524	19.9475	21.1628
BLOCK04/SES043/SA043S23	SES275	-0.984331	20.1784	21.1628
BLOCK04/SES043/SA043S26	SES083	-0.900799	20.5091	21.4099
BLOCK04/SES043/SA043S26	SES101	-1.07319	20.3367	21.4099
BLOCK04/SES043/SA043S26	SES144	0.356024	21.766	21.4099
BLOCK04/SES043/SA043S26	SES177	-1.36576	20.0442	21.4099
BLOCK04/SES043/SA043S28	SES016	-1.53378	20.3216	21.8554
BLOCK04/SES043/SA043S28	SES083	-0.735733	21.1197	21.8554
BLOCK04/SES043/SA043S28	SES101	-0.764196	21.0912	21.8554
BLOCK04/SES043/SA043S28	SES144	-0.380959	21.4745	21.8554
BLOCK04/SES044/SA044S10	SES127	-1.89495	17.9883	19.8833
BLOCK04/SES044/SA044S10	SES144	-1.1254	18.7579	19.8833
BLOCK04/SES044/SA044S10	SES147	-3.73427	16.149	19.8833
BLOCK04/SES044/SA044S10	SES148	-2.05849	17.8248	19.8833
BLOCK04/SES044/SA044S11	SES101	-1.19219	19.4167	20.6089
BLOCK04/SES044/SA044S11	SES144	-0.0738964	20.535	20.6089
BLOCK04/SES044/SA044S11	SES147	-2.0713	18.5376	20.6089
BLOCK04/SES044/SA044S11	SES177	-2.08594	18.523	20.6089
BLOCK04/SES044/SA044S24	SES007	-2.57308	17.9851	20.5582
BLOCK04/SES044/SA044S24	SES101	-1.18533	19.3729	20.5582
BLOCK04/SES044/SA044S24	SES147	-2.94086	17.6173	20.5582
BLOCK04/SES044/SA044S24	SES177	-1.78774	18.7704	20.5582
BLOCK04/SES044/SA044S26	SES007	-2.58921	17.8197	20.4089
BLOCK04/SES044/SA044S26	SES016	-1.66137	18.7475	20.4089
BLOCK04/SES044/SA044S26	SES101	0.157797	20.5667	20.4089
BLOCK04/SES044/SA044S26	SES147	-1.25584	19.153	20.4089
BLOCK04/SES044/SA044S29	SES007	-2.57322	20.4445	23.0177
BLOCK04/SES044/SA044S29	SES101	-0.399929	22.6178	23.0177
BLOCK04/SES044/SA044S29	SES147	-2.46198	20.5557	23.0177
BLOCK04/SES044/SA044S29	SES177	-1.53132	21.4864	23.0177
BLOCK04/SES046/SA046S13	SES101	-0.907852	18.5694	19.4773
BLOCK04/SES046/SA046S13	SES144	-0.382092	19.0952	19.4773
BLOCK04/SES046/SA046S13	SES147	-2.42304	17.0542	19.4773
BLOCK04/SES046/SA046S13	SES177	-1.65707	17.8202	19.4773
BLOCK04/SES046/SA046S15	SES048	-0.842503	22.9353	23.7778
BLOCK04/SES046/SA046S15	SES083	-0.631207	23.1466	23.7778
BLOCK04/SES046/SA046S15	SES120	-3.05009	20.7277	23.7778
BLOCK04/SES046/SA046S15	SES148	-1.4338	22.344	23.7778
BLOCK04/SES046/SA046S22	SES101	0.016592	20.2902	20.2736
BLOCK04/SES046/SA046S22	SES144	-0.289661	19.984	20.2736
BLOCK04/SES046/SA046S22	SES147	-2.46869	17.8049	20.2736
BLOCK04/SES046/SA046S22	SES172	-0.0287876	20.2448	20.2736
BLOCK04/SES046/SA046S25	SES083	-0.457561	21.7433	22.2009
BLOCK04/SES046/SA046S25	SES127	-1.7851	20.4157	22.2009
BLOCK04/SES046/SA046S25	SES144	-0.178726	22.0221	22.2009
BLOCK04/SES046/SA046S25	SES148	-0.979307	21.2215	22.2009
BLOCK04/SES046/SA046S28	SES007	-2.32507	20.419	22.7441
BLOCK04/SES046/SA046S28	SES105	-1.95111	20.793	22.7441
BLOCK04/SES046/SA046S28	SES147	-2.85101	19.8931	22.7441
BLOCK04/SES046/SA046S28	SES148	-1.10882	21.6353	22.7441
BLOCK04/SES049/SA049S16	SES104	-1.99652	16.1461	18.1427
BLOCK04/SES049/SA049S16	SES106	-2.31923	15.8234	18.1427
BLOCK04/SES049/SA049S16	SES120	-1.82017	16.3225	18.1427
BLOCK04/SES049/SA049S16	SES206	-1.65843	16.4842	18.1427
BLOCK04/SES049/SA049S18	SES099	-0.481026	17.2432	17.7242
BLOCK04/SES049/SA049S18	SES104	-4.12011	13.6041	17.7242
BLOCK04/SES049/SA049S18	SES125	-3.73428	13.9899	17.7242
BLOCK04/SES049/SA049S18	SES206	-2.39148	15.3327	17.7242
BLOCK04/SES049/SA049S25	SES087	-2.32181	14.554	16.8758
BLOCK04/SES049/SA049S25	SES104	-0.900623	15.9752	16.8758
BLOCK04/SES049/SA049S25	SES125	-1.64423	15.2316	16.8758
BLOCK04/SES049/SA049S25	SES206	-0.853853	16.022	16.8758
BLOCK04/SES049/SA049S27	SES099	-0.244009	20.2203	20.4643
BLOCK04/SES049/SA049S27	SES104	0.259842	20.7242	20.4643
BLOCK04/SES049/SA049S27	SES125	-2.51714	17.9472	20.4643
BLOCK04/SES049/SA049S27	SES206	-1.02266	19.4417	20.4643
BLOCK04/SES049/SA049S29	SES099	0.201694	21.8603	21.6586
BLOCK04/SES049/SA049S29	SES104	-1.44484	20.2138	21.6586
BLOCK04/SES049/SA049S29	SES125	-2.14455	19.5141	21.6586
BLOCK04/SES049/SA049S29	SES206	-0.926491	20.7322	21.6586
BLOCK06/SES063/SA063S09	SES068	-1.9975	20.9022	22.8997
BLOCK06/SES063/SA063S09	SES083	0.136463	23.0362	22.8997
BLOCK06/SES063/SA063S09	SES177	-1.44805	21.4517	22.8997
BLOCK06/SES063/SA063S09	SES187	-1.6095	21.2902	22.8997
BLOCK06/SES063/SA063S10	SES068	-3.00632	20.1407	23.147
BLOCK06/SES063/SA063S10	SES083	-0.721394	22.4256	23.147
BLOCK06/SES063/SA063S10	SES172	-0.671696	22.4753	23.147
BLOCK06/SES063/SA063S10	SES187	-2.02405	21.1229	23.147
BLOCK06/SES063/SA063S20	SES068	-3.63892	18.6166	22.2556
BLOCK06/SES063/SA063S20	SES083	-0.94459	21.311	22.2556
BLOCK06/SES063/SA063S20	SES172	-1.0056	21.25	22.2556
BLOCK06/SES063/SA063S20	SES187	-1.28293	20.9726	22.2556
BLOCK06/SES063/SA063S24	SES029	-3.39208	20.2869	23.6789
BLOCK06/SES063/SA063S24	SES083	-0.479923	23.199	23.6789
BLOCK06/SES063/SA063S24	SES177	-0.764387	22.9146	23.6789
BLOCK06/SES063/SA063S24	SES189	-0.31234	23.3666	23.6789
BLOCK06/SES063/SA063S27	SES083	-0.411194	22.1652	22.5764
BLOCK06/SES063/SA063S27	SES172	-1.77078	20.8056	22.5764
BLOCK06/SES063/SA063S27	SES187	-1.74138	20.8351	22.5764
BLOCK06/SES063/SA063S27	SES292	-2.51859	20.0578	22.5764
BLOCK06/SES067/SA067S12	SES083	-0.22389	24.5529	24.7768
BLOCK06/SES067/SA067S12	SES172	-1.46941	23.3074	24.7768
BLOCK06/SES067/SA067S12	SES202	-0.390841	24.386	24.7768
BLOCK06/SES067/SA067S12	SES292	-1.67507	23.1018	24.7768
BLOCK06/SES067/SA067S14	SES085	-1.14898	25.194	26.3429
BLOCK06/SES067/SA067S14	SES177	-0.937374	25.4056	26.3429
BLOCK06/SES067/SA067S14	SES183	0.793943	27.1369	26.3429
BLOCK06/SES067/SA067S14	SES202	-0.58716	25.7558	26.3429
BLOCK06/SES067/SA067S21	SES144	0.0150108	23.4007	23.3857
BLOCK06/SES067/SA067S21	SES177	-0.284084	23.1016	23.3857
BLOCK06/SES067/SA067S21	SES183	-0.420519	22.9652	23.3857
BLOCK06/SES067/SA067S21	SES189	-1.53213	21.8536	23.3857
BLOCK06/SES067/SA067S25	SES085	-0.923569	22.7684	23.692
BLOCK06/SES067/SA067S25	SES177	-1.30042	22.3916	23.692
BLOCK06/SES067/SA067S25	SES183	-0.12907	23.5629	23.692
BLOCK06/SES067/SA067S25	SES202	-1.79144	21.9006	23.692
BLOCK06/SES067/SA067S29	SES085	-2.00768	22.2086	24.2162
BLOCK06/SES067/SA067S29	SES177	-1.39497	22.8213	24.2162
BLOCK06/SES067/SA067S29	SES183	-0.783226	23.433	24.2162
BLOCK06/SES067/SA067S29	SES202	-0.179893	24.0364	24.2162
BLOCK06/SES069/SA069S12	SES029	-3.01602	17.798	20.8141
BLOCK06/SES069/SA069S12	SES082	-0.432873	20.3812	20.8141
BLOCK06/SES069/SA069S12	SES087	-2.01386	18.8002	20.8141
BLOCK06/SES069/SA069S12	SES206	-1.28373	19.5303	20.8141
BLOCK06/SES069/SA069S13	SES029	-3.35938	17.6838	21.0432
BLOCK06/SES069/SA069S13	SES087	-0.0332775	21.0099	21.0432
BLOCK06/SES069/SA069S13	SES206	0.01721	21.0604	21.0432
BLOCK06/SES069/SA069S13	SES226	0.471935	21.5151	21.0432
BLOCK06/SES069/SA069S23	SES029	-1.75195	21.5238	23.2758
BLOCK06/SES069/SA069S23	SES087	-1.90379	21.372	23.2758
BLOCK06/SES069/SA069S23	SES206	-1.0316	22.2442	23.2758
BLOCK06/SES069/SA069S23	SES226	-0.126945	23.1488	23.2758
BLOCK06/SES069/SA069S25	SES087	-1.18377	23.4203	24.6041
BLOCK06/SES069/SA069S25	SES206	-1.71724	22.8869	24.6041
BLOCK06/SES069/SA069S25	SES226	-0.150526	24.4536	24.6041
BLOCK06/SES069/SA069S25	SES270	-1.98858	22.6155	24.6041
BLOCK06/SES069/SA069S27	SES087	-1.62333	19.2094	20.8327
BLOCK06/SES069/SA069S27	SES206	0.19943	21.0322	20.8327
BLOCK06/SES069/SA069S27	SES226	0.663971	21.4967	20.8327
BLOCK06/SES069/SA069S27	SES270	-0.0512314	20.7815	20.8327
BLOCK08/SES081/SA081S11	SES060	-1.88932	19.0169	20.9062
BLOCK08/SES081/SA081S11	SES062	-1.4384	19.4678	20.9062
BLOCK08/SES081/SA081S11	SES117	-2.87046	18.0357	20.9062
BLOCK08/SES081/SA081S11	SES162	-2.18364	18.7225	20.9062
BLOCK08/SES081/SA081S13	SES016	-1.09772	22.4221	23.5198
BLOCK08/SES081/SA081S13	SES060	-0.489536	23.0303	23.5198
BLOCK08/SES081/SA081S13	SES068	-1.3954	22.1244	23.5198
BLOCK08/SES081/SA081S13	SES129	-2.53003	20.9898	23.5198
BLOCK08/SES081/SA081S24	SES060	-1.20825	20.8921	22.1003
BLOCK08/SES081/SA081S24	SES068	-1.74356	20.3568	22.1003
BLOCK08/SES081/SA081S24	SES117	-2.21637	19.884	22.1003
BLOCK08/SES081/SA081S24	SES275	-1.73461	20.3657	22.1003
BLOCK08/SES081/SA081S27	SES007	-0.654718	20.3579	21.0126
BLOCK08/SES081/SA081S27	SES060	-1.66064	19.352	21.0126
BLOCK08/SES081/SA081S27	SES117	-1.20864	19.804	21.0126
BLOCK08/SES081/SA081S27	SES275	-2.33854	18.6741	21.0126
BLOCK08/SES081/SA081S29	SES007	-0.937946	20.3763	21.3143
BLOCK08/SES081/SA081S29	SES060	-1.42695	19.8873	21.3143
BLOCK08/SES081/SA081S29	SES117	-2.35061	18.9637	21.3143
BLOCK08/SES081/SA081S29	SES275	-1.99863	19.3156	21.3143
BLOCK08/SES086/SA086S11	SES029	-3.50982	14.3243	17.8341
BLOCK08/SES086/SA086S11	SES082	-0.859579	16.9745	17.8341
BLOCK08/SES086/SA086S11	SES087	-0.485415	17.3487	17.8341
BLOCK08/SES086/SA086S11	SES206	-1.92149	15.9126	17.8341
BLOCK08/SES086/SA086S12	SES029	-2.13974	17.0101	19.1498
BLOCK08/SES086/SA086S12	SES082	-0.862425	18.2874	19.1498
BLOCK08/SES086/SA086S12	SES087	0.462183	19.612	19.1498
BLOCK08/SES086/SA086S12	SES206	-0.989744	18.1601	19.1498
BLOCK08/SES086/SA086S20	SES029	-3.53999	19.3407	22.8807
BLOCK08/SES086/SA086S20	SES082	-1.83397	21.0467	22.8807
BLOCK08/SES086/SA086S20	SES087	0.122177	23.0029	22.8807
BLOCK08/SES086/SA086S20	SES206	-0.181269	22.6994	22.8807
BLOCK08/SES086/SA086S24	SES087	-0.578186	17.9559	18.5341
BLOCK08/SES086/SA086S24	SES104	-2.0217	16.5124	18.5341
BLOCK08/SES086/SA086S24	SES120	-1.84521	16.6888	18.5341
BLOCK08/SES086/SA086S24	SES206	-0.714853	17.8192	18.5341
BLOCK08/SES086/SA086S28	SES029	-2.76382	19.2402	22.004
BLOCK08/SES086/SA086S28	SES082	-1.14788	20.8561	22.004
BLOCK08/SES086/SA086S28	SES087	-0.640926	21.3631	22.004
BLOCK08/SES086/SA086S28	SES206	-1.60771	20.3963	22.004
BLOCK08/SES089/SA089S13	SES087	-1.87166	17.6608	19.5324
BLOCK08/SES089/SA089S13	SES206	-1.60313	17.9293	19.5324
BLOCK08/SES089/SA089S13	SES226	-1.70303	17.8294	19.5324
BLOCK08/SES089/SA089S13	SES270	-2.03625	17.4962	19.5324
BLOCK08/SES089/SA089S14	SES062	-2.01367	20.189	22.2027
BLOCK08/SES089/SA089S14	SES087	-0.326054	21.8766	22.2027
BLOCK08/SES089/SA089S14	SES206	-1.10098	21.1017	22.2027
BLOCK08/SES089/SA089S14	SES226	-0.790434	21.4123	22.2027
BLOCK08/SES089/SA089S23	SES087	-1.75827	17.1091	18.8674
BLOCK08/SES089/SA089S23	SES206	-2.1585	16.7089	18.8674
BLOCK08/SES089/SA089S23	SES226	-2.8129	16.0545	18.8674
BLOCK08/SES089/SA089S23	SES270	-3.05851	15.8089	18.8674
BLOCK08/SES089/SA089S25	SES062	-3.19886	17.7703	20.9692
BLOCK08/SES089/SA089S25	SES087	-0.352392	20.6168	20.9692
BLOCK08/SES089/SA089S25	SES206	-1.94753	19.0217	20.9692
BLOCK08/SES089/SA089S25	SES226	-0.686705	20.2825	20.9692
BLOCK08/SES089/SA089S28	SES062	-2.53082	17.8226	20.3534
BLOCK08/SES089/SA089S28	SES087	-0.942856	19.4106	20.3534
BLOCK08/SES089/SA089S28	SES206	-0.308739	20.0447	20.3534
BLOCK08/SES089/SA089S28	SES226	-0.567347	19.7861	20.3534
BLOCK09/SES097/SA097S11	SES099	0.488876	18.0402	17.5513
BLOCK09/SES097/SA097S11	SES125	-2.51138	15.0399	17.5513
BLOCK09/SES097/SA097S11	SES206	0.561014	18.1123	17.5513
BLOCK09/SES097/SA097S11	SES226	0.934601	18.4859	17.5513
BLOCK09/SES097/SA097S14	SES062	-1.95331	16.9221	18.8754
BLOCK09/SES097/SA097S14	SES099	-0.57696	18.2985	18.8754
BLOCK09/SES097/SA097S14	SES104	-1.04203	17.8334	18.8754
BLOCK09/SES097/SA097S14	SES206	-1.33569	17.5397	18.8754
BLOCK09/SES097/SA097S22	SES099	0.347048	18.395	18.048
BLOCK09/SES097/SA097S22	SES206	-1.5002	16.5478	18.048
BLOCK09/SES097/SA097S22	SES226	-3.09055	14.9574	18.048
BLOCK09/SES097/SA097S22	SES270	-0.144318	17.9037	18.048
BLOCK09/SES097/SA097S26	SES099	0.363947	17.4504	17.0864
BLOCK09/SES097/SA097S26	SES120	-1.454	15.6324	17.0864
BLOCK09/SES097/SA097S26	SES206	-1.17441	15.912	17.0864
BLOCK09/SES097/SA097S26	SES226	-2.57173	14.5147	17.0864
BLOCK09/SES097/SA097S28	SES099	-0.252079	20.0622	20.3143
BLOCK09/SES097/SA097S28	SES120	-2.16073	18.1535	20.3143
BLOCK09/SES097/SA097S28	SES206	-2.15742	18.1568	20.3143
BLOCK09/SES097/SA097S28	SES226	-3.12113	17.1931	20.3143
BLOCK09/SES098/SA098S11	SES127	-2.05914	18.7151	20.7742
BLOCK09/SES098/SA098S11	SES144	-1.29671	19.4775	20.7742
BLOCK09/SES098/SA098S11	SES147	-1.34093	19.4333	20.7742
BLOCK09/SES098/SA098S11	SES148	-4.1171	16.6571	20.7742
BLOCK09/SES098/SA098S12	SES127	-3.06905	14.9115	17.9805
BLOCK09/SES098/SA098S12	SES144	-2.55545	15.4251	17.9805
BLOCK09/SES098/SA098S12	SES147	-2.35145	15.6291	17.9805
BLOCK09/SES098/SA098S12	SES189	-3.74705	14.2335	17.9805
BLOCK09/SES098/SA098S20	SES127	-2.93084	17.2668	20.1976
BLOCK09/SES098/SA098S20	SES147	-1.9409	18.2567	20.1976
BLOCK09/SES098/SA098S20	SES148	-2.82896	17.3686	20.1976
BLOCK09/SES098/SA098S20	SES292	-2.16823	18.0294	20.1976
BLOCK09/SES098/SA098S23	SES127	-1.98242	17.1557	19.1381
BLOCK09/SES098/SA098S23	SES147	-1.89937	17.2387	19.1381
BLOCK09/SES098/SA098S23	SES187	-2.36566	16.7724	19.1381
BLOCK09/SES098/SA098S23	SES292	-2.14874	16.9894	19.1381
BLOCK09/SES098/SA098S27	SES127	-3.09308	16.6213	19.7144
BLOCK09/SES098/SA098S27	SES147	-3.80124	15.9132	19.7144
BLOCK09/SES098/SA098S27	SES148	-4.39478	15.3197	19.7144
BLOCK09/SES098/SA098S27	SES292	-1.02128	18.6932	19.7144
BLOCK10/SES102/SA102S13	SES101	-1.18811	20.3784	21.5666
BLOCK10/SES102/SA102S13	SES105	-1.52146	20.0451	21.5666
BLOCK10/SES102/SA102S13	SES120	-2.37727	19.1893	21.5666
BLOCK10/SES102/SA102S13	SES158	-3.4085	18.1581	21.5666
BLOCK10/SES102/SA102S14	SES007	-0.765345	23.2714	24.0368
BLOCK10/SES102/SA102S14	SES101	-0.302914	23.7339	24.0368
BLOCK10/SES102/SA102S14	SES105	-0.803638	23.2331	24.0368
BLOCK10/SES102/SA102S14	SES147	-3.66972	20.3671	24.0368
BLOCK10/SES102/SA102S22	SES007	-2.09792	21.209	23.3069
BLOCK10/SES102/SA102S22	SES101	-1.0205	22.2864	23.3069
BLOCK10/SES102/SA102S22	SES105	-1.51158	21.7954	23.3069
BLOCK10/SES102/SA102S22	SES158	-3.5204	19.7865	23.3069
BLOCK10/SES102/SA102S25	SES007	-1.45173	21.4379	22.8896
BLOCK10/SES102/SA102S25	SES101	0.139528	23.0291	22.8896
BLOCK10/SES102/SA102S25	SES105	-1.05596	21.8336	22.8896
BLOCK10/SES102/SA102S25	SES147	-2.85353	20.0361	22.8896
BLOCK10/SES102/SA102S27	SES007	-1.69438	20.0183	21.7127
BLOCK10/SES102/SA102S27	SES101	-0.598806	21.1139	21.7127
BLOCK10/SES102/SA102S27	SES105	-1.67358	20.0391	21.7127
BLOCK10/SES102/SA102S27	SES147	-3.15492	18.5578	21.7127
BLOCK10/SES103/SA103S14	SES105	-3.9723	14.8282	18.8005
BLOCK10/SES103/SA103S14	SES106	-1.83036	16.9701	18.8005
BLOCK10/SES103/SA103S14	SES120	-3.01768	15.7828	18.8005
BLOCK10/SES103/SA103S14	SES206	-3.15764	15.6428	18.8005
BLOCK10/SES103/SA103S15	SES099	-1.15479	15.9983	17.1531
BLOCK10/SES103/SA103S15	SES101	-4.35934	12.7937	17.1531
BLOCK10/SES103/SA103S15	SES104	-2.36405	14.789	17.1531
BLOCK10/SES103/SA103S15	SES125	-2.69406	14.459	17.1531
BLOCK10/SES103/SA103S24	SES104	-3.15084	16.7403	19.8911
BLOCK10/SES103/SA103S24	SES125	-2.7049	17.1862	19.8911
BLOCK10/SES103/SA103S24	SES148	-2.43505	17.4561	19.8911
BLOCK10/SES103/SA103S24	SES158	-2.06556	17.8256	19.8911
BLOCK10/SES103/SA103S26	SES104	-2.76554	17.9924	20.7579
BLOCK10/SES103/SA103S26	SES106	-2.00916	18.7487	20.7579
BLOCK10/SES103/SA103S26	SES125	-1.89937	18.8585	20.7579
BLOCK10/SES103/SA103S26	SES148	-3.67876	17.0792	20.7579
BLOCK10/SES103/SA103S28	SES104	-2.44601	14.9997	17.4457
BLOCK10/SES103/SA103S28	SES106	-0.69775	16.7479	17.4457
BLOCK10/SES103/SA103S28	SES125	-0.951149	16.4945	17.4457
BLOCK10/SES103/SA103S28	SES206	-3.32638	14.1193	17.4457
BLOCK12/SES121/SA121S12	SES042	-3.28095	14.8769	18.1578
BLOCK12/SES121/SA121S12	SES087	-2.4391	15.7187	18.1578
BLOCK12/SES121/SA121S12	SES105	-1.80119	16.3566	18.1578
BLOCK12/SES121/SA121S12	SES206	-1.7895	16.3683	18.1578
BLOCK12/SES121/SA121S14	SES007	-3.48333	11.8489	15.3322
BLOCK12/SES121/SA121S14	SES105	-3.76787	11.5644	15.3322
BLOCK12/SES121/SA121S14	SES106	-3.03001	12.3022	15.3322
BLOCK12/SES121/SA121S14	SES206	-2.59167	12.7406	15.3322
BLOCK12/SES121/SA121S23	SES105	-3.45102	12.4751	15.9261
BLOCK12/SES121/SA121S23	SES106	-2.38029	13.5458	15.9261
BLOCK12/SES121/SA121S23	SES120	-1.92089	14.0052	15.9261
BLOCK12/SES121/SA121S23	SES206	-0.696558	15.2295	15.9261
BLOCK12/SES121/SA121S25	SES007	-3.24423	11.3763	14.6205
BLOCK12/SES121/SA121S25	SES105	-4.41146	10.2091	14.6205
BLOCK12/SES121/SA121S25	SES106	-3.93135	10.6892	14.6205
BLOCK12/SES121/SA121S25	SES206	-2.07178	12.5487	14.6205
BLOCK12/SES121/SA121S27	SES087	-1.5292	15.0349	16.5641
BLOCK12/SES121/SA121S27	SES105	-5.79813	10.766	16.5641
BLOCK12/SES121/SA121S27	SES120	-0.951154	15.613	16.5641
BLOCK12/SES121/SA121S27	SES206	-0.544941	16.0192	16.5641
BLOCK12/SES124/SA124S16	SES042	-0.411991	19.9758	20.3878
BLOCK12/SES124/SA124S16	SES082	-0.300051	20.0877	20.3878
BLOCK12/SES124/SA124S16	SES183	-3.42889	16.9589	20.3878
BLOCK12/SES124/SA124S16	SES206	-1.31244	19.0753	20.3878
BLOCK12/SES124/SA124S17	SES105	-2.79751	16.0388	18.8363
BLOCK12/SES124/SA124S17	SES149	-4.34008	14.4962	18.8363
BLOCK12/SES124/SA124S17	SES158	-3.42455	15.4117	18.8363
BLOCK12/SES124/SA124S17	SES275	-1.64418	17.1921	18.8363
BLOCK12/SES124/SA124S23	SES105	-3.6381	20.13	23.7681
BLOCK12/SES124/SA124S23	SES125	-0.21715	23.551	23.7681
BLOCK12/SES124/SA124S23	SES129	-4.90744	18.8607	23.7681
BLOCK12/SES124/SA124S23	SES158	-1.03982	22.7283	23.7681
BLOCK12/SES124/SA124S26	SES105	-4.38832	16.3504	20.7387
BLOCK12/SES124/SA124S26	SES125	-1.11395	19.6248	20.7387
BLOCK12/SES124/SA124S26	SES129	-6.03567	14.703	20.7387
BLOCK12/SES124/SA124S26	SES158	-1.71519	19.0235	20.7387
BLOCK12/SES124/SA124S28	SES104	-0.90493	20.3222	21.2272
BLOCK12/SES124/SA124S28	SES106	-1.62854	19.5986	21.2272
BLOCK12/SES124/SA124S28	SES125	-0.172283	21.0549	21.2272
BLOCK12/SES124/SA124S28	SES275	-2.30571	18.9214	21.2272
BLOCK12/SES126/SA126S13	SES007	-2.18704	18.5601	20.7471
BLOCK12/SES126/SA126S13	SES162	-2.36616	18.3809	20.7471
BLOCK12/SES126/SA126S13	SES177	-1.24402	19.5031	20.7471
BLOCK12/SES126/SA126S13	SES180	-2.90621	17.8409	20.7471
BLOCK12/SES126/SA126S14	SES144	-0.972851	22.7707	23.7436
BLOCK12/SES126/SA126S14	SES148	-2.53257	21.211	23.7436
BLOCK12/SES126/SA126S14	SES177	-0.52821	23.2154	23.7436
BLOCK12/SES126/SA126S14	SES180	-2.90167	20.8419	23.7436
BLOCK12/SES126/SA126S20	SES007	-1.19134	22.6418	23.8332
BLOCK12/SES126/SA126S20	SES162	-2.23124	21.6019	23.8332
BLOCK12/SES126/SA126S20	SES172	-2.31369	21.5195	23.8332
BLOCK12/SES126/SA126S20	SES180	-2.42514	21.408	23.8332
BLOCK12/SES126/SA126S24	SES120	-0.473812	22.1107	22.5845
BLOCK12/SES126/SA126S24	SES162	-2.78823	19.7963	22.5845
BLOCK12/SES126/SA126S24	SES177	-1.23199	21.3525	22.5845
BLOCK12/SES126/SA126S24	SES180	-1.73491	20.8496	22.5845
BLOCK12/SES126/SA126S26	SES120	-0.734697	18.9918	19.7265
BLOCK12/SES126/SA126S26	SES177	-1.79093	17.9356	19.7265
BLOCK12/SES126/SA126S26	SES180	-2.80626	16.9202	19.7265
BLOCK12/SES126/SA126S26	SES202	-0.894796	18.8317	19.7265
BLOCK12/SES128/SA128S10	SES087	-3.5343	15.8961	19.4304
BLOCK12/SES128/SA128S10	SES206	-1.5411	17.8893	19.4304
BLOCK12/SES128/SA128S10	SES226	-0.734613	18.6958	19.4304
BLOCK12/SES128/SA128S10	SES270	-0.35759	19.0728	19.4304
BLOCK12/SES128/SA128S12	SES120	-1.29214	19.2361	20.5282
BLOCK12/SES128/SA128S12	SES158	-2.43621	18.092	20.5282
BLOCK12/SES128/SA128S12	SES206	-1.49955	19.0287	20.5282
BLOCK12/SES128/SA128S12	SES226	-1.7178	18.8104	20.5282
BLOCK12/SES128/SA128S21	SES106	-2.69382	15.6537	18.3475
BLOCK12/SES128/SA128S21	SES120	-1.99696	16.3506	18.3475
BLOCK12/SES128/SA128S21	SES206	-1.10508	17.2425	18.3475
BLOCK12/SES128/SA128S21	SES226	-0.808393	17.5391	18.3475
BLOCK12/SES128/SA128S24	SES087	-1.791	17.7962	19.5872
BLOCK12/SES128/SA128S24	SES120	-1.62886	17.9583	19.5872
BLOCK12/SES128/SA128S24	SES206	-0.859396	18.7278	19.5872
BLOCK12/SES128/SA128S24	SES226	-1.25821	18.3289	19.5872
BLOCK12/SES128/SA128S27	SES099	-0.752359	20.5363	21.2887
BLOCK12/SES128/SA128S27	SES120	-1.42904	19.8597	21.2887
BLOCK12/SES128/SA128S27	SES206	-0.729408	20.5593	21.2887
BLOCK12/SES128/SA128S27	SES226	-1.75444	19.5343	21.2887
BLOCK13/SES130/SA130S13	SES143	-1.11644	18.1847	19.3012
BLOCK13/SES130/SA130S13	SES144	-1.06838	18.2328	19.3012
BLOCK13/SES130/SA130S13	SES146	-1.83942	17.4618	19.3012
BLOCK13/SES130/SA130S13	SES275	-3.75583	15.5453	19.3012
BLOCK13/SES130/SA130S15	SES143	-2.33016	21.3799	23.7101
BLOCK13/SES130/SA130S15	SES144	-0.840288	22.8698	23.7101
BLOCK13/SES130/SA130S15	SES146	-1.75351	21.9566	23.7101
BLOCK13/SES130/SA130S15	SES275	-1.67182	22.0383	23.7101
BLOCK13/SES130/SA130S23	SES127	-2.63223	16.8671	19.4994
BLOCK13/SES130/SA130S23	SES144	-1.46526	18.0341	19.4994
BLOCK13/SES130/SA130S23	SES146	-1.93122	17.5681	19.4994
BLOCK13/SES130/SA130S23	SES162	-1.15721	18.3421	19.4994
BLOCK13/SES130/SA130S25	SES127	-1.49189	20.4058	21.8976
BLOCK13/SES130/SA130S25	SES144	-0.465395	21.4322	21.8976
BLOCK13/SES130/SA130S25	SES146	-1.82841	20.0692	21.8976
BLOCK13/SES130/SA130S25	SES275	-1.37044	20.5272	21.8976
BLOCK13/SES130/SA130S28	SES127	-1.47598	18.9252	20.4012
BLOCK13/SES130/SA130S28	SES144	-0.654657	19.7465	20.4012
BLOCK13/SES130/SA130S28	SES146	-0.935347	19.4658	20.4012
BLOCK13/SES130/SA130S28	SES275	-1.21152	19.1897	20.4012
BLOCK13/SES131/SA131S13	SES002	-2.90521	13.6571	16.5623
BLOCK13/SES131/SA131S13	SES007	-2.25518	14.3072	16.5623
BLOCK13/SES131/SA131S13	SES099	-1.72345	14.8389	16.5623
BLOCK13/SES131/SA131S13	SES105	-3.08984	13.4725	16.5623
BLOCK13/SES131/SA131S14	SES104	-1.22142	20.9677	22.1892
BLOCK13/SES131/SA131S14	SES106	-2.34349	19.8457	22.1892
BLOCK13/SES131/SA131S14	SES125	-1.35246	20.8367	22.1892
BLOCK13/SES131/SA131S14	SES148	-0.623528	21.5656	22.1892
BLOCK13/SES131/SA131S20	SES104	-2.42399	15.1478	17.5718
BLOCK13/SES131/SA131S20	SES106	-1.89515	15.6767	17.5718
BLOCK13/SES131/SA131S20	SES125	-2.29419	15.2776	17.5718
BLOCK13/SES131/SA131S20	SES148	-2.05273	15.5191	17.5718
BLOCK13/SES131/SA131S22	SES099	-0.06003	19.0707	19.1308
BLOCK13/SES131/SA131S22	SES104	-0.93107	18.1997	19.1308
BLOCK13/SES131/SA131S22	SES125	-1.83242	17.2983	19.1308
BLOCK13/SES131/SA131S22	SES206	-1.42114	17.7096	19.1308
BLOCK13/SES131/SA131S29	SES087	-2.11641	17.1736	19.29
BLOCK13/SES131/SA131S29	SES104	-3.36985	15.9201	19.29
BLOCK13/SES131/SA131S29	SES125	-2.91168	16.3783	19.29
BLOCK13/SES131/SA131S29	SES206	-1.97776	17.3122	19.29
BLOCK13/SES132/SA132S11	SES083	-2.52248	20.5402	23.0627
BLOCK13/SES132/SA132S11	SES120	-0.324463	22.7382	23.0627
BLOCK13/SES132/SA132S11	SES127	-1.93523	21.1275	23.0627
BLOCK13/SES132/SA132S11	SES275	-1.75181	21.3109	23.0627
BLOCK13/SES132/SA132S12	SES083	-2.28274	22.4255	24.7082
BLOCK13/SES132/SA132S12	SES143	-2.84693	21.8613	24.7082
BLOCK13/SES132/SA132S12	SES144	-1.13388	23.5743	24.7082
BLOCK13/SES132/SA132S12	SES148	-0.782537	23.9257	24.7082
BLOCK13/SES132/SA132S22	SES062	-1.35365	19.5366	20.8903
BLOCK13/SES132/SA132S22	SES083	-2.89139	17.9989	20.8903
BLOCK13/SES132/SA132S22	SES127	-2.12359	18.7667	20.8903
BLOCK13/SES132/SA132S22	SES275	-0.961922	19.9283	20.8903
BLOCK13/SES132/SA132S24	SES007	-1.19296	22.8264	24.0193
BLOCK13/SES132/SA132S24	SES083	-2.81844	21.2009	24.0193
BLOCK13/SES132/SA132S24	SES127	-2.71896	21.3004	24.0193
BLOCK13/SES132/SA132S24	SES275	-1.53441	22.4849	24.0193
BLOCK13/SES132/SA132S27	SES083	-2.49862	17.9471	20.4458
BLOCK13/SES132/SA132S27	SES120	-0.108801	20.337	20.4458
BLOCK13/SES132/SA132S27	SES127	-1.73557	18.7102	20.4458
BLOCK13/SES132/SA132S27	SES275	-1.68006	18.7657	20.4458
BLOCK14/SES141/SA141S09	SES143	-2.42928	20.963	23.3923
BLOCK14/SES141/SA141S09	SES144	-1.91444	21.4779	23.3923
BLOCK14/SES141/SA141S09	SES162	-2.19903	21.1933	23.3923
BLOCK14/SES141/SA141S09	SES180	-1.9347	21.4576	23.3923
BLOCK14/SES141/SA141S15	SES127	-1.71804	20.7837	22.5018
BLOCK14/SES141/SA141S15	SES144	-1.69803	20.8038	22.5018
BLOCK14/SES141/SA141S15	SES162	-2.43191	20.0699	22.5018
BLOCK14/SES141/SA141S15	SES180	-1.69888	20.8029	22.5018
BLOCK14/SES141/SA141S24	SES127	-1.66898	21.6457	23.3146
BLOCK14/SES141/SA141S24	SES144	-2.16672	21.1479	23.3146
BLOCK14/SES141/SA141S24	SES162	-2.34134	20.9733	23.3146
BLOCK14/SES141/SA141S24	SES183	-2.13425	21.1804	23.3146
BLOCK14/SES141/SA141S26	SES142	-2.17711	18.7221	20.8992
BLOCK14/SES141/SA141S26	SES144	-2.18454	18.7147	20.8992
BLOCK14/SES141/SA141S26	SES172	-1.49227	19.407	20.8992
BLOCK14/SES141/SA141S26	SES180	-2.63896	18.2603	20.8992
BLOCK14/SES141/SA141S29	SES127	-0.737831	21.5192	22.257
BLOCK14/SES141/SA141S29	SES142	-1.22675	21.0303	22.257
BLOCK14/SES141/SA141S29	SES144	-2.19958	20.0575	22.257
BLOCK14/SES141/SA141S29	SES180	-1.7053	20.5517	22.257
BLOCK15/SES157/SA157S08	SES083	-1.52111	22.022	23.5431
BLOCK15/SES157/SA157S08	SES127	-1.53554	22.0075	23.5431
BLOCK15/SES157/SA157S08	SES148	-1.25226	22.2908	23.5431
BLOCK15/SES157/SA157S08	SES292	-2.0736	21.4695	23.5431
BLOCK15/SES157/SA157S11	SES083	-2.40826	20.6916	23.0998
BLOCK15/SES157/SA157S11	SES127	-1.27439	21.8254	23.0998
BLOCK15/SES157/SA157S11	SES148	-1.46815	21.6317	23.0998
BLOCK15/SES157/SA157S11	SES292	-2.44607	20.6538	23.0998
BLOCK15/SES157/SA157S21	SES127	-1.32678	21.6001	22.9269
BLOCK15/SES157/SA157S21	SES148	-0.947016	21.9799	22.9269
BLOCK15/SES157/SA157S21	SES158	-5.94176	16.9851	22.9269
BLOCK15/SES157/SA157S21	SES292	-2.14161	20.7853	22.9269
BLOCK15/SES157/SA157S24	SES127	-1.69649	21.8608	23.5573
BLOCK15/SES157/SA157S24	SES148	-1.09756	22.4598	23.5573
BLOCK15/SES157/SA157S24	SES183	-2.04692	21.5104	23.5573
BLOCK15/SES157/SA157S24	SES292	-2.13337	21.424	23.5573
BLOCK15/SES157/SA157S26	SES007	-1.05046	22.3214	23.3719
BLOCK15/SES157/SA157S26	SES127	-1.26209	22.1098	23.3719
BLOCK15/SES157/SA157S26	SES147	-2.39138	20.9805	23.3719
BLOCK15/SES157/SA157S26	SES148	-1.90483	21.4671	23.3719
BLOCK16/SES161/SA161S10	SES007	-1.69374	17.304	18.9978
BLOCK16/SES161/SA161S10	SES105	-1.87538	17.1224	18.9978
BLOCK16/SES161/SA161S10	SES158	-3.13743	15.8603	18.9978
BLOCK16/SES161/SA161S10	SES275	-2.22487	16.7729	18.9978
BLOCK16/SES161/SA161S12	SES007	-1.55725	19.3947	20.952
BLOCK16/SES161/SA161S12	SES105	-2.05458	18.8974	20.952
BLOCK16/SES161/SA161S12	SES158	-1.62307	19.3289	20.952
BLOCK16/SES161/SA161S12	SES275	-1.72909	19.2229	20.952
BLOCK16/SES161/SA161S20	SES007	-2.8398	14.4931	17.3329
BLOCK16/SES161/SA161S20	SES105	-3.75144	13.5815	17.3329
BLOCK16/SES161/SA161S20	SES158	-1.65704	15.6759	17.3329
BLOCK16/SES161/SA161S20	SES275	-3.02199	14.311	17.3329
BLOCK16/SES161/SA161S23	SES007	-1.65705	19.4591	21.1161
BLOCK16/SES161/SA161S23	SES105	-1.28438	19.8318	21.1161
BLOCK16/SES161/SA161S23	SES148	-1.92405	19.1921	21.1161
BLOCK16/SES161/SA161S23	SES158	-1.8486	19.2675	21.1161
BLOCK16/SES161/SA161S28	SES007	-3.14527	16.9749	20.1201
BLOCK16/SES161/SA161S28	SES105	-3.4776	16.6425	20.1201
BLOCK16/SES161/SA161S28	SES158	-1.88387	18.2363	20.1201
BLOCK16/SES161/SA161S28	SES206	-1.43545	18.6847	20.1201
BLOCK16/SES164/SA164S11	SES104	-2.20794	15.7252	17.9331
BLOCK16/SES164/SA164S11	SES125	-1.27265	16.6605	17.9331
BLOCK16/SES164/SA164S11	SES158	1.37646	19.3096	17.9331
BLOCK16/SES164/SA164S11	SES206	-2.02225	15.9109	17.9331
BLOCK16/SES164/SA164S13	SES099	-0.947566	15.7918	16.7394
BLOCK16/SES164/SA164S13	SES104	-2.32412	14.4152	16.7394
BLOCK16/SES164/SA164S13	SES125	-1.62413	15.1152	16.7394
BLOCK16/SES164/SA164S13	SES206	-2.08993	14.6494	16.7394
BLOCK16/SES164/SA164S24	SES002	2.10246	17.596	15.4936
BLOCK16/SES164/SA164S24	SES099	0.284964	15.7785	15.4936
BLOCK16/SES164/SA164S24	SES125	-3.2635	12.2301	15.4936
BLOCK16/SES164/SA164S24	SES226	0.741137	16.2347	15.4936
BLOCK16/SES164/SA164S27	SES087	-3.06361	13.3867	16.4503
BLOCK16/SES164/SA164S27	SES125	-2.36802	14.0823	16.4503
BLOCK16/SES164/SA164S27	SES206	-3.04616	13.4042	16.4503
BLOCK16/SES164/SA164S27	SES226	-1.04488	15.4054	16.4503
BLOCK16/SES164/SA164S29	SES002	0.780804	16.6651	15.8843
BLOCK16/SES164/SA164S29	SES019	-0.800253	15.0841	15.8843
BLOCK16/SES164/SA164S29	SES125	-2.90735	12.977	15.8843
BLOCK16/SES164/SA164S29	SES226	-1.62276	14.2616	15.8843
BLOCK16/SES169/SA169S13	SES117	-0.614868	20.8438	21.4587
BLOCK16/SES169/SA169S13	SES144	-1.13194	20.3268	21.4587
BLOCK16/SES169/SA169S13	SES146	-1.40683	20.0519	21.4587
BLOCK16/SES169/SA169S13	SES162	-1.66966	19.789	21.4587
BLOCK16/SES169/SA169S14	SES144	-1.91679	22.5118	24.4286
BLOCK16/SES169/SA169S14	SES148	-2.61274	21.8159	24.4286
BLOCK16/SES169/SA169S14	SES177	-0.806116	23.6225	24.4286
BLOCK16/SES169/SA169S14	SES180	-2.14977	22.2788	24.4286
BLOCK16/SES169/SA169S24	SES117	-1.26838	18.4544	19.7228
BLOCK16/SES169/SA169S24	SES144	-0.974792	18.748	19.7228
BLOCK16/SES169/SA169S24	SES146	-1.76441	17.9584	19.7228
BLOCK16/SES169/SA169S24	SES162	-2.00438	17.7184	19.7228
BLOCK16/SES169/SA169S27	SES127	-1.10561	19.763	20.8687
BLOCK16/SES169/SA169S27	SES129	-1.44347	19.4252	20.8687
BLOCK16/SES169/SA169S27	SES144	-2.37545	18.4932	20.8687
BLOCK16/SES169/SA169S27	SES146	-0.38435	20.4843	20.8687
BLOCK16/SES169/SA169S29	SES144	-0.778015	23.1918	23.9698
BLOCK16/SES169/SA169S29	SES162	-0.669973	23.2999	23.9698
BLOCK16/SES169/SA169S29	SES177	-1.44436	22.5255	23.9698
BLOCK16/SES169/SA169S29	SES180	-1.13267	22.8372	23.9698
BLOCK17/SES171/SA171S12	SES083	-2.54418	16.9732	19.5174
BLOCK17/SES171/SA171S12	SES148	-2.42469	17.0927	19.5174
BLOCK17/SES171/SA171S12	SES172	-1.9844	17.533	19.5174
BLOCK17/SES171/SA171S12	SES292	-4.34561	15.1718	19.5174
BLOCK17/SES171/SA171S15	SES148	-1.74256	19.6342	21.3768
BLOCK17/SES171/SA171S15	SES177	-1.2979	20.0789	21.3768
BLOCK17/SES171/SA171S15	SES180	-2.42889	18.9479	21.3768
BLOCK17/SES171/SA171S15	SES292	-1.84394	19.5328	21.3768
BLOCK17/SES171/SA171S22	SES007	-2.20627	22.1284	24.3347
BLOCK17/SES171/SA171S22	SES148	-1.84581	22.4889	24.3347
BLOCK17/SES171/SA171S22	SES177	-1.24774	23.087	24.3347
BLOCK17/SES171/SA171S22	SES180	-2.41328	21.9214	24.3347
BLOCK17/SES171/SA171S25	SES101	-1.61051	18.1658	19.7763
BLOCK17/SES171/SA171S25	SES120	-3.5175	16.2588	19.7763
BLOCK17/SES171/SA171S25	SES177	-2.21057	17.5658	19.7763
BLOCK17/SES171/SA171S25	SES180	-2.32495	17.4514	19.7763
BLOCK17/SES171/SA171S27	SES177	-1.30823	19.6125	20.9207
BLOCK17/SES171/SA171S27	SES180	-2.57327	18.3474	20.9207
BLOCK17/SES171/SA171S27	SES189	-0.668358	20.2524	20.9207
BLOCK17/SES171/SA171S27	SES292	-3.35221	17.5685	20.9207
BLOCK17/SES173/SA173S13	SES162	-4.29902	17.3425	21.6416
BLOCK17/SES173/SA173S13	SES177	-1.66208	19.9795	21.6416
BLOCK17/SES173/SA173S13	SES180	-4.23956	17.402	21.6416
BLOCK17/SES173/SA173S13	SES292	-1.25449	20.3871	21.6416
BLOCK17/SES173/SA173S14	SES007	-1.22281	21.5821	22.8049
BLOCK17/SES173/SA173S14	SES162	-3.66788	19.137	22.8049
BLOCK17/SES173/SA173S14	SES177	-1.24898	21.5559	22.8049
BLOCK17/SES173/SA173S14	SES180	-3.90624	18.8986	22.8049
BLOCK17/SES173/SA173S24	SES144	-2.36882	16.9171	19.2859
BLOCK17/SES173/SA173S24	SES162	-3.77419	15.5117	19.2859
BLOCK17/SES173/SA173S24	SES177	-1.89817	17.3877	19.2859
BLOCK17/SES173/SA173S24	SES180	-4.02444	15.2614	19.2859
BLOCK17/SES173/SA173S27	SES162	-4.33414	16.9697	21.3039
BLOCK17/SES173/SA173S27	SES177	-2.18588	19.118	21.3039
BLOCK17/SES173/SA173S27	SES180	-2.41901	18.8848	21.3039
BLOCK17/SES173/SA173S27	SES292	-0.759609	20.5442	21.3039
BLOCK17/SES173/SA173S29	SES162	-2.93088	16.1961	19.127
BLOCK17/SES173/SA173S29	SES175	-1.61552	17.5115	19.127
BLOCK17/SES173/SA173S29	SES177	-1.43905	17.688	19.127
BLOCK17/SES173/SA173S29	SES292	-2.79435	16.3327	19.127
BLOCK18/SES182/SA182S10	SES144	-0.338314	21.1614	21.4997
BLOCK18/SES182/SA182S10	SES177	-1.66323	19.8365	21.4997
BLOCK18/SES182/SA182S10	SES180	-3.02043	18.4793	21.4997
BLOCK18/SES182/SA182S10	SES275	-1.05345	20.4462	21.4997
BLOCK18/SES182/SA182S12	SES144	0.644403	24.9487	24.3043
BLOCK18/SES182/SA182S12	SES177	-0.896683	23.4076	24.3043
BLOCK18/SES182/SA182S12	SES180	-1.28285	23.0214	24.3043
BLOCK18/SES182/SA182S12	SES275	-0.260921	24.0433	24.3043
BLOCK18/SES182/SA182S21	SES117	-1.87547	17.5781	19.4536
BLOCK18/SES182/SA182S21	SES144	-1.3614	18.0922	19.4536
BLOCK18/SES182/SA182S21	SES162	-1.85656	17.597	19.4536
BLOCK18/SES182/SA182S21	SES180	-3.49212	15.9615	19.4536
BLOCK18/SES182/SA182S23	SES117	-1.4065	18.4328	19.8393
BLOCK18/SES182/SA182S23	SES144	-1.68472	18.1546	19.8393
BLOCK18/SES182/SA182S23	SES180	-2.00743	17.8319	19.8393
BLOCK18/SES182/SA182S23	SES275	0.270376	20.1097	19.8393
BLOCK18/SES182/SA182S25	SES007	-0.492455	18.8468	19.3392
BLOCK18/SES182/SA182S25	SES162	-1.1274	18.2119	19.3392
BLOCK18/SES182/SA182S25	SES177	-1.55958	17.7797	19.3392
BLOCK18/SES182/SA182S25	SES180	-2.32098	17.0183	19.3392
BLOCK18/SES184/SA184S12	SES177	-1.86422	18.678	20.5423
BLOCK18/SES184/SA184S12	SES180	-1.55306	18.9892	20.5423
BLOCK18/SES184/SA184S12	SES189	-1.85376	18.6885	20.5423
BLOCK18/SES184/SA184S12	SES292	-0.698393	19.8439	20.5423
BLOCK18/SES184/SA184S13	SES101	-1.74638	18.8679	20.6143
BLOCK18/SES184/SA184S13	SES177	-1.47197	19.1423	20.6143
BLOCK18/SES184/SA184S13	SES180	-2.53781	18.0765	20.6143
BLOCK18/SES184/SA184S13	SES292	-2.49687	18.1174	20.6143
BLOCK18/SES184/SA184S22	SES177	-3.26407	16.4627	19.7268
BLOCK18/SES184/SA184S22	SES180	-1.97465	17.7522	19.7268
BLOCK18/SES184/SA184S22	SES189	-2.22316	17.5036	19.7268
BLOCK18/SES184/SA184S22	SES292	-3.32217	16.4046	19.7268
BLOCK18/SES184/SA184S25	SES101	-0.508606	20.5684	21.077
BLOCK18/SES184/SA184S25	SES177	-1.77912	19.2979	21.077
BLOCK18/SES184/SA184S25	SES180	-1.30373	19.7733	21.077
BLOCK18/SES184/SA184S25	SES292	-1.21922	19.8578	21.077
BLOCK18/SES184/SA184S27	SES083	-1.57759	20.5628	22.1404
BLOCK18/SES184/SA184S27	SES177	-1.27645	20.8639	22.1404
BLOCK18/SES184/SA184S27	SES202	-1.26294	20.8774	22.1404
BLOCK18/SES184/SA184S27	SES292	-1.74321	20.3971	22.1404
BLOCK20/SES204/SA204S12	SES062	-2.01355	20.7418	22.7554
BLOCK20/SES204/SA204S12	SES083	-3.37113	19.3842	22.7554
BLOCK20/SES204/SA204S12	SES206	-2.03127	20.7241	22.7554
BLOCK20/SES204/SA204S12	SES226	-3.2417	19.5137	22.7554
BLOCK20/SES204/SA204S14	SES068	-0.578745	24.0472	24.626
BLOCK20/SES204/SA204S14	SES087	-0.667747	23.9582	24.626
BLOCK20/SES204/SA204S14	SES206	-2.06613	22.5598	24.626
BLOCK20/SES204/SA204S14	SES226	-3.00554	21.6204	24.626
BLOCK20/SES204/SA204S22	SES068	-1.32107	20.7421	22.0632
BLOCK20/SES204/SA204S22	SES082	-2.35534	19.7078	22.0632
BLOCK20/SES204/SA204S22	SES083	-3.85524	18.2079	22.0632
BLOCK20/SES204/SA204S22	SES206	-1.56983	20.4933	22.0632
BLOCK20/SES204/SA204S25	SES062	-2.11408	20.9612	23.0753
BLOCK20/SES204/SA204S25	SES083	-3.25182	19.8235	23.0753
BLOCK20/SES204/SA204S25	SES206	-0.91835	22.1569	23.0753
BLOCK20/SES204/SA204S25	SES226	-2.58471	20.4906	23.0753
BLOCK20/SES204/SA204S27	SES068	-2.17135	19.0232	21.1945
BLOCK20/SES204/SA204S27	SES082	-1.63119	19.5633	21.1945
BLOCK20/SES204/SA204S27	SES087	-0.965515	20.229	21.1945
BLOCK20/SES204/SA204S27	SES206	-1.82564	19.3689	21.1945
BLOCK20/SES207/SA207S10	SES127	-2.20237	21.3957	23.5981
BLOCK20/SES207/SA207S10	SES183	-1.57047	22.0276	23.5981
BLOCK20/SES207/SA207S10	SES189	-2.75751	20.8406	23.5981
BLOCK20/SES207/SA207S10	SES292	-2.9487	20.6494	23.5981
BLOCK20/SES207/SA207S11	SES127	-2.73794	19.7921	22.53
BLOCK20/SES207/SA207S11	SES183	-1.84521	20.6848	22.53
BLOCK20/SES207/SA207S11	SES187	-1.92073	20.6093	22.53
BLOCK20/SES207/SA207S11	SES292	-2.13819	20.3918	22.53
BLOCK20/SES207/SA207S25	SES068	-2.48005	17.586	20.066
BLOCK20/SES207/SA207S25	SES083	-2.5421	17.5239	20.066
BLOCK20/SES207/SA207S25	SES127	-1.76443	18.3016	20.066
BLOCK20/SES207/SA207S25	SES187	-1.14102	18.925	20.066
BLOCK20/SES207/SA207S27	SES127	-2.06899	18.3366	20.4056
BLOCK20/SES207/SA207S27	SES183	-1.54856	18.857	20.4056
BLOCK20/SES207/SA207S27	SES187	-1.85938	18.5462	20.4056
BLOCK20/SES207/SA207S27	SES292	-2.14869	18.2569	20.4056
BLOCK20/SES207/SA207S29	SES083	-2.69877	18.8913	21.5901
BLOCK20/SES207/SA207S29	SES085	-2.51981	19.0703	21.5901
BLOCK20/SES207/SA207S29	SES172	-1.01188	20.5782	21.5901
BLOCK20/SES207/SA207S29	SES189	-2.78088	18.8092	21.5901
BLOCK22/SES221/SA221S12	SES068	-0.173458	22.6792	22.8526
BLOCK22/SES221/SA221S12	SES143	-3.20319	19.6495	22.8526
BLOCK22/SES221/SA221S12	SES175	-1.22181	21.6308	22.8526
BLOCK22/SES221/SA221S12	SES202	-1.109	21.7436	22.8526
BLOCK22/SES221/SA221S15	SES085	-1.54991	20.4194	21.9693
BLOCK22/SES221/SA221S15	SES143	-3.75194	18.2174	21.9693
BLOCK22/SES221/SA221S15	SES175	-2.1596	19.8097	21.9693
BLOCK22/SES221/SA221S15	SES187	-1.63001	20.3393	21.9693
BLOCK22/SES221/SA221S23	SES068	0.312645	21.6951	21.3825
BLOCK22/SES221/SA221S23	SES143	-1.88436	19.4981	21.3825
BLOCK22/SES221/SA221S23	SES175	0.143103	21.5256	21.3825
BLOCK22/SES221/SA221S23	SES189	-1.21613	20.1663	21.3825
BLOCK22/SES221/SA221S27	SES085	-0.888205	20.4834	21.3716
BLOCK22/SES221/SA221S27	SES143	-3.12417	18.2474	21.3716
BLOCK22/SES221/SA221S27	SES175	-1.17904	20.1926	21.3716
BLOCK22/SES221/SA221S27	SES189	-0.290102	21.0815	21.3716
BLOCK22/SES221/SA221S29	SES085	0.157007	21.6652	21.5082
BLOCK22/SES221/SA221S29	SES143	-3.47428	18.0339	21.5082
BLOCK22/SES221/SA221S29	SES175	-1.20455	20.3037	21.5082
BLOCK22/SES221/SA221S29	SES187	-1.71119	19.797	21.5082
BLOCK22/SES223/SA223S11	SES143	-3.08202	17.3374	20.4194
BLOCK22/SES223/SA223S11	SES144	-3.11124	17.3081	20.4194
BLOCK22/SES223/SA223S11	SES175	-2.10525	18.3141	20.4194
BLOCK22/SES223/SA223S11	SES187	-1.96919	18.4502	20.4194
BLOCK22/SES223/SA223S13	SES068	-0.217129	20.0669	20.284
BLOCK22/SES223/SA223S13	SES143	-4.02045	16.2636	20.284
BLOCK22/SES223/SA223S13	SES146	-2.90508	17.3789	20.284
BLOCK22/SES223/SA223S13	SES202	-2.21438	18.0697	20.284
BLOCK22/SES223/SA223S22	SES143	-3.73063	16.3556	20.0862
BLOCK22/SES223/SA223S22	SES144	-3.44502	16.6412	20.0862
BLOCK22/SES223/SA223S22	SES175	-2.16799	17.9182	20.0862
BLOCK22/SES223/SA223S22	SES187	-2.20133	17.8849	20.0862
BLOCK22/SES223/SA223S25	SES068	-1.28728	19.4788	20.7661
BLOCK22/SES223/SA223S25	SES143	-3.05084	17.7152	20.7661
BLOCK22/SES223/SA223S25	SES175	-1.53212	19.234	20.7661
BLOCK22/SES223/SA223S25	SES187	-2.19106	18.575	20.7661
BLOCK22/SES223/SA223S27	SES143	-2.50898	18.2399	20.7489
BLOCK22/SES223/SA223S27	SES146	-1.95152	18.7973	20.7489
BLOCK22/SES223/SA223S27	SES187	-3.14555	17.6033	20.7489
BLOCK22/SES223/SA223S27	SES292	-1.43217	19.3167	20.7489
BLOCK27/SES273/SA273S12	SES099	0.0833759	22.289	22.2056
BLOCK27/SES273/SA273S12	SES104	-0.140654	22.065	22.2056
BLOCK27/SES273/SA273S12	SES125	-1.49701	20.7086	22.2056
BLOCK27/SES273/SA273S12	SES206	-0.886314	21.3193	22.2056
BLOCK27/SES273/SA273S13	SES099	-0.620291	21.7584	22.3787
BLOCK27/SES273/SA273S13	SES104	-0.618656	21.76	22.3787
BLOCK27/SES273/SA273S13	SES206	-0.880808	21.4979	22.3787
BLOCK27/SES273/SA273S13	SES292	-1.05408	21.3246	22.3787
BLOCK27/SES273/SA273S21	SES099	-0.333563	21.4294	21.763
BLOCK27/SES273/SA273S21	SES148	-3.13134	18.6316	21.763
BLOCK27/SES273/SA273S21	SES149	-2.89555	18.8674	21.763
BLOCK27/SES273/SA273S21	SES177	-2.28818	19.4748	21.763
BLOCK27/SES273/SA273S25	SES104	-1.7312	20.0097	21.7409
BLOCK27/SES273/SA273S25	SES125	-2.32875	19.4121	21.7409
BLOCK27/SES273/SA273S25	SES158	-1.21566	20.5252	21.7409
BLOCK27/SES273/SA273S25	SES206	-1.07479	20.6661	21.7409
BLOCK27/SES273/SA273S27	SES099	0.0862103	23.3598	23.2736
BLOCK27/SES273/SA273S27	SES104	-1.0555	22.2181	23.2736
BLOCK27/SES273/SA273S27	SES149	-1.34229	21.9313	23.2736
BLOCK27/SES273/SA273S27	SES275	-1.81223	21.4613	23.2736
BLOCK27/SES274/SA274S10	SES105	-3.15059	20.3186	23.4691
BLOCK27/SES274/SA274S10	SES125	-3.30893	20.1602	23.4691
BLOCK27/SES274/SA274S10	SES129	-2.57026	20.8989	23.4691
BLOCK27/SES274/SA274S10	SES158	-4.17356	19.2956	23.4691
BLOCK27/SES274/SA274S11	SES105	-1.65523	22.137	23.7922
BLOCK27/SES274/SA274S11	SES149	-2.96021	20.832	23.7922
BLOCK27/SES274/SA274S11	SES158	-2.56287	21.2293	23.7922
BLOCK27/SES274/SA274S11	SES275	-1.64971	22.1425	23.7922
BLOCK27/SES274/SA274S21	SES105	-3.05087	22.713	25.7638
BLOCK27/SES274/SA274S21	SES129	-1.59541	24.1684	25.7638
BLOCK27/SES274/SA274S21	SES149	-2.02595	23.7379	25.7638
BLOCK27/SES274/SA274S21	SES158	-3.66374	22.1001	25.7638
BLOCK27/SES274/SA274S24	SES105	-3.56439	19.7192	23.2836
BLOCK27/SES274/SA274S24	SES129	-1.75339	21.5302	23.2836
BLOCK27/SES274/SA274S24	SES149	-5.06936	18.2142	23.2836
BLOCK27/SES274/SA274S24	SES158	-5.25178	18.0318	23.2836
BLOCK27/SES274/SA274S29	SES105	-1.85917	20.9585	22.8176
BLOCK27/SES274/SA274S29	SES106	-3.00402	19.8136	22.8176
BLOCK27/SES274/SA274S29	SES120	-1.31279	21.5048	22.8176
BLOCK27/SES274/SA274S29	SES275	-1.00352	21.8141	22.8176
BLOCK27/SES276/SA276S16	SES148	-1.61556	19.8172	21.4327
BLOCK27/SES276/SA276S16	SES172	-0.777422	20.6553	21.4327
BLOCK27/SES276/SA276S16	SES180	-3.02214	18.4106	21.4327
BLOCK27/SES276/SA276S16	SES292	-1.40227	20.0305	21.4327
BLOCK27/SES276/SA276S17	SES101	-1.23927	20.5912	21.8305
BLOCK27/SES276/SA276S17	SES177	-1.88914	19.9413	21.8305
BLOCK27/SES276/SA276S17	SES180	-1.77856	20.0519	21.8305
BLOCK27/SES276/SA276S17	SES292	-2.51253	19.3179	21.8305
BLOCK27/SES276/SA276S24	SES101	-0.613716	22.5962	23.2099
BLOCK27/SES276/SA276S24	SES177	-1.48071	21.7292	23.2099
BLOCK27/SES276/SA276S24	SES180	-1.91492	21.295	23.2099
BLOCK27/SES276/SA276S24	SES292	-2.61957	20.5904	23.2099
BLOCK27/SES276/SA276S26	SES101	-2.67301	21.0041	23.6772
BLOCK27/SES276/SA276S26	SES177	-1.84032	21.8368	23.6772
BLOCK27/SES276/SA276S26	SES180	-1.14137	22.5358	23.6772
BLOCK27/SES276/SA276S26	SES292	-1.44967	22.2275	23.6772
BLOCK27/SES276/SA276S28	SES101	-1.02942	22.3273	23.3567
BLOCK27/SES276/SA276S28	SES177	-2.10175	21.255	23.3567
BLOCK27/SES276/SA276S28	SES180	-0.879303	22.4774	23.3567
BLOCK27/SES276/SA276S28	SES292	-1.59526	21.7615	23.3567
BLOCK27/SES277/SA277S12	SES101	-0.141901	19.3322	19.4741
BLOCK27/SES277/SA277S12	SES177	-2.06427	17.4098	19.4741
BLOCK27/SES277/SA277S12	SES180	-3.62195	15.8521	19.4741
BLOCK27/SES277/SA277S12	SES292	-4.20297	15.2711	19.4741
BLOCK27/SES277/SA277S14	SES177	-1.60685	18.0743	19.6812
BLOCK27/SES277/SA277S14	SES180	-3.90284	15.7783	19.6812
BLOCK27/SES277/SA277S14	SES189	-1.13141	18.5498	19.6812
BLOCK27/SES277/SA277S14	SES292	-3.2961	16.3851	19.6812
BLOCK27/SES277/SA277S21	SES177	-0.985483	19.9507	20.9362
BLOCK27/SES277/SA277S21	SES180	-1.87777	19.0584	20.9362
BLOCK27/SES277/SA277S21	SES189	0.885962	21.8221	20.9362
BLOCK27/SES277/SA277S21	SES292	-3.43159	17.5046	20.9362
BLOCK27/SES277/SA277S24	SES144	-0.645325	16.1696	16.815
BLOCK27/SES277/SA277S24	SES177	-1.31172	15.5032	16.815
BLOCK27/SES277/SA277S24	SES180	-2.7287	14.0863	16.815
BLOCK27/SES277/SA277S24	SES189	-0.110172	16.7048	16.815
BLOCK27/SES277/SA277S29	SES177	-2.01642	19.3908	21.4072
BLOCK27/SES277/SA277S29	SES180	-2.37851	19.0287	21.4072
BLOCK27/SES277/SA277S29	SES202	-1.6629	19.7443	21.4072
BLOCK27/SES277/SA277S29	SES292	-3.7928	17.6144	21.4072
BLOCK27/SES279/SA279S09	SES120	-1.82887	20.4707	22.2996
BLOCK27/SES279/SA279S09	SES146	-2.80862	19.491	22.2996
BLOCK27/SES279/SA279S09	SES206	-1.23608	21.0635	22.2996
BLOCK27/SES279/SA279S09	SES226	-2.63583	19.6638	22.2996
BLOCK27/SES279/SA279S10	SES099	-0.549536	21.0825	21.632
BLOCK27/SES279/SA279S10	SES206	-0.619509	21.0125	21.632
BLOCK27/SES279/SA279S10	SES226	-2.2038	19.4283	21.632
BLOCK27/SES279/SA279S10	SES292	-0.78372	20.8483	21.632
BLOCK27/SES279/SA279S20	SES099	-1.60299	18.0002	19.6032
BLOCK27/SES279/SA279S20	SES206	-1.68825	17.915	19.6032
BLOCK27/SES279/SA279S20	SES226	-2.71095	16.8923	19.6032
BLOCK27/SES279/SA279S20	SES292	-1.57224	18.031	19.6032
BLOCK27/SES279/SA279S26	SES099	-1.72149	19.0067	20.7282
BLOCK27/SES279/SA279S26	SES206	-0.755714	19.9725	20.7282
BLOCK27/SES279/SA279S26	SES226	-2.17217	18.556	20.7282
BLOCK27/SES279/SA279S26	SES292	-0.991446	19.7368	20.7282
BLOCK27/SES279/SA279S28	SES099	-0.862167	23.6584	24.5205
BLOCK27/SES279/SA279S28	SES120	-1.09822	23.4223	24.5205
BLOCK27/SES279/SA279S28	SES177	-2.28423	22.2363	24.5205
BLOCK27/SES279/SA279S28	SES206	-1.35417	23.1664	24.5205
BLOCK29/SES290/SA290S12	SES162	-1.07402	24.5608	25.6349
BLOCK29/SES290/SA290S12	SES177	-0.750557	24.8843	25.6349
BLOCK29/SES290/SA290S12	SES180	-1.63674	23.9981	25.6349
BLOCK29/SES290/SA290S12	SES292	-2.2913	23.3436	25.6349
BLOCK29/SES290/SA290S13	SES007	-1.53652	20.6404	22.1769
BLOCK29/SES290/SA290S13	SES162	-2.50497	19.6719	22.1769
BLOCK29/SES290/SA290S13	SES177	-1.04252	21.1344	22.1769
BLOCK29/SES290/SA290S13	SES180	-0.994045	21.1828	22.1769
BLOCK29/SES290/SA290S22	SES177	-1.05313	22.1007	23.1538
BLOCK29/SES290/SA290S22	SES180	-1.4873	21.6665	23.1538
BLOCK29/SES290/SA290S22	SES202	-1.5363	21.6175	23.1538
BLOCK29/SES290/SA290S22	SES292	-2.08181	21.072	23.1538
BLOCK29/SES290/SA290S25	SES162	-1.32607	22.8447	24.1708
BLOCK29/SES290/SA290S25	SES177	-1.23046	22.9403	24.1708
BLOCK29/SES290/SA290S25	SES180	-1.20658	22.9642	24.1708
BLOCK29/SES290/SA290S25	SES292	-1.38992	22.7808	24.1708
BLOCK29/SES290/SA290S29	SES177	-0.91572	23.3556	24.2713
BLOCK29/SES290/SA290S29	SES180	-1.33764	22.9336	24.2713
BLOCK29/SES290/SA290S29	SES275	-1.75115	22.5201	24.2713
BLOCK29/SES290/SA290S29	SES292	-1.42487	22.8464	24.2713
BLOCK29/SES291/SA291S11	SES105	-4.0106	15.1502	19.1608
BLOCK29/SES291/SA291S11	SES125	-1.09857	18.0622	19.1608
BLOCK29/SES291/SA291S11	SES158	-0.929321	18.2315	19.1608
BLOCK29/SES291/SA291S11	SES275	-3.41779	15.743	19.1608
BLOCK29/SES291/SA291S12	SES158	0.232044	21.1722	20.9401
BLOCK29/SES291/SA291S12	SES226	-1.83574	19.1044	20.9401
BLOCK29/SES291/SA291S12	SES270	1.40258	22.3427	20.9401
BLOCK29/SES291/SA291S12	SES275	-5.35569	15.5845	20.9401
BLOCK29/SES291/SA291S22	SES082	-0.922733	18.6241	19.5468
BLOCK29/SES291/SA291S22	SES158	-0.438915	19.1079	19.5468
BLOCK29/SES291/SA291S22	SES259	-1.77168	17.7751	19.5468
BLOCK29/SES291/SA291S22	SES275	-3.28809	16.2587	19.5468
BLOCK29/SES291/SA291S24	SES104	-0.842464	21.7229	22.5654
BLOCK29/SES291/SA291S24	SES125	-0.761892	21.8035	22.5654
BLOCK29/SES291/SA291S24	SES158	-0.838863	21.7265	22.5654
BLOCK29/SES291/SA291S24	SES275	-4.19634	18.369	22.5654
BLOCK29/SES291/SA291S27	SES158	-0.307932	20.2942	20.6022
BLOCK29/SES291/SA291S27	SES172	-4.31943	16.2827	20.6022
BLOCK29/SES291/SA291S27	SES275	-4.26768	16.3345	20.6022
BLOCK29/SES291/SA291S27	SES292	-2.54495	18.0572	20.6022
