spk_ver/v00/v0000	SES146	0.995323	-39.2933	-40.2886
spk_ver/v00/v0001	SES002	-16.9904	-57.9304	-40.9399
spk_ver/v00/v0002	SES002	-12.1885	-52.9816	-40.7931
spk_ver/v00/v0003	SES002	-18.3458	-60.0099	-41.6641
spk_ver/v00/v0004	SES002	-2.2004	-43.3031	-41.1027
spk_ver/v00/v0005	SES002	-2.048	-42.1407	-40.0927
spk_ver/v00/v0006	SES002	-7.79429	-48.0698	-40.2755
spk_ver/v00/v0007	SES002	-10.4438	-52.3723	-41.9285
spk_ver/v00/v0008	SES146	0.189697	-40.1948	-40.3845
spk_ver/v00/v0009	SES002	-1.12053	-40.8859	-39.7654
spk_ver/v00/v0010	SES002	-2.63486	-43.0525	-40.4177
spk_ver/v00/v0011	SES002	-1.56067	-43.2972	-41.7365
spk_ver/v00/v0012	SES002	-10.402	-49.7176	-39.3156
spk_ver/v00/v0013	SES002	-5.80917	-45.5342	-39.725
spk_ver/v00/v0014	SES002	-0.624035	-41.3622	-40.7381
spk_ver/v00/v0015	SES002	-1.13985	-41.2524	-40.1125
spk_ver/v00/v0016	SES275	0.210232	-41.2692	-41.4795
spk_ver/v00/v0017	SES002	0.268734	-39.7817	-40.0504
spk_ver/v00/v0018	SES002	-13.2252	-54.7707	-41.5455
spk_ver/v00/v0019	SES002	-1.90479	-41.94	-40.0353
spk_ver/v00/v0020	SES002	-12.9623	-54.8553	-41.893
spk_ver/v00/v0021	SES002	-11.7419	-52.5123	-40.7704
spk_ver/v00/v0022	SES002	-1.73279	-42.3814	-40.6486
spk_ver/v00/v0023	SES002	-11.7112	-50.8064	-39.0952
spk_ver/v00/v0024	SES002	-12.155	-53.4003	-41.2453
spk_ver/v00/v0025	SES002	-6.30562	-46.9889	-40.6833
spk_ver/v00/v0026	SES002	-4.41865	-44.1805	-39.7618
spk_ver/v00/v0027	SES129	1.30306	-38.4347	-39.7378
spk_ver/v00/v0028	SES007	-2.01294	-41.8278	-39.8149
spk_ver/v00/v0029	SES083	-0.0357361	-39.7407	-39.705
spk_ver/v00/v0030	SES019	2.25171	-38.8566	-41.1083
spk_ver/v00/v0031	SES007	-2.43007	-43.0205	-40.5905
spk_ver/v00/v0032	SES270	1.18957	-38.8154	-40.005
spk_ver/v00/v0033	SES007	-2.65526	-42.5142	-39.8589
spk_ver/v00/v0034	SES007	-1.68946	-43.3031	-41.6136
spk_ver/v00/v0035	SES007	-1.33423	-40.8997	-39.5655
spk_ver/v00/v0036	SES007	-1.3786	-40.7428	-39.3642
spk_ver/v00/v0037	SES007	-2.53983	-42.3786	-39.8388
spk_ver/v00/v0038	SES259	1.62463	-37.8519	-39.4765
spk_ver/v00/v0039	SES007	-2.66613	-43.0652	-40.3991
spk_ver/v00/v0040	SES007	-2.17664	-41.669	-39.4924
spk_ver/v00/v0041	SES007	-1.87144	-41.6931	-39.8217
spk_ver/v00/v0042	SES007	-0.918663	-41.1656	-40.2469
spk_ver/v00/v0043	SES007	-0.530121	-41.0356	-40.5055
spk_ver/v00/v0044	SES007	-1.84434	-40.9275	-39.0831
spk_ver/v00/v0045	SES007	-1.01204	-40.9557	-39.9436
spk_ver/v00/v0046	SES007	-1.64613	-41.4965	-39.8503
spk_ver/v00/v0047	SES172	0.35577	-39.3497	-39.7054
spk_ver/v00/v0048	SES105	1.22521	-39.4514	-40.6766
spk_ver/v00/v0049	SES007	-0.603638	-40.3079	-39.7043
spk_ver/v00/v0050	SES292	0.179646	-39.9238	-40.1035
spk_ver/v00/v0051	SES007	-1.60296	-41.9112	-40.3083
spk_ver/v00/v0052	SES068	0.680359	-38.8219	-39.5023
spk_ver/v00/v0053	SES008	-1.14474	-40.4156	-39.2709
spk_ver/v00/v0054	SES008	-4.9807	-46.921	-41.9403
spk_ver/v00/v0055	SES008	-1.52521	-41.7417	-40.2165
spk_ver/v00/v0056	SES008	-4.59164	-45.2921	-40.7004
spk_ver/v00/v0057	SES008	-3.81236	-44.2779	-40.4655
spk_ver/v00/v0058	SES083	0.403908	-39.5473	-39.9512
spk_ver/v00/v0059	SES158	1.79634	-38.7045	-40.5008
spk_ver/v00/v0060	SES008	-2.37675	-42.2114	-39.8346
spk_ver/v00/v0061	SES101	0.548088	-39.5563	-40.1044
spk_ver/v00/v0062	SES008	-3.87128	-44.1603	-40.289
spk_ver/v00/v0063	SES008	-2.09308	-42.4631	-40.37
spk_ver/v00/v0064	SES117	0.811665	-39.8646	-40.6763
spk_ver/v00/v0065	SES149	1.55442	-38.4775	-40.0319
spk_ver/v00/v0066	SES008	-1.2589	-40.6608	-39.4019
spk_ver/v00/v0067	SES008	-2.35206	-43.4593	-41.1073
spk_ver/v00/v0068	SES162	1.16719	-39.454	-40.6212
spk_ver/v00/v0069	SES008	-3.78728	-43.9315	-40.1443
spk_ver/v00/v0070	SES008	-0.260521	-40.013	-39.7525
spk_ver/v00/v0071	SES008	-3.08604	-43.5471	-40.4611
spk_ver/v00/v0072	SES008	-1.32907	-40.1386	-38.8095
spk_ver/v00/v0073	SES008	-2.0059	-41.2674	-39.2615
spk_ver/v00/v0074	SES008	-2.95772	-42.7352	-39.7775
spk_ver/v00/v0075	SES008	-5.7098	-47.3043	-41.5945
spk_ver/v00/v0076	SES167	0.900265	-39.0711	-39.9713
spk_ver/v00/v0077	SES008	-1.38987	-40.9403	-39.5504
spk_ver/v00/v0078	SES177	0.778103	-39.0791	-39.8572
spk_ver/v00/v0079	SES008	-2.01043	-42.4841	-40.4737
spk_ver/v00/v0080	SES008	-3.07312	-44.3315	-41.2584
spk_ver/v00/v0081	SES008	-4.09197	-45.5796	-41.4876
spk_ver/v00/v0082	SES008	-2.33176	-42.0064	-39.6746
spk_ver/v00/v0083	SES008	-4.79188	-46.2957	-41.5039
spk_ver/v00/v0084	SES144	0.788071	-39.9142	-40.7022
spk_ver/v00/v0085	SES008	-2.27534	-42.4955	-40.2201
spk_ver/v00/v0086	SES008	-1.60014	-40.3811	-38.7809
spk_ver/v00/v0087	SES008	-3.0087	-43.8597	-40.851
spk_ver/v00/v0088	SES008	-2.92535	-42.9365	-40.0111
spk_ver/v00/v0089	SES008	-1.25142	-42.3003	-41.0489
spk_ver/v00/v0090	SES142	1.79239	-38.9188	-40.7112
spk_ver/v00/v0091	SES008	-4.05909	-44.1242	-40.0651
spk_ver/v00/v0092	SES158	0.899162	-39.7418	-40.641
spk_ver/v00/v0093	SES014	-3.54775	-43.4439	-39.8961
spk_ver/v00/v0094	SES014	-3.10187	-45.2832	-42.1814
spk_ver/v00/v0095	SES014	-0.99176	-40.5163	-39.5245
spk_ver/v00/v0096	SES014	-2.63572	-42.4753	-39.8395
spk_ver/v00/v0097	SES014	-1.1352	-42.1656	-41.0304
spk_ver/v00/v0098	SES014	-0.918106	-40.2347	-39.3165
spk_ver/v00/v0099	SES014	-13.3869	-54.8686	-41.4817
spk_ver/v01/v0100	SES127	0.832603	-38.9228	-39.7554
spk_ver/v01/v0101	SES014	-8.41634	-50.0983	-41.6819
spk_ver/v01/v0102	SES014	-14.2739	-55.6019	-41.328
spk_ver/v01/v0103	SES014	-4.21411	-45.9225	-41.7083
spk_ver/v01/v0104	SES014	-11.2162	-52.5595	-41.3433
spk_ver/v01/v0105	SES014	-2.59578	-44.2352	-41.6394
spk_ver/v01/v0106	SES014	-1.9805	-42.7831	-40.8026
spk_ver/v01/v0107	SES014	-15.4277	-55.3366	-39.9089
spk_ver/v01/v0108	SES014	-15.6419	-56.8337	-41.1917
spk_ver/v01/v0109	SES014	-9.77366	-50.8818	-41.1081
spk_ver/v01/v0110	SES014	-2.16547	-43.9204	-41.755
spk_ver/v01/v0111	SES014	-1.07439	-40.9084	-39.834
spk_ver/v01/v0112	SES014	-11.1652	-50.9614	-39.7962
spk_ver/v01/v0113	SES104	0.278206	-40.3831	-40.6613
spk_ver/v01/v0114	SES082	0.561821	-39.1373	-39.6991
spk_ver/v01/v0115	SES087	1.60474	-38.7219	-40.3267
spk_ver/v01/v0116	SES014	-1.16737	-41.5128	-40.3454
spk_ver/v01/v0117	SES177	0.0692215	-40.4091	-40.4783
spk_ver/v01/v0118	SES014	-9.81244	-51.0725	-41.2601
spk_ver/v01/v0119	SES014	-1.02904	-40.9875	-39.9585
spk_ver/v01/v0120	SES014	-13.9849	-55.178	-41.1931
spk_ver/v01/v0121	SES146	0.367359	-39.6743	-40.0416
spk_ver/v01/v0122	SES014	1.72594	-37.1334	-38.8593
spk_ver/v01/v0123	SES014	-1.34897	-41.6589	-40.3099
spk_ver/v01/v0124	SES014	-9.98838	-50.3913	-40.4029
spk_ver/v01/v0125	SES014	-5.39733	-46.1955	-40.7982
spk_ver/v01/v0126	SES016	-2.59423	-43.0756	-40.4813
spk_ver/v01/v0127	SES016	-1.95995	-43.712	-41.7521
spk_ver/v01/v0128	SES106	2.01054	-38.8085	-40.819
spk_ver/v01/v0129	SES016	-3.46291	-43.2262	-39.7632
spk_ver/v01/v0130	SES016	-2.90069	-43.4227	-40.522
spk_ver/v01/v0131	SES016	-4.58039	-44.6422	-40.0619
spk_ver/v01/v0132	SES016	-1.58998	-41.6273	-40.0373
spk_ver/v01/v0133	SES016	-2.08692	-42.2559	-40.169
spk_ver/v01/v0134	SES016	-1.8349	-41.1326	-39.2977
spk_ver/v01/v0135	SES016	-3.13874	-44.4514	-41.3127
spk_ver/v01/v0136	SES016	-3.33279	-43.615	-40.2822
spk_ver/v01/v0137	SES007	0.252937	-40.039	-40.292
spk_ver/v01/v0138	SES016	-1.01879	-41.1837	-40.1649
spk_ver/v01/v0139	SES016	-1.27215	-40.603	-39.3308
spk_ver/v01/v0140	SES016	0.868122	-39.3355	-40.2036
spk_ver/v01/v0141	SES016	-7.9877	-50.484	-42.4963
spk_ver/v01/v0142	SES016	-3.20728	-43.798	-40.5907
spk_ver/v01/v0143	SES016	-5.49926	-46.5395	-41.0403
spk_ver/v01/v0144	SES016	-2.80999	-42.627	-39.817
spk_ver/v01/v0145	SES016	-3.25585	-44.9409	-41.6851
spk_ver/v01/v0146	SES016	-1.17626	-40.5019	-39.3256
spk_ver/v01/v0147	SES016	-1.3665	-41.0223	-39.6558
spk_ver/v01/v0148	SES127	0.442646	-39.5912	-40.0338
spk_ver/v01/v0149	SES016	-3.82704	-43.7949	-39.9679
spk_ver/v01/v0150	SES016	-1.77145	-41.4359	-39.6645
spk_ver/v01/v0151	SES147	1.03323	-40.4733	-41.5065
spk_ver/v01/v0152	SES016	-2.1672	-42.3962	-40.229
spk_ver/v01/v0153	SES104	1.30717	-37.8909	-39.1981
spk_ver/v01/v0154	SES016	-2.51249	-43.463	-40.9505
spk_ver/v01/v0155	SES016	-1.90737	-43.1552	-41.2478
spk_ver/v01/v0156	SES019	-1.37498	-42.7432	-41.3682
spk_ver/v01/v0157	SES019	-2.23365	-41.313	-39.0794
spk_ver/v01/v0158	SES019	-0.548157	-40.8785	-40.3303
spk_ver/v01/v0159	SES007	0.459122	-39.765	-40.2241
spk_ver/v01/v0160	SES019	-2.03359	-41.3726	-39.339
spk_ver/v01/v0161	SES019	-1.68583	-42.7348	-41.049
spk_ver/v01/v0162	SES019	-8.54282	-48.0538	-39.511
spk_ver/v01/v0163	SES189	0.803143	-40.5984	-41.4016
spk_ver/v01/v0164	SES019	-1.29582	-41.3624	-40.0666
spk_ver/v01/v0165	SES019	-0.469257	-41.6102	-41.141
spk_ver/v01/v0166	SES019	-8.49437	-48.3341	-39.8398
spk_ver/v01/v0167	SES019	-10.8159	-51.7085	-40.8926
spk_ver/v01/v0168	SES019	-0.876114	-41.8717	-40.9956
spk_ver/v01/v0169	SES019	-3.11692	-44.3298	-41.2129
spk_ver/v01/v0170	SES270	1.56052	-38.9194	-40.48
spk_ver/v01/v0171	SES019	-1.74201	-41.9859	-40.2439
spk_ver/v01/v0172	SES019	-11.3951	-51.8817	-40.4866
spk_ver/v01/v0173	SES206	1.20538	-39.1147	-40.3201
spk_ver/v01/v0174	SES019	-1.47127	-42.542	-41.0707
spk_ver/v01/v0175	SES014	1.03946	-38.4675	-39.507
spk_ver/v01/v0176	SES019	-6.16598	-45.789	-39.623
spk_ver/v01/v0177	SES120	0.536678	-40.2399	-40.7766
spk_ver/v01/v0178	SES019	-0.941769	-42.755	-41.8133
spk_ver/v01/v0179	SES019	-12.176	-51.2012	-39.0252
spk_ver/v01/v0180	SES175	1.2298	-39.4692	-40.699
spk_ver/v01/v0181	SES019	-9.20877	-50.183	-40.9742
spk_ver/v01/v0182	SES019	-3.3185	-42.6213	-39.3028
spk_ver/v01/v0183	SES029	-2.35745	-42.6935	-40.336
spk_ver/v01/v0184	SES029	-3.44105	-43.3058	-39.8648
spk_ver/v01/v0185	SES029	-2.28007	-42.082	-39.8019
spk_ver/v01/v0186	SES068	0.559158	-38.7332	-39.2924
spk_ver/v01/v0187	SES029	-4.25614	-44.181	-39.9249
spk_ver/v01/v0188	SES029	-2.12923	-41.2716	-39.1424
spk_ver/v01/v0189	SES149	1.81607	-37.7655	-39.5816
spk_ver/v01/v0190	SES029	-3.4175	-43.2391	-39.8216
spk_ver/v01/v0191	SES029	-3.44698	-44.0135	-40.5666
spk_ver/v01/v0192	SES183	1.1008	-38.3819	-39.4827
spk_ver/v01/v0193	SES029	-1.26678	-42.0813	-40.8145
spk_ver/v01/v0194	SES016	1.20921	-38.7809	-39.9902
spk_ver/v01/v0195	SES029	-2.67869	-42.444	-39.7653
spk_ver/v01/v0196	SES029	-1.22073	-41.362	-40.1413
spk_ver/v01/v0197	SES029	-3.31349	-43.2272	-39.9137
spk_ver/v01/v0198	SES146	0.114861	-40.3033	-40.4182
spk_ver/v01/v0199	SES029	-3.39841	-44.7939	-41.3955
spk_ver/v02/v0200	SES029	-2.17431	-42.4909	-40.3165
spk_ver/v02/v0201	SES068	0.875542	-38.757	-39.6325
spk_ver/v02/v0202	SES148	1.08887	-39.1029	-40.1918
spk_ver/v02/v0203	SES029	-2.85494	-42.9256	-40.0706
spk_ver/v02/v0204	SES029	-0.79353	-40.8806	-40.0871
spk_ver/v02/v0205	SES060	0.721092	-38.7012	-39.4223
spk_ver/v02/v0206	SES127	1.89902	-38.071	-39.97
spk_ver/v02/v0207	SES029	-2.80241	-43.9563	-41.1539
spk_ver/v02/v0208	SES048	1.99082	-39.341	-41.3318
spk_ver/v02/v0209	SES029	-1.35909	-41.1255	-39.7664
spk_ver/v02/v0210	SES029	-3.97858	-44.5455	-40.5669
spk_ver/v02/v0211	SES029	-2.82114	-42.8999	-40.0788
spk_ver/v02/v0212	SES042	-17.2324	-58.4348	-41.2024
spk_ver/v02/v0213	SES085	1.41104	-38.9407	-40.3517
spk_ver/v02/v0214	SES206	1.46634	-38.4221	-39.8884
spk_ver/v02/v0215	SES144	0.445896	-39.769	-40.2149
spk_ver/v02/v0216	SES042	-3.5375	-43.6888	-40.1513
spk_ver/v02/v0217	SES042	-3.13122	-46.821	-43.6898
spk_ver/v02/v0218	SES042	-1.02418	-40.4011	-39.3769
spk_ver/v02/v0219	SES206	0.970692	-38.7654	-39.7361
spk_ver/v02/v0220	SES019	3.492	-38.2071	-41.6991
spk_ver/v02/v0221	SES007	0.418781	-39.7192	-40.138
spk_ver/v02/v0222	SES042	-14.3466	-55.8041	-41.4575
spk_ver/v02/v0223	SES147	0.98444	-40.3448	-41.3293
spk_ver/v02/v0224	SES105	1.09549	-39.9432	-41.0387
spk_ver/v02/v0225	SES042	-2.24239	-42.2461	-40.0037
spk_ver/v02/v0226	SES275	0.760284	-39.8622	-40.6225
spk_ver/v02/v0227	SES042	-3.57919	-43.9531	-40.3739
spk_ver/v02/v0228	SES042	-6.70982	-46.5744	-39.8646
spk_ver/v02/v0229	SES042	-15.3707	-55.2736	-39.903
spk_ver/v02/v0230	SES085	0.273117	-38.3971	-38.6703
spk_ver/v02/v0231	SES014	1.66767	-37.3149	-38.9826
spk_ver/v02/v0232	SES042	-1.60259	-41.4074	-39.8048
spk_ver/v02/v0233	SES048	-3.74652	-43.9429	-40.1964
spk_ver/v02/v0234	SES048	-6.50935	-48.014	-41.5046
spk_ver/v02/v0235	SES029	0.0863953	-40.3398	-40.4262
spk_ver/v02/v0236	SES048	-3.35024	-43.0375	-39.6872
spk_ver/v02/v0237	SES048	-4.33283	-44.7985	-40.4657
spk_ver/v02/v0238	SES048	-3.13036	-43.2736	-40.1433
spk_ver/v02/v0239	SES060	0.543022	-39.0237	-39.5667
spk_ver/v02/v0240	SES048	-5.91195	-46.8762	-40.9642
spk_ver/v02/v0241	SES048	-5.62035	-46.096	-40.4756
spk_ver/v02/v0242	SES189	2.04994	-39.8862	-41.9362
spk_ver/v02/v0243	SES162	0.793884	-40.1168	-40.9107
spk_ver/v02/v0244	SES048	-3.43745	-42.7995	-39.362
spk_ver/v02/v0245	SES048	-3.33795	-43.2586	-39.9207
spk_ver/v02/v0246	SES048	-3.43755	-43.1714	-39.7338
spk_ver/v02/v0247	SES048	-4.34893	-45.9653	-41.6163
spk_ver/v02/v0248	SES226	1.95672	-38.6365	-40.5932
spk_ver/v02/v0249	SES048	-3.07883	-43.4135	-40.3347
spk_ver/v02/v0250	SES048	-2.74533	-43.7815	-41.0362
spk_ver/v02/v0251	SES048	-2.53012	-43.6538	-41.1237
spk_ver/v02/v0252	SES060	-5.82576	-47.025	-41.1993
spk_ver/v02/v0253	SES060	-3.42617	-43.8986	-40.4725
spk_ver/v02/v0254	SES259	2.04124	-37.6211	-39.6623
spk_ver/v02/v0255	SES060	-3.8927	-45.4698	-41.5771
spk_ver/v02/v0256	SES202	0.602901	-40.5357	-41.1386
spk_ver/v02/v0257	SES148	0.585377	-39.0237	-39.6091
spk_ver/v02/v0258	SES060	-4.91834	-47.4342	-42.5159
spk_ver/v02/v0259	SES060	-1.54375	-41.1008	-39.5571
spk_ver/v02/v0260	SES060	-2.40271	-42.747	-40.3443
spk_ver/v02/v0261	SES099	2.089	-38.3628	-40.4518
spk_ver/v02/v0262	SES060	-3.12714	-43.1569	-40.0298
spk_ver/v02/v0263	SES060	-2.00835	-41.0462	-39.0378
spk_ver/v02/v0264	SES292	0.119389	-39.9426	-40.0619
spk_ver/v02/v0265	SES060	-1.18724	-41.19	-40.0027
spk_ver/v02/v0266	SES060	-5.44357	-46.6097	-41.1662
spk_ver/v02/v0267	SES060	-4.38749	-45.8986	-41.5111
spk_ver/v02/v0268	SES060	-4.76643	-46.862	-42.0955
spk_ver/v02/v0269	SES127	0.818485	-39.2353	-40.0538
spk_ver/v02/v0270	SES060	-2.99549	-43.7818	-40.7863
spk_ver/v02/v0271	SES060	-1.22434	-41.0219	-39.7975
spk_ver/v02/v0272	SES060	-3.61112	-45.4356	-41.8245
spk_ver/v02/v0273	SES087	1.59098	-38.9465	-40.5375
spk_ver/v02/v0274	SES146	0.374634	-40.2633	-40.638
spk_ver/v02/v0275	SES060	-4.21698	-45.6389	-41.4219
spk_ver/v02/v0276	SES002	2.15919	-38.2905	-40.4497
spk_ver/v02/v0277	SES060	-1.46186	-41.6336	-40.1717
spk_ver/v02/v0278	SES060	-4.73428	-45.4288	-40.6946
spk_ver/v02/v0279	SES060	-4.22485	-43.9362	-39.7114
spk_ver/v02/v0280	SES129	1.82415	-38.1915	-40.0156
spk_ver/v02/v0281	SES162	1.2579	-39.6083	-40.8662
spk_ver/v02/v0282	SES060	-2.93029	-43.1322	-40.2019
spk_ver/v02/v0283	SES060	-2.49367	-41.9577	-39.464
spk_ver/v02/v0284	SES062	-2.22367	-43.6014	-41.3777
spk_ver/v02/v0285	SES062	-2.74333	-43.2487	-40.5054
spk_ver/v02/v0286	SES120	0.487427	-40.25	-40.7374
spk_ver/v02/v0287	SES062	-2.3698	-43.3746	-41.0048
spk_ver/v02/v0288	SES062	-2.50871	-43.2407	-40.732
spk_ver/v02/v0289	SES062	-2.07052	-41.0454	-38.9749
spk_ver/v02/v0290	SES062	-1.82648	-41.3112	-39.4847
spk_ver/v02/v0291	SES275	0.348511	-39.8802	-40.2287
spk_ver/v02/v0292	SES062	-3.18109	-44.1128	-40.9317
spk_ver/v02/v0293	SES062	-3.33032	-44.1622	-40.8319
spk_ver/v02/v0294	SES062	-1.88321	-41.5652	-39.682
spk_ver/v02/v0295	SES062	-2.90905	-43.1392	-40.2302
spk_ver/v02/v0296	SES062	-2.96914	-42.8504	-39.8813
spk_ver/v02/v0297	SES062	-4.25309	-44.7615	-40.5084
spk_ver/v02/v0298	SES062	-2.21406	-42.82	-40.606
spk_ver/v02/v0299	SES062	-2.37961	-42.853	-40.4734
spk_ver/v03/v0300	SES062	-2.92682	-44.376	-41.4492
spk_ver/v03/v0301	SES062	-2.58751	-41.7473	-39.1598
spk_ver/v03/v0302	SES172	0.614758	-38.5704	-39.1852
spk_ver/v03/v0303	SES062	-1.07113	-41.3109	-40.2398
spk_ver/v03/v0304	SES062	-1.42919	-41.4	-39.9708
spk_ver/v03/v0305	SES062	-2.22637	-43.047	-40.8207
spk_ver/v03/v0306	SES062	-4.06398	-45.6856	-41.6216
spk_ver/v03/v0307	SES062	-2.80544	-42.5558	-39.7503
spk_ver/v03/v0308	SES062	-5.06557	-46.2864	-41.2208
spk_ver/v03/v0309	SES062	-2.25227	-44.4445	-42.1922
spk_ver/v03/v0310	SES125	1.44512	-37.7044	-39.1495
spk_ver/v03/v0311	SES062	-1.13636	-41.0252	-39.8888
spk_ver/v03/v0312	SES062	-5.33114	-46.2775	-40.9464
spk_ver/v03/v0313	SES062	-1.87234	-42.6693	-40.7969
spk_ver/v03/v0314	SES068	-3.16496	-43.3523	-40.1873
spk_ver/v03/v0315	SES068	-2.77514	-42.1355	-39.3603
spk_ver/v03/v0316	SES068	-3.11411	-44.5785	-41.4644
spk_ver/v03/v0317	SES068	-1.70113	-42.6323	-40.9312
spk_ver/v03/v0318	SES068	-3.74436	-43.684	-39.9397
spk_ver/v03/v0319	SES068	-4.62715	-45.4882	-40.861
spk_ver/v03/v0320	SES068	-0.896358	-40.3079	-39.4115
spk_ver/v03/v0321	SES068	0.0672417	-40.0132	-40.0804
spk_ver/v03/v0322	SES068	-0.817528	-41.0732	-40.2557
spk_ver/v03/v0323	SES068	-2.75424	-43.2049	-40.4506
spk_ver/v03/v0324	SES144	-0.0637817	-41.3768	-41.3131
spk_ver/v03/v0325	SES068	-1.89874	-41.419	-39.5203
spk_ver/v03/v0326	SES068	-0.574291	-39.4281	-38.8538
spk_ver/v03/v0327	SES068	-2.3165	-42.1815	-39.865
spk_ver/v03/v0328	SES068	-3.71152	-44.2002	-40.4887
spk_ver/v03/v0329	SES068	-1.75985	-41.6574	-39.8976
spk_ver/v03/v0330	SES180	0.93264	-40.1035	-41.0361
spk_ver/v03/v0331	SES068	-0.694931	-41.0793	-40.3844
spk_ver/v03/v0332	SES275	0.64875	-39.3615	-40.0102
spk_ver/v03/v0333	SES062	0.835392	-38.2256	-39.061
spk_ver/v03/v0334	SES270	1.87586	-38.9225	-40.7983
spk_ver/v03/v0335	SES068	-4.77728	-46.3034	-41.5262
spk_ver/v03/v0336	SES068	-1.25153	-40.2539	-39.0023
spk_ver/v03/v0337	SES068	-1.87701	-43.1352	-41.2582
spk_ver/v03/v0338	SES068	-2.12751	-42.7978	-40.6703
spk_ver/v03/v0339	SES068	-0.999821	-41.2188	-40.2189
spk_ver/v03/v0340	SES068	-2.67038	-43.9993	-41.3289
spk_ver/v03/v0341	SES016	0.710041	-38.6985	-39.4085
spk_ver/v03/v0342	SES068	-2.92747	-44.2517	-41.3242
spk_ver/v03/v0343	SES068	-1.22902	-41.098	-39.869
spk_ver/v03/v0344	SES125	1.30627	-38.3794	-39.6857
spk_ver/v03/v0345	SES187	0.845528	-38.946	-39.7915
spk_ver/v03/v0346	SES068	-2.34229	-42.0278	-39.6856
spk_ver/v03/v0347	SES143	0.711384	-39.3975	-40.1089
spk_ver/v03/v0348	SES292	0.523174	-39.4052	-39.9284
spk_ver/v03/v0349	SES082	-5.79773	-46.3825	-40.5848
spk_ver/v03/v0350	SES101	0.832664	-38.4514	-39.2841
spk_ver/v03/v0351	SES082	-0.554821	-41.2218	-40.667
spk_ver/v03/v0352	SES082	-0.712929	-41.9545	-41.2416
spk_ver/v03/v0353	SES082	-6.41916	-46.6833	-40.2641
spk_ver/v03/v0354	SES082	-13.7376	-54.9976	-41.26
spk_ver/v03/v0355	SES083	0.287251	-38.7544	-39.0416
spk_ver/v03/v0356	SES082	-2.18064	-43.0936	-40.913
spk_ver/v03/v0357	SES082	-10.0386	-50.5693	-40.5307
spk_ver/v03/v0358	SES082	-1.35484	-41.6109	-40.2561
spk_ver/v03/v0359	SES117	1.12038	-40.9115	-42.0319
spk_ver/v03/v0360	SES082	-7.20139	-47.1179	-39.9165
spk_ver/v03/v0361	SES082	-1.00422	-41.2372	-40.233
spk_ver/v03/v0362	SES007	0.527634	-39.3526	-39.8803
spk_ver/v03/v0363	SES082	-2.50898	-42.5852	-40.0762
spk_ver/v03/v0364	SES019	2.78291	-38.3352	-41.1181
spk_ver/v03/v0365	SES082	-0.643131	-41.3093	-40.6662
spk_ver/v03/v0366	SES226	1.79545	-38.9379	-40.7334
spk_ver/v03/v0367	SES167	1.5514	-38.212	-39.7634
spk_ver/v03/v0368	SES082	-2.05313	-41.514	-39.4608
spk_ver/v03/v0369	SES042	3.22535	-36.7895	-40.0149
spk_ver/v03/v0370	SES042	2.50594	-37.5638	-40.0698
spk_ver/v03/v0371	SES082	-7.2224	-47.4504	-40.228
spk_ver/v03/v0372	SES082	-1.98565	-41.5841	-39.5984
spk_ver/v03/v0373	SES082	-5.24693	-45.75	-40.5031
spk_ver/v03/v0374	SES083	-1.69718	-40.9446	-39.2474
spk_ver/v03/v0375	SES292	0.409801	-39.5887	-39.9985
spk_ver/v03/v0376	SES083	-2.62492	-42.8748	-40.2499
spk_ver/v03/v0377	SES083	-2.52385	-43.9178	-41.3939
spk_ver/v03/v0378	SES083	-1.329	-42.2645	-40.9355
spk_ver/v03/v0379	SES083	-1.81333	-42.2202	-40.4069
spk_ver/v03/v0380	SES083	-2.95863	-44.1419	-41.1833
spk_ver/v03/v0381	SES083	-0.920097	-40.9053	-39.9852
spk_ver/v03/v0382	SES148	0.76305	-39.9185	-40.6816
spk_ver/v03/v0383	SES083	-0.944019	-40.0708	-39.1268
spk_ver/v03/v0384	SES226	1.61306	-38.6632	-40.2762
spk_ver/v03/v0385	SES226	1.83186	-37.7616	-39.5934
spk_ver/v03/v0386	SES087	1.51052	-38.937	-40.4475
spk_ver/v03/v0387	SES029	1.14561	-39.2848	-40.4304
spk_ver/v03/v0388	SES147	1.30205	-39.5479	-40.8499
spk_ver/v03/v0389	SES083	-3.64548	-44.9692	-41.3237
spk_ver/v03/v0390	SES189	1.01881	-39.7151	-40.7339
spk_ver/v03/v0391	SES083	-1.57362	-41.3029	-39.7292
spk_ver/v03/v0392	SES083	-0.344147	-39.3609	-39.0168
spk_ver/v03/v0393	SES083	-2.12701	-41.8284	-39.7014
spk_ver/v03/v0394	SES083	-2.6968	-43.3635	-40.6667
spk_ver/v03/v0395	SES083	-1.78944	-41.5494	-39.76
spk_ver/v03/v0396	SES014	1.68006	-37.1222	-38.8023
spk_ver/v03/v0397	SES085	-0.377098	-39.4524	-39.0753
spk_ver/v03/v0398	SES085	-1.60622	-40.3819	-38.7757
spk_ver/v03/v0399	SES085	-4.3311	-44.367	-40.0359
spk_ver/v04/v0400	SES106	1.96794	-38.0191	-39.987
spk_ver/v04/v0401	SES085	-3.53314	-44.0037	-40.4706
spk_ver/v04/v0402	SES085	-8.4424	-50.2825	-41.8401
spk_ver/v04/v0403	SES085	-0.574039	-39.7701	-39.1961
spk_ver/v04/v0404	SES180	0.965073	-38.6501	-39.6152
spk_ver/v04/v0405	SES129	1.4337	-37.6012	-39.0348
spk_ver/v04/v0406	SES085	-4.0992	-44.8068	-40.7076
spk_ver/v04/v0407	SES146	0.0905876	-40.4692	-40.5598
spk_ver/v04/v0408	SES085	-1.08389	-40.5139	-39.43
spk_ver/v04/v0409	SES085	-2.51701	-42.6055	-40.0885
spk_ver/v04/v0410	SES085	-4.72202	-45.0598	-40.3378
spk_ver/v04/v0411	SES292	0.730232	-39.9873	-40.7175
spk_ver/v04/v0412	SES085	-1.18685	-40.3625	-39.1756
spk_ver/v04/v0413	SES125	1.5905	-37.8764	-39.4669
spk_ver/v04/v0414	SES085	-3.20225	-45.3363	-42.134
spk_ver/v04/v0415	SES085	-2.02129	-41.9344	-39.9131
spk_ver/v04/v0416	SES085	-3.01985	-42.4636	-39.4438
spk_ver/v04/v0417	SES062	0.326431	-38.7049	-39.0314
spk_ver/v04/v0418	SES060	1.78041	-38.3632	-40.1436
spk_ver/v04/v0419	SES085	-1.89412	-42.1015	-40.2074
spk_ver/v04/v0420	SES085	-3.86889	-44.3531	-40.4842
spk_ver/v04/v0421	SES085	-6.04596	-47.3171	-41.2711
spk_ver/v04/v0422	SES085	-0.822548	-42.0954	-41.2728
spk_ver/v04/v0423	SES085	-5.6712	-46.331	-40.6598
spk_ver/v04/v0424	SES085	-2.65415	-44.1337	-41.4795
spk_ver/v04/v0425	SES183	0.697891	-40.0211	-40.719
spk_ver/v04/v0426	SES085	-3.94783	-44.2119	-40.264
spk_ver/v04/v0427	SES087	-1.59184	-42.7049	-41.1131
spk_ver/v04/v0428	SES162	1.2169	-39.5104	-40.7273
spk_ver/v04/v0429	SES087	-1.66782	-41.3855	-39.7176
spk_ver/v04/v0430	SES087	-4.4277	-44.9725	-40.5448
spk_ver/v04/v0431	SES087	-12.4384	-53.2313	-40.7929
spk_ver/v04/v0432	SES087	-1.3393	-42.0819	-40.7426
spk_ver/v04/v0433	SES087	-7.59707	-47.0231	-39.426
spk_ver/v04/v0434	SES142	2.12531	-38.1919	-40.3172
spk_ver/v04/v0435	SES087	-10.7414	-52.0163	-41.2749
spk_ver/v04/v0436	SES099	1.40483	-38.7493	-40.1541
spk_ver/v04/v0437	SES087	-2.87498	-42.0684	-39.1934
spk_ver/v04/v0438	SES087	-6.38493	-46.648	-40.263
spk_ver/v04/v0439	SES087	-1.7126	-41.2161	-39.5035
spk_ver/v04/v0440	SES087	-7.14651	-47.2083	-40.0618
spk_ver/v04/v0441	SES087	-11.4152	-51.7048	-40.2896
spk_ver/v04/v0442	SES187	1.2266	-39.75	-40.9766
spk_ver/v04/v0443	SES172	1.43066	-38.9654	-40.3961
spk_ver/v04/v0444	SES087	-1.6004	-40.9476	-39.3472
spk_ver/v04/v0445	SES087	-1.92368	-40.9838	-39.0601
spk_ver/v04/v0446	SES087	-0.34565	-40.0382	-39.6926
spk_ver/v04/v0447	SES087	-0.913673	-40.7819	-39.8683
spk_ver/v04/v0448	SES106	1.87266	-39.1939	-41.0666
spk_ver/v04/v0449	SES146	0.511417	-40.3881	-40.8995
spk_ver/v04/v0450	SES087	-8.95958	-49.7447	-40.7851
spk_ver/v04/v0451	SES087	-1.09983	-41.3403	-40.2404
spk_ver/v04/v0452	SES007	0.947254	-39.4039	-40.3511
spk_ver/v04/v0453	SES087	-1.74375	-42.293	-40.5493
spk_ver/v04/v0454	SES087	-8.60721	-48.8505	-40.2433
spk_ver/v04/v0455	SES180	0.809048	-39.342	-40.151
spk_ver/v04/v0456	SES099	-6.35453	-46.8045	-40.45
spk_ver/v04/v0457	SES042	1.9404	-38.4474	-40.3878
spk_ver/v04/v0458	SES099	0.288605	-40.3432	-40.6318
spk_ver/v04/v0459	SES099	-11.6223	-52.3689	-40.7467
spk_ver/v04/v0460	SES099	-6.05193	-47.7502	-41.6982
spk_ver/v04/v0461	SES099	-0.607597	-40.6169	-40.0093
spk_ver/v04/v0462	SES082	1.95328	-37.889	-39.8423
spk_ver/v04/v0463	SES099	-0.286499	-40.6035	-40.317
spk_ver/v04/v0464	SES099	0.963898	-38.8875	-39.8514
spk_ver/v04/v0465	SES099	-10.8058	-50.7709	-39.9652
spk_ver/v04/v0466	SES099	0.114414	-39.872	-39.9865
spk_ver/v04/v0467	SES099	-0.116608	-40.5464	-40.4298
spk_ver/v04/v0468	SES129	1.27523	-38.6824	-39.9577
spk_ver/v04/v0469	SES101	0.830212	-39.0565	-39.8867
spk_ver/v04/v0470	SES099	-7.88338	-49.0364	-41.153
spk_ver/v04/v0471	SES172	0.75148	-39.5136	-40.265
spk_ver/v04/v0472	SES099	0.678482	-39.6309	-40.3093
spk_ver/v04/v0473	SES270	2.19296	-38.6429	-40.8358
spk_ver/v04/v0474	SES099	-3.76249	-43.3234	-39.5609
spk_ver/v04/v0475	SES099	-1.44976	-40.4596	-39.0098
spk_ver/v04/v0476	SES099	-2.26455	-44.3021	-42.0375
spk_ver/v04/v0477	SES002	1.86746	-38.0268	-39.8942
spk_ver/v04/v0478	SES099	0.390038	-40.1874	-40.5774
spk_ver/v04/v0479	SES007	-0.747654	-41.2055	-40.4578
spk_ver/v04/v0480	SES101	-3.35624	-42.6622	-39.306
spk_ver/v04/v0481	SES101	-5.02127	-46.7725	-41.7512
spk_ver/v04/v0482	SES175	0.632008	-40.0332	-40.6652
spk_ver/v04/v0483	SES101	-1.78104	-41.7144	-39.9334
spk_ver/v04/v0484	SES101	-3.76392	-43.0486	-39.2847
spk_ver/v04/v0485	SES101	-2.68153	-43.5744	-40.8928
spk_ver/v04/v0486	SES101	-1.39774	-42.9931	-41.5953
spk_ver/v04/v0487	SES101	-2.97066	-43.5407	-40.5701
spk_ver/v04/v0488	SES101	-3.99849	-44.8926	-40.8941
spk_ver/v04/v0489	SES147	0.614151	-40.8946	-41.5088
spk_ver/v04/v0490	SES085	0.187366	-40.9922	-41.1796
spk_ver/v04/v0491	SES101	-2.33913	-43.857	-41.5179
spk_ver/v04/v0492	SES101	-3.99039	-45.8946	-41.9042
spk_ver/v04/v0493	SES101	-2.92342	-42.6937	-39.7703
spk_ver/v04/v0494	SES101	-1.659	-42.6195	-40.9605
spk_ver/v04/v0495	SES101	-1.41606	-40.263	-38.8469
spk_ver/v04/v0496	SES101	-2.18664	-42.2327	-40.0461
spk_ver/v04/v0497	SES014	1.41111	-37.3733	-38.7844
spk_ver/v04/v0498	SES101	-3.39679	-43.7121	-40.3153
spk_ver/v04/v0499	SES101	-1.63274	-41.2094	-39.5767
spk_ver/v05/v0500	SES085	0.539906	-38.8913	-39.4312
spk_ver/v05/v0501	SES101	-4.15058	-44.2947	-40.1442
spk_ver/v05/v0502	SES275	0.308102	-39.6425	-39.9506
spk_ver/v05/v0503	SES117	0.755756	-40.1982	-40.954
spk_ver/v05/v0504	SES101	-3.29123	-43.3377	-40.0464
spk_ver/v05/v0505	SES101	-2.04686	-42.4025	-40.3557
spk_ver/v05/v0506	SES101	-1.45662	-41.7459	-40.2893
spk_ver/v05/v0507	SES048	1.1283	-38.4254	-39.5537
spk_ver/v05/v0508	SES117	0.441078	-40.8463	-41.2873
spk_ver/v05/v0509	SES202	2.23762	-38.373	-40.6106
spk_ver/v05/v0510	SES104	-1.9388	-43.8316	-41.8928
spk_ver/v05/v0511	SES008	0.50494	-40.6751	-41.18
spk_ver/v05/v0512	SES104	-0.742691	-41.6699	-40.9272
spk_ver/v05/v0513	SES104	-1.10948	-40.6632	-39.5537
spk_ver/v05/v0514	SES104	-8.77321	-47.8623	-39.0891
spk_ver/v05/v0515	SES104	-15.5701	-56.38	-40.8099
spk_ver/v05/v0516	SES104	-0.991154	-42.7548	-41.7637
spk_ver/v05/v0517	SES060	0.373878	-38.2846	-38.6585
spk_ver/v05/v0518	SES104	-13.0587	-54.5487	-41.49
spk_ver/v05/v0519	SES104	-12.6938	-53.4763	-40.7825
spk_ver/v05/v0520	SES104	0.114677	-39.272	-39.3866
spk_ver/v05/v0521	SES008	0.986137	-38.2416	-39.2278
spk_ver/v05/v0522	SES068	1.11483	-39.1389	-40.2538
spk_ver/v05/v0523	SES087	1.58552	-38.2561	-39.8416
spk_ver/v05/v0524	SES104	-1.37922	-41.8708	-40.4916
spk_ver/v05/v0525	SES104	-0.667274	-41.2543	-40.5871
spk_ver/v05/v0526	SES104	-0.809753	-40.3318	-39.522
spk_ver/v05/v0527	SES083	0.473129	-39.4993	-39.9725
spk_ver/v05/v0528	SES148	0.956974	-39.2312	-40.1881
spk_ver/v05/v0529	SES104	-2.21626	-43.3191	-41.1029
spk_ver/v05/v0530	SES104	-8.69305	-48.8669	-40.1739
spk_ver/v05/v0531	SES125	1.10817	-38.9324	-40.0405
spk_ver/v05/v0532	SES104	-11.513	-51.9346	-40.4216
spk_ver/v05/v0533	SES149	2.02473	-37.5697	-39.5944
spk_ver/v05/v0534	SES104	-12.5211	-52.549	-40.0278
spk_ver/v05/v0535	SES187	0.496826	-40.5001	-40.9969
spk_ver/v05/v0536	SES104	-2.23383	-42.4398	-40.206
spk_ver/v05/v0537	SES104	-1.15462	-41.6344	-40.4798
spk_ver/v05/v0538	SES167	1.28436	-38.9873	-40.2717
spk_ver/v05/v0539	SES104	-1.53108	-43.7302	-42.1991
spk_ver/v05/v0540	SES104	-11.4829	-49.9669	-38.4839
spk_ver/v05/v0541	SES183	0.833534	-41.0241	-41.8577
spk_ver/v05/v0542	SES104	-0.494652	-41.2384	-40.7438
spk_ver/v05/v0543	SES104	-11.9486	-51.7186	-39.7701
spk_ver/v05/v0544	SES105	-3.85376	-43.9709	-40.1171
spk_ver/v05/v0545	SES105	-2.2551	-43.0798	-40.8247
spk_ver/v05/v0546	SES105	-1.98801	-42.3261	-40.3381
spk_ver/v05/v0547	SES105	-2.84861	-44.3847	-41.5361
spk_ver/v05/v0548	SES019	3.07695	-38.4446	-41.5216
spk_ver/v05/v0549	SES105	-2.85705	-43.5626	-40.7055
spk_ver/v05/v0550	SES105	-2.22517	-43.9273	-41.7021
spk_ver/v05/v0551	SES202	1.89024	-39.7062	-41.5964
spk_ver/v05/v0552	SES105	-3.29021	-44.4881	-41.1979
spk_ver/v05/v0553	SES105	-0.786388	-40.6634	-39.877
spk_ver/v05/v0554	SES105	-1.61943	-41.0567	-39.4373
spk_ver/v05/v0555	SES105	-1.6538	-41.8673	-40.2135
spk_ver/v05/v0556	SES082	1.13815	-39.0516	-40.1898
spk_ver/v05/v0557	SES105	-2.04706	-42.0808	-40.0337
spk_ver/v05/v0558	SES014	0.936344	-38.3602	-39.2965
spk_ver/v05/v0559	SES105	-1.57063	-41.8002	-40.2296
spk_ver/v05/v0560	SES177	0.207912	-40.0247	-40.2326
spk_ver/v05/v0561	SES189	3.31981	-42.303	-45.6228
spk_ver/v05/v0562	SES105	-2.23509	-43.0288	-40.7937
spk_ver/v05/v0563	SES099	1.59214	-39.8277	-41.4199
spk_ver/v05/v0564	SES105	-1.96563	-41.4936	-39.528
spk_ver/v05/v0565	SES105	-2.41394	-42.8519	-40.438
spk_ver/v05/v0566	SES105	-2.05011	-42.8146	-40.7645
spk_ver/v05/v0567	SES142	1.16646	-39.6844	-40.8508
spk_ver/v05/v0568	SES048	1.16917	-38.5806	-39.7498
spk_ver/v05/v0569	SES105	-2.62971	-43.2042	-40.5745
spk_ver/v05/v0570	SES105	-1.51197	-41.3361	-39.8242
spk_ver/v05/v0571	SES105	-3.91248	-44.5961	-40.6836
spk_ver/v05/v0572	SES105	-2.54955	-44.259	-41.7095
spk_ver/v05/v0573	SES105	-2.73518	-43.561	-40.8258
spk_ver/v05/v0574	SES105	-1.77142	-42.5129	-40.7415
spk_ver/v05/v0575	SES105	-2.11268	-42.8592	-40.7465
spk_ver/v05/v0576	SES106	-11.1307	-52.4205	-41.2898
spk_ver/v05/v0577	SES106	-4.06089	-45.0132	-40.9523
spk_ver/v05/v0578	SES106	-7.3344	-47.6831	-40.3487
spk_ver/v05/v0579	SES106	-9.84842	-49.6084	-39.76
spk_ver/v05/v0580	SES106	-0.98954	-40.5291	-39.5396
spk_ver/v05/v0581	SES106	-11.6536	-52.417	-40.7634
spk_ver/v05/v0582	SES106	-1.43931	-42.6756	-41.2363
spk_ver/v05/v0583	SES106	-0.669018	-40.6345	-39.9655
spk_ver/v05/v0584	SES106	-11.0973	-51.9196	-40.8223
spk_ver/v05/v0585	SES106	0.129971	-41.789	-41.9189
spk_ver/v05/v0586	SES106	-9.63705	-49.8807	-40.2436
spk_ver/v05/v0587	SES106	-2.47025	-42.7504	-40.2802
spk_ver/v05/v0588	SES106	-8.29373	-47.5403	-39.2466
spk_ver/v05/v0589	SES106	-10.6587	-49.8418	-39.1831
spk_ver/v05/v0590	SES082	1.32085	-39.1916	-40.5124
spk_ver/v05/v0591	SES180	0.819065	-39.4252	-40.2443
spk_ver/v05/v0592	SES106	-1.08862	-41.7888	-40.7002
spk_ver/v05/v0593	SES106	-13.4209	-54.3902	-40.9693
spk_ver/v05/v0594	SES292	0.646053	-39.1892	-39.8352
spk_ver/v05/v0595	SES106	-0.526566	-41.317	-40.7904
spk_ver/v05/v0596	SES106	-10.8262	-51.2975	-40.4713
spk_ver/v05/v0597	SES106	-9.695	-50.1431	-40.4481
spk_ver/v05/v0598	SES042	2.02909	-38.5117	-40.5408
spk_ver/v05/v0599	SES106	-9.49934	-50.6852	-41.1858
spk_ver/v06/v0600	SES106	0.00413513	-40.8971	-40.9013
spk_ver/v06/v0601	SES106	-1.43457	-41.9502	-40.5156
spk_ver/v06/v0602	SES106	-3.98967	-43.5264	-39.5367
spk_ver/v06/v0603	SES106	-9.78533	-50.5925	-40.8072
spk_ver/v06/v0604	SES106	-9.09652	-49.4516	-40.3551
spk_ver/v06/v0605	SES106	-7.472	-48.8707	-41.3987
spk_ver/v06/v0606	SES048	1.86515	-38.0403	-39.9055
spk_ver/v06/v0607	SES167	2.02115	-37.8218	-39.8429
spk_ver/v06/v0608	SES106	-7.68201	-48.6184	-40.9364
spk_ver/v06/v0609	SES143	0.653301	-39.9089	-40.5622
spk_ver/v06/v0610	SES106	-11.2752	-52.8889	-41.6137
spk_ver/v06/v0611	SES106	-5.60262	-46.5266	-40.924
spk_ver/v06/v0612	SES106	-14.0043	-55.6039	-41.5996
spk_ver/v06/v0613	SES117	-1.02664	-41.0903	-40.0637
spk_ver/v06/v0614	SES117	-3.79358	-43.9635	-40.1699
spk_ver/v06/v0615	SES117	-1.04015	-41.866	-40.8259
spk_ver/v06/v0616	SES106	1.94866	-37.229	-39.1777
spk_ver/v06/v0617	SES142	2.16158	-38.9832	-41.1448
spk_ver/v06/v0618	SES048	1.74546	-37.8942	-39.6397
spk_ver/v06/v0619	SES175	1.01953	-39.943	-40.9625
spk_ver/v06/v0620	SES180	0.799564	-38.9927	-39.7923
spk_ver/v06/v0621	SES117	-0.418903	-42.1866	-41.7677
spk_ver/v06/v0622	SES029	0.106968	-40.7954	-40.9024
spk_ver/v06/v0623	SES117	-1.07965	-40.8546	-39.7749
spk_ver/v06/v0624	SES117	-3.26328	-43.9653	-40.702
spk_ver/v06/v0625	SES117	-1.88677	-43.9555	-42.0688
spk_ver/v06/v0626	SES106	2.06842	-38.2942	-40.3626
spk_ver/v06/v0627	SES226	1.69387	-37.8549	-39.5488
spk_ver/v06/v0628	SES117	-0.136238	-40.7263	-40.5901
spk_ver/v06/v0629	SES117	-2.02476	-39.8614	-37.8367
spk_ver/v06/v0630	SES117	-3.52842	-42.9835	-39.4551
spk_ver/v06/v0631	SES117	-3.50949	-45.9206	-42.4111
spk_ver/v06/v0632	SES117	-0.934341	-40.265	-39.3306
spk_ver/v06/v0633	SES099	1.85104	-38.9442	-40.7952
spk_ver/v06/v0634	SES105	1.63017	-39.4544	-41.0846
spk_ver/v06/v0635	SES167	0.898014	-39.7791	-40.6772
spk_ver/v06/v0636	SES117	-0.175808	-39.902	-39.7262
spk_ver/v06/v0637	SES202	1.52082	-39.4344	-40.9552
spk_ver/v06/v0638	SES117	-1.72159	-41.3729	-39.6514
spk_ver/v06/v0639	SES167	1.51294	-39.054	-40.567
spk_ver/v06/v0640	SES117	-1.66815	-41.7331	-40.065
spk_ver/v06/v0641	SES117	-2.21638	-41.6408	-39.4245
spk_ver/v06/v0642	SES101	0.892288	-38.5346	-39.4268
spk_ver/v06/v0643	SES068	0.659599	-39.3381	-39.9977
spk_ver/v06/v0644	SES120	-2.49036	-44.4724	-41.9821
spk_ver/v06/v0645	SES120	-1.55108	-42.892	-41.3409
spk_ver/v06/v0646	SES172	0.771107	-40.0041	-40.7752
spk_ver/v06/v0647	SES120	-1.98708	-41.4514	-39.4643
spk_ver/v06/v0648	SES120	-0.462112	-39.8515	-39.3893
spk_ver/v06/v0649	SES120	-2.58177	-44.2374	-41.6557
spk_ver/v06/v0650	SES087	1.86863	-38.6423	-40.5109
spk_ver/v06/v0651	SES120	-0.793346	-41.0422	-40.2488
spk_ver/v06/v0652	SES104	-0.189705	-41.1827	-40.993
spk_ver/v06/v0653	SES129	1.54615	-37.891	-39.4371
spk_ver/v06/v0654	SES120	-2.04232	-42.7569	-40.7146
spk_ver/v06/v0655	SES120	-1.17984	-42.1255	-40.9457
spk_ver/v06/v0656	SES120	-1.1885	-41.1273	-39.9388
spk_ver/v06/v0657	SES147	0.703537	-40.4464	-41.1499
spk_ver/v06/v0658	SES120	-2.08745	-42.8307	-40.7432
spk_ver/v06/v0659	SES120	-1.93774	-41.1635	-39.2257
spk_ver/v06/v0660	SES120	-0.667252	-40.3901	-39.7228
spk_ver/v06/v0661	SES120	-2.42578	-43.6642	-41.2385
spk_ver/v06/v0662	SES120	-2.15052	-42.0204	-39.8699
spk_ver/v06/v0663	SES120	-2.29941	-44.0845	-41.7851
spk_ver/v06/v0664	SES147	1.01328	-39.5013	-40.5145
spk_ver/v06/v0665	SES162	1.01065	-40.002	-41.0126
spk_ver/v06/v0666	SES120	-1.61061	-41.2498	-39.6392
spk_ver/v06/v0667	SES120	-1.57473	-42.4609	-40.8861
spk_ver/v06/v0668	SES120	1.04559	-38.7913	-39.8369
spk_ver/v06/v0669	SES142	2.27748	-38.4497	-40.7272
spk_ver/v06/v0670	SES106	2.52285	-37.9261	-40.4489
spk_ver/v06/v0671	SES183	1.70481	-39.1128	-40.8176
spk_ver/v06/v0672	SES120	-1.10894	-41.9395	-40.8305
spk_ver/v06/v0673	SES029	-0.141529	-40.8298	-40.6883
spk_ver/v06/v0674	SES120	-1.30158	-41.7971	-40.4955
spk_ver/v06/v0675	SES008	1.69734	-38.6327	-40.33
spk_ver/v06/v0676	SES125	-10.8496	-53.2074	-42.3578
spk_ver/v06/v0677	SES143	0.786831	-39.901	-40.6879
spk_ver/v06/v0678	SES125	-8.67085	-50.6209	-41.9501
spk_ver/v06/v0679	SES162	0.514637	-39.5302	-40.0448
spk_ver/v06/v0680	SES125	-3.57829	-42.7945	-39.2162
spk_ver/v06/v0681	SES125	-1.4666	-41.9771	-40.5105
spk_ver/v06/v0682	SES125	-4.84627	-43.6543	-38.8081
spk_ver/v06/v0683	SES226	1.81001	-38.7879	-40.5979
spk_ver/v06/v0684	SES125	-8.63354	-49.7785	-41.145
spk_ver/v06/v0685	SES125	-8.56581	-48.8386	-40.2728
spk_ver/v06/v0686	SES120	0.854038	-38.7822	-39.6362
spk_ver/v06/v0687	SES125	-2.2251	-43.9534	-41.7283
spk_ver/v06/v0688	SES158	1.69261	-38.5066	-40.1992
spk_ver/v06/v0689	SES125	-4.14694	-45.098	-40.951
spk_ver/v06/v0690	SES105	1.49092	-39.1854	-40.6764
spk_ver/v06/v0691	SES125	-0.19355	-41.0658	-40.8723
spk_ver/v06/v0692	SES125	-2.26791	-42.1524	-39.8845
spk_ver/v06/v0693	SES180	1.25922	-38.7436	-40.0029
spk_ver/v06/v0694	SES125	-15.4446	-56.194	-40.7494
spk_ver/v06/v0695	SES125	-1.67244	-41.5075	-39.835
spk_ver/v06/v0696	SES125	-11.5882	-51.4053	-39.8171
spk_ver/v06/v0697	SES125	-12.8978	-54.7338	-41.836
spk_ver/v06/v0698	SES083	0.756691	-38.681	-39.4376
spk_ver/v06/v0699	SES125	-9.65588	-50.1912	-40.5353
spk_ver/v07/v0700	SES014	1.60947	-37.8205	-39.4299
spk_ver/v07/v0701	SES125	-5.6284	-44.9969	-39.3685
spk_ver/v07/v0702	SES127	-1.09422	-40.8312	-39.737
spk_ver/v07/v0703	SES127	-1.02702	-42.0059	-40.9789
spk_ver/v07/v0704	SES206	1.77411	-38.2832	-40.0573
spk_ver/v07/v0705	SES127	-1.86469	-42.628	-40.7633
spk_ver/v07/v0706	SES127	-1.76131	-41.8695	-40.1082
spk_ver/v07/v0707	SES127	-4.13344	-44.1477	-40.0142
spk_ver/v07/v0708	SES275	0.41713	-39.6043	-40.0214
spk_ver/v07/v0709	SES127	-2.13498	-42.7477	-40.6127
spk_ver/v07/v0710	SES105	0.756321	-40.1016	-40.8579
spk_ver/v07/v0711	SES127	-2.65224	-43.4053	-40.753
spk_ver/v07/v0712	SES127	-1.23414	-40.8166	-39.5824
spk_ver/v07/v0713	SES127	-2.91833	-42.8722	-39.9539
spk_ver/v07/v0714	SES019	3.93752	-37.8528	-41.7903
spk_ver/v07/v0715	SES127	-1.99002	-44.0331	-42.0431
spk_ver/v07/v0716	SES148	0.446411	-39.3435	-39.7899
spk_ver/v07/v0717	SES162	0.836758	-39.1255	-39.9623
spk_ver/v07/v0718	SES189	1.2248	-40.8521	-42.0769
spk_ver/v07/v0719	SES149	0.572544	-38.4323	-39.0049
spk_ver/v07/v0720	SES175	1.00975	-39.7188	-40.7285
spk_ver/v07/v0721	SES127	-4.14642	-44.4813	-40.3349
spk_ver/v07/v0722	SES127	-1.72018	-42.3403	-40.6201
spk_ver/v07/v0723	SES127	-2.06613	-42.0763	-40.0101
spk_ver/v07/v0724	SES127	-1.5981	-42.1546	-40.5565
spk_ver/v07/v0725	SES127	-2.07144	-43.1268	-41.0554
spk_ver/v07/v0726	SES259	1.66739	-38.0452	-39.7126
spk_ver/v07/v0727	SES127	-2.5031	-43.4476	-40.9445
spk_ver/v07/v0728	SES127	-0.862797	-39.5269	-38.6641
spk_ver/v07/v0729	SES127	-4.76765	-45.5608	-40.7932
spk_ver/v07/v0730	SES127	-2.29758	-43.5259	-41.2283
spk_ver/v07/v0731	SES129	-1.52663	-40.5847	-39.0581
spk_ver/v07/v0732	SES129	-4.60443	-44.991	-40.3866
spk_ver/v07/v0733	SES129	-5.10128	-47.0469	-41.9456
spk_ver/v07/v0734	SES129	-11.3042	-53.2687	-41.9645
spk_ver/v07/v0735	SES183	1.04276	-39.3978	-40.4406
spk_ver/v07/v0736	SES129	-3.38336	-44.0812	-40.6978
spk_ver/v07/v0737	SES129	-2.43764	-43.019	-40.5814
spk_ver/v07/v0738	SES129	-4.40754	-45.4259	-41.0183
spk_ver/v07/v0739	SES129	-5.53623	-46.1969	-40.6607
spk_ver/v07/v0740	SES167	-0.646935	-40.123	-39.4761
spk_ver/v07/v0741	SES129	-3.09639	-44.0756	-40.9792
spk_ver/v07/v0742	SES129	-2.66066	-41.7069	-39.0463
spk_ver/v07/v0743	SES129	-1.84334	-42.1147	-40.2714
spk_ver/v07/v0744	SES129	-7.30259	-49.6652	-42.3626
spk_ver/v07/v0745	SES180	1.12884	-39.1855	-40.3144
spk_ver/v07/v0746	SES129	-1.57556	-40.9664	-39.3908
spk_ver/v07/v0747	SES292	0.0428276	-39.5137	-39.5566
spk_ver/v07/v0748	SES202	1.11037	-39.0486	-40.159
spk_ver/v07/v0749	SES270	1.3585	-39.018	-40.3765
spk_ver/v07/v0750	SES129	-3.85842	-43.3176	-39.4592
spk_ver/v07/v0751	SES129	-3.38396	-42.8691	-39.4851
spk_ver/v07/v0752	SES060	0.0270729	-39.8759	-39.9029
spk_ver/v07/v0753	SES129	-4.43994	-45.4244	-40.9845
spk_ver/v07/v0754	SES129	-11.9247	-55.0713	-43.1467
spk_ver/v07/v0755	SES129	-4.21735	-44.4325	-40.2152
spk_ver/v07/v0756	SES175	1.41817	-39.9305	-41.3487
spk_ver/v07/v0757	SES129	-4.18549	-45.2229	-41.0374
spk_ver/v07/v0758	SES129	-4.23627	-44.8549	-40.6186
spk_ver/v07/v0759	SES129	-3.17722	-42.3967	-39.2195
spk_ver/v07/v0760	SES129	-4.21152	-44.1399	-39.9283
spk_ver/v07/v0761	SES129	-2.38684	-41.1785	-38.7916
spk_ver/v07/v0762	SES172	0.596352	-39.6065	-40.2028
spk_ver/v07/v0763	SES129	-3.52943	-45.4797	-41.9502
spk_ver/v07/v0764	SES129	-5.04619	-44.7174	-39.6712
spk_ver/v07/v0765	SES175	1.30904	-40.3957	-41.7047
spk_ver/v07/v0766	SES129	-3.17449	-42.705	-39.5305
spk_ver/v07/v0767	SES129	-3.48887	-44.08	-40.5912
spk_ver/v07/v0768	SES042	2.36582	-37.5736	-39.9394
spk_ver/v07/v0769	SES099	1.13327	-39.7968	-40.93
spk_ver/v07/v0770	SES142	-4.58921	-45.4842	-40.895
spk_ver/v07/v0771	SES142	-3.93115	-43.4278	-39.4966
spk_ver/v07/v0772	SES101	0.454552	-39.1881	-39.6426
spk_ver/v07/v0773	SES142	-8.23355	-49.401	-41.1674
spk_ver/v07/v0774	SES142	-4.59784	-46.2461	-41.6482
spk_ver/v07/v0775	SES142	-2.87576	-42.9341	-40.0583
spk_ver/v07/v0776	SES142	-2.12933	-41.3609	-39.2315
spk_ver/v07/v0777	SES142	-2.6371	-43.3071	-40.67
spk_ver/v07/v0778	SES142	-1.28003	-42.4913	-41.2113
spk_ver/v07/v0779	SES142	-8.71252	-49.2726	-40.5601
spk_ver/v07/v0780	SES142	-4.11631	-45.6667	-41.5504
spk_ver/v07/v0781	SES142	-6.7011	-47.2875	-40.5864
spk_ver/v07/v0782	SES101	1.36151	-39.4302	-40.7917
spk_ver/v07/v0783	SES142	-4.17263	-43.6324	-39.4598
spk_ver/v07/v0784	SES187	1.58508	-38.9494	-40.5345
spk_ver/v07/v0785	SES143	0.178684	-40.4683	-40.6469
spk_ver/v07/v0786	SES142	-3.22834	-43.9524	-40.7241
spk_ver/v07/v0787	SES144	0.492405	-39.7592	-40.2516
spk_ver/v07/v0788	SES275	0.125389	-40.0737	-40.1991
spk_ver/v07/v0789	SES142	-2.55017	-42.4102	-39.86
spk_ver/v07/v0790	SES099	1.40187	-38.5708	-39.9726
spk_ver/v07/v0791	SES142	-7.36741	-48.0586	-40.6911
spk_ver/v07/v0792	SES142	-3.64452	-42.5692	-38.9247
spk_ver/v07/v0793	SES142	-6.4822	-47.1448	-40.6626
spk_ver/v07/v0794	SES014	1.37046	-37.8124	-39.1829
spk_ver/v07/v0795	SES142	-6.43699	-46.4537	-40.0167
spk_ver/v07/v0796	SES142	-2.88305	-43.0003	-40.1173
spk_ver/v07/v0797	SES143	-0.770458	-40.1818	-39.4114
spk_ver/v07/v0798	SES206	1.28418	-38.0007	-39.2849
spk_ver/v07/v0799	SES143	-4.28734	-45.2408	-40.9534
spk_ver/v08/v0800	SES143	-1.88297	-42.8572	-40.9743
spk_ver/v08/v0801	SES143	-0.863113	-40.018	-39.1549
spk_ver/v08/v0802	SES143	-2.50257	-42.3153	-39.8127
spk_ver/v08/v0803	SES143	-3.14856	-43.2318	-40.0833
spk_ver/v08/v0804	SES143	-3.21922	-44.0775	-40.8583
spk_ver/v08/v0805	SES143	-3.15929	-44.0912	-40.9319
spk_ver/v08/v0806	SES143	-3.34269	-44.4209	-41.0782
spk_ver/v08/v0807	SES177	0.364143	-39.5754	-39.9396
spk_ver/v08/v0808	SES149	1.10931	-38.7011	-39.8104
spk_ver/v08/v0809	SES143	-4.82177	-44.9179	-40.0962
spk_ver/v08/v0810	SES158	1.63747	-39.5517	-41.1892
spk_ver/v08/v0811	SES143	-2.6532	-44.8239	-42.1707
spk_ver/v08/v0812	SES062	0.930775	-38.1531	-39.0838
spk_ver/v08/v0813	SES259	1.69401	-38.128	-39.822
spk_ver/v08/v0814	SES143	-4.49236	-43.8281	-39.3357
spk_ver/v08/v0815	SES143	-3.82074	-44.1892	-40.3685
spk_ver/v08/v0816	SES143	-1.23909	-41.2504	-40.0113
spk_ver/v08/v0817	SES144	0.551296	-40.3297	-40.881
spk_ver/v08/v0818	SES143	-1.64548	-41.9958	-40.3504
spk_ver/v08/v0819	SES143	-2.90956	-43.0929	-40.1833
spk_ver/v08/v0820	SES143	-0.92532	-39.64	-38.7147
spk_ver/v08/v0821	SES143	-2.30745	-43.2743	-40.9668
spk_ver/v08/v0822	SES143	-2.95455	-43.2516	-40.297
spk_ver/v08/v0823	SES104	1.92308	-38.0802	-40.0033
spk_ver/v08/v0824	SES143	-3.32618	-43.9973	-40.6711
spk_ver/v08/v0825	SES143	-2.63646	-42.6027	-39.9663
spk_ver/v08/v0826	SES144	-4.04647	-44.0709	-40.0244
spk_ver/v08/v0827	SES144	-1.78915	-41.7365	-39.9474
spk_ver/v08/v0828	SES144	-0.438805	-39.7864	-39.3476
spk_ver/v08/v0829	SES172	0.29134	-39.9186	-40.21
spk_ver/v08/v0830	SES144	-0.531216	-40.862	-40.3308
spk_ver/v08/v0831	SES183	0.667583	-40.5151	-41.1827
spk_ver/v08/v0832	SES144	-2.55663	-44.1771	-41.6204
spk_ver/v08/v0833	SES144	-3.44513	-43.3476	-39.9025
spk_ver/v08/v0834	SES144	-0.603321	-40.7938	-40.1905
spk_ver/v08/v0835	SES144	-1.92368	-43.0903	-41.1667
spk_ver/v08/v0836	SES144	-1.83534	-42.5538	-40.7184
spk_ver/v08/v0837	SES144	-2.02146	-41.3846	-39.3631
spk_ver/v08/v0838	SES144	-2.06698	-43.5425	-41.4755
spk_ver/v08/v0839	SES085	-0.0464745	-39.8412	-39.7947
spk_ver/v08/v0840	SES144	-0.6035	-40.9447	-40.3412
spk_ver/v08/v0841	SES144	-4.45093	-46.123	-41.6721
spk_ver/v08/v0842	SES144	-2.99098	-43.3525	-40.3615
spk_ver/v08/v0843	SES144	-0.716484	-40.352	-39.6355
spk_ver/v08/v0844	SES144	-2.19232	-42.5707	-40.3784
spk_ver/v08/v0845	SES144	-3.48775	-42.9296	-39.4419
spk_ver/v08/v0846	SES104	1.3935	-38.9999	-40.3934
spk_ver/v08/v0847	SES144	-1.39518	-42.1309	-40.7357
spk_ver/v08/v0848	SES144	-1.43308	-43.5191	-42.086
spk_ver/v08/v0849	SES144	-3.97773	-44.2502	-40.2725
spk_ver/v08/v0850	SES144	-3.58764	-43.0528	-39.4652
spk_ver/v08/v0851	SES144	-1.93705	-41.4644	-39.5273
spk_ver/v08/v0852	SES144	-0.778725	-40.1054	-39.3267
spk_ver/v08/v0853	SES144	-3.70672	-44.0853	-40.3786
spk_ver/v08/v0854	SES144	-1.17201	-41.4075	-40.2355
spk_ver/v08/v0855	SES144	-0.497078	-39.52	-39.0229
spk_ver/v08/v0856	SES082	0.49799	-41.5439	-42.0419
spk_ver/v08/v0857	SES142	1.79186	-38.3355	-40.1274
spk_ver/v08/v0858	SES144	-0.293831	-41.802	-41.5081
spk_ver/v08/v0859	SES144	-0.858372	-41.8869	-41.0285
spk_ver/v08/v0860	SES146	-2.66069	-43.9109	-41.2503
spk_ver/v08/v0861	SES146	-2.37362	-43.1776	-40.8039
spk_ver/v08/v0862	SES146	-2.79992	-43.2972	-40.4973
spk_ver/v08/v0863	SES146	-2.60844	-43.9054	-41.297
spk_ver/v08/v0864	SES146	-2.84534	-42.581	-39.7356
spk_ver/v08/v0865	SES008	1.6196	-37.7378	-39.3574
spk_ver/v08/v0866	SES142	0.865341	-40.1529	-41.0183
spk_ver/v08/v0867	SES146	-2.24779	-41.8166	-39.5688
spk_ver/v08/v0868	SES082	2.18673	-37.2331	-39.4198
spk_ver/v08/v0869	SES146	-1.26974	-40.6448	-39.3751
spk_ver/v08/v0870	SES146	-3.34491	-43.9342	-40.5893
spk_ver/v08/v0871	SES146	-2.76289	-43.7579	-40.9951
spk_ver/v08/v0872	SES146	-3.48231	-44.9938	-41.5115
spk_ver/v08/v0873	SES082	1.65749	-37.4689	-39.1264
spk_ver/v08/v0874	SES146	-2.30025	-42.9753	-40.675
spk_ver/v08/v0875	SES144	0.184258	-40.9839	-41.1681
spk_ver/v08/v0876	SES146	-1.95497	-39.741	-37.786
spk_ver/v08/v0877	SES146	-2.25702	-42.7654	-40.5084
spk_ver/v08/v0878	SES146	-2.09103	-42.6133	-40.5223
spk_ver/v08/v0879	SES146	-2.99286	-43.0879	-40.095
spk_ver/v08/v0880	SES146	-3.43909	-44.2659	-40.8268
spk_ver/v08/v0881	SES143	0.946625	-39.4774	-40.424
spk_ver/v08/v0882	SES146	-0.626717	-40.4732	-39.8465
spk_ver/v08/v0883	SES147	-1.30192	-40.6901	-39.3882
spk_ver/v08/v0884	SES147	-1.18956	-41.3116	-40.1221
spk_ver/v08/v0885	SES016	0.76424	-39.2581	-40.0223
spk_ver/v08/v0886	SES147	-1.29341	-42.4947	-41.2013
spk_ver/v08/v0887	SES147	-1.12176	-41.7834	-40.6616
spk_ver/v08/v0888	SES147	-1.51815	-43.3279	-41.8098
spk_ver/v08/v0889	SES019	1.81946	-39.1091	-40.9285
spk_ver/v08/v0890	SES147	-1.93435	-43.0525	-41.1182
spk_ver/v08/v0891	SES147	-2.24917	-41.9955	-39.7463
spk_ver/v08/v0892	SES147	-3.08002	-43.8612	-40.7812
spk_ver/v08/v0893	SES270	1.88836	-39.8624	-41.7508
spk_ver/v08/v0894	SES029	0.583885	-40.0635	-40.6474
spk_ver/v08/v0895	SES147	-1.87757	-44.3519	-42.4743
spk_ver/v08/v0896	SES117	0.495289	-40.6336	-41.1289
spk_ver/v08/v0897	SES183	1.55937	-40.4389	-41.9983
spk_ver/v08/v0898	SES147	-3.04087	-43.034	-39.9931
spk_ver/v08/v0899	SES147	-3.35176	-45.4942	-42.1424
spk_ver/v09/v0900	SES087	1.28695	-38.6577	-39.9447
spk_ver/v09/v0901	SES147	-4.29701	-45.2609	-40.9639
spk_ver/v09/v0902	SES147	-3.04519	-43.1582	-40.113
spk_ver/v09/v0903	SES147	-1.8962	-42.3861	-40.4899
spk_ver/v09/v0904	SES147	-2.249	-42.0209	-39.7719
spk_ver/v09/v0905	SES143	0.68338	-40.0218	-40.7052
spk_ver/v09/v0906	SES149	0.653187	-38.5944	-39.2476
spk_ver/v09/v0907	SES148	-1.18638	-41.0576	-39.8712
spk_ver/v09/v0908	SES148	-1.05103	-41.1809	-40.1299
spk_ver/v09/v0909	SES106	2.08858	-39.347	-41.4356
spk_ver/v09/v0910	SES148	-0.848991	-42.3165	-41.4675
spk_ver/v09/v0911	SES148	-2.74308	-42.7252	-39.9822
spk_ver/v09/v0912	SES142	0.847359	-39.6633	-40.5107
spk_ver/v09/v0913	SES148	-3.09987	-43.9598	-40.8599
spk_ver/v09/v0914	SES148	-2.41047	-42.3789	-39.9685
spk_ver/v09/v0915	SES148	-3.0998	-44.7741	-41.6743
spk_ver/v09/v0916	SES148	-2.96342	-44.6782	-41.7148
spk_ver/v09/v0917	SES148	0.668266	-39.6463	-40.3146
spk_ver/v09/v0918	SES148	-0.809444	-40.3172	-39.5078
spk_ver/v09/v0919	SES270	1.49577	-39.6532	-41.1489
spk_ver/v09/v0920	SES148	-1.15804	-40.6595	-39.5014
spk_ver/v09/v0921	SES148	-2.46516	-41.9392	-39.474
spk_ver/v09/v0922	SES129	0.78038	-38.559	-39.3394
spk_ver/v09/v0923	SES117	0.587399	-39.606	-40.1934
spk_ver/v09/v0924	SES042	2.68424	-37.3494	-40.0337
spk_ver/v09/v0925	SES148	-2.63693	-44.3203	-41.6833
spk_ver/v09/v0926	SES148	-2.64132	-44.603	-41.9617
spk_ver/v09/v0927	SES144	0.64603	-39.6799	-40.326
spk_ver/v09/v0928	SES007	0.108189	-40.3315	-40.4397
spk_ver/v09/v0929	SES148	-1.86407	-41.1129	-39.2488
spk_ver/v09/v0930	SES148	-1.45985	-41.2308	-39.771
spk_ver/v09/v0931	SES148	-2.30866	-43.3705	-41.0619
spk_ver/v09/v0932	SES202	1.69994	-38.5512	-40.2511
spk_ver/v09/v0933	SES148	-0.229073	-39.9404	-39.7114
spk_ver/v09/v0934	SES148	-2.28716	-41.6778	-39.3907
spk_ver/v09/v0935	SES060	0.672382	-38.7235	-39.3959
spk_ver/v09/v0936	SES060	1.44364	-38.6134	-40.0571
spk_ver/v09/v0937	SES148	-1.6397	-41.1767	-39.537
spk_ver/v09/v0938	SES148	-1.67966	-41.7519	-40.0722
spk_ver/v09/v0939	SES148	-1.70144	-41.3878	-39.6863
spk_ver/v09/v0940	SES148	-1.79303	-41.1513	-39.3583
spk_ver/v09/v0941	SES149	-2.5781	-42.7536	-40.1755
spk_ver/v09/v0942	SES149	-7.12566	-46.4529	-39.3272
spk_ver/v09/v0943	SES149	-7.81059	-48.7533	-40.9427
spk_ver/v09/v0944	SES149	-1.15702	-41.2328	-40.0758
spk_ver/v09/v0945	SES105	0.555737	-39.4563	-40.012
spk_ver/v09/v0946	SES149	-3.48983	-43.5849	-40.095
spk_ver/v09/v0947	SES149	-6.39379	-48.2623	-41.8685
spk_ver/v09/v0948	SES149	-8.03627	-48.0446	-40.0083
spk_ver/v09/v0949	SES149	-4.50375	-43.2337	-38.73
spk_ver/v09/v0950	SES226	1.32445	-38.2815	-39.6059
spk_ver/v09/v0951	SES149	-7.96418	-49.1338	-41.1696
spk_ver/v09/v0952	SES149	-2.64736	-43.3073	-40.6599
spk_ver/v09/v0953	SES062	0.846397	-38.5686	-39.415
spk_ver/v09/v0954	SES149	-8.42643	-48.9776	-40.5512
spk_ver/v09/v0955	SES048	0.139156	-39.1142	-39.2534
spk_ver/v09/v0956	SES158	-0.580856	-40.8456	-40.2648
spk_ver/v09/v0957	SES158	-4.29722	-45.1775	-40.8803
spk_ver/v09/v0958	SES158	-0.338669	-39.3031	-38.9644
spk_ver/v09/v0959	SES158	-0.829773	-41.0569	-40.2271
spk_ver/v09/v0960	SES158	-6.04164	-47.5152	-41.4736
spk_ver/v09/v0961	SES147	0.882042	-40.5299	-41.4119
spk_ver/v09/v0962	SES158	-9.67931	-50.6209	-40.9416
spk_ver/v09/v0963	SES292	0.815861	-39.4141	-40.23
spk_ver/v09/v0964	SES060	1.38694	-38.311	-39.698
spk_ver/v09/v0965	SES002	1.50629	-39.2543	-40.7606
spk_ver/v09/v0966	SES149	1.61079	-37.9192	-39.53
spk_ver/v09/v0967	SES158	-7.82747	-48.9987	-41.1712
spk_ver/v09/v0968	SES158	-1.13395	-41.4899	-40.356
spk_ver/v09/v0969	SES275	-0.805687	-41.9407	-41.135
spk_ver/v09/v0970	SES158	-7.68036	-47.5862	-39.9059
spk_ver/v09/v0971	SES158	-7.05876	-47.4852	-40.4264
spk_ver/v09/v0972	SES002	1.55265	-38.2131	-39.7658
spk_ver/v09/v0973	SES158	-8.9437	-49.0576	-40.1139
spk_ver/v09/v0974	SES202	1.32367	-39.0183	-40.342
spk_ver/v09/v0975	SES158	-9.67167	-50.9393	-41.2677
spk_ver/v09/v0976	SES158	0.310936	-39.7407	-40.0517
spk_ver/v09/v0977	SES162	-1.32476	-41.4317	-40.1069
spk_ver/v09/v0978	SES162	-6.29788	-47.9558	-41.6579
spk_ver/v09/v0979	SES162	-5.72476	-46.4159	-40.6911
spk_ver/v09/v0980	SES162	-1.48666	-42.7552	-41.2685
spk_ver/v09/v0981	SES162	-2.09546	-42.9384	-40.8429
spk_ver/v09/v0982	SES259	2.03845	-37.7613	-39.7997
spk_ver/v09/v0983	SES162	-3.07196	-46.3031	-43.2311
spk_ver/v09/v0984	SES162	-1.59303	-40.9992	-39.4061
spk_ver/v09/v0985	SES162	-0.731453	-40.7122	-39.9808
spk_ver/v09/v0986	SES062	0.769596	-38.4248	-39.1944
spk_ver/v09/v0987	SES162	-0.994648	-41.8769	-40.8823
spk_ver/v09/v0988	SES162	-4.13798	-44.2942	-40.1562
spk_ver/v09/v0989	SES162	-4.19659	-46.2229	-42.0263
spk_ver/v09/v0990	SES162	-3.45819	-43.0348	-39.5766
spk_ver/v09/v0991	SES087	1.77727	-38.5247	-40.302
spk_ver/v09/v0992	SES120	0.303158	-40.3206	-40.6238
spk_ver/v09/v0993	SES162	-4.14523	-44.0259	-39.8807
spk_ver/v09/v0994	SES162	-1.65905	-41.3801	-39.721
spk_ver/v09/v0995	SES162	-3.97538	-43.1807	-39.2053
spk_ver/v09/v0996	SES162	-1.74498	-40.3103	-38.5653
spk_ver/v09/v0997	SES162	-5.61977	-45.803	-40.1832
spk_ver/v09/v0998	SES162	-2.74242	-44.6621	-41.9196
spk_ver/v09/v0999	SES162	-1.3367	-39.6593	-38.3226
spk_ver/v10/v1000	SES162	-3.73589	-43.7554	-40.0196
spk_ver/v10/v1001	SES148	1.01131	-39.8401	-40.8514
spk_ver/v10/v1002	SES162	-0.467983	-41.3485	-40.8805
spk_ver/v10/v1003	SES162	-1.48066	-41.9171	-40.4364
spk_ver/v10/v1004	SES162	-2.44974	-43.7086	-41.2589
spk_ver/v10/v1005	SES162	-3.85378	-45.4791	-41.6253
spk_ver/v10/v1006	SES162	-3.27276	-43.4473	-40.1746
spk_ver/v10/v1007	SES162	-1.09065	-42.3479	-41.2573
spk_ver/v10/v1008	SES162	-3.65948	-46.0591	-42.3996
spk_ver/v10/v1009	SES162	-4.27113	-44.1334	-39.8623
spk_ver/v10/v1010	SES167	-3.66827	-44.7794	-41.1111
spk_ver/v10/v1011	SES167	-0.42001	-40.857	-40.437
spk_ver/v10/v1012	SES167	-1.43477	-42.4628	-41.028
spk_ver/v10/v1013	SES167	-6.6954	-46.8659	-40.1705
spk_ver/v10/v1014	SES167	-1.22204	-39.977	-38.7549
spk_ver/v10/v1015	SES167	-1.47618	-41.2	-39.7238
spk_ver/v10/v1016	SES167	-1.04024	-41.2822	-40.2419
spk_ver/v10/v1017	SES167	-1.00776	-41.3022	-40.2945
spk_ver/v10/v1018	SES167	-3.21683	-43.4352	-40.2184
spk_ver/v10/v1019	SES167	-1.87473	-41.8519	-39.9771
spk_ver/v10/v1020	SES167	-5.92644	-46.5624	-40.636
spk_ver/v10/v1021	SES167	-1.65095	-43.4706	-41.8197
spk_ver/v10/v1022	SES167	-3.63638	-44.1626	-40.5262
spk_ver/v10/v1023	SES167	-4.27164	-45.4031	-41.1314
spk_ver/v10/v1024	SES167	-4.46742	-46.7313	-42.2639
spk_ver/v10/v1025	SES167	-1.34261	-40.7655	-39.4229
spk_ver/v10/v1026	SES167	-1.68351	-42.4999	-40.8164
spk_ver/v10/v1027	SES167	-0.934444	-40.6485	-39.7141
spk_ver/v10/v1028	SES167	-5.94761	-46.1636	-40.216
spk_ver/v10/v1029	SES167	-3.68001	-44.3802	-40.7002
spk_ver/v10/v1030	SES167	-3.39548	-43.0322	-39.6367
spk_ver/v10/v1031	SES167	-5.5767	-46.0623	-40.4856
spk_ver/v10/v1032	SES167	-5.83125	-44.6228	-38.7915
spk_ver/v10/v1033	SES167	-4.7724	-44.2045	-39.4321
spk_ver/v10/v1034	SES002	1.7201	-37.4354	-39.1555
spk_ver/v10/v1035	SES167	-2.18803	-41.5172	-39.3292
spk_ver/v10/v1036	SES083	0.839088	-39.376	-40.2151
spk_ver/v10/v1037	SES167	-2.11383	-42.9382	-40.8244
spk_ver/v10/v1038	SES167	-2.96412	-45.0675	-42.1034
spk_ver/v10/v1039	SES167	-1.11556	-42.0586	-40.943
spk_ver/v10/v1040	SES167	-5.80981	-46.4509	-40.6411
spk_ver/v10/v1041	SES167	-1.16042	-42.0969	-40.9365
spk_ver/v10/v1042	SES087	1.51209	-39.3588	-40.8709
spk_ver/v10/v1043	SES029	1.13232	-39.384	-40.5163
spk_ver/v10/v1044	SES206	0.88559	-38.8609	-39.7465
spk_ver/v10/v1045	SES172	-2.67439	-43.4933	-40.8189
spk_ver/v10/v1046	SES172	0.833004	-38.7763	-39.6093
spk_ver/v10/v1047	SES172	-1.09885	-40.6519	-39.553
spk_ver/v10/v1048	SES259	2.12323	-37.409	-39.5322
spk_ver/v10/v1049	SES172	-3.42385	-42.9087	-39.4848
spk_ver/v10/v1050	SES120	0.776146	-40.2807	-41.0569
spk_ver/v10/v1051	SES172	-1.90117	-41.3605	-39.4593
spk_ver/v10/v1052	SES172	-2.64661	-43.6148	-40.9682
spk_ver/v10/v1053	SES172	-2.72866	-42.9801	-40.2515
spk_ver/v10/v1054	SES172	-1.90548	-42.3378	-40.4323
spk_ver/v10/v1055	SES189	1.60806	-41.3664	-42.9744
spk_ver/v10/v1056	SES172	-3.25824	-43.479	-40.2207
spk_ver/v10/v1057	SES172	-1.08487	-41.197	-40.1121
spk_ver/v10/v1058	SES172	-2.2798	-42.4742	-40.1944
spk_ver/v10/v1059	SES172	-1.81616	-42.0401	-40.2239
spk_ver/v10/v1060	SES029	0.442413	-39.3609	-39.8033
spk_ver/v10/v1061	SES175	-6.36642	-47.4824	-41.116
spk_ver/v10/v1062	SES187	0.66856	-38.7534	-39.422
spk_ver/v10/v1063	SES019	3.04263	-39.4356	-42.4782
spk_ver/v10/v1064	SES175	-5.32518	-45.5221	-40.1969
spk_ver/v10/v1065	SES175	-5.49947	-45.9527	-40.4532
spk_ver/v10/v1066	SES175	-6.60342	-48.3549	-41.7515
spk_ver/v10/v1067	SES175	-2.39965	-43.1919	-40.7922
spk_ver/v10/v1068	SES175	-4.77174	-44.7595	-39.9878
spk_ver/v10/v1069	SES016	2.1062	-37.851	-39.9572
spk_ver/v10/v1070	SES175	-3.29929	-44.1927	-40.8934
spk_ver/v10/v1071	SES175	-1.54813	-40.1117	-38.5636
spk_ver/v10/v1072	SES175	-6.2562	-46.2139	-39.9577
spk_ver/v10/v1073	SES029	0.0991058	-39.9552	-40.0543
spk_ver/v10/v1074	SES175	-3.3061	-43.7618	-40.4557
spk_ver/v10/v1075	SES175	-1.06421	-39.9901	-38.9259
spk_ver/v10/v1076	SES175	-0.756042	-39.6281	-38.8721
spk_ver/v10/v1077	SES175	-4.33363	-43.3352	-39.0016
spk_ver/v10/v1078	SES127	1.144	-37.8791	-39.0231
spk_ver/v10/v1079	SES175	-3.14253	-42.4024	-39.2599
spk_ver/v10/v1080	SES175	-2.0662	-43.0407	-40.9745
spk_ver/v10/v1081	SES175	-4.07049	-44.8299	-40.7595
spk_ver/v10/v1082	SES175	-3.16068	-43.053	-39.8923
spk_ver/v10/v1083	SES007	0.872208	-39.728	-40.6003
spk_ver/v10/v1084	SES068	0.513035	-39.0218	-39.5348
spk_ver/v10/v1085	SES008	1.09571	-38.1869	-39.2827
spk_ver/v10/v1086	SES175	-1.16454	-39.9085	-38.744
spk_ver/v10/v1087	SES175	-3.5394	-43.4361	-39.8967
spk_ver/v10/v1088	SES008	1.70222	-38.0657	-39.7679
spk_ver/v10/v1089	SES177	-2.51497	-41.3246	-38.8097
spk_ver/v10/v1090	SES177	-2.95995	-42.8782	-39.9183
spk_ver/v10/v1091	SES177	-3.85137	-44.9681	-41.1167
spk_ver/v10/v1092	SES177	-0.96553	-40.9552	-39.9897
spk_ver/v10/v1093	SES177	-4.99138	-45.4167	-40.4254
spk_ver/v10/v1094	SES002	1.25347	-38.552	-39.8055
spk_ver/v10/v1095	SES104	1.24473	-38.9501	-40.1949
spk_ver/v10/v1096	SES177	-1.40439	-41.4468	-40.0424
spk_ver/v10/v1097	SES177	-1.90876	-43.6703	-41.7616
spk_ver/v10/v1098	SES177	-2.09852	-41.2587	-39.1602
spk_ver/v10/v1099	SES177	-0.248322	-40.1391	-39.8908
spk_ver/v11/v1100	SES177	-3.77736	-44.3879	-40.6105
spk_ver/v11/v1101	SES085	0.169254	-39.4817	-39.651
spk_ver/v11/v1102	SES187	0.997902	-39.3832	-40.3811
spk_ver/v11/v1103	SES177	-1.48186	-41.8234	-40.3415
spk_ver/v11/v1104	SES177	0.781914	-38.709	-39.4909
spk_ver/v11/v1105	SES177	-0.465813	-39.7093	-39.2435
spk_ver/v11/v1106	SES177	-1.67574	-41.6397	-39.964
spk_ver/v11/v1107	SES177	-0.606441	-40.764	-40.1575
spk_ver/v11/v1108	SES177	-0.839859	-40.5686	-39.7287
spk_ver/v11/v1109	SES125	1.48079	-38.0505	-39.5312
spk_ver/v11/v1110	SES177	-3.21536	-43.4537	-40.2384
spk_ver/v11/v1111	SES177	-1.53756	-41.3616	-39.824
spk_ver/v11/v1112	SES177	-2.59698	-42.2489	-39.6519
spk_ver/v11/v1113	SES177	-4.57476	-44.3426	-39.7678
spk_ver/v11/v1114	SES177	-1.41214	-42.6732	-41.261
spk_ver/v11/v1115	SES177	-1.41966	-42.6202	-41.2006
spk_ver/v11/v1116	SES085	0.947338	-38.1278	-39.0752
spk_ver/v11/v1117	SES147	0.341724	-40.0826	-40.4243
spk_ver/v11/v1118	SES177	-0.368298	-40.8794	-40.5111
spk_ver/v11/v1119	SES177	-2.76397	-42.8092	-40.0452
spk_ver/v11/v1120	SES180	-6.62409	-47.2934	-40.6693
spk_ver/v11/v1121	SES189	0.792267	-41.1998	-41.9921
spk_ver/v11/v1122	SES117	0.545696	-41.9131	-42.4588
spk_ver/v11/v1123	SES129	1.70481	-37.7233	-39.4282
spk_ver/v11/v1124	SES180	-2.28075	-42.521	-40.2403
spk_ver/v11/v1125	SES180	-0.808571	-40.1321	-39.3235
spk_ver/v11/v1126	SES180	-1.13905	-41.0514	-39.9124
spk_ver/v11/v1127	SES180	-1.94529	-42.7619	-40.8166
spk_ver/v11/v1128	SES016	0.642452	-40.3261	-40.9685
spk_ver/v11/v1129	SES158	1.25547	-38.9356	-40.191
spk_ver/v11/v1130	SES180	-3.01128	-42.9333	-39.922
spk_ver/v11/v1131	SES180	-3.91032	-43.1419	-39.2316
spk_ver/v11/v1132	SES180	-2.0197	-42.7551	-40.7354
spk_ver/v11/v1133	SES180	-3.57027	-42.9494	-39.3791
spk_ver/v11/v1134	SES180	-1.66113	-42.5957	-40.9346
spk_ver/v11/v1135	SES180	-1.0387	-40.1629	-39.1242
spk_ver/v11/v1136	SES180	-6.51403	-48.3942	-41.8801
spk_ver/v11/v1137	SES148	0.478092	-39.2813	-39.7594
spk_ver/v11/v1138	SES104	1.55209	-37.2497	-38.8018
spk_ver/v11/v1139	SES180	-5.01875	-45.2365	-40.2178
spk_ver/v11/v1140	SES083	0.883743	-39.2651	-40.1488
spk_ver/v11/v1141	SES180	-5.04072	-45.6567	-40.616
spk_ver/v11/v1142	SES180	-2.48785	-43.1956	-40.7077
spk_ver/v11/v1143	SES180	-3.17515	-44.8849	-41.7097
spk_ver/v11/v1144	SES099	1.4002	-39.6714	-41.0716
spk_ver/v11/v1145	SES180	-2.00573	-42.0026	-39.9969
spk_ver/v11/v1146	SES183	-2.33034	-42.6801	-40.3498
spk_ver/v11/v1147	SES183	-1.00204	-41.0635	-40.0615
spk_ver/v11/v1148	SES183	-3.76257	-45.4455	-41.6829
spk_ver/v11/v1149	SES183	-4.66686	-44.8789	-40.2121
spk_ver/v11/v1150	SES183	-3.6268	-44.5806	-40.9538
spk_ver/v11/v1151	SES082	1.48318	-38.4888	-39.972
spk_ver/v11/v1152	SES183	-2.73233	-44.7285	-41.9962
spk_ver/v11/v1153	SES183	-2.20311	-42.1494	-39.9463
spk_ver/v11/v1154	SES002	1.30528	-37.9445	-39.2498
spk_ver/v11/v1155	SES183	-1.83972	-42.4239	-40.5842
spk_ver/v11/v1156	SES183	-3.52633	-45.1436	-41.6172
spk_ver/v11/v1157	SES183	-2.43597	-40.8029	-38.367
spk_ver/v11/v1158	SES183	-1.16724	-41.0355	-39.8682
spk_ver/v11/v1159	SES183	-2.06742	-42.0601	-39.9927
spk_ver/v11/v1160	SES183	-3.6916	-43.7232	-40.0316
spk_ver/v11/v1161	SES183	-3.79163	-45.0627	-41.2711
spk_ver/v11/v1162	SES105	1.31434	-39.1915	-40.5058
spk_ver/v11/v1163	SES183	-4.10521	-44.3306	-40.2254
spk_ver/v11/v1164	SES259	1.75624	-38.1722	-39.9285
spk_ver/v11/v1165	SES183	-1.55391	-42.3799	-40.826
spk_ver/v11/v1166	SES183	-3.77654	-43.7778	-40.0013
spk_ver/v11/v1167	SES183	-2.25879	-42.8423	-40.5835
spk_ver/v11/v1168	SES183	-1.96146	-41.488	-39.5266
spk_ver/v11/v1169	SES183	-4.43103	-44.2217	-39.7906
spk_ver/v11/v1170	SES183	-4.15792	-43.8024	-39.6445
spk_ver/v11/v1171	SES183	-5.28039	-46.8774	-41.597
spk_ver/v11/v1172	SES187	-3.48726	-43.6705	-40.1832
spk_ver/v11/v1173	SES019	3.14531	-39.4857	-42.631
spk_ver/v11/v1174	SES187	-4.72437	-46.5463	-41.8219
spk_ver/v11/v1175	SES187	-1.56112	-42.9717	-41.4106
spk_ver/v11/v1176	SES083	0.501648	-38.2471	-38.7487
spk_ver/v11/v1177	SES187	-4.53941	-46.4467	-41.9073
spk_ver/v11/v1178	SES187	-3.79446	-43.9644	-40.1699
spk_ver/v11/v1179	SES187	-2.32615	-43.3385	-41.0124
spk_ver/v11/v1180	SES187	-0.502487	-41.4421	-40.9396
spk_ver/v11/v1181	SES187	-4.93992	-44.4136	-39.4736
spk_ver/v11/v1182	SES187	-0.439888	-39.7517	-39.3118
spk_ver/v11/v1183	SES187	-3.95112	-43.8868	-39.9357
spk_ver/v11/v1184	SES187	0.224045	-40.3707	-40.5947
spk_ver/v11/v1185	SES127	0.918594	-38.7819	-39.7005
spk_ver/v11/v1186	SES187	-0.671257	-40.1034	-39.4322
spk_ver/v11/v1187	SES187	-1.52014	-40.3509	-38.8308
spk_ver/v11/v1188	SES187	-1.62059	-43.1174	-41.4968
spk_ver/v11/v1189	SES042	1.91422	-37.8941	-39.8083
spk_ver/v11/v1190	SES187	-0.611507	-40.3246	-39.7131
spk_ver/v11/v1191	SES187	-4.13212	-46.0454	-41.9132
spk_ver/v11/v1192	SES187	-3.20722	-44.0097	-40.8025
spk_ver/v11/v1193	SES183	0.685246	-40.1368	-40.822
spk_ver/v11/v1194	SES187	-2.11984	-43.225	-41.1052
spk_ver/v11/v1195	SES187	-4.78867	-45.2653	-40.4766
spk_ver/v11/v1196	SES146	0.961174	-40.3063	-41.2675
spk_ver/v11/v1197	SES189	-4.48267	-44.4042	-39.9216
spk_ver/v11/v1198	SES175	1.33332	-39.7685	-41.1019
spk_ver/v11/v1199	SES189	-4.06161	-45.0676	-41.006
spk_ver/v12/v1200	SES189	-2.12376	-41.0582	-38.9344
spk_ver/v12/v1201	SES177	0.98457	-38.6413	-39.6259
spk_ver/v12/v1202	SES189	-1.15625	-42.1395	-40.9833
spk_ver/v12/v1203	SES143	0.46656	-40.148	-40.6145
spk_ver/v12/v1204	SES189	-2.33353	-42.1558	-39.8223
spk_ver/v12/v1205	SES189	-1.34335	-40.9338	-39.5904
spk_ver/v12/v1206	SES189	-4.63965	-46.36	-41.7203
spk_ver/v12/v1207	SES189	-3.15241	-42.6169	-39.4645
spk_ver/v12/v1208	SES189	-3.32482	-42.1475	-38.8226
spk_ver/v12/v1209	SES189	-4.44731	-45.9024	-41.4551
spk_ver/v12/v1210	SES189	-0.203484	-41.1064	-40.903
spk_ver/v12/v1211	SES062	1.52152	-37.9868	-39.5083
spk_ver/v12/v1212	SES189	-2.24822	-41.4587	-39.2105
spk_ver/v12/v1213	SES048	1.15517	-38.5625	-39.7177
spk_ver/v12/v1214	SES042	2.4612	-36.8419	-39.3031
spk_ver/v12/v1215	SES008	1.55259	-37.9415	-39.4941
spk_ver/v12/v1216	SES202	-3.53073	-42.7394	-39.2087
spk_ver/v12/v1217	SES202	-2.65213	-44.2315	-41.5793
spk_ver/v12/v1218	SES085	1.03088	-37.6022	-38.6331
spk_ver/v12/v1219	SES202	-2.08503	-41.5426	-39.4576
spk_ver/v12/v1220	SES202	-4.22616	-43.38	-39.1539
spk_ver/v12/v1221	SES202	-1.88558	-43.0766	-41.191
spk_ver/v12/v1222	SES202	-6.45361	-48.0648	-41.6112
spk_ver/v12/v1223	SES158	1.01958	-38.7845	-39.804
spk_ver/v12/v1224	SES202	-1.60587	-43.0128	-41.407
spk_ver/v12/v1225	SES202	-6.26414	-45.839	-39.5749
spk_ver/v12/v1226	SES202	-4.8331	-44.4224	-39.5893
spk_ver/v12/v1227	SES202	-3.66043	-44.4878	-40.8273
spk_ver/v12/v1228	SES177	0.6563	-39.2868	-39.9431
spk_ver/v12/v1229	SES202	-4.58565	-44.4723	-39.8867
spk_ver/v12/v1230	SES202	-1.49226	-41.8238	-40.3315
spk_ver/v12/v1231	SES202	-4.75235	-45.5113	-40.7589
spk_ver/v12/v1232	SES202	-2.37412	-44.853	-42.4789
spk_ver/v12/v1233	SES206	1.06437	-38.2185	-39.2829
spk_ver/v12/v1234	SES202	-5.10916	-45.943	-40.8338
spk_ver/v12/v1235	SES202	-3.11946	-42.5508	-39.4313
spk_ver/v12/v1236	SES125	1.69216	-38.4954	-40.1875
spk_ver/v12/v1237	SES127	0.945175	-38.7731	-39.7183
spk_ver/v12/v1238	SES202	2.08583	-37.9562	-40.0421
spk_ver/v12/v1239	SES167	1.60376	-38.1406	-39.7443
spk_ver/v12/v1240	SES206	-11.3116	-52.2726	-40.961
spk_ver/v12/v1241	SES206	-11.4621	-52.6315	-41.1694
spk_ver/v12/v1242	SES206	-0.745537	-40.7635	-40.018
spk_ver/v12/v1243	SES206	-2.24409	-43.1236	-40.8795
spk_ver/v12/v1244	SES259	1.58239	-39.0863	-40.6687
spk_ver/v12/v1245	SES206	-4.91747	-44.4465	-39.529
spk_ver/v12/v1246	SES206	-5.51278	-45.4622	-39.9494
spk_ver/v12/v1247	SES206	-0.335049	-40.5336	-40.1986
spk_ver/v12/v1248	SES206	-14.4179	-56.0143	-41.5964
spk_ver/v12/v1249	SES270	2.16043	-39.325	-41.4854
spk_ver/v12/v1250	SES206	-9.92714	-50.4055	-40.4784
spk_ver/v12/v1251	SES206	-4.78415	-44.1602	-39.3761
spk_ver/v12/v1252	SES206	-3.25315	-43.3842	-40.1311
spk_ver/v12/v1253	SES206	-0.859875	-40.8562	-39.9963
spk_ver/v12/v1254	SES206	-0.937744	-41.0718	-40.134
spk_ver/v12/v1255	SES125	1.68561	-38.0592	-39.7448
spk_ver/v12/v1256	SES206	-15.0819	-55.238	-40.156
spk_ver/v12/v1257	SES206	-8.46079	-47.5407	-39.0799
spk_ver/v12/v1258	SES206	-1.59071	-42.3413	-40.7506
spk_ver/v12/v1259	SES206	-12.1334	-52.4986	-40.3653
spk_ver/v12/v1260	SES206	-15.4495	-56.7321	-41.2826
spk_ver/v12/v1261	SES206	-10.6148	-50.4362	-39.8214
spk_ver/v12/v1262	SES206	-12.9334	-53.3967	-40.4633
spk_ver/v12/v1263	SES206	-6.64268	-46.6643	-40.0216
spk_ver/v12/v1264	SES149	1.19867	-38.9272	-40.1259
spk_ver/v12/v1265	SES206	-0.323414	-42.2214	-41.898
spk_ver/v12/v1266	SES206	-15.3614	-56.5831	-41.2217
spk_ver/v12/v1267	SES206	-0.892334	-43.1337	-42.2414
spk_ver/v12/v1268	SES206	-4.79559	-45.4746	-40.679
spk_ver/v12/v1269	SES206	-11.8446	-54.2837	-42.439
spk_ver/v12/v1270	SES206	-17.1589	-59.8822	-42.7233
spk_ver/v12/v1271	SES226	-11.0423	-52.9157	-41.8733
spk_ver/v12/v1272	SES226	-0.586815	-39.77	-39.1832
spk_ver/v12/v1273	SES226	-8.57141	-47.8432	-39.2718
spk_ver/v12/v1274	SES226	-8.65382	-48.986	-40.3322
spk_ver/v12/v1275	SES226	0.127686	-40.3361	-40.4638
spk_ver/v12/v1276	SES226	-7.32831	-47.6957	-40.3674
spk_ver/v12/v1277	SES226	-0.860512	-40.5204	-39.6599
spk_ver/v12/v1278	SES226	0.158745	-40.5738	-40.7326
spk_ver/v12/v1279	SES226	-8.15786	-47.0495	-38.8917
spk_ver/v12/v1280	SES226	-1.7276	-41.032	-39.3044
spk_ver/v12/v1281	SES226	-0.574249	-41.812	-41.2377
spk_ver/v12/v1282	SES226	-1.06324	-41.9073	-40.8441
spk_ver/v12/v1283	SES143	1.08413	-39.4741	-40.5582
spk_ver/v12/v1284	SES226	-4.61815	-44.0673	-39.4492
spk_ver/v12/v1285	SES226	-1.01725	-40.9061	-39.8889
spk_ver/v12/v1286	SES226	-0.924774	-41.5022	-40.5774
spk_ver/v12/v1287	SES226	-3.78383	-44.0689	-40.285
spk_ver/v12/v1288	SES226	-7.44536	-46.8724	-39.427
spk_ver/v12/v1289	SES104	1.67693	-38.884	-40.561
spk_ver/v12/v1290	SES008	2.28533	-38.7189	-41.0043
spk_ver/v12/v1291	SES226	-0.974255	-40.9367	-39.9624
spk_ver/v12/v1292	SES259	-3.45334	-44.276	-40.8227
spk_ver/v12/v1293	SES062	0.930405	-38.3888	-39.3192
spk_ver/v12/v1294	SES099	1.05759	-40.0323	-41.0899
spk_ver/v12/v1295	SES158	1.08233	-39.6666	-40.7489
spk_ver/v12/v1296	SES259	-6.59913	-45.8506	-39.2515
spk_ver/v12/v1297	SES259	-2.81411	-43.1817	-40.3676
spk_ver/v12/v1298	SES259	-2.42675	-42.6453	-40.2185
spk_ver/v12/v1299	SES259	-6.51855	-47.1957	-40.6771
spk_ver/v13/v1300	SES120	0.883411	-39.7968	-40.6802
spk_ver/v13/v1301	SES259	-8.90609	-48.6702	-39.7641
spk_ver/v13/v1302	SES259	-8.47379	-48.8397	-40.3659
spk_ver/v13/v1303	SES129	1.22421	-38.6671	-39.8913
spk_ver/v13/v1304	SES259	-4.63347	-45.6649	-41.0314
spk_ver/v13/v1305	SES259	-3.74998	-45.0149	-41.2649
spk_ver/v13/v1306	SES106	1.52071	-39.2165	-40.7372
spk_ver/v13/v1307	SES259	-3.44518	-44.4305	-40.9854
spk_ver/v13/v1308	SES259	-0.917038	-41.4025	-40.4855
spk_ver/v13/v1309	SES259	-7.89442	-47.6671	-39.7727
spk_ver/v13/v1310	SES259	-4.22733	-43.4569	-39.2296
spk_ver/v13/v1311	SES259	-5.96281	-45.9408	-39.978
spk_ver/v13/v1312	SES259	-1.67683	-40.6194	-38.9425
spk_ver/v13/v1313	SES144	0.384453	-39.857	-40.2414
spk_ver/v13/v1314	SES259	-8.68042	-48.9324	-40.252
spk_ver/v13/v1315	SES162	1.39898	-38.8291	-40.2281
spk_ver/v13/v1316	SES206	1.05973	-38.4844	-39.5442
spk_ver/v13/v1317	SES175	1.16623	-40.0135	-41.1797
spk_ver/v13/v1318	SES259	-7.28755	-48.2966	-41.0091
spk_ver/v13/v1319	SES259	-9.93444	-50.7334	-40.799
spk_ver/v13/v1320	SES270	0.421528	-40.2296	-40.6512
spk_ver/v13/v1321	SES101	0.328648	-39.3968	-39.7254
spk_ver/v13/v1322	SES177	0.694065	-38.9525	-39.6465
spk_ver/v13/v1323	SES127	0.998207	-37.8198	-38.818
spk_ver/v13/v1324	SES270	-9.77509	-50.356	-40.5809
spk_ver/v13/v1325	SES062	0.631916	-38.8544	-39.4863
spk_ver/v13/v1326	SES270	0.170979	-40.8345	-41.0055
spk_ver/v13/v1327	SES120	0.0179024	-40.7731	-40.791
spk_ver/v13/v1328	SES270	-4.45979	-45.2623	-40.8025
spk_ver/v13/v1329	SES270	-6.38638	-44.615	-38.2286
spk_ver/v13/v1330	SES270	0.483944	-41.0241	-41.5081
spk_ver/v13/v1331	SES270	-6.11316	-45.1505	-39.0373
spk_ver/v13/v1332	SES270	-0.28215	-39.7318	-39.4496
spk_ver/v13/v1333	SES270	-0.0408249	-41.4655	-41.4246
spk_ver/v13/v1334	SES270	-1.764	-41.7143	-39.9503
spk_ver/v13/v1335	SES270	0.676937	-39.437	-40.1139
spk_ver/v13/v1336	SES270	-0.984192	-40.8222	-39.838
spk_ver/v13/v1337	SES016	1.51801	-38.8326	-40.3506
spk_ver/v13/v1338	SES270	-5.83603	-45.2281	-39.3921
spk_ver/v13/v1339	SES002	1.46483	-38.1171	-39.5819
spk_ver/v13/v1340	SES105	1.64943	-39.8099	-41.4594
spk_ver/v13/v1341	SES275	-1.8163	-42.8512	-41.0349
spk_ver/v13/v1342	SES187	1.67986	-39.3195	-40.9994
spk_ver/v13/v1343	SES275	-2.85361	-43.27	-40.4164
spk_ver/v13/v1344	SES275	-2.49973	-43.5094	-41.0097
spk_ver/v13/v1345	SES275	-1.6719	-42.4004	-40.7285
spk_ver/v13/v1346	SES275	-3.3132	-43.6038	-40.2906
spk_ver/v13/v1347	SES275	-3.95325	-45.3693	-41.4161
spk_ver/v13/v1348	SES180	0.359436	-39.9062	-40.2656
spk_ver/v13/v1349	SES275	-2.63898	-44.9387	-42.2997
spk_ver/v13/v1350	SES275	-0.857189	-39.7364	-38.8792
spk_ver/v13/v1351	SES275	-4.16697	-47.5973	-43.4303
spk_ver/v13/v1352	SES275	-1.08914	-41.1896	-40.1004
spk_ver/v13/v1353	SES275	-1.54064	-43.3537	-41.813
spk_ver/v13/v1354	SES189	1.46398	-41.1725	-42.6365
spk_ver/v13/v1355	SES068	0.489586	-38.7142	-39.2038
spk_ver/v13/v1356	SES275	-2.46878	-44.1932	-41.7244
spk_ver/v13/v1357	SES048	0.349087	-39.5891	-39.9382
spk_ver/v13/v1358	SES226	1.93762	-37.513	-39.4507
spk_ver/v13/v1359	SES016	0.099102	-39.411	-39.5101
spk_ver/v13/v1360	SES275	-3.41699	-44.1088	-40.6918
spk_ver/v13/v1361	SES068	0.693893	-38.4289	-39.1228
spk_ver/v13/v1362	SES275	-2.82608	-42.9184	-40.0923
spk_ver/v13/v1363	SES275	-1.65848	-42.3111	-40.6527
spk_ver/v13/v1364	SES275	-2.9639	-44.9501	-41.9862
spk_ver/v13/v1365	SES275	-2.75136	-42.7776	-40.0263
spk_ver/v13/v1366	SES187	0.659138	-39.331	-39.9902
spk_ver/v13/v1367	SES275	-3.53395	-44.8815	-41.3475
spk_ver/v13/v1368	SES125	1.27264	-38.4666	-39.7392
spk_ver/v13/v1369	SES275	-1.12609	-42.0974	-40.9713
spk_ver/v13/v1370	SES292	-2.45846	-42.3611	-39.9026
spk_ver/v13/v1371	SES292	-1.75205	-41.7142	-39.9622
spk_ver/v13/v1372	SES292	-1.64985	-42.9771	-41.3272
spk_ver/v13/v1373	SES292	-1.56775	-41.5341	-39.9664
spk_ver/v13/v1374	SES101	0.993187	-39.7623	-40.7555
spk_ver/v13/v1375	SES292	-2.53768	-43.3589	-40.8212
spk_ver/v13/v1376	SES292	-1.60888	-41.093	-39.4841
spk_ver/v13/v1377	SES292	-3.95461	-45.3836	-41.429
spk_ver/v13/v1378	SES292	-0.929581	-40.6835	-39.7539
spk_ver/v13/v1379	SES292	-0.939362	-40.847	-39.9076
spk_ver/v13/v1380	SES292	-1.81295	-41.704	-39.891
spk_ver/v13/v1381	SES292	-1.41117	-40.1581	-38.747
spk_ver/v13/v1382	SES292	-1.27502	-42.0073	-40.7323
spk_ver/v13/v1383	SES292	-1.88523	-42.0506	-40.1654
spk_ver/v13/v1384	SES292	-1.71963	-41.8044	-40.0847
spk_ver/v13/v1385	SES292	-1.26783	-41.1791	-39.9113
spk_ver/v13/v1386	SES292	-1.5564	-42.2523	-40.6959
spk_ver/v13/v1387	SES158	1.67939	-40.3365	-42.0158
spk_ver/v13/v1388	SES292	-0.379669	-39.9002	-39.5205
spk_ver/v13/v1389	SES292	-1.10067	-39.4378	-38.3371
spk_ver/v13/v1390	SES292	-2.14534	-41.2797	-39.1344
spk_ver/v13/v1391	SES292	-1.69968	-41.9977	-40.298
spk_ver/v13/v1392	SES292	-2.52483	-43.6086	-41.0837
spk_ver/v13/v1393	SES292	-1.41391	-41.5003	-40.0864
spk_ver/v13/v1394	SES292	-2.78445	-43.4188	-40.6343
spk_ver/v13/v1395	SES292	-2.05964	-41.5719	-39.5123
spk_ver/v13/v1396	SES117	1.14167	-40.0174	-41.1591
spk_ver/v13/v1397	SES292	-1.78268	-41.5771	-39.7944
spk_ver/v13/v1398	SES292	-2.95013	-44.4242	-41.474
spk_ver/v13/v1399	SES292	-0.178535	-40.0886	-39.91
